2024-01-23 12:43:08,288[INFO] w:[ 1.21249244  2.50326286  3.88312029  5.36527973  6.96613389  8.70636143
 10.61256502 12.71977533 15.07543605 17.7460639  20.8290775  24.47550863
 28.93837966 34.69202111 42.80132327 56.66426688]
2024-01-23 12:43:08,289[INFO] c:[ 0.59264185  1.0207347   1.4187918   1.80812027  2.19926165  2.59962412
  3.01577066  3.45455903  3.92405829  4.43465224  5.00075485  5.64393278
  6.39939173  7.33170935  8.58273958 10.59290296]
2024-01-23 12:43:08,290[INFO] integrate: 0.0006749250730816019, 2.007589761904222e-12
2024-01-23 12:43:08,290[INFO] renormalization constant: 0.9995704216488225
2024-01-23 12:43:08,727[INFO]                                                                              ┌[('v_0',), ('v_1',)]
2024-01-23 12:43:08,727[INFO]                                                    ┌[(('MCTDH virtual', 2),)]┤
2024-01-23 12:43:08,727[INFO]                                                    │                         └[('v_2',), ('v_3',)]
2024-01-23 12:43:08,727[INFO]                          ┌[(('MCTDH virtual', 1),)]┤
2024-01-23 12:43:08,727[INFO]                          │                         │                         ┌[('v_4',), ('v_5',)]
2024-01-23 12:43:08,727[INFO]                          │                         └[(('MCTDH virtual', 3),)]┤
2024-01-23 12:43:08,727[INFO]                          │                                                   └[('v_6',), ('v_7',)]
2024-01-23 12:43:08,727[INFO]                          │                                                   ┌[('v_8',), ('v_9',)]
2024-01-23 12:43:08,728[INFO]                          │                         ┌[(('MCTDH virtual', 5),)]┤
2024-01-23 12:43:08,728[INFO]                          │                         │                         └[('v_10',), ('v_11',)]
2024-01-23 12:43:08,728[INFO] [(('MCTDH virtual', 0),)]┼[(('MCTDH virtual', 4),)]┤
2024-01-23 12:43:08,728[INFO]                          │                         │                         ┌[('v_12',), ('v_13',)]
2024-01-23 12:43:08,728[INFO]                          │                         └[(('MCTDH virtual', 6),)]┤
2024-01-23 12:43:08,728[INFO]                          │                                                   └[('v_14',), ('v_15',)]
2024-01-23 12:43:08,728[INFO]                          └[('spin',)]
2024-01-23 12:43:08,731[DEBUG] # of operator terms: 50
2024-01-23 12:43:08,857[DEBUG] # of operator terms: 1
2024-01-23 12:43:08,917[DEBUG] # of operator terms: 1
2024-01-23 12:43:08,977[DEBUG] target for expander: 19
2024-01-23 12:43:08,977[DEBUG] average bond dimension of hint mpo: 3
2024-01-23 12:43:08,977[DEBUG] cumulated bond dimension: 1. lastone bond dimension: [1, 1, 1, 1, 1, 1, 1, 1, 1, 1, 1, 1, 1, 1, 1, 1]
2024-01-23 12:43:08,987[DEBUG] # of operator terms: 1
2024-01-23 12:43:09,078[DEBUG] cumulated bond dimension: 4. lastone bond dimension: [1, 3, 3, 3, 3, 3, 3, 3, 3, 3, 3, 3, 3, 3, 3, 3]
2024-01-23 12:43:09,147[DEBUG] cumulated bond dimension: 12. lastone bond dimension: [1, 9, 9, 9, 9, 9, 9, 9, 9, 9, 9, 9, 9, 9, 9, 9]
2024-01-23 12:43:09,299[DEBUG] cumulated bond dimension: 17. lastone bond dimension: [1, 21, 21, 21, 21, 21, 21, 21, 21, 21, 21, 21, 21, 21, 21, 6]
2024-01-23 12:43:09,496[DEBUG] expander bond dimension: [1, 19, 19, 19, 19, 19, 19, 19, 19, 19, 19, 19, 19, 19, 19, 2]
2024-01-23 12:43:09,570[INFO] [1, 20, 20, 20, 20, 20, 20, 20, 20, 20, 20, 20, 20, 20, 20, 2]
2024-01-23 12:43:09,570[INFO] [1, 3, 3, 3, 3, 3, 3, 3, 3, 3, 3, 3, 3, 3, 3, 3]
2024-01-23 12:43:09,570[INFO] 16
2024-01-23 12:43:10,865[DEBUG] TDVP-PS Krylov space: DescribeResult(nobs=62, minmax=(4, 23), mean=15.193548387096774, variance=23.24061343204653, skewness=-0.5339398545726171, kurtosis=-0.30235684677579)
2024-01-23 12:43:10,898[INFO] 0.9950400185143922, -0.0006604674811203765
2024-01-23 12:43:12,313[DEBUG] TDVP-PS Krylov space: DescribeResult(nobs=62, minmax=(4, 25), mean=17.0, variance=20.65573770491803, skewness=-1.13870188166554, kurtosis=2.092622826908541)
2024-01-23 12:43:12,351[INFO] 0.9805039724407595, -0.005542274436569976
2024-01-23 12:43:13,764[DEBUG] TDVP-PS Krylov space: DescribeResult(nobs=62, minmax=(4, 25), mean=16.516129032258064, variance=24.417768376520367, skewness=-0.5526708060193333, kurtosis=0.6737529321917277)
2024-01-23 12:43:13,801[INFO] 0.9571012264043806, -0.014772234081348264
2024-01-23 12:43:15,224[DEBUG] TDVP-PS Krylov space: DescribeResult(nobs=62, minmax=(4, 25), mean=16.193548387096776, variance=28.06028556319408, skewness=-0.17593778934233226, kurtosis=-0.00584520997190241)
2024-01-23 12:43:15,266[INFO] 0.9256158413132377, -0.02782903058556584
2024-01-23 12:43:16,615[DEBUG] TDVP-PS Krylov space: DescribeResult(nobs=62, minmax=(4, 27), mean=16.032258064516128, variance=27.310417768376524, skewness=-0.08791786991764947, kurtosis=0.22765987069198346)
2024-01-23 12:43:16,653[INFO] 0.8868318731131719, -0.04290105288638111
2024-01-23 12:43:18,013[DEBUG] TDVP-PS Krylov space: DescribeResult(nobs=62, minmax=(4, 25), mean=15.903225806451612, variance=26.777366472765735, skewness=-0.11303990057566835, kurtosis=0.15884779946189242)
2024-01-23 12:43:18,053[INFO] 0.841546256166446, -0.06102228180819318
2024-01-23 12:43:19,376[DEBUG] TDVP-PS Krylov space: DescribeResult(nobs=62, minmax=(4, 25), mean=15.774193548387096, variance=27.12850343733474, skewness=-0.05570732076341072, kurtosis=0.08091063917102748)
2024-01-23 12:43:19,416[INFO] 0.7905299954475884, -0.07868962331037761
2024-01-23 12:43:20,734[DEBUG] TDVP-PS Krylov space: DescribeResult(nobs=62, minmax=(4, 27), mean=15.612903225806452, variance=29.388683236382864, skewness=0.14911607003390018, kurtosis=-0.013354850459269763)
2024-01-23 12:43:20,772[INFO] 0.7345690674335611, -0.10051901473739765
2024-01-23 12:43:22,128[DEBUG] TDVP-PS Krylov space: DescribeResult(nobs=62, minmax=(4, 27), mean=15.451612903225806, variance=28.186144896879956, skewness=0.140137609172293, kurtosis=0.04472041085716061)
2024-01-23 12:43:22,166[INFO] 0.6744406028494312, -0.11949468641458541
2024-01-23 12:43:23,487[DEBUG] TDVP-PS Krylov space: DescribeResult(nobs=62, minmax=(4, 27), mean=15.419354838709678, variance=28.542570068746706, skewness=0.15704877099669529, kurtosis=-0.006936642456396136)
2024-01-23 12:43:23,526[INFO] 0.6108508481393526, -0.14217099685923643
2024-01-23 12:43:23,526[INFO] [(0.9950400185143922, -0.0006604674811203765), (0.9805039724407595, -0.005542274436569976), (0.9571012264043806, -0.014772234081348264), (0.9256158413132377, -0.02782903058556584), (0.8868318731131719, -0.04290105288638111), (0.841546256166446, -0.06102228180819318), (0.7905299954475884, -0.07868962331037761), (0.7345690674335611, -0.10051901473739765), (0.6744406028494312, -0.11949468641458541), (0.6108508481393526, -0.14217099685923643)]
2024-01-23 12:43:23,527[INFO] [1.3032310009002686, 1.4275753498077393, 1.4254670143127441, 1.43705153465271, 1.3617029190063477, 1.3729677200317383, 1.3352835178375244, 1.3292977809906006, 1.3688263893127441, 1.3346054553985596]
2024-01-23 12:43:23,527[INFO] (1.3696008682250977, 0.044201391257964996)
