2024-01-23 12:30:45,073[INFO] w:[ 1.21249244  2.50326286  3.88312029  5.36527973  6.96613389  8.70636143
 10.61256502 12.71977533 15.07543605 17.7460639  20.8290775  24.47550863
 28.93837966 34.69202111 42.80132327 56.66426688]
2024-01-23 12:30:45,074[INFO] c:[ 0.59264185  1.0207347   1.4187918   1.80812027  2.19926165  2.59962412
  3.01577066  3.45455903  3.92405829  4.43465224  5.00075485  5.64393278
  6.39939173  7.33170935  8.58273958 10.59290296]
2024-01-23 12:30:45,075[INFO] integrate: 0.0006749250730816019, 2.007589761904222e-12
2024-01-23 12:30:45,075[INFO] renormalization constant: 0.9995704216488225
2024-01-23 12:30:46,754[INFO]           ┌[('v_1',)]─[('v_2',)]─[('v_3',)]─[('v_4',)]─[('v_5',)]─[('v_6',)]─[('v_7',)]─[('v_8',)]─[('v_9',)]─[('v_10',)]─[('v_11',)]─[('v_12',)]─[('v_13',)]─[('v_14',)]─[('v_15',)]
2024-01-23 12:30:46,754[INFO] [('v_0',)]┤
2024-01-23 12:30:46,754[INFO]           └[('spin',)]
2024-01-23 12:30:46,757[DEBUG] # of operator terms: 50
2024-01-23 12:30:46,873[DEBUG] # of operator terms: 1
2024-01-23 12:30:46,935[DEBUG] # of operator terms: 1
2024-01-23 12:30:46,998[DEBUG] target for expander: 4
2024-01-23 12:30:46,999[DEBUG] average bond dimension of hint mpo: 3
2024-01-23 12:30:46,999[DEBUG] cumulated bond dimension: 1. lastone bond dimension: [1, 1, 1, 1, 1, 1, 1, 1, 1, 1, 1, 1, 1, 1, 1, 1, 1]
2024-01-23 12:30:47,008[DEBUG] # of operator terms: 1
2024-01-23 12:30:47,122[DEBUG] cumulated bond dimension: 4. lastone bond dimension: [1, 3, 3, 3, 3, 3, 3, 3, 3, 3, 3, 3, 3, 3, 3, 3, 3]
2024-01-23 12:30:47,219[DEBUG] expander bond dimension: [1, 4, 4, 4, 4, 4, 4, 4, 4, 4, 4, 4, 4, 4, 4, 4, 2]
2024-01-23 12:30:47,273[INFO] [1, 5, 5, 5, 5, 5, 5, 5, 5, 5, 5, 5, 5, 5, 5, 5, 2]
2024-01-23 12:30:47,273[INFO] [1, 3, 3, 3, 3, 3, 3, 3, 3, 3, 3, 3, 3, 3, 3, 3, 3]
2024-01-23 12:30:47,274[INFO] 17
2024-01-23 12:30:47,769[DEBUG] TDVP-PS Krylov space: DescribeResult(nobs=66, minmax=(4, 15), mean=11.0, variance=4.7384615384615385, skewness=-1.7494392794403406, kurtosis=4.260667903525045)
2024-01-23 12:30:47,799[INFO] 0.9950400171091112, -0.0006604165304099175
2024-01-23 12:30:48,295[DEBUG] TDVP-PS Krylov space: DescribeResult(nobs=66, minmax=(4, 15), mean=10.909090909090908, variance=4.9146853146853156, skewness=-1.4297148122691934, kurtosis=3.7821479348076394)
2024-01-23 12:30:48,326[INFO] 0.9805039547173392, -0.005541829485692526
2024-01-23 12:30:48,819[DEBUG] TDVP-PS Krylov space: DescribeResult(nobs=66, minmax=(4, 17), mean=10.787878787878787, variance=5.369696969696969, skewness=-0.7640500595820647, kurtosis=3.6645148397243554)
2024-01-23 12:30:48,849[INFO] 0.9571011407122504, -0.014771751618540625
2024-01-23 12:30:49,344[DEBUG] TDVP-PS Krylov space: DescribeResult(nobs=66, minmax=(4, 17), mean=10.727272727272727, variance=5.955244755244755, skewness=-0.5183754980218663, kurtosis=2.5344191168018817)
2024-01-23 12:30:49,375[INFO] 0.9256156755446905, -0.02782818793677784
2024-01-23 12:30:49,924[DEBUG] TDVP-PS Krylov space: DescribeResult(nobs=66, minmax=(4, 17), mean=10.636363636363637, variance=6.696503496503497, skewness=-0.27015496627288005, kurtosis=1.4875880176632057)
2024-01-23 12:30:49,955[INFO] 0.8868316253902536, -0.04289803566698698
2024-01-23 12:30:50,432[DEBUG] TDVP-PS Krylov space: DescribeResult(nobs=66, minmax=(4, 17), mean=10.181818181818182, variance=6.335664335664336, skewness=0.04955331204991764, kurtosis=1.5980421911319667)
2024-01-23 12:30:50,463[INFO] 0.8415458456450743, -0.06101714301638528
2024-01-23 12:30:50,935[DEBUG] TDVP-PS Krylov space: DescribeResult(nobs=66, minmax=(4, 17), mean=10.090909090909092, variance=5.991608391608391, skewness=0.09696710075948589, kurtosis=2.065622327362319)
2024-01-23 12:30:50,965[INFO] 0.7905292750803834, -0.07868558580523585
2024-01-23 12:30:51,430[DEBUG] TDVP-PS Krylov space: DescribeResult(nobs=66, minmax=(4, 17), mean=9.969696969696969, variance=5.875990675990675, skewness=0.21846341717013212, kurtosis=2.2646216295401658)
2024-01-23 12:30:51,461[INFO] 0.7345675328461017, -0.10051634276381309
2024-01-23 12:30:51,934[DEBUG] TDVP-PS Krylov space: DescribeResult(nobs=66, minmax=(4, 17), mean=10.151515151515152, variance=6.0997668997669, skewness=0.046872799580090226, kurtosis=1.9087413538707292)
2024-01-23 12:30:51,966[INFO] 0.6744381328104644, -0.11949109390250932
2024-01-23 12:30:52,435[DEBUG] TDVP-PS Krylov space: DescribeResult(nobs=66, minmax=(4, 17), mean=10.030303030303031, variance=6.122144522144521, skewness=0.18607698070015524, kurtosis=1.8971045330948764)
2024-01-23 12:30:52,466[INFO] 0.6108471651737577, -0.14216989106269065
2024-01-23 12:30:52,466[INFO] [(0.9950400171091112, -0.0006604165304099175), (0.9805039547173392, -0.005541829485692526), (0.9571011407122504, -0.014771751618540625), (0.9256156755446905, -0.02782818793677784), (0.8868316253902536, -0.04289803566698698), (0.8415458456450743, -0.06101714301638528), (0.7905292750803834, -0.07868558580523585), (0.7345675328461017, -0.10051634276381309), (0.6744381328104644, -0.11949109390250932), (0.6108471651737577, -0.14216989106269065)]
2024-01-23 12:30:52,466[INFO] [0.5057249069213867, 0.505159854888916, 0.502274751663208, 0.5053002834320068, 0.5591461658477783, 0.487349271774292, 0.4822216033935547, 0.47506237030029297, 0.4840233325958252, 0.47933435440063477]
2024-01-23 12:30:52,467[INFO] (0.49855968952178953, 0.02313117084809423)
