2024-01-23 17:24:27,223[INFO] w:[ 0.72735288  1.48215944  2.26657371  3.0830136   3.93420588  4.82324114
  5.75364145  6.72944473  7.75531062  8.83665505  9.97982332 11.19231576
 12.48308618 13.86294361 15.34510305 16.94595721 18.68618475 20.59238834
 22.69959866 25.05525937 27.72588722 30.80890082 34.45533195 38.91820298
 44.67184443 52.78114659 66.6440902 ]
2024-01-23 17:24:27,223[INFO] c:[0.31476567 0.53684595 0.7382541  0.92984394 1.11640377 1.30071669
 1.4846893  1.66979404 1.85728213 2.04830398 2.24398848 2.4455044
 2.65411637 2.87124384 3.09853096 3.33793644 3.59185637 3.86330079
 4.15615865 4.47561438 4.8288373  5.22619532 5.68356475 6.22720363
 6.9056394  7.82595954 9.32179861]
2024-01-23 17:24:27,223[INFO] integrate: 0.0003348091643814093, 5.119565826034887e-09
2024-01-23 17:24:27,224[INFO] renormalization constant: 0.9997868765800083
2024-01-23 17:24:27,477[INFO]                                                    ┌[('v_0',), ('v_1',), ('v_2',)]
2024-01-23 17:24:27,477[INFO]                          ┌[(('MCTDH virtual', 1),)]┼[('v_3',), ('v_4',), ('v_5',)]
2024-01-23 17:24:27,477[INFO]                          │                         └[('v_6',), ('v_7',), ('v_8',)]
2024-01-23 17:24:27,477[INFO]                          │                         ┌[('v_9',), ('v_10',), ('v_11',)]
2024-01-23 17:24:27,477[INFO]                          ├[(('MCTDH virtual', 2),)]┼[('v_12',), ('v_13',), ('v_14',)]
2024-01-23 17:24:27,477[INFO]                          │                         └[('v_15',), ('v_16',), ('v_17',)]
2024-01-23 17:24:27,477[INFO] [(('MCTDH virtual', 0),)]┤
2024-01-23 17:24:27,477[INFO]                          │                         ┌[('v_18',), ('v_19',), ('v_20',)]
2024-01-23 17:24:27,477[INFO]                          ├[(('MCTDH virtual', 3),)]┼[('v_21',), ('v_22',), ('v_23',)]
2024-01-23 17:24:27,477[INFO]                          │                         └[('v_24',), ('v_25',), ('v_26',)]
2024-01-23 17:24:27,477[INFO]                          └[('spin',)]
2024-01-23 17:24:27,480[DEBUG] # of operator terms: 83
2024-01-23 17:24:28,154[DEBUG] # of operator terms: 1
2024-01-23 17:24:28,271[DEBUG] # of operator terms: 1
2024-01-23 17:24:28,390[DEBUG] target for expander: 49
2024-01-23 17:24:28,390[DEBUG] average bond dimension of hint mpo: 3
2024-01-23 17:24:28,390[DEBUG] cumulated bond dimension: 1. lastone bond dimension: [1, 1, 1, 1, 1, 1, 1, 1, 1, 1, 1, 1, 1, 1]
2024-01-23 17:24:28,525[DEBUG] # of operator terms: 1
2024-01-23 17:24:28,717[DEBUG] cumulated bond dimension: 4. lastone bond dimension: [1, 3, 3, 3, 3, 3, 3, 3, 3, 3, 3, 3, 3, 3]
2024-01-23 17:24:29,001[DEBUG] cumulated bond dimension: 11. lastone bond dimension: [1, 9, 9, 9, 9, 9, 9, 9, 9, 9, 9, 9, 9, 9]
2024-01-23 17:24:34,388[DEBUG] cumulated bond dimension: 34. lastone bond dimension: [1, 27, 27, 27, 27, 27, 27, 27, 27, 27, 27, 27, 27, 27]
2024-01-23 17:26:13,895[DEBUG] cumulated bond dimension: 42. lastone bond dimension: [1, 51, 51, 51, 51, 51, 51, 51, 51, 51, 51, 51, 51, 6]
2024-01-23 17:29:20,727[DEBUG] expander bond dimension: [1, 49, 49, 49, 49, 49, 49, 49, 49, 49, 49, 49, 49, 2]
2024-01-23 17:29:34,267[INFO] [1, 50, 50, 50, 50, 50, 50, 50, 50, 50, 50, 50, 50, 2]
2024-01-23 17:29:34,267[INFO] [1, 3, 3, 3, 3, 3, 3, 3, 3, 3, 3, 3, 3, 3]
2024-01-23 17:29:34,268[INFO] 14
2024-01-23 17:56:49,361[DEBUG] TDVP-PS Krylov space: DescribeResult(nobs=54, minmax=(4, 35), mean=24.25925925925926, variance=100.95038434661076, skewness=-0.559629529186086, kurtosis=-1.0477461534771058)
2024-01-23 17:57:30,768[INFO] 0.9950385202523013, -0.0006852831404377039
2024-01-23 18:29:05,435[DEBUG] TDVP-PS Krylov space: DescribeResult(nobs=54, minmax=(4, 39), mean=31.88888888888889, variance=70.21383647798743, skewness=-2.7327631287918592, kurtosis=6.493787678853602)
2024-01-23 18:29:49,270[INFO] 0.9804991851177787, -0.005495603620080719
2024-01-23 18:58:08,480[DEBUG] TDVP-PS Krylov space: DescribeResult(nobs=54, minmax=(4, 39), mean=30.814814814814813, variance=75.28581411600283, skewness=-2.0864180417534373, kurtosis=4.188467330223838)
2024-01-23 18:58:52,039[INFO] 0.9570938956214052, -0.014894129710533752
2024-01-23 19:27:30,060[DEBUG] TDVP-PS Krylov space: DescribeResult(nobs=54, minmax=(4, 39), mean=29.40740740740741, variance=77.71767994409502, skewness=-1.5475902855098944, kurtosis=2.6404053164697103)
2024-01-23 19:28:08,202[INFO] 0.9256083119908636, -0.027604577440553314
2024-01-23 19:54:14,217[DEBUG] TDVP-PS Krylov space: DescribeResult(nobs=54, minmax=(4, 39), mean=28.40740740740741, variance=74.88749126484976, skewness=-1.391128032640542, kurtosis=2.2625824306574014)
2024-01-23 19:54:37,764[INFO] 0.8868355162303323, -0.0433026470869195
2024-01-23 20:25:30,877[DEBUG] TDVP-PS Krylov space: DescribeResult(nobs=54, minmax=(4, 41), mean=28.22222222222222, variance=81.79874213836477, skewness=-1.0824210753249375, kurtosis=1.472397331420086)
2024-01-23 20:26:15,512[INFO] 0.8415675701451799, -0.06029242967769769
2024-01-23 20:57:50,127[DEBUG] TDVP-PS Krylov space: DescribeResult(nobs=54, minmax=(4, 41), mean=27.51851851851852, variance=82.06568832983926, skewness=-0.8939918824394791, kurtosis=1.0957228530287928)
2024-01-23 20:58:35,596[INFO] 0.790595758746489, -0.07974086001769382
2024-01-23 21:29:04,290[DEBUG] TDVP-PS Krylov space: DescribeResult(nobs=54, minmax=(4, 41), mean=27.185185185185187, variance=87.96505939902165, skewness=-0.6586065110058803, kurtosis=0.5752369975071745)
2024-01-23 21:29:28,236[INFO] 0.7346958896746761, -0.09896664355017244
2024-01-23 21:55:13,754[DEBUG] TDVP-PS Krylov space: DescribeResult(nobs=54, minmax=(4, 41), mean=26.666666666666668, variance=90.1509433962264, skewness=-0.5138832151593768, kurtosis=0.2706418650711968)
2024-01-23 21:55:42,521[INFO] 0.6746531048476833, -0.12086208583211769
2024-01-23 22:21:09,071[DEBUG] TDVP-PS Krylov space: DescribeResult(nobs=54, minmax=(4, 41), mean=26.40740740740741, variance=90.28371767994405, skewness=-0.4619108338890553, kurtosis=0.17634718472504263)
2024-01-23 22:21:32,514[INFO] 0.6112121514461655, -0.1410552228240174
2024-01-23 22:21:32,514[INFO] [(0.9950385202523013, -0.0006852831404377039), (0.9804991851177787, -0.005495603620080719), (0.9570938956214052, -0.014894129710533752), (0.9256083119908636, -0.027604577440553314), (0.8868355162303323, -0.0433026470869195), (0.8415675701451799, -0.06029242967769769), (0.790595758746489, -0.07974086001769382), (0.7346958896746761, -0.09896664355017244), (0.6746531048476833, -0.12086208583211769), (0.6112121514461655, -0.1410552228240174)]
2024-01-23 22:21:32,514[INFO] [1647.408655166626, 1909.2833104133606, 1713.983103275299, 1732.6199462413788, 1573.8133957386017, 1868.295345067978, 1909.8131425380707, 1836.6460511684418, 1553.373322725296, 1534.3875396251678]
2024-01-23 22:21:32,515[INFO] (1727.962381196022, 139.95461546003648)
