2024-01-23 12:30:53,873[INFO] w:[ 1.21249244  2.50326286  3.88312029  5.36527973  6.96613389  8.70636143
 10.61256502 12.71977533 15.07543605 17.7460639  20.8290775  24.47550863
 28.93837966 34.69202111 42.80132327 56.66426688]
2024-01-23 12:30:53,874[INFO] c:[ 0.59264185  1.0207347   1.4187918   1.80812027  2.19926165  2.59962412
  3.01577066  3.45455903  3.92405829  4.43465224  5.00075485  5.64393278
  6.39939173  7.33170935  8.58273958 10.59290296]
2024-01-23 12:30:53,874[INFO] integrate: 0.0006749250730816019, 2.007589761904222e-12
2024-01-23 12:30:53,875[INFO] renormalization constant: 0.9995704216488225
2024-01-23 12:30:54,325[INFO]           ┌[('v_1',)]─[('v_2',)]─[('v_3',)]─[('v_4',)]─[('v_5',)]─[('v_6',)]─[('v_7',)]─[('v_8',)]─[('v_9',)]─[('v_10',)]─[('v_11',)]─[('v_12',)]─[('v_13',)]─[('v_14',)]─[('v_15',)]
2024-01-23 12:30:54,325[INFO] [('v_0',)]┤
2024-01-23 12:30:54,325[INFO]           └[('spin',)]
2024-01-23 12:30:54,328[DEBUG] # of operator terms: 50
2024-01-23 12:30:54,441[DEBUG] # of operator terms: 1
2024-01-23 12:30:54,503[DEBUG] # of operator terms: 1
2024-01-23 12:30:54,566[DEBUG] target for expander: 9
2024-01-23 12:30:54,567[DEBUG] average bond dimension of hint mpo: 3
2024-01-23 12:30:54,567[DEBUG] cumulated bond dimension: 1. lastone bond dimension: [1, 1, 1, 1, 1, 1, 1, 1, 1, 1, 1, 1, 1, 1, 1, 1, 1]
2024-01-23 12:30:54,576[DEBUG] # of operator terms: 1
2024-01-23 12:30:54,689[DEBUG] cumulated bond dimension: 4. lastone bond dimension: [1, 3, 3, 3, 3, 3, 3, 3, 3, 3, 3, 3, 3, 3, 3, 3, 3]
2024-01-23 12:30:54,758[DEBUG] cumulated bond dimension: 8. lastone bond dimension: [1, 9, 9, 9, 9, 9, 9, 9, 9, 9, 9, 9, 9, 9, 9, 9, 9]
2024-01-23 12:30:54,876[DEBUG] expander bond dimension: [1, 9, 9, 9, 9, 9, 9, 9, 9, 9, 9, 9, 9, 9, 9, 9, 2]
2024-01-23 12:30:54,935[INFO] [1, 10, 10, 10, 10, 10, 10, 10, 10, 10, 10, 10, 10, 10, 10, 10, 2]
2024-01-23 12:30:54,935[INFO] [1, 3, 3, 3, 3, 3, 3, 3, 3, 3, 3, 3, 3, 3, 3, 3, 3]
2024-01-23 12:30:54,935[INFO] 17
2024-01-23 12:30:55,576[DEBUG] TDVP-PS Krylov space: DescribeResult(nobs=66, minmax=(4, 17), mean=13.272727272727273, variance=6.93986013986014, skewness=-2.481484153150018, kurtosis=6.840423494251597)
2024-01-23 12:30:55,608[INFO] 0.9950400183458105, -0.0006604656744098694
2024-01-23 12:30:56,224[DEBUG] TDVP-PS Krylov space: DescribeResult(nobs=66, minmax=(4, 19), mean=12.575757575757576, variance=10.217249417249416, skewness=-0.6235944042737148, kurtosis=1.2425108615446918)
2024-01-23 12:30:56,256[INFO] 0.9805039721748874, -0.005542269482455153
2024-01-23 12:30:56,879[DEBUG] TDVP-PS Krylov space: DescribeResult(nobs=66, minmax=(4, 21), mean=12.696969696969697, variance=12.275990675990675, skewness=-0.19490585372580707, kurtosis=0.7810753230422955)
2024-01-23 12:30:56,911[INFO] 0.9571012256370311, -0.014772226904162628
2024-01-23 12:30:57,538[DEBUG] TDVP-PS Krylov space: DescribeResult(nobs=66, minmax=(4, 21), mean=12.757575757575758, variance=11.940326340326342, skewness=-0.27601534716503634, kurtosis=0.9770820496961221)
2024-01-23 12:30:57,570[INFO] 0.9256158387818779, -0.02782900968136494
2024-01-23 12:30:58,243[DEBUG] TDVP-PS Krylov space: DescribeResult(nobs=66, minmax=(4, 21), mean=12.454545454545455, variance=13.05174825174825, skewness=0.06935252314533617, kurtosis=0.6358060030252322)
2024-01-23 12:30:58,276[INFO] 0.8868318662550587, -0.0429010354967384
2024-01-23 12:30:58,890[DEBUG] TDVP-PS Krylov space: DescribeResult(nobs=66, minmax=(4, 21), mean=12.333333333333334, variance=13.025641025641027, skewness=0.1308796773529761, kurtosis=0.6393093186186367)
2024-01-23 12:30:58,921[INFO] 0.8415462429479648, -0.061022144892878404
2024-01-23 12:30:59,529[DEBUG] TDVP-PS Krylov space: DescribeResult(nobs=66, minmax=(4, 21), mean=12.242424242424242, variance=13.201864801864804, skewness=0.14445376856100092, kurtosis=0.54765784657664)
2024-01-23 12:30:59,561[INFO] 0.7905299692399527, -0.0786897547929018
2024-01-23 12:31:00,152[DEBUG] TDVP-PS Krylov space: DescribeResult(nobs=66, minmax=(4, 21), mean=11.757575757575758, variance=13.940326340326342, skewness=0.39194741445895503, kurtosis=0.3255249425786806)
2024-01-23 12:31:00,184[INFO] 0.7345690417383894, -0.10051912573869773
2024-01-23 12:31:00,772[DEBUG] TDVP-PS Krylov space: DescribeResult(nobs=66, minmax=(4, 21), mean=11.727272727272727, variance=13.924475524475524, skewness=0.43078550853843095, kurtosis=0.3813216077619801)
2024-01-23 12:31:00,805[INFO] 0.6744405678195166, -0.11949507890047807
2024-01-23 12:31:01,414[DEBUG] TDVP-PS Krylov space: DescribeResult(nobs=66, minmax=(4, 21), mean=11.666666666666666, variance=14.133333333333335, skewness=0.45839717237336625, kurtosis=0.3189357538427844)
2024-01-23 12:31:01,444[INFO] 0.6108508321401863, -0.14217093658601834
2024-01-23 12:31:01,444[INFO] [(0.9950400183458105, -0.0006604656744098694), (0.9805039721748874, -0.005542269482455153), (0.9571012256370311, -0.014772226904162628), (0.9256158387818779, -0.02782900968136494), (0.8868318662550587, -0.0429010354967384), (0.8415462429479648, -0.061022144892878404), (0.7905299692399527, -0.0786897547929018), (0.7345690417383894, -0.10051912573869773), (0.6744405678195166, -0.11949507890047807), (0.6108508321401863, -0.14217093658601834)]
2024-01-23 12:31:01,444[INFO] [0.6517853736877441, 0.6268959045410156, 0.6341335773468018, 0.6365056037902832, 0.6844770908355713, 0.6243329048156738, 0.6177420616149902, 0.6016583442687988, 0.5992436408996582, 0.6189432144165039]
2024-01-23 12:31:01,444[INFO] (0.6295717716217041, 0.023586851192077353)
