2024-01-23 12:44:04,160[INFO] w:[ 1.21249244  2.50326286  3.88312029  5.36527973  6.96613389  8.70636143
 10.61256502 12.71977533 15.07543605 17.7460639  20.8290775  24.47550863
 28.93837966 34.69202111 42.80132327 56.66426688]
2024-01-23 12:44:04,161[INFO] c:[ 0.59264185  1.0207347   1.4187918   1.80812027  2.19926165  2.59962412
  3.01577066  3.45455903  3.92405829  4.43465224  5.00075485  5.64393278
  6.39939173  7.33170935  8.58273958 10.59290296]
2024-01-23 12:44:04,161[INFO] integrate: 0.0006749250730816019, 2.007589761904222e-12
2024-01-23 12:44:04,161[INFO] renormalization constant: 0.9995704216488225
2024-01-23 12:44:04,592[INFO]                                                                              ┌[('v_0',), ('v_1',)]
2024-01-23 12:44:04,595[INFO]                                                    ┌[(('MCTDH virtual', 2),)]┤
2024-01-23 12:44:04,595[INFO]                                                    │                         └[('v_2',), ('v_3',)]
2024-01-23 12:44:04,595[INFO]                          ┌[(('MCTDH virtual', 1),)]┤
2024-01-23 12:44:04,595[INFO]                          │                         │                         ┌[('v_4',), ('v_5',)]
2024-01-23 12:44:04,595[INFO]                          │                         └[(('MCTDH virtual', 3),)]┤
2024-01-23 12:44:04,595[INFO]                          │                                                   └[('v_6',), ('v_7',)]
2024-01-23 12:44:04,596[INFO]                          │                                                   ┌[('v_8',), ('v_9',)]
2024-01-23 12:44:04,596[INFO]                          │                         ┌[(('MCTDH virtual', 5),)]┤
2024-01-23 12:44:04,596[INFO]                          │                         │                         └[('v_10',), ('v_11',)]
2024-01-23 12:44:04,596[INFO] [(('MCTDH virtual', 0),)]┼[(('MCTDH virtual', 4),)]┤
2024-01-23 12:44:04,596[INFO]                          │                         │                         ┌[('v_12',), ('v_13',)]
2024-01-23 12:44:04,596[INFO]                          │                         └[(('MCTDH virtual', 6),)]┤
2024-01-23 12:44:04,596[INFO]                          │                                                   └[('v_14',), ('v_15',)]
2024-01-23 12:44:04,596[INFO]                          └[('spin',)]
2024-01-23 12:44:04,599[DEBUG] # of operator terms: 50
2024-01-23 12:44:04,726[DEBUG] # of operator terms: 1
2024-01-23 12:44:04,786[DEBUG] # of operator terms: 1
2024-01-23 12:44:04,849[DEBUG] target for expander: 49
2024-01-23 12:44:04,850[DEBUG] average bond dimension of hint mpo: 3
2024-01-23 12:44:04,850[DEBUG] cumulated bond dimension: 1. lastone bond dimension: [1, 1, 1, 1, 1, 1, 1, 1, 1, 1, 1, 1, 1, 1, 1, 1]
2024-01-23 12:44:04,860[DEBUG] # of operator terms: 1
2024-01-23 12:44:04,958[DEBUG] cumulated bond dimension: 4. lastone bond dimension: [1, 3, 3, 3, 3, 3, 3, 3, 3, 3, 3, 3, 3, 3, 3, 3]
2024-01-23 12:44:05,026[DEBUG] cumulated bond dimension: 12. lastone bond dimension: [1, 9, 9, 9, 9, 9, 9, 9, 9, 9, 9, 9, 9, 9, 9, 9]
2024-01-23 12:44:05,284[DEBUG] cumulated bond dimension: 35. lastone bond dimension: [1, 27, 27, 27, 27, 27, 27, 27, 27, 27, 27, 27, 27, 27, 27, 27]
2024-01-23 12:44:06,480[DEBUG] cumulated bond dimension: 43. lastone bond dimension: [1, 51, 51, 51, 51, 51, 51, 51, 51, 51, 51, 51, 51, 51, 51, 6]
2024-01-23 12:44:08,836[DEBUG] expander bond dimension: [1, 49, 49, 49, 49, 49, 49, 49, 49, 49, 49, 49, 49, 49, 49, 2]
2024-01-23 12:44:09,119[INFO] [1, 50, 50, 50, 50, 50, 50, 50, 50, 50, 50, 50, 50, 50, 50, 2]
2024-01-23 12:44:09,119[INFO] [1, 3, 3, 3, 3, 3, 3, 3, 3, 3, 3, 3, 3, 3, 3, 3]
2024-01-23 12:44:09,119[INFO] 16
2024-01-23 12:44:32,836[DEBUG] TDVP-PS Krylov space: DescribeResult(nobs=62, minmax=(4, 33), mean=21.612903225806452, variance=59.68376520359597, skewness=-0.5614781153473852, kurtosis=-0.530692825854691)
2024-01-23 12:44:33,081[INFO] 0.9950400183867569, -0.000660468100957201
2024-01-23 12:45:00,729[DEBUG] TDVP-PS Krylov space: DescribeResult(nobs=62, minmax=(4, 33), mean=24.806451612903224, variance=48.55208884188261, skewness=-1.6764252248522213, kurtosis=2.6399755689490263)
2024-01-23 12:45:00,968[INFO] 0.9805039716382433, -0.005542270226511592
2024-01-23 12:45:25,553[DEBUG] TDVP-PS Krylov space: DescribeResult(nobs=62, minmax=(4, 33), mean=23.419354838709676, variance=47.29666842940242, skewness=-1.2872492176174302, kurtosis=1.6789763687469428)
2024-01-23 12:45:25,764[INFO] 0.9571012233927888, -0.01477223313634473
2024-01-23 12:45:44,925[DEBUG] TDVP-PS Krylov space: DescribeResult(nobs=62, minmax=(4, 33), mean=22.193548387096776, variance=45.50290851401376, skewness=-1.0256395877429514, kurtosis=1.0311905546690427)
2024-01-23 12:45:45,140[INFO] 0.925615835258398, -0.02782903383867597
2024-01-23 12:46:09,760[DEBUG] TDVP-PS Krylov space: DescribeResult(nobs=62, minmax=(4, 31), mean=21.580645161290324, variance=42.476996298254896, skewness=-0.9543352969704225, kurtosis=1.085847664550819)
2024-01-23 12:46:09,969[INFO] 0.8868318643522008, -0.04290106178063677
2024-01-23 12:46:31,144[DEBUG] TDVP-PS Krylov space: DescribeResult(nobs=62, minmax=(4, 31), mean=21.193548387096776, variance=44.61766261237441, skewness=-0.7870608135029948, kurtosis=0.5398173538223978)
2024-01-23 12:46:31,362[INFO] 0.8415462435805801, -0.061022293972314554
2024-01-23 12:46:55,373[DEBUG] TDVP-PS Krylov space: DescribeResult(nobs=62, minmax=(4, 31), mean=20.967741935483872, variance=45.63828662083554, skewness=-0.6388983786849959, kurtosis=0.35731732720204246)
2024-01-23 12:46:55,583[INFO] 0.7905299795363466, -0.07868963719941797
2024-01-23 12:47:20,513[DEBUG] TDVP-PS Krylov space: DescribeResult(nobs=62, minmax=(4, 31), mean=20.967741935483872, variance=48.654680063458486, skewness=-0.5187726259534423, kurtosis=0.09540288655230933)
2024-01-23 12:47:20,741[INFO] 0.7345690488394854, -0.1005190221504179
2024-01-23 12:47:41,537[DEBUG] TDVP-PS Krylov space: DescribeResult(nobs=62, minmax=(4, 31), mean=20.774193548387096, variance=50.70227392913803, skewness=-0.4246460680404536, kurtosis=-0.17276436861388333)
2024-01-23 12:47:41,748[INFO] 0.6744405819175184, -0.11949469261377188
2024-01-23 12:48:05,591[DEBUG] TDVP-PS Krylov space: DescribeResult(nobs=62, minmax=(4, 31), mean=20.612903225806452, variance=51.45425700687465, skewness=-0.34763533822342313, kurtosis=-0.2423077717065798)
2024-01-23 12:48:05,805[INFO] 0.6108508262453611, -0.14217099303845349
2024-01-23 12:48:05,805[INFO] [(0.9950400183867569, -0.000660468100957201), (0.9805039716382433, -0.005542270226511592), (0.9571012233927888, -0.01477223313634473), (0.925615835258398, -0.02782903383867597), (0.8868318643522008, -0.04290106178063677), (0.8415462435805801, -0.061022293972314554), (0.7905299795363466, -0.07868963719941797), (0.7345690488394854, -0.1005190221504179), (0.6744405819175184, -0.11949469261377188), (0.6108508262453611, -0.14217099303845349)]
2024-01-23 12:48:05,805[INFO] [23.79671883583069, 27.726661920547485, 24.661356925964355, 19.239866256713867, 24.6959810256958, 21.24855947494507, 24.08814239501953, 25.011674880981445, 20.873201608657837, 23.92197585105896]
2024-01-23 12:48:05,805[INFO] (23.526413917541504, 2.3162855266534557)
