2024-01-23 13:01:35,895[INFO] w:[ 1.21249244  2.50326286  3.88312029  5.36527973  6.96613389  8.70636143
 10.61256502 12.71977533 15.07543605 17.7460639  20.8290775  24.47550863
 28.93837966 34.69202111 42.80132327 56.66426688]
2024-01-23 13:01:35,896[INFO] c:[ 0.59264185  1.0207347   1.4187918   1.80812027  2.19926165  2.59962412
  3.01577066  3.45455903  3.92405829  4.43465224  5.00075485  5.64393278
  6.39939173  7.33170935  8.58273958 10.59290296]
2024-01-23 13:01:35,897[INFO] integrate: 0.0006749250730816019, 2.007589761904222e-12
2024-01-23 13:01:35,897[INFO] renormalization constant: 0.9995704216488225
2024-01-23 13:01:36,326[INFO]                                                                              ┌[('v_0',), ('v_1',)]
2024-01-23 13:01:36,326[INFO]                                                    ┌[(('MCTDH virtual', 2),)]┤
2024-01-23 13:01:36,326[INFO]                                                    │                         └[('v_2',), ('v_3',)]
2024-01-23 13:01:36,326[INFO]                          ┌[(('MCTDH virtual', 1),)]┤
2024-01-23 13:01:36,327[INFO]                          │                         │                         ┌[('v_4',), ('v_5',)]
2024-01-23 13:01:36,327[INFO]                          │                         └[(('MCTDH virtual', 3),)]┤
2024-01-23 13:01:36,327[INFO]                          │                                                   └[('v_6',), ('v_7',)]
2024-01-23 13:01:36,327[INFO]                          │                                                   ┌[('v_8',), ('v_9',)]
2024-01-23 13:01:36,327[INFO]                          │                         ┌[(('MCTDH virtual', 5),)]┤
2024-01-23 13:01:36,327[INFO]                          │                         │                         └[('v_10',), ('v_11',)]
2024-01-23 13:01:36,327[INFO] [(('MCTDH virtual', 0),)]┼[(('MCTDH virtual', 4),)]┤
2024-01-23 13:01:36,327[INFO]                          │                         │                         ┌[('v_12',), ('v_13',)]
2024-01-23 13:01:36,327[INFO]                          │                         └[(('MCTDH virtual', 6),)]┤
2024-01-23 13:01:36,327[INFO]                          │                                                   └[('v_14',), ('v_15',)]
2024-01-23 13:01:36,327[INFO]                          └[('spin',)]
2024-01-23 13:01:36,330[DEBUG] # of operator terms: 50
2024-01-23 13:01:36,459[DEBUG] # of operator terms: 1
2024-01-23 13:01:36,519[DEBUG] # of operator terms: 1
2024-01-23 13:01:36,581[DEBUG] target for expander: 99
2024-01-23 13:01:36,582[DEBUG] average bond dimension of hint mpo: 3
2024-01-23 13:01:36,582[DEBUG] cumulated bond dimension: 1. lastone bond dimension: [1, 1, 1, 1, 1, 1, 1, 1, 1, 1, 1, 1, 1, 1, 1, 1]
2024-01-23 13:01:36,592[DEBUG] # of operator terms: 1
2024-01-23 13:01:36,693[DEBUG] cumulated bond dimension: 4. lastone bond dimension: [1, 3, 3, 3, 3, 3, 3, 3, 3, 3, 3, 3, 3, 3, 3, 3]
2024-01-23 13:01:36,761[DEBUG] cumulated bond dimension: 12. lastone bond dimension: [1, 9, 9, 9, 9, 9, 9, 9, 9, 9, 9, 9, 9, 9, 9, 9]
2024-01-23 13:01:37,020[DEBUG] cumulated bond dimension: 35. lastone bond dimension: [1, 27, 27, 27, 27, 27, 27, 27, 27, 27, 27, 27, 27, 27, 27, 27]
2024-01-23 13:01:42,015[DEBUG] cumulated bond dimension: 87. lastone bond dimension: [1, 81, 81, 81, 81, 81, 81, 81, 81, 81, 81, 81, 81, 81, 81, 81]
2024-01-23 13:01:51,027[DEBUG] expander bond dimension: [1, 99, 99, 99, 99, 99, 99, 99, 99, 99, 99, 99, 99, 99, 99, 2]
2024-01-23 13:01:53,309[INFO] [1, 100, 100, 100, 100, 100, 100, 100, 100, 100, 100, 100, 100, 100, 100, 2]
2024-01-23 13:01:53,309[INFO] [1, 3, 3, 3, 3, 3, 3, 3, 3, 3, 3, 3, 3, 3, 3, 3]
2024-01-23 13:01:53,309[INFO] 16
2024-01-23 13:06:59,942[DEBUG] TDVP-PS Krylov space: DescribeResult(nobs=62, minmax=(4, 41), mean=27.451612903225808, variance=118.54680063458491, skewness=-0.6552762735918256, kurtosis=-0.8396176672071634)
2024-01-23 13:07:02,905[INFO] 0.9950400181760205, -0.0006604629674659337
2024-01-23 13:13:16,536[DEBUG] TDVP-PS Krylov space: DescribeResult(nobs=62, minmax=(4, 41), mean=33.516129032258064, variance=74.94235854045476, skewness=-2.5626319756302722, kurtosis=6.125233247370922)
2024-01-23 13:13:20,481[INFO] 0.9805039712227535, -0.005542269459991583
2024-01-23 13:19:29,885[DEBUG] TDVP-PS Krylov space: DescribeResult(nobs=62, minmax=(4, 41), mean=31.806451612903224, variance=77.37176097303013, skewness=-1.9951842332543874, kurtosis=3.8886623609791355)
2024-01-23 13:19:32,531[INFO] 0.9571012234076399, -0.014772233146377756
2024-01-23 13:25:14,886[DEBUG] TDVP-PS Krylov space: DescribeResult(nobs=62, minmax=(4, 41), mean=30.322580645161292, variance=75.46800634584878, skewness=-1.6667511238592414, kurtosis=2.928362747664144)
2024-01-23 13:25:18,757[INFO] 0.9256158358131471, -0.027829030772047226
2024-01-23 13:30:54,278[DEBUG] TDVP-PS Krylov space: DescribeResult(nobs=62, minmax=(4, 41), mean=29.70967741935484, variance=73.7831835007932, skewness=-1.5611118894806755, kurtosis=2.7046253431912683)
2024-01-23 13:30:58,219[INFO] 0.8868318660011792, -0.04290105996660065
2024-01-23 13:36:35,017[DEBUG] TDVP-PS Krylov space: DescribeResult(nobs=62, minmax=(4, 41), mean=29.129032258064516, variance=74.01586462189321, skewness=-1.4196076903778359, kurtosis=2.2805834149585014)
2024-01-23 13:36:37,482[INFO] 0.8415462465736161, -0.06102228412665414
2024-01-23 13:41:43,516[DEBUG] TDVP-PS Krylov space: DescribeResult(nobs=62, minmax=(4, 39), mean=28.29032258064516, variance=72.34056054997357, skewness=-1.285770923299478, kurtosis=1.886460596866013)
2024-01-23 13:41:47,408[INFO] 0.7905299803353294, -0.07868962819527243
2024-01-23 13:47:12,362[DEBUG] TDVP-PS Krylov space: DescribeResult(nobs=62, minmax=(4, 39), mean=27.870967741935484, variance=70.04865150713906, skewness=-1.2559903957817484, kurtosis=1.885862324723381)
2024-01-23 13:47:16,231[INFO] 0.7345690448627306, -0.10051901925541563
2024-01-23 13:52:30,619[DEBUG] TDVP-PS Krylov space: DescribeResult(nobs=62, minmax=(4, 39), mean=27.548387096774192, variance=68.67794817556847, skewness=-1.232466002240088, kurtosis=1.821164922407701)
2024-01-23 13:52:34,491[INFO] 0.674440573768576, -0.11949469642981264
2024-01-23 13:57:59,202[DEBUG] TDVP-PS Krylov space: DescribeResult(nobs=62, minmax=(4, 39), mean=27.225806451612904, variance=69.06292966684299, skewness=-1.1231217742884296, kurtosis=1.5840818236721201)
2024-01-23 13:58:03,170[INFO] 0.61085081490351, -0.1421710051304471
2024-01-23 13:58:03,171[INFO] [(0.9950400181760205, -0.0006604629674659337), (0.9805039712227535, -0.005542269459991583), (0.9571012234076399, -0.014772233146377756), (0.9256158358131471, -0.027829030772047226), (0.8868318660011792, -0.04290105996660065), (0.8415462465736161, -0.06102228412665414), (0.7905299803353294, -0.07868962819527243), (0.7345690448627306, -0.10051901925541563), (0.674440573768576, -0.11949469642981264), (0.61085081490351, -0.1421710051304471)]
2024-01-23 13:58:03,171[INFO] [307.45660495758057, 374.9557590484619, 370.2450258731842, 343.6569094657898, 336.8403215408325, 337.5907461643219, 307.32748532295227, 326.2538752555847, 315.66925859451294, 326.0218379497528]
2024-01-23 13:58:03,172[INFO] (334.6017824172974, 22.309898973805993)
