2024-01-23 16:31:52,227[INFO] w:[ 0.72735288  1.48215944  2.26657371  3.0830136   3.93420588  4.82324114
  5.75364145  6.72944473  7.75531062  8.83665505  9.97982332 11.19231576
 12.48308618 13.86294361 15.34510305 16.94595721 18.68618475 20.59238834
 22.69959866 25.05525937 27.72588722 30.80890082 34.45533195 38.91820298
 44.67184443 52.78114659 66.6440902 ]
2024-01-23 16:31:52,228[INFO] c:[0.31476567 0.53684595 0.7382541  0.92984394 1.11640377 1.30071669
 1.4846893  1.66979404 1.85728213 2.04830398 2.24398848 2.4455044
 2.65411637 2.87124384 3.09853096 3.33793644 3.59185637 3.86330079
 4.15615865 4.47561438 4.8288373  5.22619532 5.68356475 6.22720363
 6.9056394  7.82595954 9.32179861]
2024-01-23 16:31:52,228[INFO] integrate: 0.0003348091643814093, 5.119565826034887e-09
2024-01-23 16:31:52,228[INFO] renormalization constant: 0.9997868765800083
2024-01-23 16:31:52,660[INFO]                                                                              ┌[('v_0',)]
2024-01-23 16:31:52,660[INFO]                                                    ┌[(('MCTDH virtual', 2),)]┼[('v_1',)]
2024-01-23 16:31:52,660[INFO]                                                    │                         └[('v_2',)]
2024-01-23 16:31:52,660[INFO]                                                    │                         ┌[('v_3',)]
2024-01-23 16:31:52,660[INFO]                          ┌[(('MCTDH virtual', 1),)]┼[(('MCTDH virtual', 3),)]┼[('v_4',)]
2024-01-23 16:31:52,660[INFO]                          │                         │                         └[('v_5',)]
2024-01-23 16:31:52,660[INFO]                          │                         │                         ┌[('v_6',)]
2024-01-23 16:31:52,660[INFO]                          │                         └[(('MCTDH virtual', 4),)]┼[('v_7',)]
2024-01-23 16:31:52,660[INFO]                          │                                                   └[('v_8',)]
2024-01-23 16:31:52,661[INFO]                          │                                                   ┌[('v_9',)]
2024-01-23 16:31:52,661[INFO]                          │                         ┌[(('MCTDH virtual', 6),)]┼[('v_10',)]
2024-01-23 16:31:52,661[INFO]                          │                         │                         └[('v_11',)]
2024-01-23 16:31:52,661[INFO]                          │                         │                         ┌[('v_12',)]
2024-01-23 16:31:52,661[INFO]                          ├[(('MCTDH virtual', 5),)]┼[(('MCTDH virtual', 7),)]┼[('v_13',)]
2024-01-23 16:31:52,661[INFO]                          │                         │                         └[('v_14',)]
2024-01-23 16:31:52,661[INFO]                          │                         │                         ┌[('v_15',)]
2024-01-23 16:31:52,661[INFO]                          │                         └[(('MCTDH virtual', 8),)]┼[('v_16',)]
2024-01-23 16:31:52,661[INFO]                          │                                                   └[('v_17',)]
2024-01-23 16:31:52,661[INFO] [(('MCTDH virtual', 0),)]┤
2024-01-23 16:31:52,661[INFO]                          │                                                    ┌[('v_18',)]
2024-01-23 16:31:52,661[INFO]                          │                         ┌[(('MCTDH virtual', 10),)]┼[('v_19',)]
2024-01-23 16:31:52,661[INFO]                          │                         │                          └[('v_20',)]
2024-01-23 16:31:52,661[INFO]                          │                         │                          ┌[('v_21',)]
2024-01-23 16:31:52,661[INFO]                          ├[(('MCTDH virtual', 9),)]┼[(('MCTDH virtual', 11),)]┼[('v_22',)]
2024-01-23 16:31:52,662[INFO]                          │                         │                          └[('v_23',)]
2024-01-23 16:31:52,662[INFO]                          │                         │                          ┌[('v_24',)]
2024-01-23 16:31:52,662[INFO]                          │                         └[(('MCTDH virtual', 12),)]┼[('v_25',)]
2024-01-23 16:31:52,662[INFO]                          │                                                    └[('v_26',)]
2024-01-23 16:31:52,662[INFO]                          └[('spin',)]
2024-01-23 16:31:52,667[DEBUG] # of operator terms: 83
2024-01-23 16:31:52,943[DEBUG] # of operator terms: 1
2024-01-23 16:31:53,082[DEBUG] # of operator terms: 1
2024-01-23 16:31:53,227[DEBUG] target for expander: 4
2024-01-23 16:31:53,227[DEBUG] average bond dimension of hint mpo: 3
2024-01-23 16:31:53,228[DEBUG] cumulated bond dimension: 1. lastone bond dimension: [1, 1, 1, 1, 1, 1, 1, 1, 1, 1, 1, 1, 1, 1, 1, 1, 1, 1, 1, 1, 1, 1, 1, 1, 1, 1, 1, 1, 1, 1, 1, 1, 1, 1, 1, 1, 1, 1, 1, 1, 1]
2024-01-23 16:31:53,247[DEBUG] # of operator terms: 1
2024-01-23 16:31:53,495[DEBUG] cumulated bond dimension: 4. lastone bond dimension: [1, 3, 3, 3, 3, 3, 3, 3, 3, 3, 3, 3, 3, 3, 3, 3, 3, 3, 3, 3, 3, 3, 3, 3, 3, 3, 3, 3, 3, 3, 3, 3, 3, 3, 3, 3, 3, 3, 3, 3, 3]
2024-01-23 16:31:53,724[DEBUG] expander bond dimension: [1, 4, 4, 4, 4, 4, 4, 4, 4, 4, 4, 4, 4, 4, 4, 4, 4, 4, 4, 4, 4, 4, 4, 4, 4, 4, 4, 4, 4, 4, 4, 4, 4, 4, 4, 4, 4, 4, 4, 4, 2]
2024-01-23 16:31:53,854[INFO] [1, 5, 5, 5, 5, 5, 5, 5, 5, 5, 5, 5, 5, 5, 5, 5, 5, 5, 5, 5, 5, 5, 5, 5, 5, 5, 5, 5, 5, 5, 5, 5, 5, 5, 5, 5, 5, 5, 5, 5, 2]
2024-01-23 16:31:53,855[INFO] [1, 3, 3, 3, 3, 3, 3, 3, 3, 3, 3, 3, 3, 3, 3, 3, 3, 3, 3, 3, 3, 3, 3, 3, 3, 3, 3, 3, 3, 3, 3, 3, 3, 3, 3, 3, 3, 3, 3, 3, 3]
2024-01-23 16:31:53,855[INFO] 41
2024-01-23 16:31:55,980[DEBUG] TDVP-PS Krylov space: DescribeResult(nobs=162, minmax=(4, 19), mean=10.345679012345679, variance=4.339391150985353, skewness=0.5105885078310564, kurtosis=3.087847694066892)
2024-01-23 16:31:56,050[INFO] 0.9950384604359401, -0.0006844613967363902
2024-01-23 16:31:58,180[DEBUG] TDVP-PS Krylov space: DescribeResult(nobs=162, minmax=(4, 19), mean=11.037037037037036, variance=5.861973775017253, skewness=0.5913731623169285, kurtosis=2.5356991283865318)
2024-01-23 16:31:58,250[INFO] 0.9804988560591176, -0.0054943827611184624
2024-01-23 16:32:00,376[DEBUG] TDVP-PS Krylov space: DescribeResult(nobs=162, minmax=(4, 19), mean=11.209876543209877, variance=5.769342841806611, skewness=0.5474644260129589, kurtosis=2.906273369910296)
2024-01-23 16:32:00,448[INFO] 0.9570931418764903, -0.014891677919855349
2024-01-23 16:32:02,615[DEBUG] TDVP-PS Krylov space: DescribeResult(nobs=162, minmax=(4, 19), mean=11.17283950617284, variance=6.205965800168698, skewness=0.7016546919236943, kurtosis=2.753050310641272)
2024-01-23 16:32:02,679[INFO] 0.9256068402760774, -0.027604778700722667
2024-01-23 16:32:04,760[DEBUG] TDVP-PS Krylov space: DescribeResult(nobs=162, minmax=(4, 19), mean=10.975308641975309, variance=6.583237481788206, skewness=0.8507764065856391, kurtosis=2.5980777901473866)
2024-01-23 16:32:04,829[INFO] 0.8868332147238568, -0.043307899559836535
2024-01-23 16:32:06,901[DEBUG] TDVP-PS Krylov space: DescribeResult(nobs=162, minmax=(4, 19), mean=10.839506172839506, variance=6.781535158346754, skewness=0.9237548537255356, kurtosis=2.444011060755491)
2024-01-23 16:32:06,964[INFO] 0.8415649949672128, -0.06029511606189574
2024-01-23 16:32:09,023[DEBUG] TDVP-PS Krylov space: DescribeResult(nobs=162, minmax=(4, 19), mean=10.666666666666666, variance=6.298136645962732, skewness=1.0122682006911428, kurtosis=2.9515773257238944)
2024-01-23 16:32:09,088[INFO] 0.7905930733256258, -0.07974095229278268
2024-01-23 16:32:11,067[DEBUG] TDVP-PS Krylov space: DescribeResult(nobs=162, minmax=(4, 19), mean=10.555555555555555, variance=6.53416149068323, skewness=1.0612048022740153, kurtosis=2.7428689152655075)
2024-01-23 16:32:11,140[INFO] 0.7346930211902626, -0.0989629103407502
2024-01-23 16:32:13,228[DEBUG] TDVP-PS Krylov space: DescribeResult(nobs=162, minmax=(4, 19), mean=10.320987654320987, variance=6.343531937734836, skewness=1.1227621918798922, kurtosis=2.8925154253328174)
2024-01-23 16:32:13,281[INFO] 0.6746497503884944, -0.12085705873358152
2024-01-23 16:32:14,511[DEBUG] TDVP-PS Krylov space: DescribeResult(nobs=162, minmax=(4, 19), mean=10.185185185185185, variance=6.661145617667356, skewness=1.134029317863677, kurtosis=2.6525963882952723)
2024-01-23 16:32:14,549[INFO] 0.611208012076198, -0.14105024723912182
2024-01-23 16:32:14,549[INFO] [(0.9950384604359401, -0.0006844613967363902), (0.9804988560591176, -0.0054943827611184624), (0.9570931418764903, -0.014891677919855349), (0.9256068402760774, -0.027604778700722667), (0.8868332147238568, -0.043307899559836535), (0.8415649949672128, -0.06029511606189574), (0.7905930733256258, -0.07974095229278268), (0.7346930211902626, -0.0989629103407502), (0.6746497503884944, -0.12085705873358152), (0.611208012076198, -0.14105024723912182)]
2024-01-23 16:32:14,549[INFO] [2.1486544609069824, 2.154219388961792, 2.1484334468841553, 2.1908228397369385, 2.106149911880493, 2.0925402641296387, 2.079620838165283, 2.0051300525665283, 2.1098642349243164, 1.243561029434204]
2024-01-23 16:32:14,549[INFO] (2.027899646759033, 0.2658967987770312)
