2024-01-23 13:03:56,935[INFO] w:[ 1.21249244  2.50326286  3.88312029  5.36527973  6.96613389  8.70636143
 10.61256502 12.71977533 15.07543605 17.7460639  20.8290775  24.47550863
 28.93837966 34.69202111 42.80132327 56.66426688]
2024-01-23 13:03:56,935[INFO] c:[ 0.59264185  1.0207347   1.4187918   1.80812027  2.19926165  2.59962412
  3.01577066  3.45455903  3.92405829  4.43465224  5.00075485  5.64393278
  6.39939173  7.33170935  8.58273958 10.59290296]
2024-01-23 13:03:56,936[INFO] integrate: 0.0006749250730816019, 2.007589761904222e-12
2024-01-23 13:03:56,936[INFO] renormalization constant: 0.9995704216488225
2024-01-23 13:03:57,356[INFO]           ┌[('v_1',)]─[('v_2',)]─[('v_3',)]─[('v_4',)]─[('v_5',)]─[('v_6',)]─[('v_7',)]─[('v_8',)]─[('v_9',)]─[('v_10',)]─[('v_11',)]─[('v_12',)]─[('v_13',)]─[('v_14',)]─[('v_15',)]
2024-01-23 13:03:57,356[INFO] [('v_0',)]┤
2024-01-23 13:03:57,357[INFO]           └[('spin',)]
2024-01-23 13:03:57,359[DEBUG] # of operator terms: 50
2024-01-23 13:03:57,470[DEBUG] # of operator terms: 1
2024-01-23 13:03:57,529[DEBUG] # of operator terms: 1
2024-01-23 13:03:57,591[DEBUG] target for expander: 299
2024-01-23 13:03:57,591[DEBUG] average bond dimension of hint mpo: 3
2024-01-23 13:03:57,591[DEBUG] cumulated bond dimension: 1. lastone bond dimension: [1, 1, 1, 1, 1, 1, 1, 1, 1, 1, 1, 1, 1, 1, 1, 1, 1]
2024-01-23 13:03:57,600[DEBUG] # of operator terms: 1
2024-01-23 13:03:57,709[DEBUG] cumulated bond dimension: 4. lastone bond dimension: [1, 3, 3, 3, 3, 3, 3, 3, 3, 3, 3, 3, 3, 3, 3, 3, 3]
2024-01-23 13:03:57,784[DEBUG] cumulated bond dimension: 11. lastone bond dimension: [1, 9, 9, 9, 9, 9, 9, 9, 9, 9, 9, 9, 9, 9, 9, 9, 9]
2024-01-23 13:03:57,926[DEBUG] cumulated bond dimension: 33. lastone bond dimension: [1, 27, 27, 27, 27, 27, 27, 27, 27, 27, 27, 27, 27, 27, 27, 27, 27]
2024-01-23 13:03:58,795[DEBUG] cumulated bond dimension: 93. lastone bond dimension: [1, 81, 81, 81, 81, 81, 81, 81, 81, 81, 81, 81, 81, 81, 81, 81, 81]
2024-01-23 13:04:08,908[DEBUG] cumulated bond dimension: 213. lastone bond dimension: [1, 243, 243, 243, 243, 243, 243, 243, 243, 243, 243, 243, 243, 243, 243, 243, 243]
2024-01-23 13:04:29,506[DEBUG] expander bond dimension: [1, 20, 200, 299, 299, 299, 299, 299, 299, 299, 299, 299, 299, 299, 100, 10, 2]
2024-01-23 13:04:34,087[INFO] [1, 21, 201, 300, 300, 300, 300, 300, 300, 300, 300, 300, 300, 300, 100, 10, 2]
2024-01-23 13:04:34,088[INFO] [1, 3, 3, 3, 3, 3, 3, 3, 3, 3, 3, 3, 3, 3, 3, 3, 3]
2024-01-23 13:04:34,088[INFO] 17
2024-01-23 13:13:58,524[DEBUG] TDVP-PS Krylov space: DescribeResult(nobs=66, minmax=(4, 37), mean=26.484848484848484, variance=65.94592074592074, skewness=-1.4074104652420296, kurtosis=1.3244108502288663)
2024-01-23 13:14:05,854[INFO] 0.9950400180427971, -0.0006604684703412213
2024-01-23 13:22:28,954[DEBUG] TDVP-PS Krylov space: DescribeResult(nobs=66, minmax=(4, 35), mean=23.303030303030305, variance=82.42983682983684, skewness=-0.4853145239574163, kurtosis=-0.8872795745231059)
2024-01-23 13:22:34,234[INFO] 0.9805039714809517, -0.005542272265183665
2024-01-23 13:30:21,212[DEBUG] TDVP-PS Krylov space: DescribeResult(nobs=66, minmax=(4, 35), mean=23.151515151515152, variance=75.54592074592074, skewness=-0.4872104188298611, kurtosis=-0.7339794458633717)
2024-01-23 13:30:25,307[INFO] 0.957101224593453, -0.014772221786902504
2024-01-23 13:38:18,110[DEBUG] TDVP-PS Krylov space: DescribeResult(nobs=66, minmax=(4, 35), mean=23.0, variance=73.78461538461538, skewness=-0.4358739416110168, kurtosis=-0.6977947984176422)
2024-01-23 13:38:24,761[INFO] 0.9256158378873196, -0.027829018709169276
2024-01-23 13:45:38,454[DEBUG] TDVP-PS Krylov space: DescribeResult(nobs=66, minmax=(4, 35), mean=22.96969696969697, variance=71.13752913752914, skewness=-0.47085685385897774, kurtosis=-0.5826721203398013)
2024-01-23 13:45:44,922[INFO] 0.8868318685066572, -0.04290103457974963
2024-01-23 13:53:55,221[DEBUG] TDVP-PS Krylov space: DescribeResult(nobs=66, minmax=(4, 35), mean=22.757575757575758, variance=67.69417249417249, skewness=-0.49018308676782396, kurtosis=-0.5150497259407345)
2024-01-23 13:54:02,422[INFO] 0.8415462518070805, -0.061022269298374114
2024-01-23 14:01:30,319[DEBUG] TDVP-PS Krylov space: DescribeResult(nobs=66, minmax=(4, 35), mean=22.545454545454547, variance=70.19020979020979, skewness=-0.44796260386665737, kurtosis=-0.6538043631319992)
2024-01-23 14:01:38,008[INFO] 0.790529988971952, -0.07868961944752965
2024-01-23 14:08:59,937[DEBUG] TDVP-PS Krylov space: DescribeResult(nobs=66, minmax=(4, 35), mean=22.575757575757574, variance=69.66340326340327, skewness=-0.44845434680894003, kurtosis=-0.642600774587887)
2024-01-23 14:09:06,608[INFO] 0.7345690582350297, -0.10051902012555618
2024-01-23 14:16:04,319[DEBUG] TDVP-PS Krylov space: DescribeResult(nobs=66, minmax=(4, 33), mean=22.393939393939394, variance=69.22703962703963, skewness=-0.4829541074720324, kurtosis=-0.6938065759285696)
2024-01-23 14:16:10,953[INFO] 0.6744405886658963, -0.11949471343688503
2024-01-23 14:23:44,124[DEBUG] TDVP-PS Krylov space: DescribeResult(nobs=66, minmax=(4, 33), mean=22.424242424242426, variance=67.72494172494173, skewness=-0.47095622692692013, kurtosis=-0.6476276360543292)
2024-01-23 14:23:50,888[INFO] 0.6108508264041894, -0.14217100260754917
2024-01-23 14:23:50,889[INFO] [(0.9950400180427971, -0.0006604684703412213), (0.9805039714809517, -0.005542272265183665), (0.957101224593453, -0.014772221786902504), (0.9256158378873196, -0.027829018709169276), (0.8868318685066572, -0.04290103457974963), (0.8415462518070805, -0.061022269298374114), (0.790529988971952, -0.07868961944752965), (0.7345690582350297, -0.10051902012555618), (0.6744405886658963, -0.11949471343688503), (0.6108508264041894, -0.14217100260754917)]
2024-01-23 14:23:50,889[INFO] [566.7911193370819, 505.463894367218, 468.30521941185, 475.01788353919983, 435.79351806640625, 492.67894887924194, 450.58398723602295, 444.14811849594116, 419.91167283058167, 455.4004898071289]
2024-01-23 14:23:50,890[INFO] (471.4094851970673, 40.10747961597145)
