2024-01-24 10:09:16,322[INFO] w:[ 0.72735288  1.48215944  2.26657371  3.0830136   3.93420588  4.82324114
  5.75364145  6.72944473  7.75531062  8.83665505  9.97982332 11.19231576
 12.48308618 13.86294361 15.34510305 16.94595721 18.68618475 20.59238834
 22.69959866 25.05525937 27.72588722 30.80890082 34.45533195 38.91820298
 44.67184443 52.78114659 66.6440902 ]
2024-01-24 10:09:16,323[INFO] c:[0.31476567 0.53684595 0.7382541  0.92984394 1.11640377 1.30071669
 1.4846893  1.66979404 1.85728213 2.04830398 2.24398848 2.4455044
 2.65411637 2.87124384 3.09853096 3.33793644 3.59185637 3.86330079
 4.15615865 4.47561438 4.8288373  5.22619532 5.68356475 6.22720363
 6.9056394  7.82595954 9.32179861]
2024-01-24 10:09:16,323[INFO] integrate: 0.0003348091643814093, 5.119565826034887e-09
2024-01-24 10:09:16,323[INFO] renormalization constant: 0.9997868765800083
2024-01-24 10:09:17,485[INFO]                                                    ┌[('v_0',), ('v_1',), ('v_2',)]
2024-01-24 10:09:17,485[INFO]                          ┌[(('MCTDH virtual', 1),)]┼[('v_3',), ('v_4',), ('v_5',)]
2024-01-24 10:09:17,485[INFO]                          │                         └[('v_6',), ('v_7',), ('v_8',)]
2024-01-24 10:09:17,485[INFO]                          │                         ┌[('v_9',), ('v_10',), ('v_11',)]
2024-01-24 10:09:17,485[INFO]                          ├[(('MCTDH virtual', 2),)]┼[('v_12',), ('v_13',), ('v_14',)]
2024-01-24 10:09:17,485[INFO]                          │                         └[('v_15',), ('v_16',), ('v_17',)]
2024-01-24 10:09:17,485[INFO] [(('MCTDH virtual', 0),)]┤
2024-01-24 10:09:17,485[INFO]                          │                         ┌[('v_18',), ('v_19',), ('v_20',)]
2024-01-24 10:09:17,485[INFO]                          ├[(('MCTDH virtual', 3),)]┼[('v_21',), ('v_22',), ('v_23',)]
2024-01-24 10:09:17,485[INFO]                          │                         └[('v_24',), ('v_25',), ('v_26',)]
2024-01-24 10:09:17,485[INFO]                          └[('spin',)]
2024-01-24 10:09:17,488[DEBUG] # of operator terms: 83
2024-01-24 10:09:18,008[DEBUG] # of operator terms: 1
2024-01-24 10:09:18,104[DEBUG] # of operator terms: 1
2024-01-24 10:09:18,203[DEBUG] target for expander: 59
2024-01-24 10:09:18,203[DEBUG] average bond dimension of hint mpo: 3
2024-01-24 10:09:18,203[DEBUG] cumulated bond dimension: 1. lastone bond dimension: [1, 1, 1, 1, 1, 1, 1, 1, 1, 1, 1, 1, 1, 1]
2024-01-24 10:09:18,330[DEBUG] # of operator terms: 1
2024-01-24 10:09:18,483[DEBUG] cumulated bond dimension: 4. lastone bond dimension: [1, 3, 3, 3, 3, 3, 3, 3, 3, 3, 3, 3, 3, 3]
2024-01-24 10:09:18,751[DEBUG] cumulated bond dimension: 11. lastone bond dimension: [1, 9, 9, 9, 9, 9, 9, 9, 9, 9, 9, 9, 9, 9]
2024-01-24 10:09:23,038[DEBUG] cumulated bond dimension: 34. lastone bond dimension: [1, 27, 27, 27, 27, 27, 27, 27, 27, 27, 27, 27, 27, 27]
2024-01-24 10:11:42,562[DEBUG] cumulated bond dimension: 51. lastone bond dimension: [1, 60, 60, 60, 60, 60, 60, 60, 60, 60, 60, 60, 60, 6]
2024-01-24 10:16:48,005[DEBUG] expander bond dimension: [1, 59, 59, 59, 59, 59, 59, 59, 59, 59, 59, 59, 59, 2]
2024-01-24 10:17:16,565[INFO] [1, 60, 60, 60, 60, 60, 60, 60, 60, 60, 60, 60, 60, 2]
2024-01-24 10:17:16,565[INFO] [1, 3, 3, 3, 3, 3, 3, 3, 3, 3, 3, 3, 3, 3]
2024-01-24 10:17:16,565[INFO] 14
2024-01-24 11:01:13,317[DEBUG] TDVP-PS Krylov space: DescribeResult(nobs=54, minmax=(4, 43), mean=27.11111111111111, variance=150.93081761006286, skewness=-0.3812473404328181, kurtosis=-1.218117677820485)
2024-01-24 11:02:14,327[INFO] 0.9950385203985823, -0.0006852845390946074
2024-01-24 12:02:08,040[DEBUG] TDVP-PS Krylov space: DescribeResult(nobs=54, minmax=(4, 49), mean=38.74074074074074, variance=115.2522711390636, skewness=-2.4495622207108863, kurtosis=5.546745028305432)
2024-01-24 12:03:09,973[INFO] 0.9804991852898947, -0.00549560486681196
2024-01-24 13:15:10,517[DEBUG] TDVP-PS Krylov space: DescribeResult(nobs=54, minmax=(4, 49), mean=40.22222222222222, variance=119.53459119496857, skewness=-2.7068685565034727, kurtosis=6.317541266370586)
2024-01-24 13:16:45,130[INFO] 0.9570938936934764, -0.014894137867095801
2024-01-24 14:39:18,742[DEBUG] TDVP-PS Krylov space: DescribeResult(nobs=54, minmax=(4, 47), mean=38.44444444444444, variance=111.08176100628928, skewness=-2.5401675986920007, kurtosis=5.857740951033861)
2024-01-24 14:41:11,891[INFO] 0.9256083070327419, -0.027604588065738338
2024-01-24 15:59:50,277[DEBUG] TDVP-PS Krylov space: DescribeResult(nobs=54, minmax=(4, 47), mean=36.55555555555556, variance=108.70440251572325, skewness=-2.1605473036252074, kurtosis=4.4556471436166865)
2024-01-24 16:00:52,074[INFO] 0.8868355104361716, -0.04330264984100647
2024-01-24 17:02:33,718[DEBUG] TDVP-PS Krylov space: DescribeResult(nobs=54, minmax=(4, 47), mean=35.2962962962963, variance=108.36338225017468, skewness=-1.8722737523219997, kurtosis=3.4937740317252937)
2024-01-24 17:03:35,589[INFO] 0.8415675614669231, -0.06029242161360734
2024-01-24 18:17:28,130[DEBUG] TDVP-PS Krylov space: DescribeResult(nobs=54, minmax=(4, 49), mean=34.592592592592595, variance=111.52900069881203, skewness=-1.6163168854105727, kurtosis=2.7006142460369373)
2024-01-24 18:18:35,553[INFO] 0.7905957472866577, -0.07974084658303493
2024-01-24 19:25:31,034[DEBUG] TDVP-PS Krylov space: DescribeResult(nobs=54, minmax=(4, 49), mean=34.25925925925926, variance=113.78057302585603, skewness=-1.4755154998891, kurtosis=2.3162750325416273)
2024-01-24 19:26:33,097[INFO] 0.7346958765526027, -0.09896663187338221
2024-01-24 20:27:37,588[DEBUG] TDVP-PS Krylov space: DescribeResult(nobs=54, minmax=(4, 49), mean=33.407407407407405, variance=117.56673654786863, skewness=-1.1901865001847356, kurtosis=1.6157024507712263)
2024-01-24 20:28:39,696[INFO] 0.6746530827157806, -0.12086206400537548
2024-01-24 21:23:41,349[DEBUG] TDVP-PS Krylov space: DescribeResult(nobs=54, minmax=(4, 49), mean=32.925925925925924, variance=119.76799440950384, skewness=-1.053634644653996, kurtosis=1.2660422594737177)
2024-01-24 21:24:41,956[INFO] 0.61121211776646, -0.14105519309394554
2024-01-24 21:24:41,956[INFO] [(0.9950385203985823, -0.0006852845390946074), (0.9804991852898947, -0.00549560486681196), (0.9570938936934764, -0.014894137867095801), (0.9256083070327419, -0.027604588065738338), (0.8868355104361716, -0.04330264984100647), (0.8415675614669231, -0.06029242161360734), (0.7905957472866577, -0.07974084658303493), (0.7346958765526027, -0.09896663187338221), (0.6746530827157806, -0.12086206400537548), (0.61121211776646, -0.14105519309394554)]
2024-01-24 21:24:41,956[INFO] [2657.1766414642334, 3614.4591505527496, 4358.6326060295105, 4993.606430053711, 4738.87864112854, 3722.1824321746826, 4453.573134422302, 4036.1549623012543, 3685.081310033798, 3322.0936019420624]
2024-01-24 21:24:41,956[INFO] (3958.1838910102842, 666.2651435995964)
