2024-01-23 12:31:40,046[INFO] w:[ 1.21249244  2.50326286  3.88312029  5.36527973  6.96613389  8.70636143
 10.61256502 12.71977533 15.07543605 17.7460639  20.8290775  24.47550863
 28.93837966 34.69202111 42.80132327 56.66426688]
2024-01-23 12:31:40,047[INFO] c:[ 0.59264185  1.0207347   1.4187918   1.80812027  2.19926165  2.59962412
  3.01577066  3.45455903  3.92405829  4.43465224  5.00075485  5.64393278
  6.39939173  7.33170935  8.58273958 10.59290296]
2024-01-23 12:31:40,048[INFO] integrate: 0.0006749250730816019, 2.007589761904222e-12
2024-01-23 12:31:40,048[INFO] renormalization constant: 0.9995704216488225
2024-01-23 12:31:40,489[INFO]           ┌[('v_1',)]─[('v_2',)]─[('v_3',)]─[('v_4',)]─[('v_5',)]─[('v_6',)]─[('v_7',)]─[('v_8',)]─[('v_9',)]─[('v_10',)]─[('v_11',)]─[('v_12',)]─[('v_13',)]─[('v_14',)]─[('v_15',)]
2024-01-23 12:31:40,489[INFO] [('v_0',)]┤
2024-01-23 12:31:40,489[INFO]           └[('spin',)]
2024-01-23 12:31:40,492[DEBUG] # of operator terms: 50
2024-01-23 12:31:40,605[DEBUG] # of operator terms: 1
2024-01-23 12:31:40,664[DEBUG] # of operator terms: 1
2024-01-23 12:31:40,728[DEBUG] target for expander: 49
2024-01-23 12:31:40,728[DEBUG] average bond dimension of hint mpo: 3
2024-01-23 12:31:40,729[DEBUG] cumulated bond dimension: 1. lastone bond dimension: [1, 1, 1, 1, 1, 1, 1, 1, 1, 1, 1, 1, 1, 1, 1, 1, 1]
2024-01-23 12:31:40,737[DEBUG] # of operator terms: 1
2024-01-23 12:31:40,847[DEBUG] cumulated bond dimension: 4. lastone bond dimension: [1, 3, 3, 3, 3, 3, 3, 3, 3, 3, 3, 3, 3, 3, 3, 3, 3]
2024-01-23 12:31:40,922[DEBUG] cumulated bond dimension: 11. lastone bond dimension: [1, 9, 9, 9, 9, 9, 9, 9, 9, 9, 9, 9, 9, 9, 9, 9, 9]
2024-01-23 12:31:41,069[DEBUG] cumulated bond dimension: 33. lastone bond dimension: [1, 27, 27, 27, 27, 27, 27, 27, 27, 27, 27, 27, 27, 27, 27, 27, 27]
2024-01-23 12:31:41,427[DEBUG] cumulated bond dimension: 39. lastone bond dimension: [1, 51, 51, 51, 51, 51, 51, 51, 51, 51, 51, 51, 51, 51, 51, 30, 6]
2024-01-23 12:31:42,038[DEBUG] expander bond dimension: [1, 20, 49, 49, 49, 49, 49, 49, 49, 49, 49, 49, 49, 49, 49, 10, 2]
2024-01-23 12:31:42,180[INFO] [1, 21, 50, 50, 50, 50, 50, 50, 50, 50, 50, 50, 50, 50, 50, 10, 2]
2024-01-23 12:31:42,180[INFO] [1, 3, 3, 3, 3, 3, 3, 3, 3, 3, 3, 3, 3, 3, 3, 3, 3]
2024-01-23 12:31:42,180[INFO] 17
2024-01-23 12:31:49,471[DEBUG] TDVP-PS Krylov space: DescribeResult(nobs=66, minmax=(4, 35), mean=27.393939393939394, variance=64.82703962703962, skewness=-1.6821305030557114, kurtosis=2.1730035756867307)
2024-01-23 12:31:49,564[INFO] 0.9950400183452618, -0.0006604633416447039
2024-01-23 12:31:55,848[DEBUG] TDVP-PS Krylov space: DescribeResult(nobs=66, minmax=(4, 35), mean=23.575757575757574, variance=82.74032634032633, skewness=-0.4774232081831751, kurtosis=-0.817022445700839)
2024-01-23 12:31:55,940[INFO] 0.9805039721981815, -0.005542264430372025
2024-01-23 12:32:01,510[DEBUG] TDVP-PS Krylov space: DescribeResult(nobs=66, minmax=(4, 35), mean=22.90909090909091, variance=78.76083916083915, skewness=-0.35840221067594646, kurtosis=-0.8437399855865033)
2024-01-23 12:32:01,601[INFO] 0.9571012256560573, -0.014772221894619405
2024-01-23 12:32:07,542[DEBUG] TDVP-PS Krylov space: DescribeResult(nobs=66, minmax=(4, 35), mean=22.272727272727273, variance=80.50909090909092, skewness=-0.22543892100017962, kurtosis=-1.0144545860237075)
2024-01-23 12:32:07,632[INFO] 0.9256158388687953, -0.027829019748387925
2024-01-23 12:32:13,062[DEBUG] TDVP-PS Krylov space: DescribeResult(nobs=66, minmax=(4, 35), mean=22.060606060606062, variance=79.96550116550117, skewness=-0.19470432970295593, kurtosis=-1.0206054557069495)
2024-01-23 12:32:13,118[INFO] 0.8868318691414925, -0.04290104069529671
2024-01-23 12:32:16,755[DEBUG] TDVP-PS Krylov space: DescribeResult(nobs=66, minmax=(4, 35), mean=21.818181818181817, variance=77.47412587412586, skewness=-0.17188353459061795, kurtosis=-0.9956492694388528)
2024-01-23 12:32:16,810[INFO] 0.8415462526049207, -0.06102224909988967
2024-01-23 12:32:20,225[DEBUG] TDVP-PS Krylov space: DescribeResult(nobs=66, minmax=(4, 35), mean=21.727272727272727, variance=74.47832167832169, skewness=-0.18445560186319418, kurtosis=-0.9505836284281557)
2024-01-23 12:32:20,280[INFO] 0.7905299895541269, -0.07868959209066934
2024-01-23 12:32:23,586[DEBUG] TDVP-PS Krylov space: DescribeResult(nobs=66, minmax=(4, 35), mean=21.454545454545453, variance=75.48251748251748, skewness=-0.120008877524526, kurtosis=-1.0060469515365982)
2024-01-23 12:32:23,641[INFO] 0.7345690547511703, -0.10051898249092299
2024-01-23 12:32:26,877[DEBUG] TDVP-PS Krylov space: DescribeResult(nobs=66, minmax=(4, 35), mean=21.242424242424242, variance=76.80186480186481, skewness=-0.066416406516144, kurtosis=-1.0680688703625894)
2024-01-23 12:32:26,932[INFO] 0.6744405808944768, -0.11949465751482127
2024-01-23 12:32:30,338[DEBUG] TDVP-PS Krylov space: DescribeResult(nobs=66, minmax=(4, 35), mean=21.21212121212121, variance=76.13892773892772, skewness=-0.05287546110203918, kurtosis=-1.0457948490582822)
2024-01-23 12:32:30,392[INFO] 0.6108508162751773, -0.14217096783091282
2024-01-23 12:32:30,392[INFO] [(0.9950400183452618, -0.0006604633416447039), (0.9805039721981815, -0.005542264430372025), (0.9571012256560573, -0.014772221894619405), (0.9256158388687953, -0.027829019748387925), (0.8868318691414925, -0.04290104069529671), (0.8415462526049207, -0.06102224909988967), (0.7905299895541269, -0.07868959209066934), (0.7345690547511703, -0.10051898249092299), (0.6744405808944768, -0.11949465751482127), (0.6108508162751773, -0.14217096783091282)]
2024-01-23 12:32:30,392[INFO] [7.321197509765625, 6.315157651901245, 5.6001880168914795, 5.970628499984741, 5.448577880859375, 3.6546430587768555, 3.433457136154175, 3.3244752883911133, 3.2541940212249756, 3.4233829975128174]
2024-01-23 12:32:30,393[INFO] (4.77459020614624, 1.4393767339955699)
