2024-01-23 12:42:58,596[INFO] w:[ 1.21249244  2.50326286  3.88312029  5.36527973  6.96613389  8.70636143
 10.61256502 12.71977533 15.07543605 17.7460639  20.8290775  24.47550863
 28.93837966 34.69202111 42.80132327 56.66426688]
2024-01-23 12:42:58,597[INFO] c:[ 0.59264185  1.0207347   1.4187918   1.80812027  2.19926165  2.59962412
  3.01577066  3.45455903  3.92405829  4.43465224  5.00075485  5.64393278
  6.39939173  7.33170935  8.58273958 10.59290296]
2024-01-23 12:42:58,598[INFO] integrate: 0.0006749250730816019, 2.007589761904222e-12
2024-01-23 12:42:58,598[INFO] renormalization constant: 0.9995704216488225
2024-01-23 12:42:59,006[INFO]                                                                              ┌[('v_0',), ('v_1',)]
2024-01-23 12:42:59,006[INFO]                                                    ┌[(('MCTDH virtual', 2),)]┤
2024-01-23 12:42:59,006[INFO]                                                    │                         └[('v_2',), ('v_3',)]
2024-01-23 12:42:59,006[INFO]                          ┌[(('MCTDH virtual', 1),)]┤
2024-01-23 12:42:59,006[INFO]                          │                         │                         ┌[('v_4',), ('v_5',)]
2024-01-23 12:42:59,006[INFO]                          │                         └[(('MCTDH virtual', 3),)]┤
2024-01-23 12:42:59,006[INFO]                          │                                                   └[('v_6',), ('v_7',)]
2024-01-23 12:42:59,006[INFO]                          │                                                   ┌[('v_8',), ('v_9',)]
2024-01-23 12:42:59,007[INFO]                          │                         ┌[(('MCTDH virtual', 5),)]┤
2024-01-23 12:42:59,007[INFO]                          │                         │                         └[('v_10',), ('v_11',)]
2024-01-23 12:42:59,007[INFO] [(('MCTDH virtual', 0),)]┼[(('MCTDH virtual', 4),)]┤
2024-01-23 12:42:59,007[INFO]                          │                         │                         ┌[('v_12',), ('v_13',)]
2024-01-23 12:42:59,007[INFO]                          │                         └[(('MCTDH virtual', 6),)]┤
2024-01-23 12:42:59,007[INFO]                          │                                                   └[('v_14',), ('v_15',)]
2024-01-23 12:42:59,007[INFO]                          └[('spin',)]
2024-01-23 12:42:59,009[DEBUG] # of operator terms: 50
2024-01-23 12:42:59,121[DEBUG] # of operator terms: 1
2024-01-23 12:42:59,179[DEBUG] # of operator terms: 1
2024-01-23 12:42:59,239[DEBUG] target for expander: 9
2024-01-23 12:42:59,239[DEBUG] average bond dimension of hint mpo: 3
2024-01-23 12:42:59,239[DEBUG] cumulated bond dimension: 1. lastone bond dimension: [1, 1, 1, 1, 1, 1, 1, 1, 1, 1, 1, 1, 1, 1, 1, 1]
2024-01-23 12:42:59,248[DEBUG] # of operator terms: 1
2024-01-23 12:42:59,335[DEBUG] cumulated bond dimension: 4. lastone bond dimension: [1, 3, 3, 3, 3, 3, 3, 3, 3, 3, 3, 3, 3, 3, 3, 3]
2024-01-23 12:42:59,398[DEBUG] cumulated bond dimension: 8. lastone bond dimension: [1, 9, 9, 9, 9, 9, 9, 9, 9, 9, 9, 9, 9, 9, 9, 9]
2024-01-23 12:42:59,495[DEBUG] expander bond dimension: [1, 9, 9, 9, 9, 9, 9, 9, 9, 9, 9, 9, 9, 9, 9, 2]
2024-01-23 12:42:59,553[INFO] [1, 10, 10, 10, 10, 10, 10, 10, 10, 10, 10, 10, 10, 10, 10, 2]
2024-01-23 12:42:59,553[INFO] [1, 3, 3, 3, 3, 3, 3, 3, 3, 3, 3, 3, 3, 3, 3, 3]
2024-01-23 12:42:59,553[INFO] 16
2024-01-23 12:43:00,224[DEBUG] TDVP-PS Krylov space: DescribeResult(nobs=62, minmax=(4, 17), mean=10.870967741935484, variance=6.212585933368587, skewness=-0.8636386005456552, kurtosis=2.0131712158947046)
2024-01-23 12:43:00,256[INFO] 0.9950400183215017, -0.0006604671009308407
2024-01-23 12:43:00,961[DEBUG] TDVP-PS Krylov space: DescribeResult(nobs=62, minmax=(4, 19), mean=12.096774193548388, variance=7.629825489159172, skewness=-1.0988096785749077, kurtosis=3.058238843255915)
2024-01-23 12:43:00,991[INFO] 0.9805039720114594, -0.005542272906574262
2024-01-23 12:43:01,753[DEBUG] TDVP-PS Krylov space: DescribeResult(nobs=62, minmax=(4, 19), mean=12.225806451612904, variance=8.243257535695397, skewness=-0.8989763180577786, kurtosis=2.8797812928481976)
2024-01-23 12:43:01,783[INFO] 0.9571012252517034, -0.014772232997638218
2024-01-23 12:43:02,547[DEBUG] TDVP-PS Krylov space: DescribeResult(nobs=62, minmax=(4, 19), mean=12.129032258064516, variance=9.196192490745634, skewness=-0.4227175470051227, kurtosis=2.302682359601353)
2024-01-23 12:43:02,577[INFO] 0.9256158391507645, -0.02782903035892203
2024-01-23 12:43:03,285[DEBUG] TDVP-PS Krylov space: DescribeResult(nobs=62, minmax=(4, 21), mean=12.03225806451613, variance=9.867794817556852, skewness=-0.08117818902409564, kurtosis=2.280292594162586)
2024-01-23 12:43:03,315[INFO] 0.886831870544172, -0.04290104761512605
2024-01-23 12:43:04,013[DEBUG] TDVP-PS Krylov space: DescribeResult(nobs=62, minmax=(4, 21), mean=12.03225806451613, variance=9.474352194606034, skewness=-0.20738454537141443, kurtosis=2.4034275753172407)
2024-01-23 12:43:04,047[INFO] 0.841546251839226, -0.06102230499749079
2024-01-23 12:43:04,774[DEBUG] TDVP-PS Krylov space: DescribeResult(nobs=62, minmax=(4, 21), mean=11.903225806451612, variance=9.990481226864093, skewness=0.10205195458108536, kurtosis=2.553615660099698)
2024-01-23 12:43:04,807[INFO] 0.7905299907018084, -0.07868962709138314
2024-01-23 12:43:05,521[DEBUG] TDVP-PS Krylov space: DescribeResult(nobs=62, minmax=(4, 21), mean=11.774193548387096, variance=10.210470650449501, skewness=0.19484233453950806, kurtosis=2.360911078312724)
2024-01-23 12:43:05,549[INFO] 0.7345690634651624, -0.10051898983202812
2024-01-23 12:43:06,253[DEBUG] TDVP-PS Krylov space: DescribeResult(nobs=62, minmax=(4, 21), mean=11.806451612903226, variance=10.355367530407197, skewness=0.2714080279356406, kurtosis=2.482439121026447)
2024-01-23 12:43:06,284[INFO] 0.6744405942261629, -0.11949470825108906
2024-01-23 12:43:06,978[DEBUG] TDVP-PS Krylov space: DescribeResult(nobs=62, minmax=(4, 21), mean=11.838709677419354, variance=10.367001586462187, skewness=0.28928303582033077, kurtosis=2.4696128206890675)
2024-01-23 12:43:07,008[INFO] 0.6108508372524089, -0.14217093299346684
2024-01-23 12:43:07,008[INFO] [(0.9950400183215017, -0.0006604671009308407), (0.9805039720114594, -0.005542272906574262), (0.9571012252517034, -0.014772232997638218), (0.9256158391507645, -0.02782903035892203), (0.886831870544172, -0.04290104761512605), (0.841546251839226, -0.06102230499749079), (0.7905299907018084, -0.07868962709138314), (0.7345690634651624, -0.10051898983202812), (0.6744405942261629, -0.11949470825108906), (0.6108508372524089, -0.14217093299346684)]
2024-01-23 12:43:07,009[INFO] [0.6827847957611084, 0.7155740261077881, 0.772315263748169, 0.7738666534423828, 0.7177398204803467, 0.7117648124694824, 0.739509105682373, 0.7221755981445312, 0.7140641212463379, 0.703742504119873]
2024-01-23 12:43:07,009[INFO] (0.7253536701202392, 0.02741213598719123)
