2024-01-23 16:46:46,303[INFO] w:[ 0.72735288  1.48215944  2.26657371  3.0830136   3.93420588  4.82324114
  5.75364145  6.72944473  7.75531062  8.83665505  9.97982332 11.19231576
 12.48308618 13.86294361 15.34510305 16.94595721 18.68618475 20.59238834
 22.69959866 25.05525937 27.72588722 30.80890082 34.45533195 38.91820298
 44.67184443 52.78114659 66.6440902 ]
2024-01-23 16:46:46,304[INFO] c:[0.31476567 0.53684595 0.7382541  0.92984394 1.11640377 1.30071669
 1.4846893  1.66979404 1.85728213 2.04830398 2.24398848 2.4455044
 2.65411637 2.87124384 3.09853096 3.33793644 3.59185637 3.86330079
 4.15615865 4.47561438 4.8288373  5.22619532 5.68356475 6.22720363
 6.9056394  7.82595954 9.32179861]
2024-01-23 16:46:46,305[INFO] integrate: 0.0003348091643814093, 5.119565826034887e-09
2024-01-23 16:46:46,305[INFO] renormalization constant: 0.9997868765800083
2024-01-23 16:46:46,744[INFO]                                                    ┌[('v_0',), ('v_1',), ('v_2',)]
2024-01-23 16:46:46,744[INFO]                          ┌[(('MCTDH virtual', 1),)]┼[('v_3',), ('v_4',), ('v_5',)]
2024-01-23 16:46:46,744[INFO]                          │                         └[('v_6',), ('v_7',), ('v_8',)]
2024-01-23 16:46:46,744[INFO]                          │                         ┌[('v_9',), ('v_10',), ('v_11',)]
2024-01-23 16:46:46,745[INFO]                          ├[(('MCTDH virtual', 2),)]┼[('v_12',), ('v_13',), ('v_14',)]
2024-01-23 16:46:46,745[INFO]                          │                         └[('v_15',), ('v_16',), ('v_17',)]
2024-01-23 16:46:46,745[INFO] [(('MCTDH virtual', 0),)]┤
2024-01-23 16:46:46,745[INFO]                          │                         ┌[('v_18',), ('v_19',), ('v_20',)]
2024-01-23 16:46:46,745[INFO]                          ├[(('MCTDH virtual', 3),)]┼[('v_21',), ('v_22',), ('v_23',)]
2024-01-23 16:46:46,745[INFO]                          │                         └[('v_24',), ('v_25',), ('v_26',)]
2024-01-23 16:46:46,745[INFO]                          └[('spin',)]
2024-01-23 16:46:46,750[DEBUG] # of operator terms: 83
2024-01-23 16:46:47,514[DEBUG] # of operator terms: 1
2024-01-23 16:46:47,668[DEBUG] # of operator terms: 1
2024-01-23 16:46:47,827[DEBUG] target for expander: 29
2024-01-23 16:46:47,828[DEBUG] average bond dimension of hint mpo: 3
2024-01-23 16:46:47,828[DEBUG] cumulated bond dimension: 1. lastone bond dimension: [1, 1, 1, 1, 1, 1, 1, 1, 1, 1, 1, 1, 1, 1]
2024-01-23 16:46:47,988[DEBUG] # of operator terms: 1
2024-01-23 16:46:48,251[DEBUG] cumulated bond dimension: 4. lastone bond dimension: [1, 3, 3, 3, 3, 3, 3, 3, 3, 3, 3, 3, 3, 3]
2024-01-23 16:46:48,654[DEBUG] cumulated bond dimension: 11. lastone bond dimension: [1, 9, 9, 9, 9, 9, 9, 9, 9, 9, 9, 9, 9, 9]
2024-01-23 16:46:52,826[DEBUG] cumulated bond dimension: 25. lastone bond dimension: [1, 27, 27, 27, 27, 27, 27, 27, 27, 27, 27, 27, 27, 27]
2024-01-23 16:47:05,152[DEBUG] expander bond dimension: [1, 29, 29, 29, 29, 29, 29, 29, 29, 29, 29, 29, 29, 2]
2024-01-23 16:47:06,136[INFO] [1, 30, 30, 30, 30, 30, 30, 30, 30, 30, 30, 30, 30, 2]
2024-01-23 16:47:06,136[INFO] [1, 3, 3, 3, 3, 3, 3, 3, 3, 3, 3, 3, 3, 3]
2024-01-23 16:47:06,136[INFO] 14
2024-01-23 16:50:22,899[DEBUG] TDVP-PS Krylov space: DescribeResult(nobs=54, minmax=(4, 31), mean=20.85185185185185, variance=68.43046820405308, skewness=-0.4680534657801707, kurtosis=-1.0191428164123664)
2024-01-23 16:50:25,815[INFO] 0.9950385203868835, -0.0006852822786606824
2024-01-23 16:54:36,497[DEBUG] TDVP-PS Krylov space: DescribeResult(nobs=54, minmax=(4, 37), mean=26.555555555555557, variance=53.91194968553461, skewness=-2.0363734477618816, kurtosis=4.077384963883104)
2024-01-23 16:54:39,146[INFO] 0.9804991854028542, -0.005495602359036042
2024-01-23 16:58:46,435[DEBUG] TDVP-PS Krylov space: DescribeResult(nobs=54, minmax=(4, 37), mean=26.296296296296298, variance=65.45772187281621, skewness=-1.2971139900318425, kurtosis=1.8922698288817852)
2024-01-23 16:58:49,070[INFO] 0.9570938949891975, -0.014894138477131244
2024-01-23 17:02:48,406[DEBUG] TDVP-PS Krylov space: DescribeResult(nobs=54, minmax=(4, 39), mean=24.814814814814813, variance=71.05939902166318, skewness=-0.6684251054771999, kurtosis=0.6024392234524982)
2024-01-23 17:02:51,043[INFO] 0.9256083098990998, -0.027604588487756095
2024-01-23 17:06:35,572[DEBUG] TDVP-PS Krylov space: DescribeResult(nobs=54, minmax=(4, 39), mean=23.703703703703702, variance=80.25017470300494, skewness=-0.14819391824562367, kurtosis=-0.13365977401987905)
2024-01-23 17:06:38,159[INFO] 0.8868355161245682, -0.043302653139721786
2024-01-23 17:10:07,588[DEBUG] TDVP-PS Krylov space: DescribeResult(nobs=54, minmax=(4, 39), mean=23.14814814814815, variance=83.82669461914746, skewness=0.027724010861262614, kurtosis=-0.32218514745880134)
2024-01-23 17:10:09,149[INFO] 0.8415675693698357, -0.060292436316902606
2024-01-23 17:13:48,237[DEBUG] TDVP-PS Krylov space: DescribeResult(nobs=54, minmax=(4, 39), mean=22.59259259259259, variance=83.60447239692523, skewness=0.09545356841756128, kurtosis=-0.4521230009944346)
2024-01-23 17:13:51,243[INFO] 0.7905957557074941, -0.07974085878363425
2024-01-23 17:17:19,730[DEBUG] TDVP-PS Krylov space: DescribeResult(nobs=54, minmax=(4, 37), mean=22.25925925925926, variance=80.42208245981833, skewness=0.11053685100854961, kurtosis=-0.4035314441724567)
2024-01-23 17:17:21,256[INFO] 0.7346958884588278, -0.0989666475957771
2024-01-23 17:20:46,067[DEBUG] TDVP-PS Krylov space: DescribeResult(nobs=54, minmax=(4, 39), mean=22.0, variance=83.35849056603773, skewness=0.2312226018599409, kurtosis=-0.41247286451716825)
2024-01-23 17:20:47,614[INFO] 0.6746530953828618, -0.1208620865062583
2024-01-23 17:24:23,190[DEBUG] TDVP-PS Krylov space: DescribeResult(nobs=54, minmax=(4, 39), mean=21.814814814814813, variance=83.47449336128581, skewness=0.28648323467662457, kurtosis=-0.37731733794308475)
2024-01-23 17:24:25,943[INFO] 0.611212134918895, -0.14105520915311803
2024-01-23 17:24:25,943[INFO] [(0.9950385203868835, -0.0006852822786606824), (0.9804991854028542, -0.005495602359036042), (0.9570938949891975, -0.014894138477131244), (0.9256083098990998, -0.027604588487756095), (0.8868355161245682, -0.043302653139721786), (0.8415675693698357, -0.060292436316902606), (0.7905957557074941, -0.07974085878363425), (0.7346958884588278, -0.0989666475957771), (0.6746530953828618, -0.1208620865062583), (0.611212134918895, -0.14105520915311803)]
2024-01-23 17:24:25,943[INFO] [197.70960354804993, 251.58505940437317, 248.1830768585205, 240.20966577529907, 225.4092321395874, 209.94058108329773, 220.00361275672913, 209.00244688987732, 205.32021808624268, 216.37819075584412]
2024-01-23 17:24:25,944[INFO] (222.3741687297821, 17.665895901229778)
