2024-01-23 12:43:24,873[INFO] w:[ 1.21249244  2.50326286  3.88312029  5.36527973  6.96613389  8.70636143
 10.61256502 12.71977533 15.07543605 17.7460639  20.8290775  24.47550863
 28.93837966 34.69202111 42.80132327 56.66426688]
2024-01-23 12:43:24,873[INFO] c:[ 0.59264185  1.0207347   1.4187918   1.80812027  2.19926165  2.59962412
  3.01577066  3.45455903  3.92405829  4.43465224  5.00075485  5.64393278
  6.39939173  7.33170935  8.58273958 10.59290296]
2024-01-23 12:43:24,874[INFO] integrate: 0.0006749250730816019, 2.007589761904222e-12
2024-01-23 12:43:24,874[INFO] renormalization constant: 0.9995704216488225
2024-01-23 12:43:25,300[INFO]                                                                              ┌[('v_0',), ('v_1',)]
2024-01-23 12:43:25,300[INFO]                                                    ┌[(('MCTDH virtual', 2),)]┤
2024-01-23 12:43:25,300[INFO]                                                    │                         └[('v_2',), ('v_3',)]
2024-01-23 12:43:25,301[INFO]                          ┌[(('MCTDH virtual', 1),)]┤
2024-01-23 12:43:25,301[INFO]                          │                         │                         ┌[('v_4',), ('v_5',)]
2024-01-23 12:43:25,301[INFO]                          │                         └[(('MCTDH virtual', 3),)]┤
2024-01-23 12:43:25,301[INFO]                          │                                                   └[('v_6',), ('v_7',)]
2024-01-23 12:43:25,301[INFO]                          │                                                   ┌[('v_8',), ('v_9',)]
2024-01-23 12:43:25,301[INFO]                          │                         ┌[(('MCTDH virtual', 5),)]┤
2024-01-23 12:43:25,301[INFO]                          │                         │                         └[('v_10',), ('v_11',)]
2024-01-23 12:43:25,301[INFO] [(('MCTDH virtual', 0),)]┼[(('MCTDH virtual', 4),)]┤
2024-01-23 12:43:25,301[INFO]                          │                         │                         ┌[('v_12',), ('v_13',)]
2024-01-23 12:43:25,301[INFO]                          │                         └[(('MCTDH virtual', 6),)]┤
2024-01-23 12:43:25,301[INFO]                          │                                                   └[('v_14',), ('v_15',)]
2024-01-23 12:43:25,301[INFO]                          └[('spin',)]
2024-01-23 12:43:25,304[DEBUG] # of operator terms: 50
2024-01-23 12:43:25,430[DEBUG] # of operator terms: 1
2024-01-23 12:43:25,489[DEBUG] # of operator terms: 1
2024-01-23 12:43:25,549[DEBUG] target for expander: 29
2024-01-23 12:43:25,549[DEBUG] average bond dimension of hint mpo: 3
2024-01-23 12:43:25,549[DEBUG] cumulated bond dimension: 1. lastone bond dimension: [1, 1, 1, 1, 1, 1, 1, 1, 1, 1, 1, 1, 1, 1, 1, 1]
2024-01-23 12:43:25,560[DEBUG] # of operator terms: 1
2024-01-23 12:43:25,655[DEBUG] cumulated bond dimension: 4. lastone bond dimension: [1, 3, 3, 3, 3, 3, 3, 3, 3, 3, 3, 3, 3, 3, 3, 3]
2024-01-23 12:43:25,724[DEBUG] cumulated bond dimension: 12. lastone bond dimension: [1, 9, 9, 9, 9, 9, 9, 9, 9, 9, 9, 9, 9, 9, 9, 9]
2024-01-23 12:43:25,920[DEBUG] cumulated bond dimension: 26. lastone bond dimension: [1, 27, 27, 27, 27, 27, 27, 27, 27, 27, 27, 27, 27, 27, 27, 27]
2024-01-23 12:43:26,284[DEBUG] expander bond dimension: [1, 29, 29, 29, 29, 29, 29, 29, 29, 29, 29, 29, 29, 29, 29, 2]
2024-01-23 12:43:26,390[INFO] [1, 30, 30, 30, 30, 30, 30, 30, 30, 30, 30, 30, 30, 30, 30, 2]
2024-01-23 12:43:26,390[INFO] [1, 3, 3, 3, 3, 3, 3, 3, 3, 3, 3, 3, 3, 3, 3, 3]
2024-01-23 12:43:26,390[INFO] 16
2024-01-23 12:43:29,913[DEBUG] TDVP-PS Krylov space: DescribeResult(nobs=62, minmax=(4, 31), mean=20.70967741935484, variance=45.94711792702275, skewness=-0.9077072833821319, kurtosis=0.08466237211535166)
2024-01-23 12:43:29,972[INFO] 0.9950400183550999, -0.0006604669265460808
2024-01-23 12:43:33,654[DEBUG] TDVP-PS Krylov space: DescribeResult(nobs=62, minmax=(4, 29), mean=22.29032258064516, variance=36.668429402432565, skewness=-1.6907845958133008, kurtosis=2.8127444730234537)
2024-01-23 12:43:33,716[INFO] 0.980503972084902, -0.005542271300250305
2024-01-23 12:43:37,545[DEBUG] TDVP-PS Krylov space: DescribeResult(nobs=62, minmax=(4, 29), mean=20.548387096774192, variance=34.874669487043896, skewness=-1.1937793317276324, kurtosis=1.6109603461384543)
2024-01-23 12:43:37,605[INFO] 0.9571012254157998, -0.01477223061108287
2024-01-23 12:43:41,048[DEBUG] TDVP-PS Krylov space: DescribeResult(nobs=62, minmax=(4, 29), mean=19.70967741935484, variance=36.143839238498174, skewness=-0.8244926514439785, kurtosis=0.7541334043398766)
2024-01-23 12:43:41,109[INFO] 0.9256158390353441, -0.027829028936803356
2024-01-23 12:43:44,802[DEBUG] TDVP-PS Krylov space: DescribeResult(nobs=62, minmax=(4, 27), mean=19.129032258064516, variance=34.14701216287677, skewness=-0.7131773453489206, kurtosis=0.6886013573423666)
2024-01-23 12:43:44,869[INFO] 0.886831870731886, -0.042901054781134366
2024-01-23 12:43:48,430[DEBUG] TDVP-PS Krylov space: DescribeResult(nobs=62, minmax=(4, 29), mean=18.870967741935484, variance=33.49127445795877, skewness=-0.6443997085511087, kurtosis=0.6739567395972514)
2024-01-23 12:43:48,501[INFO] 0.8415462536069857, -0.06102228437330229
2024-01-23 12:43:51,991[DEBUG] TDVP-PS Krylov space: DescribeResult(nobs=62, minmax=(4, 27), mean=18.64516129032258, variance=33.31464833421471, skewness=-0.5774089787724043, kurtosis=0.5505357270851787)
2024-01-23 12:43:52,053[INFO] 0.7905299929241951, -0.07868962723067993
2024-01-23 12:43:55,523[DEBUG] TDVP-PS Krylov space: DescribeResult(nobs=62, minmax=(4, 27), mean=18.483870967741936, variance=32.45055526176626, skewness=-0.5659834464738931, kurtosis=0.6029256629723423)
2024-01-23 12:43:55,586[INFO] 0.7345690650884884, -0.10051902067886015
2024-01-23 12:43:59,271[DEBUG] TDVP-PS Krylov space: DescribeResult(nobs=62, minmax=(4, 27), mean=18.35483870967742, variance=33.216287678477, skewness=-0.48291702479456544, kurtosis=0.415941235312435)
2024-01-23 12:43:59,332[INFO] 0.674440601363858, -0.11949469408117162
2024-01-23 12:44:02,734[DEBUG] TDVP-PS Krylov space: DescribeResult(nobs=62, minmax=(4, 29), mean=18.096774193548388, variance=32.81015335801164, skewness=-0.3924882192447307, kurtosis=0.42784337207523215)
2024-01-23 12:44:02,794[INFO] 0.6108508496480121, -0.14217100209773975
2024-01-23 12:44:02,794[INFO] [(0.9950400183550999, -0.0006604669265460808), (0.980503972084902, -0.005542271300250305), (0.9571012254157998, -0.01477223061108287), (0.9256158390353441, -0.027829028936803356), (0.886831870731886, -0.042901054781134366), (0.8415462536069857, -0.06102228437330229), (0.7905299929241951, -0.07868962723067993), (0.7345690650884884, -0.10051902067886015), (0.674440601363858, -0.11949469408117162), (0.6108508496480121, -0.14217100209773975)]
2024-01-23 12:44:02,795[INFO] [3.5430734157562256, 3.7034056186676025, 3.8489246368408203, 3.4628279209136963, 3.713634490966797, 3.5841054916381836, 3.5116443634033203, 3.4897208213806152, 3.706049919128418, 3.421720504760742]
2024-01-23 12:44:02,795[INFO] (3.598510718345642, 0.1307113785915567)
