2024-01-23 12:34:27,389[INFO] w:[ 1.21249244  2.50326286  3.88312029  5.36527973  6.96613389  8.70636143
 10.61256502 12.71977533 15.07543605 17.7460639  20.8290775  24.47550863
 28.93837966 34.69202111 42.80132327 56.66426688]
2024-01-23 12:34:27,389[INFO] c:[ 0.59264185  1.0207347   1.4187918   1.80812027  2.19926165  2.59962412
  3.01577066  3.45455903  3.92405829  4.43465224  5.00075485  5.64393278
  6.39939173  7.33170935  8.58273958 10.59290296]
2024-01-23 12:34:27,390[INFO] integrate: 0.0006749250730816019, 2.007589761904222e-12
2024-01-23 12:34:27,390[INFO] renormalization constant: 0.9995704216488225
2024-01-23 12:34:27,632[INFO]           ┌[('v_1',)]─[('v_2',)]─[('v_3',)]─[('v_4',)]─[('v_5',)]─[('v_6',)]─[('v_7',)]─[('v_8',)]─[('v_9',)]─[('v_10',)]─[('v_11',)]─[('v_12',)]─[('v_13',)]─[('v_14',)]─[('v_15',)]
2024-01-23 12:34:27,632[INFO] [('v_0',)]┤
2024-01-23 12:34:27,632[INFO]           └[('spin',)]
2024-01-23 12:34:27,633[DEBUG] # of operator terms: 50
2024-01-23 12:34:27,686[DEBUG] # of operator terms: 1
2024-01-23 12:34:27,714[DEBUG] # of operator terms: 1
2024-01-23 12:34:27,744[DEBUG] target for expander: 99
2024-01-23 12:34:27,744[DEBUG] average bond dimension of hint mpo: 3
2024-01-23 12:34:27,744[DEBUG] cumulated bond dimension: 1. lastone bond dimension: [1, 1, 1, 1, 1, 1, 1, 1, 1, 1, 1, 1, 1, 1, 1, 1, 1]
2024-01-23 12:34:27,748[DEBUG] # of operator terms: 1
2024-01-23 12:34:27,803[DEBUG] cumulated bond dimension: 4. lastone bond dimension: [1, 3, 3, 3, 3, 3, 3, 3, 3, 3, 3, 3, 3, 3, 3, 3, 3]
2024-01-23 12:34:27,848[DEBUG] cumulated bond dimension: 11. lastone bond dimension: [1, 9, 9, 9, 9, 9, 9, 9, 9, 9, 9, 9, 9, 9, 9, 9, 9]
2024-01-23 12:34:27,937[DEBUG] cumulated bond dimension: 33. lastone bond dimension: [1, 27, 27, 27, 27, 27, 27, 27, 27, 27, 27, 27, 27, 27, 27, 27, 27]
2024-01-23 12:34:28,402[DEBUG] cumulated bond dimension: 78. lastone bond dimension: [1, 81, 81, 81, 81, 81, 81, 81, 81, 81, 81, 81, 81, 81, 81, 81, 81]
2024-01-23 12:34:29,495[DEBUG] expander bond dimension: [1, 20, 99, 99, 99, 99, 99, 99, 99, 99, 99, 99, 99, 99, 99, 10, 2]
2024-01-23 12:34:29,780[INFO] [1, 21, 100, 100, 100, 100, 100, 100, 100, 100, 100, 100, 100, 100, 100, 10, 2]
2024-01-23 12:34:29,780[INFO] [1, 3, 3, 3, 3, 3, 3, 3, 3, 3, 3, 3, 3, 3, 3, 3, 3]
2024-01-23 12:34:29,780[INFO] 17
2024-01-23 12:34:55,323[DEBUG] TDVP-PS Krylov space: DescribeResult(nobs=66, minmax=(4, 31), mean=24.272727272727273, variance=45.924475524475525, skewness=-1.7514805371086686, kurtosis=2.5570889358842903)
2024-01-23 12:34:55,747[INFO] 0.995040018576367, -0.0006604691200431252
2024-01-23 12:35:27,653[DEBUG] TDVP-PS Krylov space: DescribeResult(nobs=66, minmax=(4, 31), mean=21.78787878787879, variance=60.23123543123543, skewness=-0.5394481407486853, kurtosis=-0.5831841881119995)
2024-01-23 12:35:28,157[INFO] 0.9805039721094224, -0.005542271807103767
2024-01-23 12:35:53,977[DEBUG] TDVP-PS Krylov space: DescribeResult(nobs=66, minmax=(4, 31), mean=21.393939393939394, variance=58.796270396270394, skewness=-0.44854905422595076, kurtosis=-0.6173250824963739)
2024-01-23 12:35:54,273[INFO] 0.9571012245322146, -0.01477222715646953
2024-01-23 12:36:20,114[DEBUG] TDVP-PS Krylov space: DescribeResult(nobs=66, minmax=(4, 31), mean=21.181818181818183, variance=56.3972027972028, skewness=-0.4364506510855585, kurtosis=-0.5277532366759905)
2024-01-23 12:36:20,396[INFO] 0.9256158355932294, -0.027829036756775935
2024-01-23 12:36:37,226[DEBUG] TDVP-PS Krylov space: DescribeResult(nobs=66, minmax=(4, 31), mean=21.03030303030303, variance=55.629836829836826, skewness=-0.4186406551726454, kurtosis=-0.5312740955995219)
2024-01-23 12:36:37,456[INFO] 0.8868318648333203, -0.042901070436204024
2024-01-23 12:36:54,485[DEBUG] TDVP-PS Krylov space: DescribeResult(nobs=66, minmax=(4, 31), mean=21.12121212121212, variance=54.56969696969697, skewness=-0.452174542941835, kurtosis=-0.42668936650013745)
2024-01-23 12:36:54,709[INFO] 0.8415462438810735, -0.06102231111734216
2024-01-23 12:37:16,941[DEBUG] TDVP-PS Krylov space: DescribeResult(nobs=66, minmax=(4, 31), mean=20.90909090909091, variance=55.006993006993, skewness=-0.38108792805827174, kurtosis=-0.4965814463196754)
2024-01-23 12:37:17,322[INFO] 0.790529980736215, -0.07868966587298
2024-01-23 12:37:45,845[DEBUG] TDVP-PS Krylov space: DescribeResult(nobs=66, minmax=(4, 31), mean=20.78787878787879, variance=54.354312354312356, skewness=-0.3677883628237455, kurtosis=-0.49183124882602325)
2024-01-23 12:37:46,231[INFO] 0.7345690523587597, -0.1005190687482093
2024-01-23 12:38:11,448[DEBUG] TDVP-PS Krylov space: DescribeResult(nobs=66, minmax=(4, 31), mean=20.818181818181817, variance=55.535664335664336, skewness=-0.3303270885188653, kurtosis=-0.527938310500744)
2024-01-23 12:38:11,904[INFO] 0.674440587198067, -0.11949474809204948
2024-01-23 12:38:40,240[DEBUG] TDVP-PS Krylov space: DescribeResult(nobs=66, minmax=(4, 31), mean=20.636363636363637, variance=56.050349650349645, skewness=-0.30302090257746866, kurtosis=-0.625860017578538)
2024-01-23 12:38:40,703[INFO] 0.6108508303791947, -0.1421710692987398
2024-01-23 12:38:40,703[INFO] [(0.995040018576367, -0.0006604691200431252), (0.9805039721094224, -0.005542271807103767), (0.9571012245322146, -0.01477222715646953), (0.9256158355932294, -0.027829036756775935), (0.8868318648333203, -0.042901070436204024), (0.8415462438810735, -0.06102231111734216), (0.790529980736215, -0.07868966587298), (0.7345690523587597, -0.1005190687482093), (0.674440587198067, -0.11949474809204948), (0.6108508303791947, -0.1421710692987398)]
2024-01-23 12:38:40,703[INFO] [25.68758225440979, 32.06642270088196, 25.91714906692505, 25.930264949798584, 16.90616488456726, 17.10419750213623, 22.359275817871094, 28.653628826141357, 25.361823320388794, 28.48448872566223]
2024-01-23 12:38:40,704[INFO] (24.847099804878233, 4.6079142710779815)
