2024-01-23 12:31:18,051[INFO] w:[ 1.21249244  2.50326286  3.88312029  5.36527973  6.96613389  8.70636143
 10.61256502 12.71977533 15.07543605 17.7460639  20.8290775  24.47550863
 28.93837966 34.69202111 42.80132327 56.66426688]
2024-01-23 12:31:18,052[INFO] c:[ 0.59264185  1.0207347   1.4187918   1.80812027  2.19926165  2.59962412
  3.01577066  3.45455903  3.92405829  4.43465224  5.00075485  5.64393278
  6.39939173  7.33170935  8.58273958 10.59290296]
2024-01-23 12:31:18,053[INFO] integrate: 0.0006749250730816019, 2.007589761904222e-12
2024-01-23 12:31:18,053[INFO] renormalization constant: 0.9995704216488225
2024-01-23 12:31:18,501[INFO]           ┌[('v_1',)]─[('v_2',)]─[('v_3',)]─[('v_4',)]─[('v_5',)]─[('v_6',)]─[('v_7',)]─[('v_8',)]─[('v_9',)]─[('v_10',)]─[('v_11',)]─[('v_12',)]─[('v_13',)]─[('v_14',)]─[('v_15',)]
2024-01-23 12:31:18,501[INFO] [('v_0',)]┤
2024-01-23 12:31:18,501[INFO]           └[('spin',)]
2024-01-23 12:31:18,504[DEBUG] # of operator terms: 50
2024-01-23 12:31:18,616[DEBUG] # of operator terms: 1
2024-01-23 12:31:18,677[DEBUG] # of operator terms: 1
2024-01-23 12:31:18,740[DEBUG] target for expander: 29
2024-01-23 12:31:18,740[DEBUG] average bond dimension of hint mpo: 3
2024-01-23 12:31:18,740[DEBUG] cumulated bond dimension: 1. lastone bond dimension: [1, 1, 1, 1, 1, 1, 1, 1, 1, 1, 1, 1, 1, 1, 1, 1, 1]
2024-01-23 12:31:18,749[DEBUG] # of operator terms: 1
2024-01-23 12:31:18,857[DEBUG] cumulated bond dimension: 4. lastone bond dimension: [1, 3, 3, 3, 3, 3, 3, 3, 3, 3, 3, 3, 3, 3, 3, 3, 3]
2024-01-23 12:31:18,931[DEBUG] cumulated bond dimension: 11. lastone bond dimension: [1, 9, 9, 9, 9, 9, 9, 9, 9, 9, 9, 9, 9, 9, 9, 9, 9]
2024-01-23 12:31:19,061[DEBUG] cumulated bond dimension: 24. lastone bond dimension: [1, 27, 27, 27, 27, 27, 27, 27, 27, 27, 27, 27, 27, 27, 27, 27, 27]
2024-01-23 12:31:19,277[DEBUG] expander bond dimension: [1, 20, 29, 29, 29, 29, 29, 29, 29, 29, 29, 29, 29, 29, 29, 10, 2]
2024-01-23 12:31:19,365[INFO] [1, 21, 30, 30, 30, 30, 30, 30, 30, 30, 30, 30, 30, 30, 30, 10, 2]
2024-01-23 12:31:19,365[INFO] [1, 3, 3, 3, 3, 3, 3, 3, 3, 3, 3, 3, 3, 3, 3, 3, 3]
2024-01-23 12:31:19,365[INFO] 17
2024-01-23 12:31:21,446[DEBUG] TDVP-PS Krylov space: DescribeResult(nobs=66, minmax=(4, 27), mean=20.03030303030303, variance=27.16829836829837, skewness=-1.811842700294941, kurtosis=3.2067820552583246)
2024-01-23 12:31:21,497[INFO] 0.9950400185277162, -0.0006604672359816652
2024-01-23 12:31:23,410[DEBUG] TDVP-PS Krylov space: DescribeResult(nobs=66, minmax=(4, 27), mean=18.393939393939394, variance=39.68857808857809, skewness=-0.36772214086408034, kurtosis=-0.4644281936522634)
2024-01-23 12:31:23,461[INFO] 0.9805039723251096, -0.00554226772158459
2024-01-23 12:31:25,335[DEBUG] TDVP-PS Krylov space: DescribeResult(nobs=66, minmax=(4, 27), mean=17.90909090909091, variance=40.69930069930071, skewness=-0.20088025180294286, kurtosis=-0.6617613774046136)
2024-01-23 12:31:25,386[INFO] 0.9571012253449336, -0.014772225486278974
2024-01-23 12:31:27,234[DEBUG] TDVP-PS Krylov space: DescribeResult(nobs=66, minmax=(4, 27), mean=17.606060606060606, variance=40.427039627039626, skewness=-0.11654631955456159, kurtosis=-0.7035177351664075)
2024-01-23 12:31:27,286[INFO] 0.9256158377009597, -0.02782900335437024
2024-01-23 12:31:29,193[DEBUG] TDVP-PS Krylov space: DescribeResult(nobs=66, minmax=(4, 27), mean=17.545454545454547, variance=37.913286713286716, skewness=-0.11151789526423696, kurtosis=-0.49646056960491114)
2024-01-23 12:31:29,244[INFO] 0.8868318647926091, -0.0429010414815776
2024-01-23 12:31:31,083[DEBUG] TDVP-PS Krylov space: DescribeResult(nobs=66, minmax=(4, 29), mean=17.424242424242426, variance=37.90955710955711, skewness=-0.047368147335158574, kurtosis=-0.4539645099416205)
2024-01-23 12:31:31,136[INFO] 0.8415462462266594, -0.06102227314638134
2024-01-23 12:31:32,965[DEBUG] TDVP-PS Krylov space: DescribeResult(nobs=66, minmax=(4, 27), mean=17.303030303030305, variance=38.122144522144524, skewness=-0.06023151682545289, kurtosis=-0.5598930002360354)
2024-01-23 12:31:33,017[INFO] 0.7905299829609067, -0.07868960274900737
2024-01-23 12:31:34,851[DEBUG] TDVP-PS Krylov space: DescribeResult(nobs=66, minmax=(4, 27), mean=17.333333333333332, variance=39.14871794871794, skewness=-0.042473695148727696, kurtosis=-0.6322179178693212)
2024-01-23 12:31:34,903[INFO] 0.7345690511326105, -0.10051901264489346
2024-01-23 12:31:36,721[DEBUG] TDVP-PS Krylov space: DescribeResult(nobs=66, minmax=(4, 27), mean=17.151515151515152, variance=38.74592074592074, skewness=-0.051743566222503375, kurtosis=-0.6601554648469676)
2024-01-23 12:31:36,772[INFO] 0.6744405813685196, -0.11949468109632555
2024-01-23 12:31:38,596[DEBUG] TDVP-PS Krylov space: DescribeResult(nobs=66, minmax=(4, 27), mean=17.151515151515152, variance=37.51515151515151, skewness=-0.055095756220864746, kurtosis=-0.5607381944855496)
2024-01-23 12:31:38,648[INFO] 0.610850821029126, -0.14217105851254438
2024-01-23 12:31:38,648[INFO] [(0.9950400185277162, -0.0006604672359816652), (0.9805039723251096, -0.00554226772158459), (0.9571012253449336, -0.014772225486278974), (0.9256158377009597, -0.02782900335437024), (0.8868318647926091, -0.0429010414815776), (0.8415462462266594, -0.06102227314638134), (0.7905299829609067, -0.07868960274900737), (0.7345690511326105, -0.10051901264489346), (0.6744405813685196, -0.11949468109632555), (0.610850821029126, -0.14217105851254438)]
2024-01-23 12:31:38,649[INFO] [2.097813367843628, 1.9302031993865967, 1.8912506103515625, 1.8646876811981201, 1.9247233867645264, 1.8561384677886963, 1.846562385559082, 1.8511714935302734, 1.8351609706878662, 1.841017484664917]
2024-01-23 12:31:38,649[INFO] (1.893872904777527, 0.07513213616701125)
