2024-01-23 12:48:07,179[INFO] w:[ 1.21249244  2.50326286  3.88312029  5.36527973  6.96613389  8.70636143
 10.61256502 12.71977533 15.07543605 17.7460639  20.8290775  24.47550863
 28.93837966 34.69202111 42.80132327 56.66426688]
2024-01-23 12:48:07,181[INFO] c:[ 0.59264185  1.0207347   1.4187918   1.80812027  2.19926165  2.59962412
  3.01577066  3.45455903  3.92405829  4.43465224  5.00075485  5.64393278
  6.39939173  7.33170935  8.58273958 10.59290296]
2024-01-23 12:48:07,182[INFO] integrate: 0.0006749250730816019, 2.007589761904222e-12
2024-01-23 12:48:07,182[INFO] renormalization constant: 0.9995704216488225
2024-01-23 12:48:07,612[INFO]                                                                              ┌[('v_0',), ('v_1',)]
2024-01-23 12:48:07,612[INFO]                                                    ┌[(('MCTDH virtual', 2),)]┤
2024-01-23 12:48:07,613[INFO]                                                    │                         └[('v_2',), ('v_3',)]
2024-01-23 12:48:07,613[INFO]                          ┌[(('MCTDH virtual', 1),)]┤
2024-01-23 12:48:07,613[INFO]                          │                         │                         ┌[('v_4',), ('v_5',)]
2024-01-23 12:48:07,613[INFO]                          │                         └[(('MCTDH virtual', 3),)]┤
2024-01-23 12:48:07,613[INFO]                          │                                                   └[('v_6',), ('v_7',)]
2024-01-23 12:48:07,613[INFO]                          │                                                   ┌[('v_8',), ('v_9',)]
2024-01-23 12:48:07,613[INFO]                          │                         ┌[(('MCTDH virtual', 5),)]┤
2024-01-23 12:48:07,613[INFO]                          │                         │                         └[('v_10',), ('v_11',)]
2024-01-23 12:48:07,613[INFO] [(('MCTDH virtual', 0),)]┼[(('MCTDH virtual', 4),)]┤
2024-01-23 12:48:07,613[INFO]                          │                         │                         ┌[('v_12',), ('v_13',)]
2024-01-23 12:48:07,614[INFO]                          │                         └[(('MCTDH virtual', 6),)]┤
2024-01-23 12:48:07,614[INFO]                          │                                                   └[('v_14',), ('v_15',)]
2024-01-23 12:48:07,614[INFO]                          └[('spin',)]
2024-01-23 12:48:07,616[DEBUG] # of operator terms: 50
2024-01-23 12:48:07,745[DEBUG] # of operator terms: 1
2024-01-23 12:48:07,805[DEBUG] # of operator terms: 1
2024-01-23 12:48:07,863[DEBUG] target for expander: 69
2024-01-23 12:48:07,864[DEBUG] average bond dimension of hint mpo: 3
2024-01-23 12:48:07,864[DEBUG] cumulated bond dimension: 1. lastone bond dimension: [1, 1, 1, 1, 1, 1, 1, 1, 1, 1, 1, 1, 1, 1, 1, 1]
2024-01-23 12:48:07,873[DEBUG] # of operator terms: 1
2024-01-23 12:48:07,973[DEBUG] cumulated bond dimension: 4. lastone bond dimension: [1, 3, 3, 3, 3, 3, 3, 3, 3, 3, 3, 3, 3, 3, 3, 3]
2024-01-23 12:48:08,040[DEBUG] cumulated bond dimension: 12. lastone bond dimension: [1, 9, 9, 9, 9, 9, 9, 9, 9, 9, 9, 9, 9, 9, 9, 9]
2024-01-23 12:48:08,298[DEBUG] cumulated bond dimension: 35. lastone bond dimension: [1, 27, 27, 27, 27, 27, 27, 27, 27, 27, 27, 27, 27, 27, 27, 27]
2024-01-23 12:48:11,520[DEBUG] cumulated bond dimension: 61. lastone bond dimension: [1, 81, 81, 81, 81, 81, 81, 81, 81, 81, 81, 81, 81, 81, 81, 81]
2024-01-23 12:48:16,795[DEBUG] expander bond dimension: [1, 69, 69, 69, 69, 69, 69, 69, 69, 69, 69, 69, 69, 69, 69, 2]
2024-01-23 12:48:17,574[INFO] [1, 70, 70, 70, 70, 70, 70, 70, 70, 70, 70, 70, 70, 70, 70, 2]
2024-01-23 12:48:17,574[INFO] [1, 3, 3, 3, 3, 3, 3, 3, 3, 3, 3, 3, 3, 3, 3, 3]
2024-01-23 12:48:17,574[INFO] 16
2024-01-23 12:49:25,534[DEBUG] TDVP-PS Krylov space: DescribeResult(nobs=62, minmax=(4, 39), mean=24.741935483870968, variance=82.35854045478585, skewness=-0.7090485218569362, kurtosis=-0.43715435707641204)
2024-01-23 12:49:26,167[INFO] 0.9950400180875616, -0.0006604689600965836
2024-01-23 12:50:58,318[DEBUG] TDVP-PS Krylov space: DescribeResult(nobs=62, minmax=(4, 37), mean=29.161290322580644, variance=59.645690111052346, skewness=-2.174399292734497, kurtosis=4.711385742597891)
2024-01-23 12:50:59,094[INFO] 0.9805039720238738, -0.005542272872998379
2024-01-23 12:52:23,839[DEBUG] TDVP-PS Krylov space: DescribeResult(nobs=62, minmax=(4, 37), mean=27.70967741935484, variance=57.25859333685882, skewness=-1.8693593088190663, kurtosis=3.6859047828346814)
2024-01-23 12:52:24,474[INFO] 0.9571012266808615, -0.014772231210938408
2024-01-23 12:53:45,956[DEBUG] TDVP-PS Krylov space: DescribeResult(nobs=62, minmax=(4, 37), mean=26.451612903225808, variance=54.9074563722898, skewness=-1.6360461284387662, kurtosis=2.9587618838753107)
2024-01-23 12:53:46,591[INFO] 0.9256158434059725, -0.02782902295516932
2024-01-23 12:55:08,801[DEBUG] TDVP-PS Krylov space: DescribeResult(nobs=62, minmax=(4, 37), mean=25.225806451612904, variance=54.76784769962982, skewness=-1.2854405847288726, kurtosis=1.9739466914783783)
2024-01-23 12:55:09,435[INFO] 0.8868318772498921, -0.04290103761815125
2024-01-23 12:56:24,173[DEBUG] TDVP-PS Krylov space: DescribeResult(nobs=62, minmax=(4, 37), mean=24.548387096774192, variance=52.71073506081437, skewness=-1.1778808272227017, kurtosis=1.8072744970964258)
2024-01-23 12:56:24,865[INFO] 0.8415462630364063, -0.06102225484367026
2024-01-23 12:57:47,284[DEBUG] TDVP-PS Krylov space: DescribeResult(nobs=62, minmax=(4, 37), mean=24.225806451612904, variance=51.259650978318355, skewness=-1.171276755963629, kurtosis=1.7723441607875134)
2024-01-23 12:57:47,918[INFO] 0.7905300061914307, -0.0786895897235561
2024-01-23 12:59:03,687[DEBUG] TDVP-PS Krylov space: DescribeResult(nobs=62, minmax=(4, 35), mean=23.774193548387096, variance=51.65309360126917, skewness=-1.0734184457490623, kurtosis=1.3539105782218366)
2024-01-23 12:59:04,386[INFO] 0.734569084462278, -0.10051898282934117
2024-01-23 13:00:21,244[DEBUG] TDVP-PS Krylov space: DescribeResult(nobs=62, minmax=(4, 35), mean=23.387096774193548, variance=52.109994711792716, skewness=-0.9684791373804554, kurtosis=1.0400579658467226)
2024-01-23 13:00:21,877[INFO] 0.6744406188733616, -0.11949464944378548
2024-01-23 13:01:33,885[DEBUG] TDVP-PS Krylov space: DescribeResult(nobs=62, minmax=(4, 35), mean=23.032258064516128, variance=52.19566367001587, skewness=-0.825720816053427, kurtosis=0.8783807815434428)
2024-01-23 13:01:34,516[INFO] 0.6108508656469361, -0.14217094820224185
2024-01-23 13:01:34,516[INFO] [(0.9950400180875616, -0.0006604689600965836), (0.9805039720238738, -0.005542272872998379), (0.9571012266808615, -0.014772231210938408), (0.9256158434059725, -0.02782902295516932), (0.8868318772498921, -0.04290103761815125), (0.8415462630364063, -0.06102225484367026), (0.7905300061914307, -0.0786895897235561), (0.734569084462278, -0.10051898282934117), (0.6744406188733616, -0.11949464944378548), (0.6108508656469361, -0.14217094820224185)]
2024-01-23 13:01:34,516[INFO] [68.19149160385132, 92.41065788269043, 84.97554016113281, 81.71281170845032, 82.4410605430603, 74.98572540283203, 82.64985990524292, 76.02273535728455, 77.08679127693176, 72.23841047286987]
2024-01-23 13:01:34,517[INFO] (79.27150843143463, 6.622078214051515)
