2024-01-23 12:31:02,592[INFO] w:[ 1.21249244  2.50326286  3.88312029  5.36527973  6.96613389  8.70636143
 10.61256502 12.71977533 15.07543605 17.7460639  20.8290775  24.47550863
 28.93837966 34.69202111 42.80132327 56.66426688]
2024-01-23 12:31:02,592[INFO] c:[ 0.59264185  1.0207347   1.4187918   1.80812027  2.19926165  2.59962412
  3.01577066  3.45455903  3.92405829  4.43465224  5.00075485  5.64393278
  6.39939173  7.33170935  8.58273958 10.59290296]
2024-01-23 12:31:02,593[INFO] integrate: 0.0006749250730816019, 2.007589761904222e-12
2024-01-23 12:31:02,593[INFO] renormalization constant: 0.9995704216488225
2024-01-23 12:31:03,047[INFO]           ┌[('v_1',)]─[('v_2',)]─[('v_3',)]─[('v_4',)]─[('v_5',)]─[('v_6',)]─[('v_7',)]─[('v_8',)]─[('v_9',)]─[('v_10',)]─[('v_11',)]─[('v_12',)]─[('v_13',)]─[('v_14',)]─[('v_15',)]
2024-01-23 12:31:03,047[INFO] [('v_0',)]┤
2024-01-23 12:31:03,047[INFO]           └[('spin',)]
2024-01-23 12:31:03,049[DEBUG] # of operator terms: 50
2024-01-23 12:31:03,164[DEBUG] # of operator terms: 1
2024-01-23 12:31:03,221[DEBUG] # of operator terms: 1
2024-01-23 12:31:03,285[DEBUG] target for expander: 19
2024-01-23 12:31:03,285[DEBUG] average bond dimension of hint mpo: 3
2024-01-23 12:31:03,285[DEBUG] cumulated bond dimension: 1. lastone bond dimension: [1, 1, 1, 1, 1, 1, 1, 1, 1, 1, 1, 1, 1, 1, 1, 1, 1]
2024-01-23 12:31:03,293[DEBUG] # of operator terms: 1
2024-01-23 12:31:03,406[DEBUG] cumulated bond dimension: 4. lastone bond dimension: [1, 3, 3, 3, 3, 3, 3, 3, 3, 3, 3, 3, 3, 3, 3, 3, 3]
2024-01-23 12:31:03,479[DEBUG] cumulated bond dimension: 11. lastone bond dimension: [1, 9, 9, 9, 9, 9, 9, 9, 9, 9, 9, 9, 9, 9, 9, 9, 9]
2024-01-23 12:31:03,624[DEBUG] cumulated bond dimension: 16. lastone bond dimension: [1, 21, 21, 21, 21, 21, 21, 21, 21, 21, 21, 21, 21, 21, 21, 21, 6]
2024-01-23 12:31:03,791[DEBUG] expander bond dimension: [1, 19, 19, 19, 19, 19, 19, 19, 19, 19, 19, 19, 19, 19, 19, 10, 2]
2024-01-23 12:31:03,862[INFO] [1, 20, 20, 20, 20, 20, 20, 20, 20, 20, 20, 20, 20, 20, 20, 10, 2]
2024-01-23 12:31:03,862[INFO] [1, 3, 3, 3, 3, 3, 3, 3, 3, 3, 3, 3, 3, 3, 3, 3, 3]
2024-01-23 12:31:03,863[INFO] 17
2024-01-23 12:31:05,376[DEBUG] TDVP-PS Krylov space: DescribeResult(nobs=66, minmax=(4, 31), mean=23.484848484848484, variance=43.39207459207459, skewness=-1.6927028239750206, kurtosis=2.378595440407807)
2024-01-23 12:31:05,416[INFO] 0.9950400184972646, -0.0006604680122645819
2024-01-23 12:31:06,788[DEBUG] TDVP-PS Krylov space: DescribeResult(nobs=66, minmax=(4, 31), mean=20.515151515151516, variance=53.36130536130536, skewness=-0.4298172466718479, kurtosis=-0.5353532507169096)
2024-01-23 12:31:06,826[INFO] 0.9805039725626574, -0.0055422713095843006
2024-01-23 12:31:08,151[DEBUG] TDVP-PS Krylov space: DescribeResult(nobs=66, minmax=(4, 31), mean=19.575757575757574, variance=52.83263403263403, skewness=-0.2575650717249091, kurtosis=-0.7533368094295336)
2024-01-23 12:31:08,190[INFO] 0.9571012274584223, -0.014772220278568041
2024-01-23 12:31:09,467[DEBUG] TDVP-PS Krylov space: DescribeResult(nobs=66, minmax=(4, 29), mean=18.696969696969695, variance=50.18368298368298, skewness=-0.18021823929407618, kurtosis=-0.9127812718132788)
2024-01-23 12:31:09,506[INFO] 0.9256158391320174, -0.027829009517182802
2024-01-23 12:31:10,822[DEBUG] TDVP-PS Krylov space: DescribeResult(nobs=66, minmax=(4, 29), mean=18.424242424242426, variance=45.2018648018648, skewness=-0.17244239226881752, kurtosis=-0.7047703323895673)
2024-01-23 12:31:10,860[INFO] 0.8868318642869739, -0.042901024924102076
2024-01-23 12:31:12,090[DEBUG] TDVP-PS Krylov space: DescribeResult(nobs=66, minmax=(4, 29), mean=18.151515151515152, variance=46.34592074592074, skewness=-0.10217675820782551, kurtosis=-0.8245148442624952)
2024-01-23 12:31:12,127[INFO] 0.8415462409916119, -0.061022306833213934
2024-01-23 12:31:13,357[DEBUG] TDVP-PS Krylov space: DescribeResult(nobs=66, minmax=(4, 29), mean=18.03030303030303, variance=46.24522144522144, skewness=-0.0879059984014356, kurtosis=-0.8371607713922664)
2024-01-23 12:31:13,396[INFO] 0.7905299737920418, -0.07868965100269507
2024-01-23 12:31:14,616[DEBUG] TDVP-PS Krylov space: DescribeResult(nobs=66, minmax=(4, 29), mean=17.757575757575758, variance=47.78648018648018, skewness=-0.06363910401482858, kurtosis=-0.9746600997939745)
2024-01-23 12:31:14,654[INFO] 0.734569038592111, -0.10051909035591373
2024-01-23 12:31:15,521[DEBUG] TDVP-PS Krylov space: DescribeResult(nobs=66, minmax=(4, 29), mean=17.818181818181817, variance=43.38181818181818, skewness=-0.17760508439812311, kurtosis=-0.9022942385914661)
2024-01-23 12:31:15,542[INFO] 0.6744405705807045, -0.11949482012546035
2024-01-23 12:31:16,593[DEBUG] TDVP-PS Krylov space: DescribeResult(nobs=66, minmax=(4, 29), mean=17.848484848484848, variance=41.91515151515152, skewness=-0.17386007977578574, kurtosis=-0.7652967343765091)
2024-01-23 12:31:16,633[INFO] 0.6108508179854703, -0.14217107886308009
2024-01-23 12:31:16,633[INFO] [(0.9950400184972646, -0.0006604680122645819), (0.9805039725626574, -0.0055422713095843006), (0.9571012274584223, -0.014772220278568041), (0.9256158391320174, -0.027829009517182802), (0.8868318642869739, -0.042901024924102076), (0.8415462409916119, -0.061022306833213934), (0.7905299737920418, -0.07868965100269507), (0.734569038592111, -0.10051909035591373), (0.6744405705807045, -0.11949482012546035), (0.6108508179854703, -0.14217107886308009)]
2024-01-23 12:31:16,633[INFO] [1.5262722969055176, 1.3852291107177734, 1.3375921249389648, 1.2902405261993408, 1.3287544250488281, 1.2424943447113037, 1.2423877716064453, 1.2325048446655273, 0.8740215301513672, 1.0636084079742432]
2024-01-23 12:31:16,633[INFO] (1.252310538291931, 0.16928551179179546)
