2024-01-23 12:32:31,576[INFO] w:[ 1.21249244  2.50326286  3.88312029  5.36527973  6.96613389  8.70636143
 10.61256502 12.71977533 15.07543605 17.7460639  20.8290775  24.47550863
 28.93837966 34.69202111 42.80132327 56.66426688]
2024-01-23 12:32:31,577[INFO] c:[ 0.59264185  1.0207347   1.4187918   1.80812027  2.19926165  2.59962412
  3.01577066  3.45455903  3.92405829  4.43465224  5.00075485  5.64393278
  6.39939173  7.33170935  8.58273958 10.59290296]
2024-01-23 12:32:31,578[INFO] integrate: 0.0006749250730816019, 2.007589761904222e-12
2024-01-23 12:32:31,578[INFO] renormalization constant: 0.9995704216488225
2024-01-23 12:32:32,164[INFO]           ┌[('v_1',)]─[('v_2',)]─[('v_3',)]─[('v_4',)]─[('v_5',)]─[('v_6',)]─[('v_7',)]─[('v_8',)]─[('v_9',)]─[('v_10',)]─[('v_11',)]─[('v_12',)]─[('v_13',)]─[('v_14',)]─[('v_15',)]
2024-01-23 12:32:32,165[INFO] [('v_0',)]┤
2024-01-23 12:32:32,165[INFO]           └[('spin',)]
2024-01-23 12:32:32,167[DEBUG] # of operator terms: 50
2024-01-23 12:32:32,288[DEBUG] # of operator terms: 1
2024-01-23 12:32:32,361[DEBUG] # of operator terms: 1
2024-01-23 12:32:32,415[DEBUG] target for expander: 69
2024-01-23 12:32:32,415[DEBUG] average bond dimension of hint mpo: 3
2024-01-23 12:32:32,416[DEBUG] cumulated bond dimension: 1. lastone bond dimension: [1, 1, 1, 1, 1, 1, 1, 1, 1, 1, 1, 1, 1, 1, 1, 1, 1]
2024-01-23 12:32:32,424[DEBUG] # of operator terms: 1
2024-01-23 12:32:32,519[DEBUG] cumulated bond dimension: 4. lastone bond dimension: [1, 3, 3, 3, 3, 3, 3, 3, 3, 3, 3, 3, 3, 3, 3, 3, 3]
2024-01-23 12:32:32,592[DEBUG] cumulated bond dimension: 11. lastone bond dimension: [1, 9, 9, 9, 9, 9, 9, 9, 9, 9, 9, 9, 9, 9, 9, 9, 9]
2024-01-23 12:32:32,737[DEBUG] cumulated bond dimension: 33. lastone bond dimension: [1, 27, 27, 27, 27, 27, 27, 27, 27, 27, 27, 27, 27, 27, 27, 27, 27]
2024-01-23 12:32:33,204[DEBUG] cumulated bond dimension: 55. lastone bond dimension: [1, 81, 81, 81, 81, 81, 81, 81, 81, 81, 81, 81, 81, 81, 81, 81, 81]
2024-01-23 12:32:33,897[DEBUG] expander bond dimension: [1, 20, 69, 69, 69, 69, 69, 69, 69, 69, 69, 69, 69, 69, 69, 10, 2]
2024-01-23 12:32:34,045[INFO] [1, 21, 70, 70, 70, 70, 70, 70, 70, 70, 70, 70, 70, 70, 70, 10, 2]
2024-01-23 12:32:34,045[INFO] [1, 3, 3, 3, 3, 3, 3, 3, 3, 3, 3, 3, 3, 3, 3, 3, 3]
2024-01-23 12:32:34,045[INFO] 17
2024-01-23 12:32:47,542[DEBUG] TDVP-PS Krylov space: DescribeResult(nobs=66, minmax=(4, 37), mean=28.78787878787879, variance=68.5081585081585, skewness=-1.8527787665151547, kurtosis=2.738030941263327)
2024-01-23 12:32:47,709[INFO] 0.9950400183870969, -0.000660466116789795
2024-01-23 12:33:01,442[DEBUG] TDVP-PS Krylov space: DescribeResult(nobs=66, minmax=(4, 37), mean=23.272727272727273, variance=82.87832167832168, skewness=-0.3299985075738972, kurtosis=-0.8870344198685429)
2024-01-23 12:33:01,634[INFO] 0.9805039718780538, -0.005542270406593969
2024-01-23 12:33:09,964[DEBUG] TDVP-PS Krylov space: DescribeResult(nobs=66, minmax=(4, 35), mean=22.424242424242426, variance=77.69417249417248, skewness=-0.261241776639602, kurtosis=-0.9142332824663226)
2024-01-23 12:33:10,070[INFO] 0.9571012246600693, -0.014772232106242927
2024-01-23 12:33:17,662[DEBUG] TDVP-PS Krylov space: DescribeResult(nobs=66, minmax=(4, 35), mean=21.96969696969697, variance=77.50675990675992, skewness=-0.20065583841852563, kurtosis=-1.0312266612568857)
2024-01-23 12:33:17,769[INFO] 0.9256158385301847, -0.027829037020947522
2024-01-23 12:33:26,139[DEBUG] TDVP-PS Krylov space: DescribeResult(nobs=66, minmax=(4, 35), mean=21.78787878787879, variance=74.63123543123542, skewness=-0.1869326310504569, kurtosis=-0.9751568630786567)
2024-01-23 12:33:26,314[INFO] 0.886831870516994, -0.04290105430072516
2024-01-23 12:33:38,648[DEBUG] TDVP-PS Krylov space: DescribeResult(nobs=66, minmax=(4, 35), mean=21.515151515151516, variance=74.43822843822844, skewness=-0.1493363864042716, kurtosis=-1.0235765948800053)
2024-01-23 12:33:38,819[INFO] 0.8415462535262049, -0.06102229927850748
2024-01-23 12:33:50,864[DEBUG] TDVP-PS Krylov space: DescribeResult(nobs=66, minmax=(4, 35), mean=21.303030303030305, variance=76.02983682983682, skewness=-0.09733768247205803, kurtosis=-1.1112893183803698)
2024-01-23 12:33:51,034[INFO] 0.7905299919253382, -0.07868963440750876
2024-01-23 12:34:03,133[DEBUG] TDVP-PS Krylov space: DescribeResult(nobs=66, minmax=(4, 35), mean=21.060606060606062, variance=73.90396270396268, skewness=-0.07684783502129974, kurtosis=-1.0805111475610227)
2024-01-23 12:34:03,302[INFO] 0.7345690628352062, -0.1005190253512656
2024-01-23 12:34:16,181[DEBUG] TDVP-PS Krylov space: DescribeResult(nobs=66, minmax=(4, 35), mean=21.060606060606062, variance=74.64242424242421, skewness=-0.055150010531730444, kurtosis=-1.0871264630154331)
2024-01-23 12:34:16,374[INFO] 0.6744405973345724, -0.1194946979645113
2024-01-23 12:34:26,428[DEBUG] TDVP-PS Krylov space: DescribeResult(nobs=66, minmax=(4, 35), mean=20.818181818181817, variance=75.47412587412587, skewness=-0.020420621767882747, kurtosis=-1.1398534461414722)
2024-01-23 12:34:26,535[INFO] 0.610850842654222, -0.14217101203090887
2024-01-23 12:34:26,535[INFO] [(0.9950400183870969, -0.000660466116789795), (0.9805039718780538, -0.005542270406593969), (0.9571012246600693, -0.014772232106242927), (0.9256158385301847, -0.027829037020947522), (0.886831870516994, -0.04290105430072516), (0.8415462535262049, -0.06102229927850748), (0.7905299919253382, -0.07868963440750876), (0.7345690628352062, -0.1005190253512656), (0.6744405973345724, -0.1194946979645113), (0.610850842654222, -0.14217101203090887)]
2024-01-23 12:34:26,536[INFO] [13.551821947097778, 13.80559515953064, 8.369214057922363, 7.632389068603516, 8.430179595947266, 12.390320301055908, 12.102025508880615, 12.153385639190674, 12.952393531799316, 10.093862295150757]
2024-01-23 12:34:26,536[INFO] (11.148118710517883, 2.194088834341065)
