2024-01-23 12:38:42,145[INFO] w:[ 1.21249244  2.50326286  3.88312029  5.36527973  6.96613389  8.70636143
 10.61256502 12.71977533 15.07543605 17.7460639  20.8290775  24.47550863
 28.93837966 34.69202111 42.80132327 56.66426688]
2024-01-23 12:38:42,146[INFO] c:[ 0.59264185  1.0207347   1.4187918   1.80812027  2.19926165  2.59962412
  3.01577066  3.45455903  3.92405829  4.43465224  5.00075485  5.64393278
  6.39939173  7.33170935  8.58273958 10.59290296]
2024-01-23 12:38:42,147[INFO] integrate: 0.0006749250730816019, 2.007589761904222e-12
2024-01-23 12:38:42,147[INFO] renormalization constant: 0.9995704216488225
2024-01-23 12:38:42,602[INFO]           ┌[('v_1',)]─[('v_2',)]─[('v_3',)]─[('v_4',)]─[('v_5',)]─[('v_6',)]─[('v_7',)]─[('v_8',)]─[('v_9',)]─[('v_10',)]─[('v_11',)]─[('v_12',)]─[('v_13',)]─[('v_14',)]─[('v_15',)]
2024-01-23 12:38:42,603[INFO] [('v_0',)]┤
2024-01-23 12:38:42,603[INFO]           └[('spin',)]
2024-01-23 12:38:42,605[DEBUG] # of operator terms: 50
2024-01-23 12:38:42,723[DEBUG] # of operator terms: 1
2024-01-23 12:38:42,783[DEBUG] # of operator terms: 1
2024-01-23 12:38:42,849[DEBUG] target for expander: 199
2024-01-23 12:38:42,850[DEBUG] average bond dimension of hint mpo: 3
2024-01-23 12:38:42,850[DEBUG] cumulated bond dimension: 1. lastone bond dimension: [1, 1, 1, 1, 1, 1, 1, 1, 1, 1, 1, 1, 1, 1, 1, 1, 1]
2024-01-23 12:38:42,858[DEBUG] # of operator terms: 1
2024-01-23 12:38:42,971[DEBUG] cumulated bond dimension: 4. lastone bond dimension: [1, 3, 3, 3, 3, 3, 3, 3, 3, 3, 3, 3, 3, 3, 3, 3, 3]
2024-01-23 12:38:43,046[DEBUG] cumulated bond dimension: 11. lastone bond dimension: [1, 9, 9, 9, 9, 9, 9, 9, 9, 9, 9, 9, 9, 9, 9, 9, 9]
2024-01-23 12:38:43,198[DEBUG] cumulated bond dimension: 33. lastone bond dimension: [1, 27, 27, 27, 27, 27, 27, 27, 27, 27, 27, 27, 27, 27, 27, 27, 27]
2024-01-23 12:38:44,117[DEBUG] cumulated bond dimension: 93. lastone bond dimension: [1, 81, 81, 81, 81, 81, 81, 81, 81, 81, 81, 81, 81, 81, 81, 81, 81]
2024-01-23 12:38:49,911[DEBUG] cumulated bond dimension: 148. lastone bond dimension: [1, 243, 243, 243, 243, 243, 243, 243, 243, 243, 243, 243, 243, 243, 243, 243, 243]
2024-01-23 12:38:56,509[DEBUG] expander bond dimension: [1, 20, 199, 199, 199, 199, 199, 199, 199, 199, 199, 199, 199, 199, 100, 10, 2]
2024-01-23 12:38:57,818[INFO] [1, 21, 200, 200, 200, 200, 200, 200, 200, 200, 200, 200, 200, 200, 100, 10, 2]
2024-01-23 12:38:57,818[INFO] [1, 3, 3, 3, 3, 3, 3, 3, 3, 3, 3, 3, 3, 3, 3, 3, 3]
2024-01-23 12:38:57,818[INFO] 17
2024-01-23 12:41:49,600[DEBUG] TDVP-PS Krylov space: DescribeResult(nobs=66, minmax=(4, 35), mean=27.181818181818183, variance=62.7972027972028, skewness=-1.6801996994138593, kurtosis=2.1620505255430285)
2024-01-23 12:41:51,062[INFO] 0.9950400183175608, -0.0006604686430904488
2024-01-23 12:44:11,030[DEBUG] TDVP-PS Krylov space: DescribeResult(nobs=66, minmax=(4, 35), mean=23.727272727272727, variance=74.84755244755245, skewness=-0.5710350109122618, kurtosis=-0.5426499587220817)
2024-01-23 12:44:13,557[INFO] 0.9805039721555708, -0.005542270445158493
2024-01-23 12:46:49,305[DEBUG] TDVP-PS Krylov space: DescribeResult(nobs=66, minmax=(4, 35), mean=23.151515151515152, variance=72.09976689976689, skewness=-0.4883750138076886, kurtosis=-0.6049416098180775)
2024-01-23 12:46:51,670[INFO] 0.9571012259553826, -0.014772225264162196
2024-01-23 12:49:18,757[DEBUG] TDVP-PS Krylov space: DescribeResult(nobs=66, minmax=(4, 35), mean=22.90909090909091, variance=70.88391608391608, skewness=-0.45457216579747345, kurtosis=-0.5958038709291862)
2024-01-23 12:49:21,027[INFO] 0.9256158405630768, -0.027829017552118515
2024-01-23 12:51:50,240[DEBUG] TDVP-PS Krylov space: DescribeResult(nobs=66, minmax=(4, 35), mean=22.696969696969695, variance=69.9990675990676, skewness=-0.4074843550219015, kurtosis=-0.6068632108757948)
2024-01-23 12:51:52,696[INFO] 0.8868318716667043, -0.042901044514394665
2024-01-23 12:54:22,953[DEBUG] TDVP-PS Krylov space: DescribeResult(nobs=66, minmax=(4, 35), mean=22.515151515151516, variance=67.26899766899766, skewness=-0.4400328598661336, kurtosis=-0.5827167607314627)
2024-01-23 12:54:25,377[INFO] 0.8415462517768895, -0.061022269371712214
2024-01-23 12:56:49,915[DEBUG] TDVP-PS Krylov space: DescribeResult(nobs=66, minmax=(4, 35), mean=22.393939393939394, variance=69.10396270396271, skewness=-0.3758276505002539, kurtosis=-0.6751265662216683)
2024-01-23 12:56:52,326[INFO] 0.7905299887093522, -0.07868960783761186
2024-01-23 12:59:10,250[DEBUG] TDVP-PS Krylov space: DescribeResult(nobs=66, minmax=(4, 35), mean=22.272727272727273, variance=66.47832167832169, skewness=-0.4163961952277274, kurtosis=-0.6215477515215424)
2024-01-23 12:59:12,746[INFO] 0.7345690605453469, -0.10051900341430768
2024-01-23 13:01:25,242[DEBUG] TDVP-PS Krylov space: DescribeResult(nobs=66, minmax=(4, 33), mean=22.03030303030303, variance=66.55291375291378, skewness=-0.38395949876992497, kurtosis=-0.7354295442703322)
2024-01-23 13:01:27,978[INFO] 0.674440594582791, -0.11949468663651708
2024-01-23 13:03:53,127[DEBUG] TDVP-PS Krylov space: DescribeResult(nobs=66, minmax=(4, 33), mean=21.90909090909091, variance=65.68391608391606, skewness=-0.39190382164784066, kurtosis=-0.7473232255610669)
2024-01-23 13:03:55,487[INFO] 0.6108508368872586, -0.14217097875766385
2024-01-23 13:03:55,489[INFO] [(0.9950400183175608, -0.0006604686430904488), (0.9805039721555708, -0.005542270445158493), (0.9571012259553826, -0.014772225264162196), (0.9256158405630768, -0.027829017552118515), (0.8868318716667043, -0.042901044514394665), (0.8415462517768895, -0.061022269371712214), (0.7905299887093522, -0.07868960783761186), (0.7345690605453469, -0.10051900341430768), (0.674440594582791, -0.11949468663651708), (0.6108508368872586, -0.14217097875766385)]
2024-01-23 13:03:55,489[INFO] [172.2562038898468, 140.81177306175232, 156.5191204547882, 147.87685012817383, 150.01011276245117, 151.05185842514038, 145.33028364181519, 138.75596141815186, 133.39184045791626, 145.86707949638367]
2024-01-23 13:03:55,489[INFO] (148.18710837364196, 10.179175901924804)
