2024-01-23 16:07:39,850[INFO] w:[ 1.21249244  2.50326286  3.88312029  5.36527973  6.96613389  8.70636143
 10.61256502 12.71977533 15.07543605 17.7460639  20.8290775  24.47550863
 28.93837966 34.69202111 42.80132327 56.66426688]
2024-01-23 16:07:39,851[INFO] c:[ 0.59264185  1.0207347   1.4187918   1.80812027  2.19926165  2.59962412
  3.01577066  3.45455903  3.92405829  4.43465224  5.00075485  5.64393278
  6.39939173  7.33170935  8.58273958 10.59290296]
2024-01-23 16:07:39,852[INFO] integrate: 0.0006749250730816019, 2.007589761904222e-12
2024-01-23 16:07:39,852[INFO] renormalization constant: 0.9995704216488225
2024-01-23 16:07:40,284[INFO]                                                                                                        ┌[('v_0',)]
2024-01-23 16:07:40,284[INFO]                                                                              ┌[(('MCTDH virtual', 3),)]┤
2024-01-23 16:07:40,284[INFO]                                                                              │                         └[('v_1',)]
2024-01-23 16:07:40,284[INFO]                                                    ┌[(('MCTDH virtual', 2),)]┤
2024-01-23 16:07:40,284[INFO]                                                    │                         │                         ┌[('v_2',)]
2024-01-23 16:07:40,284[INFO]                                                    │                         └[(('MCTDH virtual', 4),)]┤
2024-01-23 16:07:40,285[INFO]                                                    │                                                   └[('v_3',)]
2024-01-23 16:07:40,285[INFO]                          ┌[(('MCTDH virtual', 1),)]┤
2024-01-23 16:07:40,285[INFO]                          │                         │                                                   ┌[('v_4',)]
2024-01-23 16:07:40,285[INFO]                          │                         │                         ┌[(('MCTDH virtual', 6),)]┤
2024-01-23 16:07:40,285[INFO]                          │                         │                         │                         └[('v_5',)]
2024-01-23 16:07:40,285[INFO]                          │                         └[(('MCTDH virtual', 5),)]┤
2024-01-23 16:07:40,285[INFO]                          │                                                   │                         ┌[('v_6',)]
2024-01-23 16:07:40,285[INFO]                          │                                                   └[(('MCTDH virtual', 7),)]┤
2024-01-23 16:07:40,285[INFO]                          │                                                                             └[('v_7',)]
2024-01-23 16:07:40,285[INFO]                          │                                                                              ┌[('v_8',)]
2024-01-23 16:07:40,285[INFO]                          │                                                   ┌[(('MCTDH virtual', 10),)]┤
2024-01-23 16:07:40,285[INFO]                          │                                                   │                          └[('v_9',)]
2024-01-23 16:07:40,285[INFO]                          │                         ┌[(('MCTDH virtual', 9),)]┤
2024-01-23 16:07:40,285[INFO]                          │                         │                         │                          ┌[('v_10',)]
2024-01-23 16:07:40,286[INFO]                          │                         │                         └[(('MCTDH virtual', 11),)]┤
2024-01-23 16:07:40,286[INFO]                          │                         │                                                    └[('v_11',)]
2024-01-23 16:07:40,286[INFO] [(('MCTDH virtual', 0),)]┼[(('MCTDH virtual', 8),)]┤
2024-01-23 16:07:40,286[INFO]                          │                         │                                                     ┌[('v_12',)]
2024-01-23 16:07:40,286[INFO]                          │                         │                          ┌[(('MCTDH virtual', 13),)]┤
2024-01-23 16:07:40,286[INFO]                          │                         │                          │                          └[('v_13',)]
2024-01-23 16:07:40,286[INFO]                          │                         └[(('MCTDH virtual', 12),)]┤
2024-01-23 16:07:40,286[INFO]                          │                                                    │                          ┌[('v_14',)]
2024-01-23 16:07:40,286[INFO]                          │                                                    └[(('MCTDH virtual', 14),)]┤
2024-01-23 16:07:40,286[INFO]                          │                                                                               └[('v_15',)]
2024-01-23 16:07:40,286[INFO]                          └[('spin',)]
2024-01-23 16:07:40,290[DEBUG] # of operator terms: 50
2024-01-23 16:07:40,466[DEBUG] # of operator terms: 1
2024-01-23 16:07:40,570[DEBUG] # of operator terms: 1
2024-01-23 16:07:40,678[DEBUG] target for expander: 4
2024-01-23 16:07:40,678[DEBUG] average bond dimension of hint mpo: 3
2024-01-23 16:07:40,678[DEBUG] cumulated bond dimension: 1. lastone bond dimension: [1, 1, 1, 1, 1, 1, 1, 1, 1, 1, 1, 1, 1, 1, 1, 1, 1, 1, 1, 1, 1, 1, 1, 1, 1, 1, 1, 1, 1, 1, 1, 1]
2024-01-23 16:07:40,695[DEBUG] # of operator terms: 1
2024-01-23 16:07:40,869[DEBUG] cumulated bond dimension: 4. lastone bond dimension: [1, 3, 3, 3, 3, 3, 3, 3, 3, 3, 3, 3, 3, 3, 3, 3, 3, 3, 3, 3, 3, 3, 3, 3, 3, 3, 3, 3, 3, 3, 3, 3]
2024-01-23 16:07:41,010[DEBUG] expander bond dimension: [1, 4, 4, 4, 4, 4, 4, 4, 4, 4, 4, 4, 4, 4, 4, 4, 4, 4, 4, 4, 4, 4, 4, 4, 4, 4, 4, 4, 4, 4, 4, 2]
2024-01-23 16:07:41,097[INFO] [1, 5, 5, 5, 5, 5, 5, 5, 5, 5, 5, 5, 5, 5, 5, 5, 5, 5, 5, 5, 5, 5, 5, 5, 5, 5, 5, 5, 5, 5, 5, 2]
2024-01-23 16:07:41,098[INFO] [1, 3, 3, 3, 3, 3, 3, 3, 3, 3, 3, 3, 3, 3, 3, 3, 3, 3, 3, 3, 3, 3, 3, 3, 3, 3, 3, 3, 3, 3, 3, 3]
2024-01-23 16:07:41,098[INFO] 32
2024-01-23 16:07:42,330[DEBUG] TDVP-PS Krylov space: DescribeResult(nobs=126, minmax=(4, 17), mean=10.65079365079365, variance=6.757079365079365, skewness=0.5186560989251865, kurtosis=0.9972735886266348)
2024-01-23 16:07:42,374[INFO] 0.9950350833449431, -0.0007529634617305487
2024-01-23 16:07:43,760[DEBUG] TDVP-PS Krylov space: DescribeResult(nobs=126, minmax=(4, 19), mean=11.507936507936508, variance=7.323936507936509, skewness=0.03260190506312777, kurtosis=0.9085673825013014)
2024-01-23 16:07:43,810[INFO] 0.9804872053461586, -0.005790242259493142
2024-01-23 16:07:45,110[DEBUG] TDVP-PS Krylov space: DescribeResult(nobs=126, minmax=(4, 19), mean=11.666666666666666, variance=7.008, skewness=-0.11487378377354539, kurtosis=1.2163320197660594)
2024-01-23 16:07:45,159[INFO] 0.9570863218135516, -0.014931663172528718
2024-01-23 16:07:46,436[DEBUG] TDVP-PS Krylov space: DescribeResult(nobs=126, minmax=(4, 17), mean=11.317460317460318, variance=7.3544126984127, skewness=0.053337014024596265, kurtosis=0.5374550564170186)
2024-01-23 16:07:46,482[INFO] 0.925604485939509, -0.027915135216441653
2024-01-23 16:07:47,738[DEBUG] TDVP-PS Krylov space: DescribeResult(nobs=126, minmax=(4, 17), mean=10.920634920634921, variance=7.609650793650797, skewness=0.36063948152095604, kurtosis=0.3459959436961739)
2024-01-23 16:07:47,786[INFO] 0.8868175425699466, -0.04300859702913349
2024-01-23 16:07:49,009[DEBUG] TDVP-PS Krylov space: DescribeResult(nobs=126, minmax=(4, 17), mean=10.80952380952381, variance=7.803428571428574, skewness=0.44888130195108783, kurtosis=0.2566270592607891)
2024-01-23 16:07:49,054[INFO] 0.8415272664170885, -0.061152956959360696
2024-01-23 16:07:50,259[DEBUG] TDVP-PS Krylov space: DescribeResult(nobs=126, minmax=(4, 17), mean=10.825396825396826, variance=7.969269841269845, skewness=0.47643171102709153, kurtosis=0.2588636163519684)
2024-01-23 16:07:50,305[INFO] 0.7905081824993946, -0.07883380480182225
2024-01-23 16:07:51,536[DEBUG] TDVP-PS Krylov space: DescribeResult(nobs=126, minmax=(4, 17), mean=10.793650793650794, variance=7.829079365079364, skewness=0.4615888855675567, kurtosis=0.24705403906627632)
2024-01-23 16:07:51,584[INFO] 0.7345492321693016, -0.10062550707395278
2024-01-23 16:07:52,819[DEBUG] TDVP-PS Krylov space: DescribeResult(nobs=126, minmax=(4, 17), mean=10.682539682539682, variance=7.6744126984127, skewness=0.5718452395116412, kurtosis=0.44824179672849285)
2024-01-23 16:07:52,866[INFO] 0.6744216297002213, -0.11957179381125836
2024-01-23 16:07:54,132[DEBUG] TDVP-PS Krylov space: DescribeResult(nobs=126, minmax=(4, 17), mean=10.666666666666666, variance=7.888000000000002, skewness=0.6071531830128742, kurtosis=0.4580804693703744)
2024-01-23 16:07:54,179[INFO] 0.6108273275852837, -0.142275016262603
2024-01-23 16:07:54,179[INFO] [(0.9950350833449431, -0.0007529634617305487), (0.9804872053461586, -0.005790242259493142), (0.9570863218135516, -0.014931663172528718), (0.925604485939509, -0.027915135216441653), (0.8868175425699466, -0.04300859702913349), (0.8415272664170885, -0.061152956959360696), (0.7905081824993946, -0.07883380480182225), (0.7345492321693016, -0.10062550707395278), (0.6744216297002213, -0.11957179381125836), (0.6108273275852837, -0.142275016262603)]
2024-01-23 16:07:54,179[INFO] [1.2477166652679443, 1.404672384262085, 1.3164594173431396, 1.2936642169952393, 1.2727115154266357, 1.23826003074646, 1.2215025424957275, 1.2463631629943848, 1.25046706199646, 1.2816808223724365]
2024-01-23 16:07:54,180[INFO] (1.2773497819900512, 0.05025428981981968)
