2024-01-24 10:08:13,627[INFO] w:[ 0.72735288  1.48215944  2.26657371  3.0830136   3.93420588  4.82324114
  5.75364145  6.72944473  7.75531062  8.83665505  9.97982332 11.19231576
 12.48308618 13.86294361 15.34510305 16.94595721 18.68618475 20.59238834
 22.69959866 25.05525937 27.72588722 30.80890082 34.45533195 38.91820298
 44.67184443 52.78114659 66.6440902 ]
2024-01-24 10:08:13,628[INFO] c:[0.31476567 0.53684595 0.7382541  0.92984394 1.11640377 1.30071669
 1.4846893  1.66979404 1.85728213 2.04830398 2.24398848 2.4455044
 2.65411637 2.87124384 3.09853096 3.33793644 3.59185637 3.86330079
 4.15615865 4.47561438 4.8288373  5.22619532 5.68356475 6.22720363
 6.9056394  7.82595954 9.32179861]
2024-01-24 10:08:13,628[INFO] integrate: 0.0003348091643814093, 5.119565826034887e-09
2024-01-24 10:08:13,628[INFO] renormalization constant: 0.9997868765800083
2024-01-24 10:08:14,283[INFO]                                                    ┌[('v_0',), ('v_1',), ('v_2',)]
2024-01-24 10:08:14,284[INFO]                          ┌[(('MCTDH virtual', 1),)]┼[('v_3',), ('v_4',), ('v_5',)]
2024-01-24 10:08:14,284[INFO]                          │                         └[('v_6',), ('v_7',), ('v_8',)]
2024-01-24 10:08:14,284[INFO]                          │                         ┌[('v_9',), ('v_10',), ('v_11',)]
2024-01-24 10:08:14,284[INFO]                          ├[(('MCTDH virtual', 2),)]┼[('v_12',), ('v_13',), ('v_14',)]
2024-01-24 10:08:14,284[INFO]                          │                         └[('v_15',), ('v_16',), ('v_17',)]
2024-01-24 10:08:14,284[INFO] [(('MCTDH virtual', 0),)]┤
2024-01-24 10:08:14,284[INFO]                          │                         ┌[('v_18',), ('v_19',), ('v_20',)]
2024-01-24 10:08:14,284[INFO]                          ├[(('MCTDH virtual', 3),)]┼[('v_21',), ('v_22',), ('v_23',)]
2024-01-24 10:08:14,284[INFO]                          │                         └[('v_24',), ('v_25',), ('v_26',)]
2024-01-24 10:08:14,284[INFO]                          └[('spin',)]
2024-01-24 10:08:14,286[DEBUG] # of operator terms: 83
2024-01-24 10:08:14,815[DEBUG] # of operator terms: 1
2024-01-24 10:08:14,908[DEBUG] # of operator terms: 1
2024-01-24 10:08:15,003[DEBUG] target for expander: 39
2024-01-24 10:08:15,003[DEBUG] average bond dimension of hint mpo: 3
2024-01-24 10:08:15,003[DEBUG] cumulated bond dimension: 1. lastone bond dimension: [1, 1, 1, 1, 1, 1, 1, 1, 1, 1, 1, 1, 1, 1]
2024-01-24 10:08:15,131[DEBUG] # of operator terms: 1
2024-01-24 10:08:15,302[DEBUG] cumulated bond dimension: 4. lastone bond dimension: [1, 3, 3, 3, 3, 3, 3, 3, 3, 3, 3, 3, 3, 3]
2024-01-24 10:08:15,558[DEBUG] cumulated bond dimension: 11. lastone bond dimension: [1, 9, 9, 9, 9, 9, 9, 9, 9, 9, 9, 9, 9, 9]
2024-01-24 10:08:19,557[DEBUG] cumulated bond dimension: 34. lastone bond dimension: [1, 27, 27, 27, 27, 27, 27, 27, 27, 27, 27, 27, 27, 27]
2024-01-24 10:08:47,469[DEBUG] expander bond dimension: [1, 39, 39, 39, 39, 39, 39, 39, 39, 39, 39, 39, 39, 2]
2024-01-24 10:08:50,440[INFO] [1, 40, 40, 40, 40, 40, 40, 40, 40, 40, 40, 40, 40, 2]
2024-01-24 10:08:50,441[INFO] [1, 3, 3, 3, 3, 3, 3, 3, 3, 3, 3, 3, 3, 3]
2024-01-24 10:08:50,441[INFO] 14
2024-01-24 10:16:00,989[DEBUG] TDVP-PS Krylov space: DescribeResult(nobs=54, minmax=(4, 37), mean=23.62962962962963, variance=110.84136967155833, skewness=-0.3038517038253123, kurtosis=-1.2511625655781795)
2024-01-24 10:16:08,092[INFO] 0.9950385203060592, -0.0006852839530014143
2024-01-24 10:25:14,919[DEBUG] TDVP-PS Krylov space: DescribeResult(nobs=54, minmax=(4, 37), mean=30.666666666666668, variance=66.9056603773585, skewness=-2.555489729475434, kurtosis=5.748219914624617)
2024-01-24 10:25:22,008[INFO] 0.9804991857895452, -0.005495604913399895
2024-01-24 10:34:19,024[DEBUG] TDVP-PS Krylov space: DescribeResult(nobs=54, minmax=(4, 37), mean=29.37037037037037, variance=66.65269042627533, skewness=-2.1837968190555257, kurtosis=4.292944154560094)
2024-01-24 10:34:26,343[INFO] 0.9570938954748562, -0.01489413616030737
2024-01-24 10:42:50,260[DEBUG] TDVP-PS Krylov space: DescribeResult(nobs=54, minmax=(4, 37), mean=27.296296296296298, variance=64.58979734451431, skewness=-1.6612940334772588, kurtosis=2.7264482815722637)
2024-01-24 10:42:57,321[INFO] 0.9256083111674122, -0.027604586002779638
2024-01-24 10:51:01,808[DEBUG] TDVP-PS Krylov space: DescribeResult(nobs=54, minmax=(4, 37), mean=25.962962962962962, variance=61.62124388539483, skewness=-1.37389023959701, kurtosis=2.1247632492168824)
2024-01-24 10:51:08,853[INFO] 0.8868355189664969, -0.043302651553544375
2024-01-24 10:58:53,325[DEBUG] TDVP-PS Krylov space: DescribeResult(nobs=54, minmax=(4, 37), mean=24.925925925925927, variance=60.749126484975534, skewness=-1.062225104901875, kurtosis=1.5653789591137448)
2024-01-24 10:59:00,377[INFO] 0.841567575695851, -0.06029243551513838
2024-01-24 11:06:28,558[DEBUG] TDVP-PS Krylov space: DescribeResult(nobs=54, minmax=(4, 37), mean=24.333333333333332, variance=65.58490566037734, skewness=-0.7118385352739293, kurtosis=0.7780201837753813)
2024-01-24 11:06:35,581[INFO] 0.7905957690222694, -0.07974086070329038
2024-01-24 11:13:55,406[DEBUG] TDVP-PS Krylov space: DescribeResult(nobs=54, minmax=(4, 37), mean=24.074074074074073, variance=68.40950384346613, skewness=-0.5674238789941003, kurtosis=0.4623053374873862)
2024-01-24 11:14:02,475[INFO] 0.7346959055083954, -0.0989666402282341
2024-01-24 11:21:16,595[DEBUG] TDVP-PS Krylov space: DescribeResult(nobs=54, minmax=(4, 37), mean=23.40740740740741, variance=70.01956673654787, skewness=-0.35415687052744466, kurtosis=0.16544658928960354)
2024-01-24 11:21:23,722[INFO] 0.6746531217948817, -0.12086207034450497
2024-01-24 11:28:37,038[DEBUG] TDVP-PS Krylov space: DescribeResult(nobs=54, minmax=(4, 37), mean=23.074074074074073, variance=69.95667365478687, skewness=-0.30791331540750033, kurtosis=0.02821543534916149)
2024-01-24 11:28:44,056[INFO] 0.6112121732808575, -0.1410551997544612
2024-01-24 11:28:44,056[INFO] [(0.9950385203060592, -0.0006852839530014143), (0.9804991857895452, -0.005495604913399895), (0.9570938954748562, -0.01489413616030737), (0.9256083111674122, -0.027604586002779638), (0.8868355189664969, -0.043302651553544375), (0.841567575695851, -0.06029243551513838), (0.7905957690222694, -0.07974086070329038), (0.7346959055083954, -0.0989666402282341), (0.6746531217948817, -0.12086207034450497), (0.6112121732808575, -0.1410551997544612)]
2024-01-24 11:28:44,056[INFO] [432.93127703666687, 549.2115941047668, 539.4286234378815, 506.2612729072571, 486.8364109992981, 466.8320093154907, 450.53985118865967, 442.14847016334534, 436.48634243011475, 435.6651475429535]
2024-01-24 11:28:44,056[INFO] (474.6340999126434, 41.616084692526584)
