2024-01-23 16:36:47,195[INFO] w:[ 0.72735288  1.48215944  2.26657371  3.0830136   3.93420588  4.82324114
  5.75364145  6.72944473  7.75531062  8.83665505  9.97982332 11.19231576
 12.48308618 13.86294361 15.34510305 16.94595721 18.68618475 20.59238834
 22.69959866 25.05525937 27.72588722 30.80890082 34.45533195 38.91820298
 44.67184443 52.78114659 66.6440902 ]
2024-01-23 16:36:47,196[INFO] c:[0.31476567 0.53684595 0.7382541  0.92984394 1.11640377 1.30071669
 1.4846893  1.66979404 1.85728213 2.04830398 2.24398848 2.4455044
 2.65411637 2.87124384 3.09853096 3.33793644 3.59185637 3.86330079
 4.15615865 4.47561438 4.8288373  5.22619532 5.68356475 6.22720363
 6.9056394  7.82595954 9.32179861]
2024-01-23 16:36:47,196[INFO] integrate: 0.0003348091643814093, 5.119565826034887e-09
2024-01-23 16:36:47,196[INFO] renormalization constant: 0.9997868765800083
2024-01-23 16:36:47,611[INFO]                                                    ┌[('v_0',), ('v_1',), ('v_2',)]
2024-01-23 16:36:47,612[INFO]                          ┌[(('MCTDH virtual', 1),)]┼[('v_3',), ('v_4',), ('v_5',)]
2024-01-23 16:36:47,612[INFO]                          │                         └[('v_6',), ('v_7',), ('v_8',)]
2024-01-23 16:36:47,612[INFO]                          │                         ┌[('v_9',), ('v_10',), ('v_11',)]
2024-01-23 16:36:47,612[INFO]                          ├[(('MCTDH virtual', 2),)]┼[('v_12',), ('v_13',), ('v_14',)]
2024-01-23 16:36:47,612[INFO]                          │                         └[('v_15',), ('v_16',), ('v_17',)]
2024-01-23 16:36:47,612[INFO] [(('MCTDH virtual', 0),)]┤
2024-01-23 16:36:47,612[INFO]                          │                         ┌[('v_18',), ('v_19',), ('v_20',)]
2024-01-23 16:36:47,612[INFO]                          ├[(('MCTDH virtual', 3),)]┼[('v_21',), ('v_22',), ('v_23',)]
2024-01-23 16:36:47,612[INFO]                          │                         └[('v_24',), ('v_25',), ('v_26',)]
2024-01-23 16:36:47,612[INFO]                          └[('spin',)]
2024-01-23 16:36:47,618[DEBUG] # of operator terms: 83
2024-01-23 16:36:48,534[DEBUG] # of operator terms: 1
2024-01-23 16:36:48,697[DEBUG] # of operator terms: 1
2024-01-23 16:36:48,862[DEBUG] target for expander: 19
2024-01-23 16:36:48,862[DEBUG] average bond dimension of hint mpo: 3
2024-01-23 16:36:48,862[DEBUG] cumulated bond dimension: 1. lastone bond dimension: [1, 1, 1, 1, 1, 1, 1, 1, 1, 1, 1, 1, 1, 1]
2024-01-23 16:36:49,058[DEBUG] # of operator terms: 1
2024-01-23 16:36:49,341[DEBUG] cumulated bond dimension: 4. lastone bond dimension: [1, 3, 3, 3, 3, 3, 3, 3, 3, 3, 3, 3, 3, 3]
2024-01-23 16:36:49,815[DEBUG] cumulated bond dimension: 11. lastone bond dimension: [1, 9, 9, 9, 9, 9, 9, 9, 9, 9, 9, 9, 9, 9]
2024-01-23 16:36:51,644[DEBUG] cumulated bond dimension: 16. lastone bond dimension: [1, 21, 21, 21, 21, 21, 21, 21, 21, 21, 21, 21, 21, 6]
2024-01-23 16:36:54,582[DEBUG] expander bond dimension: [1, 19, 19, 19, 19, 19, 19, 19, 19, 19, 19, 19, 19, 2]
2024-01-23 16:36:55,097[INFO] [1, 20, 20, 20, 20, 20, 20, 20, 20, 20, 20, 20, 20, 2]
2024-01-23 16:36:55,097[INFO] [1, 3, 3, 3, 3, 3, 3, 3, 3, 3, 3, 3, 3, 3]
2024-01-23 16:36:55,097[INFO] 14
2024-01-23 16:37:40,093[DEBUG] TDVP-PS Krylov space: DescribeResult(nobs=54, minmax=(4, 25), mean=15.592592592592593, variance=33.07617051013278, skewness=-0.12852567306961138, kurtosis=-0.6537918445286026)
2024-01-23 16:37:40,512[INFO] 0.9950385202435315, -0.0006852859160752823
2024-01-23 16:38:31,450[DEBUG] TDVP-PS Krylov space: DescribeResult(nobs=54, minmax=(4, 29), mean=18.37037037037037, variance=41.105520614954585, skewness=-0.3644655006314204, kurtosis=-0.20699770562876285)
2024-01-23 16:38:32,010[INFO] 0.9804991854389674, -0.005495605175150333
2024-01-23 16:39:27,217[DEBUG] TDVP-PS Krylov space: DescribeResult(nobs=54, minmax=(4, 35), mean=18.22222222222222, variance=57.04402515723271, skewness=0.29651815808870324, kurtosis=-0.482972835316156)
2024-01-23 16:39:27,894[INFO] 0.95709389408231, -0.014894142410828547
2024-01-23 16:40:30,890[DEBUG] TDVP-PS Krylov space: DescribeResult(nobs=54, minmax=(4, 35), mean=18.62962962962963, variance=67.55835080363383, skewness=0.47581762869367566, kurtosis=-0.4684753906346173)
2024-01-23 16:40:31,583[INFO] 0.9256083079381431, -0.027604597910675852
2024-01-23 16:41:29,175[DEBUG] TDVP-PS Krylov space: DescribeResult(nobs=54, minmax=(4, 35), mean=18.074074074074073, variance=69.0132774283718, skewness=0.639633374258866, kurtosis=-0.41370674503348726)
2024-01-23 16:41:29,893[INFO] 0.88683551320844, -0.04330267483687572
2024-01-23 16:42:30,253[DEBUG] TDVP-PS Krylov space: DescribeResult(nobs=54, minmax=(4, 35), mean=18.037037037037038, variance=69.62124388539483, skewness=0.6381203965028973, kurtosis=-0.4428159387199906)
2024-01-23 16:42:30,954[INFO] 0.8415675684766736, -0.06029245931160727
2024-01-23 16:43:36,103[DEBUG] TDVP-PS Krylov space: DescribeResult(nobs=54, minmax=(4, 35), mean=17.88888888888889, variance=68.55345911949685, skewness=0.638765938241916, kurtosis=-0.43249228179446186)
2024-01-23 16:43:36,785[INFO] 0.7905957567681073, -0.07974088538341705
2024-01-23 16:44:36,420[DEBUG] TDVP-PS Krylov space: DescribeResult(nobs=54, minmax=(4, 35), mean=17.814814814814813, variance=67.17260656883299, skewness=0.6160484540697713, kurtosis=-0.42853025116093946)
2024-01-23 16:44:36,848[INFO] 0.7346958930152244, -0.09896666723991317
2024-01-23 16:45:39,499[DEBUG] TDVP-PS Krylov space: DescribeResult(nobs=54, minmax=(4, 35), mean=17.88888888888889, variance=67.0440251572327, skewness=0.5912575909448795, kurtosis=-0.4410141188148793)
2024-01-23 16:45:40,190[INFO] 0.6746531073943526, -0.12086209583564507
2024-01-23 16:46:44,199[DEBUG] TDVP-PS Krylov space: DescribeResult(nobs=54, minmax=(4, 35), mean=17.814814814814813, variance=69.13487071977639, skewness=0.616571246684939, kurtosis=-0.46709984209818955)
2024-01-23 16:46:44,894[INFO] 0.6112121538049154, -0.14105522157153372
2024-01-23 16:46:44,895[INFO] [(0.9950385202435315, -0.0006852859160752823), (0.9804991854389674, -0.005495605175150333), (0.95709389408231, -0.014894142410828547), (0.9256083079381431, -0.027604597910675852), (0.88683551320844, -0.04330267483687572), (0.8415675684766736, -0.06029245931160727), (0.7905957567681073, -0.07974088538341705), (0.7346958930152244, -0.09896666723991317), (0.6746531073943526, -0.12086209583564507), (0.6112121538049154, -0.14105522157153372)]
2024-01-23 16:46:44,895[INFO] [45.134984493255615, 51.16176700592041, 55.44124245643616, 63.2385516166687, 57.84326696395874, 60.60606002807617, 65.38659405708313, 59.785205125808716, 62.89236760139465, 64.2523787021637]
2024-01-23 16:46:44,895[INFO] (58.574241805076596, 6.0873189876388265)
