2024-01-23 16:32:15,353[INFO] w:[ 0.72735288  1.48215944  2.26657371  3.0830136   3.93420588  4.82324114
  5.75364145  6.72944473  7.75531062  8.83665505  9.97982332 11.19231576
 12.48308618 13.86294361 15.34510305 16.94595721 18.68618475 20.59238834
 22.69959866 25.05525937 27.72588722 30.80890082 34.45533195 38.91820298
 44.67184443 52.78114659 66.6440902 ]
2024-01-23 16:32:15,354[INFO] c:[0.31476567 0.53684595 0.7382541  0.92984394 1.11640377 1.30071669
 1.4846893  1.66979404 1.85728213 2.04830398 2.24398848 2.4455044
 2.65411637 2.87124384 3.09853096 3.33793644 3.59185637 3.86330079
 4.15615865 4.47561438 4.8288373  5.22619532 5.68356475 6.22720363
 6.9056394  7.82595954 9.32179861]
2024-01-23 16:32:15,354[INFO] integrate: 0.0003348091643814093, 5.119565826034887e-09
2024-01-23 16:32:15,354[INFO] renormalization constant: 0.9997868765800083
2024-01-23 16:32:15,615[INFO]                                                    ┌[('v_0',), ('v_1',), ('v_2',)]
2024-01-23 16:32:15,615[INFO]                          ┌[(('MCTDH virtual', 1),)]┼[('v_3',), ('v_4',), ('v_5',)]
2024-01-23 16:32:15,617[INFO]                          │                         └[('v_6',), ('v_7',), ('v_8',)]
2024-01-23 16:32:15,618[INFO]                          │                         ┌[('v_9',), ('v_10',), ('v_11',)]
2024-01-23 16:32:15,618[INFO]                          ├[(('MCTDH virtual', 2),)]┼[('v_12',), ('v_13',), ('v_14',)]
2024-01-23 16:32:15,618[INFO]                          │                         └[('v_15',), ('v_16',), ('v_17',)]
2024-01-23 16:32:15,618[INFO] [(('MCTDH virtual', 0),)]┤
2024-01-23 16:32:15,618[INFO]                          │                         ┌[('v_18',), ('v_19',), ('v_20',)]
2024-01-23 16:32:15,618[INFO]                          ├[(('MCTDH virtual', 3),)]┼[('v_21',), ('v_22',), ('v_23',)]
2024-01-23 16:32:15,618[INFO]                          │                         └[('v_24',), ('v_25',), ('v_26',)]
2024-01-23 16:32:15,618[INFO]                          └[('spin',)]
2024-01-23 16:32:15,621[DEBUG] # of operator terms: 83
2024-01-23 16:32:16,307[DEBUG] # of operator terms: 1
2024-01-23 16:32:16,461[DEBUG] # of operator terms: 1
2024-01-23 16:32:16,622[DEBUG] target for expander: 9
2024-01-23 16:32:16,622[DEBUG] average bond dimension of hint mpo: 3
2024-01-23 16:32:16,623[DEBUG] cumulated bond dimension: 1. lastone bond dimension: [1, 1, 1, 1, 1, 1, 1, 1, 1, 1, 1, 1, 1, 1]
2024-01-23 16:32:16,813[DEBUG] # of operator terms: 1
2024-01-23 16:32:17,068[DEBUG] cumulated bond dimension: 4. lastone bond dimension: [1, 3, 3, 3, 3, 3, 3, 3, 3, 3, 3, 3, 3, 3]
2024-01-23 16:32:17,319[DEBUG] cumulated bond dimension: 8. lastone bond dimension: [1, 9, 9, 9, 9, 9, 9, 9, 9, 9, 9, 9, 9, 9]
2024-01-23 16:32:17,658[DEBUG] expander bond dimension: [1, 9, 9, 9, 9, 9, 9, 9, 9, 9, 9, 9, 9, 2]
2024-01-23 16:32:17,821[INFO] [1, 10, 10, 10, 10, 10, 10, 10, 10, 10, 10, 10, 10, 2]
2024-01-23 16:32:17,821[INFO] [1, 3, 3, 3, 3, 3, 3, 3, 3, 3, 3, 3, 3, 3]
2024-01-23 16:32:17,821[INFO] 14
2024-01-23 16:32:38,453[DEBUG] TDVP-PS Krylov space: DescribeResult(nobs=54, minmax=(4, 19), mean=11.62962962962963, variance=10.162124388539487, skewness=-0.6177813173355327, kurtosis=0.56242071561587)
2024-01-23 16:32:38,830[INFO] 0.9950385202187787, -0.0006852832420245913
2024-01-23 16:33:00,676[DEBUG] TDVP-PS Krylov space: DescribeResult(nobs=54, minmax=(4, 21), mean=13.037037037037036, variance=11.01747030048917, skewness=-0.998288204647802, kurtosis=2.307863630806686)
2024-01-23 16:33:01,110[INFO] 0.9804991850947845, -0.005495602909574815
2024-01-23 16:33:24,062[DEBUG] TDVP-PS Krylov space: DescribeResult(nobs=54, minmax=(4, 27), mean=12.962962962962964, variance=17.20614954577219, skewness=0.6429148183554036, kurtosis=2.8940559077968473)
2024-01-23 16:33:24,511[INFO] 0.9570938936748434, -0.014894141721377149
2024-01-23 16:33:54,049[DEBUG] TDVP-PS Krylov space: DescribeResult(nobs=54, minmax=(4, 27), mean=12.851851851851851, variance=19.071977638015372, skewness=0.7896592255114876, kurtosis=2.23588165950495)
2024-01-23 16:33:54,421[INFO] 0.9256083079122737, -0.027604586002491622
2024-01-23 16:34:21,882[DEBUG] TDVP-PS Krylov space: DescribeResult(nobs=54, minmax=(4, 29), mean=12.925925925925926, variance=22.711390635918946, skewness=1.1274749194544347, kurtosis=2.6867011938461545)
2024-01-23 16:34:22,134[INFO] 0.8868355127734635, -0.0433026586343933
2024-01-23 16:34:51,449[DEBUG] TDVP-PS Krylov space: DescribeResult(nobs=54, minmax=(4, 29), mean=13.185185185185185, variance=22.757512229210345, skewness=1.0451181723118173, kurtosis=2.6289258570152603)
2024-01-23 16:34:51,833[INFO] 0.8415675677921158, -0.06029242607545153
2024-01-23 16:35:19,798[DEBUG] TDVP-PS Krylov space: DescribeResult(nobs=54, minmax=(4, 29), mean=13.037037037037036, variance=23.998602375960857, skewness=1.2244742573147502, kurtosis=3.0020917047238704)
2024-01-23 16:35:20,228[INFO] 0.7905957543303134, -0.07974085279885018
2024-01-23 16:35:50,989[DEBUG] TDVP-PS Krylov space: DescribeResult(nobs=54, minmax=(4, 29), mean=12.851851851851851, variance=22.392732354996504, skewness=1.1437435224374786, kurtosis=2.8115107564696826)
2024-01-23 16:35:51,429[INFO] 0.7346958866524887, -0.09896664181825275
2024-01-23 16:36:15,840[DEBUG] TDVP-PS Krylov space: DescribeResult(nobs=54, minmax=(4, 27), mean=12.518518518518519, variance=19.990216631726074, skewness=1.146490729037425, kurtosis=2.934926484880714)
2024-01-23 16:36:16,229[INFO] 0.6746530975546379, -0.12086208028662031
2024-01-23 16:36:45,405[DEBUG] TDVP-PS Krylov space: DescribeResult(nobs=54, minmax=(4, 27), mean=12.407407407407407, variance=20.396925227113904, skewness=1.1596521198485206, kurtosis=2.830612081697687)
2024-01-23 16:36:45,833[INFO] 0.6112121399149725, -0.14105524583517673
2024-01-23 16:36:45,833[INFO] [(0.9950385202187787, -0.0006852832420245913), (0.9804991850947845, -0.005495602909574815), (0.9570938936748434, -0.014894141721377149), (0.9256083079122737, -0.027604586002491622), (0.8868355127734635, -0.0433026586343933), (0.8415675677921158, -0.06029242607545153), (0.7905957543303134, -0.07974085279885018), (0.7346958866524887, -0.09896664181825275), (0.6746530975546379, -0.12086208028662031), (0.6112121399149725, -0.14105524583517673)]
2024-01-23 16:36:45,834[INFO] [20.75715684890747, 21.991034507751465, 23.101489782333374, 29.661909103393555, 27.54520869255066, 29.441153049468994, 28.108261823654175, 30.908525705337524, 24.54018497467041, 29.318256378173828]
2024-01-23 16:36:45,834[INFO] (26.537318086624147, 3.4408214594222635)
