2024-03-15 10:51:36,284[INFO] 1.1705878203888425
2024-03-15 10:51:36,284[INFO] 2.0
2024-03-15 10:51:37,830[INFO] 250
2024-03-15 10:51:37,848[INFO] w:[1.4649000e-02 2.9304000e-02 4.3965000e-02 5.8635000e-02 7.3317000e-02
 8.8014000e-02 1.0272600e-01 1.1746200e-01 1.3221900e-01 1.4700600e-01
 1.6182000e-01 1.7666700e-01 1.9155000e-01 2.0646900e-01 2.2143300e-01
 2.3643900e-01 2.5149600e-01 2.6660100e-01 2.8176000e-01 2.9697600e-01
 3.1225200e-01 3.2759400e-01 3.4299900e-01 3.5847300e-01 3.7401900e-01
 3.8964300e-01 4.0534500e-01 4.2112800e-01 4.3699500e-01 4.5295200e-01
 4.6900200e-01 4.8514500e-01 5.0138700e-01 5.1773100e-01 5.3418000e-01
 5.5073700e-01 5.6740500e-01 5.8419000e-01 6.0109200e-01 6.1811700e-01
 6.3526800e-01 6.5254800e-01 6.6996300e-01 6.8751300e-01 7.0520400e-01
 7.2303900e-01 7.4102100e-01 7.5915600e-01 7.7744700e-01 7.9589700e-01
 8.1451200e-01 8.3329200e-01 8.5224600e-01 8.7137400e-01 8.9068200e-01
 9.1017300e-01 9.2985300e-01 9.4972800e-01 9.6979800e-01 9.9006900e-01
 1.0105470e+00 1.0312350e+00 1.0521390e+00 1.0732620e+00 1.0946100e+00
 1.1161860e+00 1.1379990e+00 1.1600490e+00 1.1823450e+00 1.2048900e+00
 1.2276900e+00 1.2507510e+00 1.2740760e+00 1.2976710e+00 1.3215450e+00
 1.3457010e+00 1.3701450e+00 1.3948830e+00 1.4199210e+00 1.4452650e+00
 1.4709210e+00 1.4968950e+00 1.5231930e+00 1.5498240e+00 1.5767910e+00
 1.6041060e+00 1.6317690e+00 1.6597950e+00 1.6881840e+00 1.7169450e+00
 1.7460870e+00 1.7756190e+00 1.8055470e+00 1.8358770e+00 1.8666180e+00
 1.8977790e+00 1.9293690e+00 1.9613940e+00 1.9938660e+00 2.0267910e+00
 2.0601810e+00 2.0940420e+00 2.1283830e+00 2.1632160e+00 2.1985500e+00
 2.2343940e+00 2.2707600e+00 2.3076570e+00 2.3450970e+00 2.3830890e+00
 2.4216450e+00 2.4607740e+00 2.5004910e+00 2.5408080e+00 2.5817340e+00
 2.6232840e+00 2.6654670e+00 2.7082980e+00 2.7517920e+00 2.7959610e+00
 2.8408170e+00 2.8863780e+00 2.9326530e+00 2.9796600e+00 3.0274140e+00
 3.0759270e+00 3.1252200e+00 3.1753050e+00 3.2262030e+00 3.2779230e+00
 3.3304890e+00 3.3839160e+00 3.4382220e+00 3.4934280e+00 3.5495490e+00
 3.6066030e+00 3.6646170e+00 3.7236030e+00 3.7835880e+00 3.8445900e+00
 3.9066300e+00 3.9697320e+00 4.0339200e+00 4.0992150e+00 4.1656410e+00
 4.2332220e+00 4.3019850e+00 4.3719570e+00 4.4431590e+00 4.5156240e+00
 4.5893730e+00 4.6644420e+00 4.7408550e+00 4.8186450e+00 4.8978390e+00
 4.9784730e+00 5.0605740e+00 5.1441780e+00 5.2293210e+00 5.3160330e+00
 5.4043530e+00 5.4943170e+00 5.5859610e+00 5.6793240e+00 5.7744480e+00
 5.8713750e+00 5.9701410e+00 6.0707910e+00 6.1733730e+00 6.2779260e+00
 6.3845010e+00 6.4931460e+00 6.6039060e+00 6.7168350e+00 6.8319840e+00
 6.9494070e+00 7.0691580e+00 7.1912910e+00 7.3158660e+00 7.4429430e+00
 7.5725820e+00 7.7048460e+00 7.8398010e+00 7.9775130e+00 8.1180510e+00
 8.2614840e+00 8.4078840e+00 8.5573260e+00 8.7098910e+00 8.8656510e+00
 9.0246930e+00 9.1870980e+00 9.3529560e+00 9.5223510e+00 9.6953760e+00
 9.8721300e+00 1.0052703e+01 1.0237200e+01 1.0425723e+01 1.0618377e+01
 1.0815276e+01 1.1016528e+01 1.1222253e+01 1.1432571e+01 1.1647605e+01
 1.1867484e+01 1.2092337e+01 1.2322305e+01 1.2557529e+01 1.2798150e+01
 1.3044318e+01 1.3296192e+01 1.3553928e+01 1.3817691e+01 1.4087655e+01
 1.4363997e+01 1.4646891e+01 1.4936535e+01 1.5233115e+01 1.5536838e+01
 1.5847908e+01 1.6166541e+01 1.6492962e+01 1.6827396e+01 1.7170086e+01
 1.7521272e+01 1.7881215e+01 1.8250176e+01 1.8628425e+01 1.9016250e+01
 1.9413942e+01 1.9821801e+01 2.0240142e+01 2.0669295e+01 2.1109593e+01
 2.1561387e+01 2.2025037e+01 2.2500924e+01 2.2989435e+01 2.3490972e+01
 2.4005961e+01 2.4534831e+01 2.5078035e+01 2.5636047e+01 2.6209350e+01
 2.6798451e+01 2.7403875e+01 2.8026171e+01 2.8665903e+01 2.9323665e+01]
2024-03-15 10:51:37,850[INFO] c:[7.07388705e-04 1.41506714e-03 2.12303532e-03 2.83143810e-03
 3.54042035e-03 4.25012693e-03 4.96055786e-03 5.67214773e-03
 6.38475167e-03 7.09880428e-03 7.81416071e-03 8.53111068e-03
 9.24979906e-03 9.97022585e-03 1.06928257e-02 1.14174536e-02
 1.21445443e-02 1.28739529e-02 1.36059691e-02 1.43407378e-02
 1.50784038e-02 1.58192570e-02 1.65631523e-02 1.73103796e-02
 1.80610838e-02 1.88155544e-02 1.95737917e-02 2.03359404e-02
 2.11021453e-02 2.18726963e-02 2.26477382e-02 2.34272710e-02
 2.42115844e-02 2.50008234e-02 2.57951327e-02 2.65946572e-02
 2.73995418e-02 2.82100763e-02 2.90262606e-02 2.98483845e-02
 3.06765928e-02 3.15110304e-02 3.23519871e-02 3.31994628e-02
 3.40537473e-02 3.49149854e-02 3.57833221e-02 3.66590470e-02
 3.75423050e-02 3.84332410e-02 3.93321448e-02 4.02390162e-02
 4.11542900e-02 4.20779661e-02 4.30103342e-02 4.39515393e-02
 4.49018711e-02 4.58616192e-02 4.68307838e-02 4.78096544e-02
 4.87985210e-02 4.97975282e-02 5.08069660e-02 5.18269791e-02
 5.28578572e-02 5.38997453e-02 5.49530779e-02 5.60178551e-02
 5.70945114e-02 5.81831918e-02 5.92841859e-02 6.03977835e-02
 6.15241294e-02 6.26635134e-02 6.38163701e-02 6.49828444e-02
 6.61632260e-02 6.73578045e-02 6.85668699e-02 6.97907118e-02
 7.10296198e-02 7.22838839e-02 7.35537937e-02 7.48397837e-02
 7.61419990e-02 7.74610189e-02 7.87968434e-02 8.01501970e-02
 8.15210795e-02 8.29099256e-02 8.43171699e-02 8.57432470e-02
 8.71884466e-02 8.86530585e-02 9.01375172e-02 9.16422574e-02
 9.31677137e-02 9.47141758e-02 9.62822232e-02 9.78721456e-02
 9.94845224e-02 1.01119644e-01 1.02777943e-01 1.04460002e-01
 1.06166253e-01 1.07897131e-01 1.09653217e-01 1.11434944e-01
 1.13242892e-01 1.15077496e-01 1.16939335e-01 1.18828844e-01
 1.20746747e-01 1.22693623e-01 1.24669907e-01 1.26676324e-01
 1.28713308e-01 1.30781583e-01 1.32881874e-01 1.35014761e-01
 1.37180822e-01 1.39380927e-01 1.41615510e-01 1.43885441e-01
 1.46191444e-01 1.48534099e-01 1.50914419e-01 1.53332985e-01
 1.55790809e-01 1.58288327e-01 1.60826698e-01 1.63406646e-01
 1.66029040e-01 1.68694894e-01 1.71404933e-01 1.74160026e-01
 1.76961477e-01 1.79809864e-01 1.82706493e-01 1.85652232e-01
 1.88648094e-01 1.91695240e-01 1.94794829e-01 1.97947873e-01
 2.01155532e-01 2.04418966e-01 2.07739477e-01 2.11118370e-01
 2.14556659e-01 2.18055936e-01 2.21617218e-01 2.25242241e-01
 2.28932165e-01 2.32688583e-01 2.36512799e-01 2.40406551e-01
 2.44371144e-01 2.48408315e-01 2.52519804e-01 2.56707058e-01
 2.60971962e-01 2.65316253e-01 2.69741670e-01 2.74250095e-01
 2.78843559e-01 2.83524087e-01 2.88293420e-01 2.93153729e-01
 2.98107334e-01 3.03156116e-01 3.08302539e-01 3.13548921e-01
 3.18897434e-01 3.24350687e-01 3.29911142e-01 3.35581406e-01
 3.41364088e-01 3.47261794e-01 3.53277423e-01 3.59413872e-01
 3.65674037e-01 3.72060962e-01 3.78577833e-01 3.85227837e-01
 3.92014307e-01 3.98940574e-01 4.06010115e-01 4.13226552e-01
 4.20593796e-01 4.28115324e-01 4.35795337e-01 4.43637747e-01
 4.51646900e-01 4.59826851e-01 4.68182092e-01 4.76717404e-01
 4.85437133e-01 4.94346348e-01 5.03449975e-01 5.12753086e-01
 5.22261184e-01 5.31979485e-01 5.41913784e-01 5.52069875e-01
 5.62453698e-01 5.73071482e-01 5.83929457e-01 5.95034431e-01
 6.06393213e-01 6.18012612e-01 6.29899871e-01 6.42062669e-01
 6.54508538e-01 6.67245446e-01 6.80281796e-01 6.93626134e-01
 7.07286863e-01 7.21273544e-01 7.35595159e-01 7.50261705e-01
 7.65283031e-01 7.80669568e-01 7.96432182e-01 8.12581737e-01
 8.29129968e-01 8.46088464e-01 8.63469829e-01 8.81286666e-01
 8.99552013e-01 9.18279777e-01 9.37484012e-01 9.57179202e-01
 9.77380561e-01 9.98104022e-01 1.01936567e+00 1.04118244e+00
 1.06357174e+00 1.08655195e+00 1.11014176e+00 1.13436059e+00
 1.15922900e+00 1.18476772e+00 1.21099861e+00 1.23794458e+00
 1.26562893e+00 1.29407615e+00 1.32331160e+00 1.35336179e+00
 1.38425394e+00 1.41601675e+00]
2024-03-15 10:51:37,851[INFO] integrate: 0.004434093222294875, 7.442840286694922e-10
2024-03-15 10:51:37,852[INFO] renormalization constant: 0.9971811490245193
2024-03-15 10:51:37,860[INFO] [698 176  78  44  28  20  14  12   8   8   8   8   8   8   8   8   8   8
   8   8   8   8   8   8   8   8   8   8   8   8   8   8   8   8   8   8
   8   8   8   8   8   8   8   8   8   8   8   8   8   8   8   8   8   8
   8   8   8   8   8   8   8   8   8   8   8   8   8   8   8   8   8   8
   8   8   8   8   8   8   8   8   8   8   8   8   8   8   8   8   8   8
   8   8   8   8   8   8   8   8   8   8   8   8   8   8   8   8   8   8
   8   8   8   8   8   8   8   8   8   8   8   8   8   8   8   8   8   8
   8   8   8   8   8   8   8   8   8   8   8   8   8   8   8   8   8   8
   8   8   8   8   8   8   8   8   8   8   8   8   8   8   8   8   8   8
   8   8   8   8   8   8   8   8   8   8   8   8   8   8   8   8   8   8
   8   8   8   8   8   8   8   8   8   8   8   8   8   8   8   8   8   8
   8   8   8   8   8   8   8   8   8   8   8   8   8   8   8   8   8   8
   8   8   8   8   8   8   8   8   8   8   8   8   8   8   8   8   8   8
   8   8   8   8   8   8   8   8   8   8   8   8   8   8   8   8]
2024-03-15 10:51:37,907[INFO]                                                                                                                ┌[('v_0_p',)]
2024-03-15 10:51:37,907[INFO]                                                                                                  ┌[(('n', 7),)]┤
2024-03-15 10:51:37,907[INFO]                                                                                                  │             └[('v_0_q',)]
2024-03-15 10:51:37,907[INFO]                                                                                    ┌[(('n', 6),)]┤
2024-03-15 10:51:37,907[INFO]                                                                                    │             │             ┌[('v_1_p',)]
2024-03-15 10:51:37,907[INFO]                                                                                    │             └[(('n', 8),)]┤
2024-03-15 10:51:37,907[INFO]                                                                                    │                           └[('v_1_q',)]
2024-03-15 10:51:37,907[INFO]                                                                      ┌[(('n', 5),)]┤
2024-03-15 10:51:37,907[INFO]                                                                      │             │                            ┌[('v_2_p',), ('v_2_q',)]
2024-03-15 10:51:37,907[INFO]                                                                      │             │             ┌[(('n', 10),)]┤
2024-03-15 10:51:37,907[INFO]                                                                      │             │             │              └[('v_3_p',), ('v_3_q',)]
2024-03-15 10:51:37,907[INFO]                                                                      │             └[(('n', 9),)]┤
2024-03-15 10:51:37,908[INFO]                                                                      │                           │              ┌[('v_4_p',), ('v_4_q',)]
2024-03-15 10:51:37,908[INFO]                                                                      │                           └[(('n', 11),)]┤
2024-03-15 10:51:37,908[INFO]                                                                      │                                          └[('v_5_p',), ('v_5_q',)]
2024-03-15 10:51:37,908[INFO]                                                        ┌[(('n', 4),)]┤
2024-03-15 10:51:37,908[INFO]                                                        │             │                                            ┌[('v_6_p',), ('v_6_q',)]
2024-03-15 10:51:37,908[INFO]                                                        │             │                             ┌[(('n', 14),)]┤
2024-03-15 10:51:37,908[INFO]                                                        │             │                             │              └[('v_7_p',), ('v_7_q',)]
2024-03-15 10:51:37,908[INFO]                                                        │             │              ┌[(('n', 13),)]┤
2024-03-15 10:51:37,908[INFO]                                                        │             │              │              │              ┌[('v_8_p',), ('v_8_q',)]
2024-03-15 10:51:37,908[INFO]                                                        │             │              │              └[(('n', 15),)]┤
2024-03-15 10:51:37,908[INFO]                                                        │             │              │                             └[('v_9_p',), ('v_9_q',)]
2024-03-15 10:51:37,908[INFO]                                                        │             └[(('n', 12),)]┤
2024-03-15 10:51:37,908[INFO]                                                        │                            │                             ┌[('v_10_p',), ('v_10_q',)]
2024-03-15 10:51:37,908[INFO]                                                        │                            │              ┌[(('n', 17),)]┤
2024-03-15 10:51:37,908[INFO]                                                        │                            │              │              └[('v_11_p',), ('v_11_q',)]
2024-03-15 10:51:37,908[INFO]                                                        │                            └[(('n', 16),)]┤
2024-03-15 10:51:37,908[INFO]                                                        │                                           │              ┌[('v_12_p',), ('v_12_q',)]
2024-03-15 10:51:37,908[INFO]                                                        │                                           └[(('n', 18),)]┤
2024-03-15 10:51:37,908[INFO]                                                        │                                                          └[('v_13_p',), ('v_13_q',)]
2024-03-15 10:51:37,908[INFO]                                          ┌[(('n', 3),)]┤
2024-03-15 10:51:37,908[INFO]                                          │             │                                                           ┌[('v_14_p',), ('v_14_q',)]
2024-03-15 10:51:37,908[INFO]                                          │             │                                            ┌[(('n', 22),)]┤
2024-03-15 10:51:37,908[INFO]                                          │             │                                            │              └[('v_15_p',), ('v_15_q',)]
2024-03-15 10:51:37,908[INFO]                                          │             │                             ┌[(('n', 21),)]┤
2024-03-15 10:51:37,908[INFO]                                          │             │                             │              │              ┌[('v_16_p',), ('v_16_q',)]
2024-03-15 10:51:37,908[INFO]                                          │             │                             │              └[(('n', 23),)]┤
2024-03-15 10:51:37,908[INFO]                                          │             │                             │                             └[('v_17_p',), ('v_17_q',)]
2024-03-15 10:51:37,908[INFO]                                          │             │              ┌[(('n', 20),)]┤
2024-03-15 10:51:37,908[INFO]                                          │             │              │              │                             ┌[('v_18_p',), ('v_18_q',)]
2024-03-15 10:51:37,909[INFO]                                          │             │              │              │              ┌[(('n', 25),)]┤
2024-03-15 10:51:37,909[INFO]                                          │             │              │              │              │              └[('v_19_p',), ('v_19_q',)]
2024-03-15 10:51:37,909[INFO]                                          │             │              │              └[(('n', 24),)]┤
2024-03-15 10:51:37,909[INFO]                                          │             │              │                             │              ┌[('v_20_p',), ('v_20_q',)]
2024-03-15 10:51:37,909[INFO]                                          │             │              │                             └[(('n', 26),)]┤
2024-03-15 10:51:37,909[INFO]                                          │             │              │                                            └[('v_21_p',), ('v_21_q',)]
2024-03-15 10:51:37,909[INFO]                                          │             └[(('n', 19),)]┤
2024-03-15 10:51:37,909[INFO]                                          │                            │                                            ┌[('v_22_p',), ('v_22_q',)]
2024-03-15 10:51:37,909[INFO]                                          │                            │                             ┌[(('n', 29),)]┤
2024-03-15 10:51:37,909[INFO]                                          │                            │                             │              └[('v_23_p',), ('v_23_q',)]
2024-03-15 10:51:37,909[INFO]                                          │                            │              ┌[(('n', 28),)]┤
2024-03-15 10:51:37,909[INFO]                                          │                            │              │              │              ┌[('v_24_p',), ('v_24_q',)]
2024-03-15 10:51:37,909[INFO]                                          │                            │              │              └[(('n', 30),)]┤
2024-03-15 10:51:37,909[INFO]                                          │                            │              │                             └[('v_25_p',), ('v_25_q',)]
2024-03-15 10:51:37,909[INFO]                                          │                            └[(('n', 27),)]┤
2024-03-15 10:51:37,909[INFO]                                          │                                           │                             ┌[('v_26_p',), ('v_26_q',)]
2024-03-15 10:51:37,909[INFO]                                          │                                           │              ┌[(('n', 32),)]┤
2024-03-15 10:51:37,909[INFO]                                          │                                           │              │              └[('v_27_p',), ('v_27_q',)]
2024-03-15 10:51:37,909[INFO]                                          │                                           └[(('n', 31),)]┤
2024-03-15 10:51:37,909[INFO]                                          │                                                          │              ┌[('v_28_p',), ('v_28_q',)]
2024-03-15 10:51:37,909[INFO]                                          │                                                          └[(('n', 33),)]┤
2024-03-15 10:51:37,909[INFO]                                          │                                                                         └[('v_29_p',), ('v_29_q',)]
2024-03-15 10:51:37,909[INFO]                            ┌[(('n', 2),)]┤
2024-03-15 10:51:37,909[INFO]                            │             │                                                                          ┌[('v_30_p',), ('v_30_q',)]
2024-03-15 10:51:37,909[INFO]                            │             │                                                           ┌[(('n', 38),)]┤
2024-03-15 10:51:37,909[INFO]                            │             │                                                           │              └[('v_31_p',), ('v_31_q',)]
2024-03-15 10:51:37,909[INFO]                            │             │                                            ┌[(('n', 37),)]┤
2024-03-15 10:51:37,909[INFO]                            │             │                                            │              │              ┌[('v_32_p',), ('v_32_q',)]
2024-03-15 10:51:37,909[INFO]                            │             │                                            │              └[(('n', 39),)]┤
2024-03-15 10:51:37,910[INFO]                            │             │                                            │                             └[('v_33_p',), ('v_33_q',)]
2024-03-15 10:51:37,910[INFO]                            │             │                             ┌[(('n', 36),)]┤
2024-03-15 10:51:37,910[INFO]                            │             │                             │              │                             ┌[('v_34_p',), ('v_34_q',)]
2024-03-15 10:51:37,910[INFO]                            │             │                             │              │              ┌[(('n', 41),)]┤
2024-03-15 10:51:37,910[INFO]                            │             │                             │              │              │              └[('v_35_p',), ('v_35_q',)]
2024-03-15 10:51:37,910[INFO]                            │             │                             │              └[(('n', 40),)]┤
2024-03-15 10:51:37,910[INFO]                            │             │                             │                             │              ┌[('v_36_p',), ('v_36_q',)]
2024-03-15 10:51:37,910[INFO]                            │             │                             │                             └[(('n', 42),)]┤
2024-03-15 10:51:37,910[INFO]                            │             │                             │                                            └[('v_37_p',), ('v_37_q',)]
2024-03-15 10:51:37,910[INFO]                            │             │              ┌[(('n', 35),)]┤
2024-03-15 10:51:37,910[INFO]                            │             │              │              │                                            ┌[('v_38_p',), ('v_38_q',)]
2024-03-15 10:51:37,910[INFO]                            │             │              │              │                             ┌[(('n', 45),)]┤
2024-03-15 10:51:37,910[INFO]                            │             │              │              │                             │              └[('v_39_p',), ('v_39_q',)]
2024-03-15 10:51:37,910[INFO]                            │             │              │              │              ┌[(('n', 44),)]┤
2024-03-15 10:51:37,910[INFO]                            │             │              │              │              │              │              ┌[('v_40_p',), ('v_40_q',)]
2024-03-15 10:51:37,910[INFO]                            │             │              │              │              │              └[(('n', 46),)]┤
2024-03-15 10:51:37,910[INFO]                            │             │              │              │              │                             └[('v_41_p',), ('v_41_q',)]
2024-03-15 10:51:37,910[INFO]                            │             │              │              └[(('n', 43),)]┤
2024-03-15 10:51:37,910[INFO]                            │             │              │                             │                             ┌[('v_42_p',), ('v_42_q',)]
2024-03-15 10:51:37,910[INFO]                            │             │              │                             │              ┌[(('n', 48),)]┤
2024-03-15 10:51:37,910[INFO]                            │             │              │                             │              │              └[('v_43_p',), ('v_43_q',)]
2024-03-15 10:51:37,910[INFO]                            │             │              │                             └[(('n', 47),)]┤
2024-03-15 10:51:37,910[INFO]                            │             │              │                                            │              ┌[('v_44_p',), ('v_44_q',)]
2024-03-15 10:51:37,910[INFO]                            │             │              │                                            └[(('n', 49),)]┤
2024-03-15 10:51:37,910[INFO]                            │             │              │                                                           └[('v_45_p',), ('v_45_q',)]
2024-03-15 10:51:37,910[INFO]                            │             └[(('n', 34),)]┤
2024-03-15 10:51:37,910[INFO]                            │                            │                                                           ┌[('v_46_p',), ('v_46_q',)]
2024-03-15 10:51:37,910[INFO]                            │                            │                                            ┌[(('n', 53),)]┤
2024-03-15 10:51:37,910[INFO]                            │                            │                                            │              └[('v_47_p',), ('v_47_q',)]
2024-03-15 10:51:37,910[INFO]                            │                            │                             ┌[(('n', 52),)]┤
2024-03-15 10:51:37,911[INFO]                            │                            │                             │              │              ┌[('v_48_p',), ('v_48_q',)]
2024-03-15 10:51:37,911[INFO]                            │                            │                             │              └[(('n', 54),)]┤
2024-03-15 10:51:37,911[INFO]                            │                            │                             │                             └[('v_49_p',), ('v_49_q',)]
2024-03-15 10:51:37,911[INFO]                            │                            │              ┌[(('n', 51),)]┤
2024-03-15 10:51:37,911[INFO]                            │                            │              │              │                             ┌[('v_50_p',), ('v_50_q',)]
2024-03-15 10:51:37,911[INFO]                            │                            │              │              │              ┌[(('n', 56),)]┤
2024-03-15 10:51:37,911[INFO]                            │                            │              │              │              │              └[('v_51_p',), ('v_51_q',)]
2024-03-15 10:51:37,911[INFO]                            │                            │              │              └[(('n', 55),)]┤
2024-03-15 10:51:37,911[INFO]                            │                            │              │                             │              ┌[('v_52_p',), ('v_52_q',)]
2024-03-15 10:51:37,911[INFO]                            │                            │              │                             └[(('n', 57),)]┤
2024-03-15 10:51:37,911[INFO]                            │                            │              │                                            └[('v_53_p',), ('v_53_q',)]
2024-03-15 10:51:37,911[INFO]                            │                            └[(('n', 50),)]┤
2024-03-15 10:51:37,911[INFO]                            │                                           │                                            ┌[('v_54_p',), ('v_54_q',)]
2024-03-15 10:51:37,911[INFO]                            │                                           │                             ┌[(('n', 60),)]┤
2024-03-15 10:51:37,911[INFO]                            │                                           │                             │              └[('v_55_p',), ('v_55_q',)]
2024-03-15 10:51:37,911[INFO]                            │                                           │              ┌[(('n', 59),)]┤
2024-03-15 10:51:37,911[INFO]                            │                                           │              │              │              ┌[('v_56_p',), ('v_56_q',)]
2024-03-15 10:51:37,911[INFO]                            │                                           │              │              └[(('n', 61),)]┤
2024-03-15 10:51:37,911[INFO]                            │                                           │              │                             └[('v_57_p',), ('v_57_q',)]
2024-03-15 10:51:37,911[INFO]                            │                                           └[(('n', 58),)]┤
2024-03-15 10:51:37,911[INFO]                            │                                                          │                             ┌[('v_58_p',), ('v_58_q',)]
2024-03-15 10:51:37,911[INFO]                            │                                                          │              ┌[(('n', 63),)]┤
2024-03-15 10:51:37,911[INFO]                            │                                                          │              │              └[('v_59_p',), ('v_59_q',)]
2024-03-15 10:51:37,911[INFO]                            │                                                          └[(('n', 62),)]┤
2024-03-15 10:51:37,911[INFO]                            │                                                                         └[(('n', 64),)]─[('v_60_p',), ('v_60_q',)]
2024-03-15 10:51:37,911[INFO]              ┌[(('n', 1),)]┤
2024-03-15 10:51:37,911[INFO]              │             │                                                                                         ┌[('v_61_p',), ('v_61_q',)]
2024-03-15 10:51:37,911[INFO]              │             │                                                                          ┌[(('n', 70),)]┤
2024-03-15 10:51:37,912[INFO]              │             │                                                                          │              └[('v_62_p',), ('v_62_q',)]
2024-03-15 10:51:37,912[INFO]              │             │                                                           ┌[(('n', 69),)]┤
2024-03-15 10:51:37,912[INFO]              │             │                                                           │              │              ┌[('v_63_p',), ('v_63_q',)]
2024-03-15 10:51:37,912[INFO]              │             │                                                           │              └[(('n', 71),)]┤
2024-03-15 10:51:37,912[INFO]              │             │                                                           │                             └[('v_64_p',), ('v_64_q',)]
2024-03-15 10:51:37,912[INFO]              │             │                                            ┌[(('n', 68),)]┤
2024-03-15 10:51:37,912[INFO]              │             │                                            │              │                             ┌[('v_65_p',), ('v_65_q',)]
2024-03-15 10:51:37,912[INFO]              │             │                                            │              │              ┌[(('n', 73),)]┤
2024-03-15 10:51:37,912[INFO]              │             │                                            │              │              │              └[('v_66_p',), ('v_66_q',)]
2024-03-15 10:51:37,912[INFO]              │             │                                            │              └[(('n', 72),)]┤
2024-03-15 10:51:37,912[INFO]              │             │                                            │                             │              ┌[('v_67_p',), ('v_67_q',)]
2024-03-15 10:51:37,912[INFO]              │             │                                            │                             └[(('n', 74),)]┤
2024-03-15 10:51:37,912[INFO]              │             │                                            │                                            └[('v_68_p',), ('v_68_q',)]
2024-03-15 10:51:37,912[INFO]              │             │                             ┌[(('n', 67),)]┤
2024-03-15 10:51:37,912[INFO]              │             │                             │              │                                            ┌[('v_69_p',), ('v_69_q',)]
2024-03-15 10:51:37,912[INFO]              │             │                             │              │                             ┌[(('n', 77),)]┤
2024-03-15 10:51:37,912[INFO]              │             │                             │              │                             │              └[('v_70_p',), ('v_70_q',)]
2024-03-15 10:51:37,912[INFO]              │             │                             │              │              ┌[(('n', 76),)]┤
2024-03-15 10:51:37,912[INFO]              │             │                             │              │              │              │              ┌[('v_71_p',), ('v_71_q',)]
2024-03-15 10:51:37,912[INFO]              │             │                             │              │              │              └[(('n', 78),)]┤
2024-03-15 10:51:37,912[INFO]              │             │                             │              │              │                             └[('v_72_p',), ('v_72_q',)]
2024-03-15 10:51:37,912[INFO]              │             │                             │              └[(('n', 75),)]┤
2024-03-15 10:51:37,912[INFO]              │             │                             │                             │                             ┌[('v_73_p',), ('v_73_q',)]
2024-03-15 10:51:37,912[INFO]              │             │                             │                             │              ┌[(('n', 80),)]┤
2024-03-15 10:51:37,912[INFO]              │             │                             │                             │              │              └[('v_74_p',), ('v_74_q',)]
2024-03-15 10:51:37,912[INFO]              │             │                             │                             └[(('n', 79),)]┤
2024-03-15 10:51:37,912[INFO]              │             │                             │                                            │              ┌[('v_75_p',), ('v_75_q',)]
2024-03-15 10:51:37,912[INFO]              │             │                             │                                            └[(('n', 81),)]┤
2024-03-15 10:51:37,912[INFO]              │             │                             │                                                           └[('v_76_p',), ('v_76_q',)]
2024-03-15 10:51:37,912[INFO]              │             │              ┌[(('n', 66),)]┤
2024-03-15 10:51:37,913[INFO]              │             │              │              │                                                           ┌[('v_77_p',), ('v_77_q',)]
2024-03-15 10:51:37,913[INFO]              │             │              │              │                                            ┌[(('n', 85),)]┤
2024-03-15 10:51:37,913[INFO]              │             │              │              │                                            │              └[('v_78_p',), ('v_78_q',)]
2024-03-15 10:51:37,913[INFO]              │             │              │              │                             ┌[(('n', 84),)]┤
2024-03-15 10:51:37,913[INFO]              │             │              │              │                             │              │              ┌[('v_79_p',), ('v_79_q',)]
2024-03-15 10:51:37,913[INFO]              │             │              │              │                             │              └[(('n', 86),)]┤
2024-03-15 10:51:37,913[INFO]              │             │              │              │                             │                             └[('v_80_p',), ('v_80_q',)]
2024-03-15 10:51:37,913[INFO]              │             │              │              │              ┌[(('n', 83),)]┤
2024-03-15 10:51:37,913[INFO]              │             │              │              │              │              │                             ┌[('v_81_p',), ('v_81_q',)]
2024-03-15 10:51:37,913[INFO]              │             │              │              │              │              │              ┌[(('n', 88),)]┤
2024-03-15 10:51:37,913[INFO]              │             │              │              │              │              │              │              └[('v_82_p',), ('v_82_q',)]
2024-03-15 10:51:37,913[INFO]              │             │              │              │              │              └[(('n', 87),)]┤
2024-03-15 10:51:37,913[INFO]              │             │              │              │              │                             │              ┌[('v_83_p',), ('v_83_q',)]
2024-03-15 10:51:37,913[INFO]              │             │              │              │              │                             └[(('n', 89),)]┤
2024-03-15 10:51:37,913[INFO]              │             │              │              │              │                                            └[('v_84_p',), ('v_84_q',)]
2024-03-15 10:51:37,913[INFO]              │             │              │              └[(('n', 82),)]┤
2024-03-15 10:51:37,913[INFO]              │             │              │                             │                                            ┌[('v_85_p',), ('v_85_q',)]
2024-03-15 10:51:37,913[INFO]              │             │              │                             │                             ┌[(('n', 92),)]┤
2024-03-15 10:51:37,913[INFO]              │             │              │                             │                             │              └[('v_86_p',), ('v_86_q',)]
2024-03-15 10:51:37,913[INFO]              │             │              │                             │              ┌[(('n', 91),)]┤
2024-03-15 10:51:37,913[INFO]              │             │              │                             │              │              │              ┌[('v_87_p',), ('v_87_q',)]
2024-03-15 10:51:37,913[INFO]              │             │              │                             │              │              └[(('n', 93),)]┤
2024-03-15 10:51:37,913[INFO]              │             │              │                             │              │                             └[('v_88_p',), ('v_88_q',)]
2024-03-15 10:51:37,913[INFO]              │             │              │                             └[(('n', 90),)]┤
2024-03-15 10:51:37,913[INFO]              │             │              │                                            │                             ┌[('v_89_p',), ('v_89_q',)]
2024-03-15 10:51:37,913[INFO]              │             │              │                                            │              ┌[(('n', 95),)]┤
2024-03-15 10:51:37,913[INFO]              │             │              │                                            │              │              └[('v_90_p',), ('v_90_q',)]
2024-03-15 10:51:37,913[INFO]              │             │              │                                            └[(('n', 94),)]┤
2024-03-15 10:51:37,913[INFO]              │             │              │                                                           │              ┌[('v_91_p',), ('v_91_q',)]
2024-03-15 10:51:37,914[INFO]              │             │              │                                                           └[(('n', 96),)]┤
2024-03-15 10:51:37,914[INFO]              │             │              │                                                                          └[('v_92_p',), ('v_92_q',)]
2024-03-15 10:51:37,914[INFO]              │             └[(('n', 65),)]┤
2024-03-15 10:51:37,914[INFO]              │                            │                                                                            ┌[('v_93_p',), ('v_93_q',)]
2024-03-15 10:51:37,914[INFO]              │                            │                                                            ┌[(('n', 101),)]┤
2024-03-15 10:51:37,914[INFO]              │                            │                                                            │               └[('v_94_p',), ('v_94_q',)]
2024-03-15 10:51:37,914[INFO]              │                            │                                            ┌[(('n', 100),)]┤
2024-03-15 10:51:37,914[INFO]              │                            │                                            │               │               ┌[('v_95_p',), ('v_95_q',)]
2024-03-15 10:51:37,914[INFO]              │                            │                                            │               └[(('n', 102),)]┤
2024-03-15 10:51:37,914[INFO]              │                            │                                            │                               └[('v_96_p',), ('v_96_q',)]
2024-03-15 10:51:37,914[INFO]              │                            │                             ┌[(('n', 99),)]┤
2024-03-15 10:51:37,914[INFO]              │                            │                             │              │                               ┌[('v_97_p',), ('v_97_q',)]
2024-03-15 10:51:37,914[INFO]              │                            │                             │              │               ┌[(('n', 104),)]┤
2024-03-15 10:51:37,914[INFO]              │                            │                             │              │               │               └[('v_98_p',), ('v_98_q',)]
2024-03-15 10:51:37,914[INFO]              │                            │                             │              └[(('n', 103),)]┤
2024-03-15 10:51:37,914[INFO]              │                            │                             │                              │               ┌[('v_99_p',), ('v_99_q',)]
2024-03-15 10:51:37,914[INFO]              │                            │                             │                              └[(('n', 105),)]┤
2024-03-15 10:51:37,914[INFO]              │                            │                             │                                              └[('v_100_p',), ('v_100_q',)]
2024-03-15 10:51:37,914[INFO]              │                            │              ┌[(('n', 98),)]┤
2024-03-15 10:51:37,914[INFO]              │                            │              │              │                                               ┌[('v_101_p',), ('v_101_q',)]
2024-03-15 10:51:37,914[INFO]              │                            │              │              │                               ┌[(('n', 108),)]┤
2024-03-15 10:51:37,914[INFO]              │                            │              │              │                               │               └[('v_102_p',), ('v_102_q',)]
2024-03-15 10:51:37,914[INFO]              │                            │              │              │               ┌[(('n', 107),)]┤
2024-03-15 10:51:37,914[INFO]              │                            │              │              │               │               │               ┌[('v_103_p',), ('v_103_q',)]
2024-03-15 10:51:37,914[INFO]              │                            │              │              │               │               └[(('n', 109),)]┤
2024-03-15 10:51:37,914[INFO]              │                            │              │              │               │                               └[('v_104_p',), ('v_104_q',)]
2024-03-15 10:51:37,914[INFO]              │                            │              │              └[(('n', 106),)]┤
2024-03-15 10:51:37,914[INFO]              │                            │              │                              │                               ┌[('v_105_p',), ('v_105_q',)]
2024-03-15 10:51:37,914[INFO]              │                            │              │                              │               ┌[(('n', 111),)]┤
2024-03-15 10:51:37,914[INFO]              │                            │              │                              │               │               └[('v_106_p',), ('v_106_q',)]
2024-03-15 10:51:37,915[INFO]              │                            │              │                              └[(('n', 110),)]┤
2024-03-15 10:51:37,915[INFO]              │                            │              │                                              │               ┌[('v_107_p',), ('v_107_q',)]
2024-03-15 10:51:37,915[INFO]              │                            │              │                                              └[(('n', 112),)]┤
2024-03-15 10:51:37,915[INFO]              │                            │              │                                                              └[('v_108_p',), ('v_108_q',)]
2024-03-15 10:51:37,915[INFO]              │                            └[(('n', 97),)]┤
2024-03-15 10:51:37,915[INFO]              │                                           │                                                               ┌[('v_109_p',), ('v_109_q',)]
2024-03-15 10:51:37,915[INFO]              │                                           │                                               ┌[(('n', 116),)]┤
2024-03-15 10:51:37,915[INFO]              │                                           │                                               │               └[('v_110_p',), ('v_110_q',)]
2024-03-15 10:51:37,915[INFO]              │                                           │                               ┌[(('n', 115),)]┤
2024-03-15 10:51:37,915[INFO]              │                                           │                               │               │               ┌[('v_111_p',), ('v_111_q',)]
2024-03-15 10:51:37,915[INFO]              │                                           │                               │               └[(('n', 117),)]┤
2024-03-15 10:51:37,915[INFO]              │                                           │                               │                               └[('v_112_p',), ('v_112_q',)]
2024-03-15 10:51:37,915[INFO]              │                                           │               ┌[(('n', 114),)]┤
2024-03-15 10:51:37,915[INFO]              │                                           │               │               │                               ┌[('v_113_p',), ('v_113_q',)]
2024-03-15 10:51:37,915[INFO]              │                                           │               │               │               ┌[(('n', 119),)]┤
2024-03-15 10:51:37,915[INFO]              │                                           │               │               │               │               └[('v_114_p',), ('v_114_q',)]
2024-03-15 10:51:37,915[INFO]              │                                           │               │               └[(('n', 118),)]┤
2024-03-15 10:51:37,915[INFO]              │                                           │               │                               │               ┌[('v_115_p',), ('v_115_q',)]
2024-03-15 10:51:37,915[INFO]              │                                           │               │                               └[(('n', 120),)]┤
2024-03-15 10:51:37,915[INFO]              │                                           │               │                                               └[('v_116_p',), ('v_116_q',)]
2024-03-15 10:51:37,915[INFO]              │                                           └[(('n', 113),)]┤
2024-03-15 10:51:37,915[INFO]              │                                                           │                                               ┌[('v_117_p',), ('v_117_q',)]
2024-03-15 10:51:37,915[INFO]              │                                                           │                               ┌[(('n', 123),)]┤
2024-03-15 10:51:37,915[INFO]              │                                                           │                               │               └[('v_118_p',), ('v_118_q',)]
2024-03-15 10:51:37,915[INFO]              │                                                           │               ┌[(('n', 122),)]┤
2024-03-15 10:51:37,915[INFO]              │                                                           │               │               │               ┌[('v_119_p',), ('v_119_q',)]
2024-03-15 10:51:37,915[INFO]              │                                                           │               │               └[(('n', 124),)]┤
2024-03-15 10:51:37,915[INFO]              │                                                           │               │                               └[('v_120_p',), ('v_120_q',)]
2024-03-15 10:51:37,916[INFO]              │                                                           └[(('n', 121),)]┤
2024-03-15 10:51:37,916[INFO]              │                                                                           │                               ┌[('v_121_p',), ('v_121_q',)]
2024-03-15 10:51:37,916[INFO]              │                                                                           │               ┌[(('n', 126),)]┤
2024-03-15 10:51:37,916[INFO]              │                                                                           │               │               └[('v_122_p',), ('v_122_q',)]
2024-03-15 10:51:37,916[INFO]              │                                                                           └[(('n', 125),)]┤
2024-03-15 10:51:37,916[INFO]              │                                                                                           └[(('n', 127),)]─[('v_123_p',), ('v_123_q',)]
2024-03-15 10:51:37,916[INFO]              │                                                                                                               ┌[('v_124_p',), ('v_124_q',)]
2024-03-15 10:51:37,916[INFO]              │                                                                                               ┌[(('n', 134),)]┤
2024-03-15 10:51:37,916[INFO]              │                                                                                               │               └[('v_125_p',), ('v_125_q',)]
2024-03-15 10:51:37,916[INFO]              │                                                                               ┌[(('n', 133),)]┤
2024-03-15 10:51:37,916[INFO]              │                                                                               │               │               ┌[('v_126_p',), ('v_126_q',)]
2024-03-15 10:51:37,916[INFO]              │                                                                               │               └[(('n', 135),)]┤
2024-03-15 10:51:37,916[INFO]              │                                                                               │                               └[('v_127_p',), ('v_127_q',)]
2024-03-15 10:51:37,916[INFO]              │                                                               ┌[(('n', 132),)]┤
2024-03-15 10:51:37,916[INFO]              │                                                               │               │                               ┌[('v_128_p',), ('v_128_q',)]
2024-03-15 10:51:37,916[INFO]              │                                                               │               │               ┌[(('n', 137),)]┤
2024-03-15 10:51:37,916[INFO]              │                                                               │               │               │               └[('v_129_p',), ('v_129_q',)]
2024-03-15 10:51:37,916[INFO]              │                                                               │               └[(('n', 136),)]┤
2024-03-15 10:51:37,916[INFO]              │                                                               │                               │               ┌[('v_130_p',), ('v_130_q',)]
2024-03-15 10:51:37,916[INFO]              │                                                               │                               └[(('n', 138),)]┤
2024-03-15 10:51:37,916[INFO]              │                                                               │                                               └[('v_131_p',), ('v_131_q',)]
2024-03-15 10:51:37,916[INFO]              │                                               ┌[(('n', 131),)]┤
2024-03-15 10:51:37,916[INFO]              │                                               │               │                                               ┌[('v_132_p',), ('v_132_q',)]
2024-03-15 10:51:37,916[INFO]              │                                               │               │                               ┌[(('n', 141),)]┤
2024-03-15 10:51:37,916[INFO]              │                                               │               │                               │               └[('v_133_p',), ('v_133_q',)]
2024-03-15 10:51:37,916[INFO]              │                                               │               │               ┌[(('n', 140),)]┤
2024-03-15 10:51:37,916[INFO]              │                                               │               │               │               │               ┌[('v_134_p',), ('v_134_q',)]
2024-03-15 10:51:37,916[INFO]              │                                               │               │               │               └[(('n', 142),)]┤
2024-03-15 10:51:37,916[INFO]              │                                               │               │               │                               └[('v_135_p',), ('v_135_q',)]
2024-03-15 10:51:37,916[INFO]              │                                               │               └[(('n', 139),)]┤
2024-03-15 10:51:37,917[INFO]              │                                               │                               │                               ┌[('v_136_p',), ('v_136_q',)]
2024-03-15 10:51:37,917[INFO]              │                                               │                               │               ┌[(('n', 144),)]┤
2024-03-15 10:51:37,917[INFO]              │                                               │                               │               │               └[('v_137_p',), ('v_137_q',)]
2024-03-15 10:51:37,917[INFO]              │                                               │                               └[(('n', 143),)]┤
2024-03-15 10:51:37,917[INFO]              │                                               │                                               │               ┌[('v_138_p',), ('v_138_q',)]
2024-03-15 10:51:37,917[INFO]              │                                               │                                               └[(('n', 145),)]┤
2024-03-15 10:51:37,917[INFO]              │                                               │                                                               └[('v_139_p',), ('v_139_q',)]
2024-03-15 10:51:37,917[INFO]              │                               ┌[(('n', 130),)]┤
2024-03-15 10:51:37,917[INFO]              │                               │               │                                                               ┌[('v_140_p',), ('v_140_q',)]
2024-03-15 10:51:37,917[INFO]              │                               │               │                                               ┌[(('n', 149),)]┤
2024-03-15 10:51:37,917[INFO]              │                               │               │                                               │               └[('v_141_p',), ('v_141_q',)]
2024-03-15 10:51:37,917[INFO]              │                               │               │                               ┌[(('n', 148),)]┤
2024-03-15 10:51:37,917[INFO]              │                               │               │                               │               │               ┌[('v_142_p',), ('v_142_q',)]
2024-03-15 10:51:37,917[INFO]              │                               │               │                               │               └[(('n', 150),)]┤
2024-03-15 10:51:37,917[INFO]              │                               │               │                               │                               └[('v_143_p',), ('v_143_q',)]
2024-03-15 10:51:37,917[INFO]              │                               │               │               ┌[(('n', 147),)]┤
2024-03-15 10:51:37,917[INFO]              │                               │               │               │               │                               ┌[('v_144_p',), ('v_144_q',)]
2024-03-15 10:51:37,917[INFO]              │                               │               │               │               │               ┌[(('n', 152),)]┤
2024-03-15 10:51:37,917[INFO]              │                               │               │               │               │               │               └[('v_145_p',), ('v_145_q',)]
2024-03-15 10:51:37,917[INFO]              │                               │               │               │               └[(('n', 151),)]┤
2024-03-15 10:51:37,917[INFO]              │                               │               │               │                               │               ┌[('v_146_p',), ('v_146_q',)]
2024-03-15 10:51:37,917[INFO]              │                               │               │               │                               └[(('n', 153),)]┤
2024-03-15 10:51:37,917[INFO]              │                               │               │               │                                               └[('v_147_p',), ('v_147_q',)]
2024-03-15 10:51:37,917[INFO]              │                               │               └[(('n', 146),)]┤
2024-03-15 10:51:37,917[INFO]              │                               │                               │                                               ┌[('v_148_p',), ('v_148_q',)]
2024-03-15 10:51:37,917[INFO]              │                               │                               │                               ┌[(('n', 156),)]┤
2024-03-15 10:51:37,917[INFO]              │                               │                               │                               │               └[('v_149_p',), ('v_149_q',)]
2024-03-15 10:51:37,917[INFO]              │                               │                               │               ┌[(('n', 155),)]┤
2024-03-15 10:51:37,917[INFO]              │                               │                               │               │               │               ┌[('v_150_p',), ('v_150_q',)]
2024-03-15 10:51:37,918[INFO]              │                               │                               │               │               └[(('n', 157),)]┤
2024-03-15 10:51:37,918[INFO]              │                               │                               │               │                               └[('v_151_p',), ('v_151_q',)]
2024-03-15 10:51:37,918[INFO]              │                               │                               └[(('n', 154),)]┤
2024-03-15 10:51:37,918[INFO]              │                               │                                               │                               ┌[('v_152_p',), ('v_152_q',)]
2024-03-15 10:51:37,918[INFO]              │                               │                                               │               ┌[(('n', 159),)]┤
2024-03-15 10:51:37,918[INFO]              │                               │                                               │               │               └[('v_153_p',), ('v_153_q',)]
2024-03-15 10:51:37,918[INFO]              │                               │                                               └[(('n', 158),)]┤
2024-03-15 10:51:37,918[INFO]              │                               │                                                               │               ┌[('v_154_p',), ('v_154_q',)]
2024-03-15 10:51:37,918[INFO]              │                               │                                                               └[(('n', 160),)]┤
2024-03-15 10:51:37,918[INFO]              │                               │                                                                               └[('v_155_p',), ('v_155_q',)]
2024-03-15 10:51:37,918[INFO]              │               ┌[(('n', 129),)]┤
2024-03-15 10:51:37,918[INFO]              │               │               │                                                                               ┌[('v_156_p',), ('v_156_q',)]
2024-03-15 10:51:37,918[INFO]              │               │               │                                                               ┌[(('n', 165),)]┤
2024-03-15 10:51:37,918[INFO]              │               │               │                                                               │               └[('v_157_p',), ('v_157_q',)]
2024-03-15 10:51:37,918[INFO]              │               │               │                                               ┌[(('n', 164),)]┤
2024-03-15 10:51:37,918[INFO]              │               │               │                                               │               │               ┌[('v_158_p',), ('v_158_q',)]
2024-03-15 10:51:37,918[INFO]              │               │               │                                               │               └[(('n', 166),)]┤
2024-03-15 10:51:37,918[INFO]              │               │               │                                               │                               └[('v_159_p',), ('v_159_q',)]
2024-03-15 10:51:37,918[INFO]              │               │               │                               ┌[(('n', 163),)]┤
2024-03-15 10:51:37,918[INFO]              │               │               │                               │               │                               ┌[('v_160_p',), ('v_160_q',)]
2024-03-15 10:51:37,918[INFO]              │               │               │                               │               │               ┌[(('n', 168),)]┤
2024-03-15 10:51:37,918[INFO]              │               │               │                               │               │               │               └[('v_161_p',), ('v_161_q',)]
2024-03-15 10:51:37,918[INFO]              │               │               │                               │               └[(('n', 167),)]┤
2024-03-15 10:51:37,918[INFO]              │               │               │                               │                               │               ┌[('v_162_p',), ('v_162_q',)]
2024-03-15 10:51:37,918[INFO]              │               │               │                               │                               └[(('n', 169),)]┤
2024-03-15 10:51:37,918[INFO]              │               │               │                               │                                               └[('v_163_p',), ('v_163_q',)]
2024-03-15 10:51:37,918[INFO]              │               │               │               ┌[(('n', 162),)]┤
2024-03-15 10:51:37,918[INFO]              │               │               │               │               │                                               ┌[('v_164_p',), ('v_164_q',)]
2024-03-15 10:51:37,918[INFO]              │               │               │               │               │                               ┌[(('n', 172),)]┤
2024-03-15 10:51:37,918[INFO]              │               │               │               │               │                               │               └[('v_165_p',), ('v_165_q',)]
2024-03-15 10:51:37,919[INFO]              │               │               │               │               │               ┌[(('n', 171),)]┤
2024-03-15 10:51:37,919[INFO]              │               │               │               │               │               │               │               ┌[('v_166_p',), ('v_166_q',)]
2024-03-15 10:51:37,919[INFO]              │               │               │               │               │               │               └[(('n', 173),)]┤
2024-03-15 10:51:37,919[INFO]              │               │               │               │               │               │                               └[('v_167_p',), ('v_167_q',)]
2024-03-15 10:51:37,919[INFO]              │               │               │               │               └[(('n', 170),)]┤
2024-03-15 10:51:37,919[INFO]              │               │               │               │                               │                               ┌[('v_168_p',), ('v_168_q',)]
2024-03-15 10:51:37,919[INFO]              │               │               │               │                               │               ┌[(('n', 175),)]┤
2024-03-15 10:51:37,919[INFO]              │               │               │               │                               │               │               └[('v_169_p',), ('v_169_q',)]
2024-03-15 10:51:37,919[INFO]              │               │               │               │                               └[(('n', 174),)]┤
2024-03-15 10:51:37,919[INFO]              │               │               │               │                                               │               ┌[('v_170_p',), ('v_170_q',)]
2024-03-15 10:51:37,919[INFO]              │               │               │               │                                               └[(('n', 176),)]┤
2024-03-15 10:51:37,919[INFO]              │               │               │               │                                                               └[('v_171_p',), ('v_171_q',)]
2024-03-15 10:51:37,919[INFO]              │               │               └[(('n', 161),)]┤
2024-03-15 10:51:37,919[INFO]              │               │                               │                                                               ┌[('v_172_p',), ('v_172_q',)]
2024-03-15 10:51:37,919[INFO]              │               │                               │                                               ┌[(('n', 180),)]┤
2024-03-15 10:51:37,919[INFO]              │               │                               │                                               │               └[('v_173_p',), ('v_173_q',)]
2024-03-15 10:51:37,919[INFO]              │               │                               │                               ┌[(('n', 179),)]┤
2024-03-15 10:51:37,919[INFO]              │               │                               │                               │               │               ┌[('v_174_p',), ('v_174_q',)]
2024-03-15 10:51:37,919[INFO]              │               │                               │                               │               └[(('n', 181),)]┤
2024-03-15 10:51:37,919[INFO]              │               │                               │                               │                               └[('v_175_p',), ('v_175_q',)]
2024-03-15 10:51:37,919[INFO]              │               │                               │               ┌[(('n', 178),)]┤
2024-03-15 10:51:37,919[INFO]              │               │                               │               │               │                               ┌[('v_176_p',), ('v_176_q',)]
2024-03-15 10:51:37,919[INFO]              │               │                               │               │               │               ┌[(('n', 183),)]┤
2024-03-15 10:51:37,919[INFO]              │               │                               │               │               │               │               └[('v_177_p',), ('v_177_q',)]
2024-03-15 10:51:37,919[INFO]              │               │                               │               │               └[(('n', 182),)]┤
2024-03-15 10:51:37,919[INFO]              │               │                               │               │                               │               ┌[('v_178_p',), ('v_178_q',)]
2024-03-15 10:51:37,919[INFO]              │               │                               │               │                               └[(('n', 184),)]┤
2024-03-15 10:51:37,919[INFO]              │               │                               │               │                                               └[('v_179_p',), ('v_179_q',)]
2024-03-15 10:51:37,920[INFO]              │               │                               └[(('n', 177),)]┤
2024-03-15 10:51:37,920[INFO]              │               │                                               │                                               ┌[('v_180_p',), ('v_180_q',)]
2024-03-15 10:51:37,920[INFO]              │               │                                               │                               ┌[(('n', 187),)]┤
2024-03-15 10:51:37,920[INFO]              │               │                                               │                               │               └[('v_181_p',), ('v_181_q',)]
2024-03-15 10:51:37,920[INFO]              │               │                                               │               ┌[(('n', 186),)]┤
2024-03-15 10:51:37,920[INFO]              │               │                                               │               │               │               ┌[('v_182_p',), ('v_182_q',)]
2024-03-15 10:51:37,920[INFO]              │               │                                               │               │               └[(('n', 188),)]┤
2024-03-15 10:51:37,920[INFO]              │               │                                               │               │                               └[('v_183_p',), ('v_183_q',)]
2024-03-15 10:51:37,920[INFO]              │               │                                               └[(('n', 185),)]┤
2024-03-15 10:51:37,920[INFO]              │               │                                                               │                               ┌[('v_184_p',), ('v_184_q',)]
2024-03-15 10:51:37,920[INFO]              │               │                                                               │               ┌[(('n', 190),)]┤
2024-03-15 10:51:37,920[INFO]              │               │                                                               │               │               └[('v_185_p',), ('v_185_q',)]
2024-03-15 10:51:37,920[INFO]              │               │                                                               └[(('n', 189),)]┤
2024-03-15 10:51:37,920[INFO]              │               │                                                                               └[(('n', 191),)]─[('v_186_p',), ('v_186_q',)]
2024-03-15 10:51:37,920[INFO] [(('n', 0),)]┼[(('n', 128),)]┤
2024-03-15 10:51:37,921[INFO]              │               │                                                                                               ┌[('v_187_p',), ('v_187_q',)]
2024-03-15 10:51:37,921[INFO]              │               │                                                                               ┌[(('n', 197),)]┤
2024-03-15 10:51:37,921[INFO]              │               │                                                                               │               └[('v_188_p',), ('v_188_q',)]
2024-03-15 10:51:37,921[INFO]              │               │                                                               ┌[(('n', 196),)]┤
2024-03-15 10:51:37,921[INFO]              │               │                                                               │               │               ┌[('v_189_p',), ('v_189_q',)]
2024-03-15 10:51:37,921[INFO]              │               │                                                               │               └[(('n', 198),)]┤
2024-03-15 10:51:37,921[INFO]              │               │                                                               │                               └[('v_190_p',), ('v_190_q',)]
2024-03-15 10:51:37,921[INFO]              │               │                                               ┌[(('n', 195),)]┤
2024-03-15 10:51:37,921[INFO]              │               │                                               │               │                               ┌[('v_191_p',), ('v_191_q',)]
2024-03-15 10:51:37,921[INFO]              │               │                                               │               │               ┌[(('n', 200),)]┤
2024-03-15 10:51:37,921[INFO]              │               │                                               │               │               │               └[('v_192_p',), ('v_192_q',)]
2024-03-15 10:51:37,921[INFO]              │               │                                               │               └[(('n', 199),)]┤
2024-03-15 10:51:37,921[INFO]              │               │                                               │                               │               ┌[('v_193_p',), ('v_193_q',)]
2024-03-15 10:51:37,921[INFO]              │               │                                               │                               └[(('n', 201),)]┤
2024-03-15 10:51:37,921[INFO]              │               │                                               │                                               └[('v_194_p',), ('v_194_q',)]
2024-03-15 10:51:37,921[INFO]              │               │                               ┌[(('n', 194),)]┤
2024-03-15 10:51:37,921[INFO]              │               │                               │               │                                               ┌[('v_195_p',), ('v_195_q',)]
2024-03-15 10:51:37,921[INFO]              │               │                               │               │                               ┌[(('n', 204),)]┤
2024-03-15 10:51:37,921[INFO]              │               │                               │               │                               │               └[('v_196_p',), ('v_196_q',)]
2024-03-15 10:51:37,921[INFO]              │               │                               │               │               ┌[(('n', 203),)]┤
2024-03-15 10:51:37,921[INFO]              │               │                               │               │               │               │               ┌[('v_197_p',), ('v_197_q',)]
2024-03-15 10:51:37,921[INFO]              │               │                               │               │               │               └[(('n', 205),)]┤
2024-03-15 10:51:37,921[INFO]              │               │                               │               │               │                               └[('v_198_p',), ('v_198_q',)]
2024-03-15 10:51:37,921[INFO]              │               │                               │               └[(('n', 202),)]┤
2024-03-15 10:51:37,921[INFO]              │               │                               │                               │                               ┌[('v_199_p',), ('v_199_q',)]
2024-03-15 10:51:37,921[INFO]              │               │                               │                               │               ┌[(('n', 207),)]┤
2024-03-15 10:51:37,921[INFO]              │               │                               │                               │               │               └[('v_200_p',), ('v_200_q',)]
2024-03-15 10:51:37,921[INFO]              │               │                               │                               └[(('n', 206),)]┤
2024-03-15 10:51:37,921[INFO]              │               │                               │                                               │               ┌[('v_201_p',), ('v_201_q',)]
2024-03-15 10:51:37,922[INFO]              │               │                               │                                               └[(('n', 208),)]┤
2024-03-15 10:51:37,922[INFO]              │               │                               │                                                               └[('v_202_p',), ('v_202_q',)]
2024-03-15 10:51:37,922[INFO]              │               │               ┌[(('n', 193),)]┤
2024-03-15 10:51:37,922[INFO]              │               │               │               │                                                               ┌[('v_203_p',), ('v_203_q',)]
2024-03-15 10:51:37,922[INFO]              │               │               │               │                                               ┌[(('n', 212),)]┤
2024-03-15 10:51:37,922[INFO]              │               │               │               │                                               │               └[('v_204_p',), ('v_204_q',)]
2024-03-15 10:51:37,922[INFO]              │               │               │               │                               ┌[(('n', 211),)]┤
2024-03-15 10:51:37,922[INFO]              │               │               │               │                               │               │               ┌[('v_205_p',), ('v_205_q',)]
2024-03-15 10:51:37,922[INFO]              │               │               │               │                               │               └[(('n', 213),)]┤
2024-03-15 10:51:37,922[INFO]              │               │               │               │                               │                               └[('v_206_p',), ('v_206_q',)]
2024-03-15 10:51:37,922[INFO]              │               │               │               │               ┌[(('n', 210),)]┤
2024-03-15 10:51:37,922[INFO]              │               │               │               │               │               │                               ┌[('v_207_p',), ('v_207_q',)]
2024-03-15 10:51:37,922[INFO]              │               │               │               │               │               │               ┌[(('n', 215),)]┤
2024-03-15 10:51:37,922[INFO]              │               │               │               │               │               │               │               └[('v_208_p',), ('v_208_q',)]
2024-03-15 10:51:37,922[INFO]              │               │               │               │               │               └[(('n', 214),)]┤
2024-03-15 10:51:37,922[INFO]              │               │               │               │               │                               │               ┌[('v_209_p',), ('v_209_q',)]
2024-03-15 10:51:37,922[INFO]              │               │               │               │               │                               └[(('n', 216),)]┤
2024-03-15 10:51:37,922[INFO]              │               │               │               │               │                                               └[('v_210_p',), ('v_210_q',)]
2024-03-15 10:51:37,922[INFO]              │               │               │               └[(('n', 209),)]┤
2024-03-15 10:51:37,922[INFO]              │               │               │                               │                                               ┌[('v_211_p',), ('v_211_q',)]
2024-03-15 10:51:37,922[INFO]              │               │               │                               │                               ┌[(('n', 219),)]┤
2024-03-15 10:51:37,922[INFO]              │               │               │                               │                               │               └[('v_212_p',), ('v_212_q',)]
2024-03-15 10:51:37,922[INFO]              │               │               │                               │               ┌[(('n', 218),)]┤
2024-03-15 10:51:37,922[INFO]              │               │               │                               │               │               │               ┌[('v_213_p',), ('v_213_q',)]
2024-03-15 10:51:37,922[INFO]              │               │               │                               │               │               └[(('n', 220),)]┤
2024-03-15 10:51:37,922[INFO]              │               │               │                               │               │                               └[('v_214_p',), ('v_214_q',)]
2024-03-15 10:51:37,922[INFO]              │               │               │                               └[(('n', 217),)]┤
2024-03-15 10:51:37,922[INFO]              │               │               │                                               │                               ┌[('v_215_p',), ('v_215_q',)]
2024-03-15 10:51:37,922[INFO]              │               │               │                                               │               ┌[(('n', 222),)]┤
2024-03-15 10:51:37,923[INFO]              │               │               │                                               │               │               └[('v_216_p',), ('v_216_q',)]
2024-03-15 10:51:37,923[INFO]              │               │               │                                               └[(('n', 221),)]┤
2024-03-15 10:51:37,923[INFO]              │               │               │                                                               │               ┌[('v_217_p',), ('v_217_q',)]
2024-03-15 10:51:37,923[INFO]              │               │               │                                                               └[(('n', 223),)]┤
2024-03-15 10:51:37,923[INFO]              │               │               │                                                                               └[('v_218_p',), ('v_218_q',)]
2024-03-15 10:51:37,923[INFO]              │               └[(('n', 192),)]┤
2024-03-15 10:51:37,923[INFO]              │                               │                                                                               ┌[('v_219_p',), ('v_219_q',)]
2024-03-15 10:51:37,923[INFO]              │                               │                                                               ┌[(('n', 228),)]┤
2024-03-15 10:51:37,923[INFO]              │                               │                                                               │               └[('v_220_p',), ('v_220_q',)]
2024-03-15 10:51:37,923[INFO]              │                               │                                               ┌[(('n', 227),)]┤
2024-03-15 10:51:37,923[INFO]              │                               │                                               │               │               ┌[('v_221_p',), ('v_221_q',)]
2024-03-15 10:51:37,923[INFO]              │                               │                                               │               └[(('n', 229),)]┤
2024-03-15 10:51:37,923[INFO]              │                               │                                               │                               └[('v_222_p',), ('v_222_q',)]
2024-03-15 10:51:37,923[INFO]              │                               │                               ┌[(('n', 226),)]┤
2024-03-15 10:51:37,923[INFO]              │                               │                               │               │                               ┌[('v_223_p',), ('v_223_q',)]
2024-03-15 10:51:37,923[INFO]              │                               │                               │               │               ┌[(('n', 231),)]┤
2024-03-15 10:51:37,923[INFO]              │                               │                               │               │               │               └[('v_224_p',), ('v_224_q',)]
2024-03-15 10:51:37,923[INFO]              │                               │                               │               └[(('n', 230),)]┤
2024-03-15 10:51:37,923[INFO]              │                               │                               │                               │               ┌[('v_225_p',), ('v_225_q',)]
2024-03-15 10:51:37,923[INFO]              │                               │                               │                               └[(('n', 232),)]┤
2024-03-15 10:51:37,923[INFO]              │                               │                               │                                               └[('v_226_p',), ('v_226_q',)]
2024-03-15 10:51:37,923[INFO]              │                               │               ┌[(('n', 225),)]┤
2024-03-15 10:51:37,923[INFO]              │                               │               │               │                                               ┌[('v_227_p',), ('v_227_q',)]
2024-03-15 10:51:37,923[INFO]              │                               │               │               │                               ┌[(('n', 235),)]┤
2024-03-15 10:51:37,923[INFO]              │                               │               │               │                               │               └[('v_228_p',), ('v_228_q',)]
2024-03-15 10:51:37,923[INFO]              │                               │               │               │               ┌[(('n', 234),)]┤
2024-03-15 10:51:37,923[INFO]              │                               │               │               │               │               │               ┌[('v_229_p',), ('v_229_q',)]
2024-03-15 10:51:37,923[INFO]              │                               │               │               │               │               └[(('n', 236),)]┤
2024-03-15 10:51:37,924[INFO]              │                               │               │               │               │                               └[('v_230_p',), ('v_230_q',)]
2024-03-15 10:51:37,924[INFO]              │                               │               │               └[(('n', 233),)]┤
2024-03-15 10:51:37,924[INFO]              │                               │               │                               │                               ┌[('v_231_p',), ('v_231_q',)]
2024-03-15 10:51:37,924[INFO]              │                               │               │                               │               ┌[(('n', 238),)]┤
2024-03-15 10:51:37,924[INFO]              │                               │               │                               │               │               └[('v_232_p',), ('v_232_q',)]
2024-03-15 10:51:37,924[INFO]              │                               │               │                               └[(('n', 237),)]┤
2024-03-15 10:51:37,924[INFO]              │                               │               │                                               │               ┌[('v_233_p',), ('v_233_q',)]
2024-03-15 10:51:37,924[INFO]              │                               │               │                                               └[(('n', 239),)]┤
2024-03-15 10:51:37,924[INFO]              │                               │               │                                                               └[('v_234_p',), ('v_234_q',)]
2024-03-15 10:51:37,924[INFO]              │                               └[(('n', 224),)]┤
2024-03-15 10:51:37,924[INFO]              │                                               │                                                               ┌[('v_235_p',), ('v_235_q',)]
2024-03-15 10:51:37,924[INFO]              │                                               │                                               ┌[(('n', 243),)]┤
2024-03-15 10:51:37,924[INFO]              │                                               │                                               │               └[('v_236_p',), ('v_236_q',)]
2024-03-15 10:51:37,924[INFO]              │                                               │                               ┌[(('n', 242),)]┤
2024-03-15 10:51:37,924[INFO]              │                                               │                               │               │               ┌[('v_237_p',), ('v_237_q',)]
2024-03-15 10:51:37,924[INFO]              │                                               │                               │               └[(('n', 244),)]┤
2024-03-15 10:51:37,924[INFO]              │                                               │                               │                               └[('v_238_p',), ('v_238_q',)]
2024-03-15 10:51:37,924[INFO]              │                                               │               ┌[(('n', 241),)]┤
2024-03-15 10:51:37,924[INFO]              │                                               │               │               │                               ┌[('v_239_p',), ('v_239_q',)]
2024-03-15 10:51:37,924[INFO]              │                                               │               │               │               ┌[(('n', 246),)]┤
2024-03-15 10:51:37,924[INFO]              │                                               │               │               │               │               └[('v_240_p',), ('v_240_q',)]
2024-03-15 10:51:37,924[INFO]              │                                               │               │               └[(('n', 245),)]┤
2024-03-15 10:51:37,924[INFO]              │                                               │               │                               │               ┌[('v_241_p',), ('v_241_q',)]
2024-03-15 10:51:37,924[INFO]              │                                               │               │                               └[(('n', 247),)]┤
2024-03-15 10:51:37,924[INFO]              │                                               │               │                                               └[('v_242_p',), ('v_242_q',)]
2024-03-15 10:51:37,924[INFO]              │                                               └[(('n', 240),)]┤
2024-03-15 10:51:37,924[INFO]              │                                                               │                                               ┌[('v_243_p',), ('v_243_q',)]
2024-03-15 10:51:37,924[INFO]              │                                                               │                               ┌[(('n', 250),)]┤
2024-03-15 10:51:37,924[INFO]              │                                                               │                               │               └[('v_244_p',), ('v_244_q',)]
2024-03-15 10:51:37,925[INFO]              │                                                               │               ┌[(('n', 249),)]┤
2024-03-15 10:51:37,925[INFO]              │                                                               │               │               │               ┌[('v_245_p',), ('v_245_q',)]
2024-03-15 10:51:37,925[INFO]              │                                                               │               │               └[(('n', 251),)]┤
2024-03-15 10:51:37,925[INFO]              │                                                               │               │                               └[('v_246_p',), ('v_246_q',)]
2024-03-15 10:51:37,925[INFO]              │                                                               └[(('n', 248),)]┤
2024-03-15 10:51:37,925[INFO]              │                                                                               │                               ┌[('v_247_p',), ('v_247_q',)]
2024-03-15 10:51:37,925[INFO]              │                                                                               │               ┌[(('n', 253),)]┤
2024-03-15 10:51:37,925[INFO]              │                                                                               │               │               └[('v_248_p',), ('v_248_q',)]
2024-03-15 10:51:37,925[INFO]              │                                                                               └[(('n', 252),)]┤
2024-03-15 10:51:37,925[INFO]              │                                                                                               └[(('n', 254),)]─[('v_249_p',), ('v_249_q',)]
2024-03-15 10:51:37,925[INFO]              └[('spin',)]
2024-03-15 10:51:37,964[DEBUG] # of operator terms: 1502
2024-03-15 10:51:59,279[DEBUG] # of operator terms: 1
2024-03-15 10:52:00,636[DEBUG] # of operator terms: 1
2024-03-15 10:52:02,048[DEBUG] target for expander: 111
2024-03-15 10:52:02,048[DEBUG] average bond dimension of hint mpo: 3
2024-03-15 10:52:04,830[DEBUG] cumulated bond dimension: 1. lastone bond dimension: [1, 1, 1, 1, 1, 1, 1, 1, 1, 1, 1, 1, 1, 1, 1, 1, 1, 1, 1, 1, 1, 1, 1, 1, 1, 1, 1, 1, 1, 1, 1, 1, 1, 1, 1, 1, 1, 1, 1, 1, 1, 1, 1, 1, 1, 1, 1, 1, 1, 1, 1, 1, 1, 1, 1, 1, 1, 1, 1, 1, 1, 1, 1, 1, 1, 1, 1, 1, 1, 1, 1, 1, 1, 1, 1, 1, 1, 1, 1, 1, 1, 1, 1, 1, 1, 1, 1, 1, 1, 1, 1, 1, 1, 1, 1, 1, 1, 1, 1, 1, 1, 1, 1, 1, 1, 1, 1, 1, 1, 1, 1, 1, 1, 1, 1, 1, 1, 1, 1, 1, 1, 1, 1, 1, 1, 1, 1, 1, 1, 1, 1, 1, 1, 1, 1, 1, 1, 1, 1, 1, 1, 1, 1, 1, 1, 1, 1, 1, 1, 1, 1, 1, 1, 1, 1, 1, 1, 1, 1, 1, 1, 1, 1, 1, 1, 1, 1, 1, 1, 1, 1, 1, 1, 1, 1, 1, 1, 1, 1, 1, 1, 1, 1, 1, 1, 1, 1, 1, 1, 1, 1, 1, 1, 1, 1, 1, 1, 1, 1, 1, 1, 1, 1, 1, 1, 1, 1, 1, 1, 1, 1, 1, 1, 1, 1, 1, 1, 1, 1, 1, 1, 1, 1, 1, 1, 1, 1, 1, 1, 1, 1, 1, 1, 1, 1, 1, 1, 1, 1, 1, 1, 1, 1, 1, 1, 1, 1, 1, 1, 1, 1, 1, 1, 1, 1, 1, 1, 1, 1, 1, 1, 1, 1, 1, 1, 1, 1, 1, 1, 1, 1, 1, 1, 1, 1, 1, 1, 1, 1, 1, 1, 1, 1, 1, 1, 1, 1, 1, 1, 1, 1, 1, 1, 1, 1, 1, 1, 1, 1, 1, 1, 1, 1, 1, 1, 1, 1, 1, 1, 1, 1, 1, 1, 1, 1, 1, 1, 1, 1, 1, 1, 1, 1, 1, 1, 1, 1, 1, 1, 1, 1, 1, 1, 1, 1, 1, 1, 1, 1, 1, 1, 1, 1, 1, 1, 1, 1, 1, 1, 1, 1, 1, 1, 1, 1, 1, 1, 1, 1, 1, 1, 1, 1, 1, 1, 1, 1, 1, 1, 1, 1, 1, 1, 1, 1, 1, 1, 1, 1, 1, 1, 1, 1, 1, 1, 1, 1, 1, 1, 1, 1, 1, 1, 1, 1, 1, 1, 1, 1, 1, 1, 1, 1, 1, 1, 1, 1, 1, 1, 1, 1, 1, 1, 1, 1, 1, 1, 1, 1, 1, 1, 1, 1, 1, 1, 1, 1, 1, 1, 1, 1, 1, 1, 1, 1, 1, 1, 1, 1, 1, 1, 1, 1, 1, 1, 1, 1, 1, 1, 1, 1, 1, 1, 1, 1, 1, 1, 1, 1, 1, 1, 1, 1, 1, 1, 1, 1, 1, 1, 1, 1, 1, 1, 1, 1, 1, 1, 1, 1, 1, 1, 1, 1, 1, 1, 1, 1, 1, 1, 1, 1, 1, 1, 1, 1, 1, 1, 1, 1, 1, 1, 1, 1, 1, 1, 1, 1, 1]
2024-03-15 10:52:06,542[DEBUG] # of operator terms: 1
2024-03-15 10:52:11,468[DEBUG] cumulated bond dimension: 4. lastone bond dimension: [1, 3, 3, 3, 3, 3, 3, 3, 3, 3, 3, 3, 3, 3, 3, 3, 3, 3, 3, 3, 3, 3, 3, 3, 3, 3, 3, 3, 3, 3, 3, 3, 3, 3, 3, 3, 3, 3, 3, 3, 3, 3, 3, 3, 3, 3, 3, 3, 3, 3, 3, 3, 3, 3, 3, 3, 3, 3, 3, 3, 3, 3, 3, 3, 3, 3, 3, 3, 3, 3, 3, 3, 3, 3, 3, 3, 3, 3, 3, 3, 3, 3, 3, 3, 3, 3, 3, 3, 3, 3, 3, 3, 3, 3, 3, 3, 3, 3, 3, 3, 3, 3, 3, 3, 3, 3, 3, 3, 3, 3, 3, 3, 3, 3, 3, 3, 3, 3, 3, 3, 3, 3, 3, 3, 3, 3, 3, 3, 3, 3, 3, 3, 3, 3, 3, 3, 3, 3, 3, 3, 3, 3, 3, 3, 3, 3, 3, 3, 3, 3, 3, 3, 3, 3, 3, 3, 3, 3, 3, 3, 3, 3, 3, 3, 3, 3, 3, 3, 3, 3, 3, 3, 3, 3, 3, 3, 3, 3, 3, 3, 3, 3, 3, 3, 3, 3, 3, 3, 3, 3, 3, 3, 3, 3, 3, 3, 3, 3, 3, 3, 3, 3, 3, 3, 3, 3, 3, 3, 3, 3, 3, 3, 3, 3, 3, 3, 3, 3, 3, 3, 3, 3, 3, 3, 3, 3, 3, 3, 3, 3, 3, 3, 3, 3, 3, 3, 3, 3, 3, 3, 3, 3, 3, 3, 3, 3, 3, 3, 3, 3, 3, 3, 3, 3, 3, 3, 3, 3, 3, 3, 3, 3, 3, 3, 3, 3, 3, 3, 3, 3, 3, 3, 3, 3, 3, 3, 3, 3, 3, 3, 3, 3, 3, 3, 3, 3, 3, 3, 3, 3, 3, 3, 3, 3, 3, 3, 3, 3, 3, 3, 3, 3, 3, 3, 3, 3, 3, 3, 3, 3, 3, 3, 3, 3, 3, 3, 3, 3, 3, 3, 3, 3, 3, 3, 3, 3, 3, 3, 3, 3, 3, 3, 3, 3, 3, 3, 3, 3, 3, 3, 3, 3, 3, 3, 3, 3, 3, 3, 3, 3, 3, 3, 3, 3, 3, 3, 3, 3, 3, 3, 3, 3, 3, 3, 3, 3, 3, 3, 3, 3, 3, 3, 3, 3, 3, 3, 3, 3, 3, 3, 3, 3, 3, 3, 3, 3, 3, 3, 3, 3, 3, 3, 3, 3, 3, 3, 3, 3, 3, 3, 3, 3, 3, 3, 3, 3, 3, 3, 3, 3, 3, 3, 3, 3, 3, 3, 3, 3, 3, 3, 3, 3, 3, 3, 3, 3, 3, 3, 3, 3, 3, 3, 3, 3, 3, 3, 3, 3, 3, 3, 3, 3, 3, 3, 3, 3, 3, 3, 3, 3, 3, 3, 3, 3, 3, 3, 3, 3, 3, 3, 3, 3, 3, 3, 3, 3, 3, 3, 3, 3, 3, 3, 3, 3, 3, 3, 3, 3, 3, 3, 3, 3, 3, 3, 3, 3, 3, 3, 3, 3, 3, 3, 3, 3, 3, 3, 3, 3, 3, 3, 3, 3, 3, 3, 3, 3, 3, 3]
2024-03-15 10:52:17,251[DEBUG] cumulated bond dimension: 13. lastone bond dimension: [1, 9, 9, 9, 9, 9, 9, 9, 9, 9, 9, 9, 9, 9, 9, 9, 9, 9, 9, 9, 9, 9, 9, 9, 9, 9, 9, 9, 9, 9, 9, 9, 9, 9, 9, 9, 9, 9, 9, 9, 9, 9, 9, 9, 9, 9, 9, 9, 9, 9, 9, 9, 9, 9, 9, 9, 9, 9, 9, 9, 9, 9, 9, 9, 9, 9, 9, 9, 9, 9, 9, 9, 9, 9, 9, 9, 9, 9, 9, 9, 9, 9, 9, 9, 9, 9, 9, 9, 9, 9, 9, 9, 9, 9, 9, 9, 9, 9, 9, 9, 9, 9, 9, 9, 9, 9, 9, 9, 9, 9, 9, 9, 9, 9, 9, 9, 9, 9, 9, 9, 9, 9, 9, 9, 9, 9, 9, 9, 9, 9, 9, 9, 9, 9, 9, 9, 9, 9, 9, 9, 9, 9, 9, 9, 9, 9, 9, 9, 9, 9, 9, 9, 9, 9, 9, 9, 9, 9, 9, 9, 9, 9, 9, 9, 9, 9, 9, 9, 9, 9, 9, 9, 9, 9, 9, 9, 9, 9, 9, 9, 9, 9, 9, 9, 9, 9, 9, 9, 9, 9, 9, 9, 9, 9, 9, 9, 9, 9, 9, 9, 9, 9, 9, 9, 9, 9, 9, 9, 9, 9, 9, 9, 9, 9, 9, 9, 9, 9, 9, 9, 9, 9, 9, 9, 9, 9, 9, 9, 9, 9, 9, 9, 9, 9, 9, 9, 9, 9, 9, 9, 9, 9, 9, 9, 9, 9, 9, 9, 9, 9, 9, 9, 9, 9, 9, 9, 9, 9, 9, 9, 9, 9, 9, 9, 9, 9, 9, 9, 9, 9, 9, 9, 9, 9, 9, 9, 9, 9, 9, 9, 9, 9, 9, 9, 9, 9, 9, 9, 9, 9, 9, 9, 9, 9, 9, 9, 9, 9, 9, 9, 9, 9, 9, 9, 9, 9, 9, 9, 9, 9, 9, 9, 9, 9, 9, 9, 9, 9, 9, 9, 9, 9, 9, 9, 9, 9, 9, 9, 9, 9, 9, 9, 9, 9, 9, 9, 9, 9, 9, 9, 9, 9, 9, 9, 9, 9, 9, 9, 9, 9, 9, 9, 9, 9, 9, 9, 9, 9, 9, 9, 9, 9, 9, 9, 9, 9, 9, 9, 9, 9, 9, 9, 9, 9, 9, 9, 9, 9, 9, 9, 9, 9, 9, 9, 9, 9, 9, 9, 9, 9, 9, 9, 9, 9, 9, 9, 9, 9, 9, 9, 9, 9, 9, 9, 9, 9, 9, 9, 9, 9, 9, 9, 9, 9, 9, 9, 9, 9, 9, 9, 9, 9, 9, 9, 9, 9, 9, 9, 9, 9, 9, 9, 9, 9, 9, 9, 9, 9, 9, 9, 9, 9, 9, 9, 9, 9, 9, 9, 9, 9, 9, 9, 9, 9, 9, 9, 9, 9, 9, 9, 9, 9, 9, 9, 9, 9, 9, 9, 9, 9, 9, 9, 9, 9, 9, 9, 9, 9, 9, 9, 9, 9, 9, 9, 9, 9, 9, 9, 9, 9, 9, 9, 9, 9, 9, 9, 9, 9, 9, 9, 9, 9, 9, 9, 9, 9, 9, 9]
2024-03-15 10:52:27,885[DEBUG] cumulated bond dimension: 40. lastone bond dimension: [1, 27, 27, 27, 27, 27, 27, 27, 27, 27, 27, 27, 27, 27, 27, 27, 27, 27, 27, 27, 27, 27, 27, 27, 27, 27, 27, 27, 27, 27, 27, 27, 27, 27, 27, 27, 27, 27, 27, 27, 27, 27, 27, 27, 27, 27, 27, 27, 27, 27, 27, 27, 27, 27, 27, 27, 27, 27, 27, 27, 27, 27, 27, 27, 27, 27, 27, 27, 27, 27, 27, 27, 27, 27, 27, 27, 27, 27, 27, 27, 27, 27, 27, 27, 27, 27, 27, 27, 27, 27, 27, 27, 27, 27, 27, 27, 27, 27, 27, 27, 27, 27, 27, 27, 27, 27, 27, 27, 27, 27, 27, 27, 27, 27, 27, 27, 27, 27, 27, 27, 27, 27, 27, 27, 27, 27, 27, 27, 27, 27, 27, 27, 27, 27, 27, 27, 27, 27, 27, 27, 27, 27, 27, 27, 27, 27, 27, 27, 27, 27, 27, 27, 27, 27, 27, 27, 27, 27, 27, 27, 27, 27, 27, 27, 27, 27, 27, 27, 27, 27, 27, 27, 27, 27, 27, 27, 27, 27, 27, 27, 27, 27, 27, 27, 27, 27, 27, 27, 27, 27, 27, 27, 27, 27, 27, 27, 27, 27, 27, 27, 27, 27, 27, 27, 27, 27, 27, 27, 27, 27, 27, 27, 27, 27, 27, 27, 27, 27, 27, 27, 27, 27, 27, 27, 27, 27, 27, 27, 27, 27, 27, 27, 27, 27, 27, 27, 27, 27, 27, 27, 27, 27, 27, 27, 27, 27, 27, 27, 27, 27, 27, 27, 27, 27, 27, 27, 27, 27, 27, 27, 27, 27, 27, 27, 27, 27, 27, 27, 27, 27, 27, 27, 27, 27, 27, 27, 27, 27, 27, 27, 27, 27, 27, 27, 27, 27, 27, 27, 27, 27, 27, 27, 27, 27, 27, 27, 27, 27, 27, 27, 27, 27, 27, 27, 27, 27, 27, 27, 27, 27, 27, 27, 27, 27, 27, 27, 27, 27, 27, 27, 27, 27, 27, 27, 27, 27, 27, 27, 27, 27, 27, 27, 27, 27, 27, 27, 27, 27, 27, 27, 27, 27, 27, 27, 27, 27, 27, 27, 27, 27, 27, 27, 27, 27, 27, 27, 27, 27, 27, 27, 27, 27, 27, 27, 27, 27, 27, 27, 27, 27, 27, 27, 27, 27, 27, 27, 27, 27, 27, 27, 27, 27, 27, 27, 27, 27, 27, 27, 27, 27, 27, 27, 27, 27, 27, 27, 27, 27, 27, 27, 27, 27, 27, 27, 27, 27, 27, 27, 27, 27, 27, 27, 27, 27, 27, 27, 27, 27, 27, 27, 27, 27, 27, 27, 27, 27, 27, 27, 27, 27, 27, 27, 27, 27, 27, 27, 27, 27, 27, 27, 27, 27, 27, 27, 27, 27, 27, 27, 27, 27, 27, 27, 27, 27, 27, 27, 27, 27, 27, 27, 27, 27, 27, 27, 27, 27, 27, 27, 27, 27, 27, 27, 27, 27, 27, 27, 27, 27, 27, 27, 27, 27, 27, 27, 27, 27, 27, 27, 27, 27, 27, 27, 27, 27, 27, 27, 27, 27, 27, 27, 27, 27, 27, 27, 27, 27, 27, 27]
2024-03-15 10:53:50,679[DEBUG] cumulated bond dimension: 88. lastone bond dimension: [1, 81, 81, 81, 81, 81, 81, 81, 81, 81, 81, 81, 81, 81, 81, 81, 81, 81, 81, 81, 81, 81, 81, 81, 81, 81, 81, 81, 81, 81, 81, 81, 81, 81, 81, 81, 81, 81, 81, 81, 81, 81, 81, 81, 81, 81, 81, 81, 81, 81, 81, 81, 81, 81, 81, 81, 81, 81, 81, 81, 81, 81, 81, 81, 81, 81, 81, 81, 81, 81, 81, 81, 81, 81, 81, 81, 81, 81, 81, 81, 81, 81, 81, 81, 81, 81, 81, 81, 81, 81, 81, 81, 81, 81, 81, 81, 81, 81, 81, 81, 81, 81, 81, 81, 81, 81, 81, 81, 81, 81, 81, 81, 81, 81, 81, 81, 81, 81, 81, 81, 81, 81, 81, 81, 81, 81, 81, 81, 81, 81, 81, 81, 81, 81, 81, 81, 81, 81, 81, 81, 81, 81, 81, 81, 81, 81, 81, 81, 81, 81, 81, 81, 81, 81, 81, 81, 81, 81, 81, 81, 81, 81, 81, 81, 81, 81, 81, 81, 81, 81, 81, 81, 81, 81, 81, 81, 81, 81, 81, 81, 81, 81, 81, 81, 81, 81, 81, 81, 81, 81, 81, 81, 81, 81, 81, 81, 81, 81, 81, 81, 81, 81, 81, 81, 81, 81, 81, 81, 81, 81, 81, 81, 81, 81, 81, 81, 81, 81, 81, 81, 81, 81, 81, 81, 81, 81, 81, 81, 81, 81, 81, 81, 81, 81, 81, 81, 81, 81, 81, 81, 81, 81, 81, 81, 81, 81, 81, 81, 81, 81, 81, 81, 81, 81, 81, 81, 81, 81, 81, 81, 81, 81, 81, 81, 81, 81, 81, 81, 81, 81, 81, 81, 81, 81, 81, 81, 81, 81, 81, 81, 81, 81, 81, 81, 81, 81, 81, 81, 81, 81, 81, 81, 81, 81, 81, 81, 81, 81, 81, 81, 81, 81, 81, 81, 81, 81, 81, 81, 81, 81, 81, 81, 81, 81, 81, 81, 81, 81, 81, 81, 81, 81, 81, 81, 81, 81, 81, 81, 81, 81, 81, 81, 81, 81, 81, 81, 81, 81, 81, 81, 81, 81, 81, 81, 81, 81, 81, 81, 81, 81, 81, 81, 81, 81, 81, 81, 81, 81, 81, 81, 81, 81, 81, 81, 81, 81, 81, 81, 81, 81, 81, 81, 81, 81, 81, 81, 81, 81, 81, 81, 81, 81, 81, 81, 81, 81, 81, 81, 81, 81, 81, 81, 81, 81, 81, 81, 81, 81, 81, 81, 81, 81, 81, 81, 81, 81, 81, 81, 81, 81, 81, 81, 81, 81, 81, 81, 81, 81, 81, 81, 81, 81, 81, 81, 81, 81, 81, 81, 81, 81, 81, 81, 81, 81, 81, 81, 81, 81, 81, 81, 81, 81, 81, 81, 81, 81, 81, 81, 81, 81, 81, 81, 81, 81, 81, 81, 81, 81, 81, 81, 81, 81, 81, 81, 81, 81, 81, 81, 81, 81, 81, 81, 81, 81, 81, 81, 81, 81, 81, 81, 81, 81, 81, 81, 81, 81, 81, 81, 81, 81, 81, 81, 81, 81, 81, 81, 81, 81, 81, 81, 81, 81, 81, 81, 81, 81, 81, 81]
