2024-01-23 11:25:29,494[INFO] w:[ 0.61543317  1.25040714  1.9062036   2.58423463  3.28606103  4.01341391
  4.76822047  5.55263473  6.36907462  7.22026691  8.10930216  9.03970247
 10.01550576 11.04137165 12.12271607 13.26588435 14.47837678 15.76914721
 17.14900464 18.63116408 20.23201823 21.97224577 23.87844937 25.98565968
 28.3413204  31.01194825 34.09496184 37.74139298 42.20426401 47.95790546
 56.06720762 69.93015123]
2024-01-23 11:25:29,494[INFO] c:[0.25579156 0.43530045 0.59721058 0.75032512 0.89847759 1.04384495
 1.18786688 1.33160329 1.47590289 1.62149446 1.76904199 1.91918187
 2.07255084 2.2298097  2.39166572 2.55889629 2.73237583 2.91310866
 3.10227089 3.30126602 3.5118013  3.73599568 3.97653784 4.23692561
 4.52184414 4.83779339 5.19419423 5.60549504 6.09561848 6.70881297
 7.54279361 8.90223141]
2024-01-23 11:25:29,495[INFO] integrate: 0.00026735466843086814, 2.5661687696741414e-09
2024-01-23 11:25:29,495[INFO] renormalization constant: 0.9998298112155967
2024-01-23 11:25:29,947[INFO]           ┌[('v_1',)]─[('v_2',)]─[('v_3',)]─[('v_4',)]─[('v_5',)]─[('v_6',)]─[('v_7',)]─[('v_8',)]─[('v_9',)]─[('v_10',)]─[('v_11',)]─[('v_12',)]─[('v_13',)]─[('v_14',)]─[('v_15',)]─[('v_16',)]─[('v_17',)]─[('v_18',)]─[('v_19',)]─[('v_20',)]─[('v_21',)]─[('v_22',)]─[('v_23',)]─[('v_24',)]─[('v_25',)]─[('v_26',)]─[('v_27',)]─[('v_28',)]─[('v_29',)]─[('v_30',)]─[('v_31',)]
2024-01-23 11:25:29,947[INFO] [('v_0',)]┤
2024-01-23 11:25:29,947[INFO]           └[('spin',)]
2024-01-23 11:25:29,953[DEBUG] # of operator terms: 98
2024-01-23 11:25:30,200[DEBUG] # of operator terms: 1
2024-01-23 11:25:30,319[DEBUG] # of operator terms: 1
2024-01-23 11:25:30,439[DEBUG] target for expander: 19
2024-01-23 11:25:30,440[DEBUG] average bond dimension of hint mpo: 3
2024-01-23 11:25:30,440[DEBUG] cumulated bond dimension: 1. lastone bond dimension: [1, 1, 1, 1, 1, 1, 1, 1, 1, 1, 1, 1, 1, 1, 1, 1, 1, 1, 1, 1, 1, 1, 1, 1, 1, 1, 1, 1, 1, 1, 1, 1, 1]
2024-01-23 11:25:30,456[DEBUG] # of operator terms: 1
2024-01-23 11:25:30,673[DEBUG] cumulated bond dimension: 4. lastone bond dimension: [1, 3, 3, 3, 3, 3, 3, 3, 3, 3, 3, 3, 3, 3, 3, 3, 3, 3, 3, 3, 3, 3, 3, 3, 3, 3, 3, 3, 3, 3, 3, 3, 3]
2024-01-23 11:25:30,822[DEBUG] cumulated bond dimension: 12. lastone bond dimension: [1, 9, 9, 9, 9, 9, 9, 9, 9, 9, 9, 9, 9, 9, 9, 9, 9, 9, 9, 9, 9, 9, 9, 9, 9, 9, 9, 9, 9, 9, 9, 9, 9]
2024-01-23 11:25:31,125[DEBUG] cumulated bond dimension: 18. lastone bond dimension: [1, 21, 21, 21, 21, 21, 21, 21, 21, 21, 21, 21, 21, 21, 21, 21, 21, 21, 21, 21, 21, 21, 21, 21, 21, 21, 21, 21, 21, 21, 21, 21, 6]
2024-01-23 11:25:31,472[DEBUG] expander bond dimension: [1, 19, 19, 19, 19, 19, 19, 19, 19, 19, 19, 19, 19, 19, 19, 19, 19, 19, 19, 19, 19, 19, 19, 19, 19, 19, 19, 19, 19, 19, 19, 10, 2]
2024-01-23 11:25:31,618[INFO] [1, 20, 20, 20, 20, 20, 20, 20, 20, 20, 20, 20, 20, 20, 20, 20, 20, 20, 20, 20, 20, 20, 20, 20, 20, 20, 20, 20, 20, 20, 20, 10, 2]
2024-01-23 11:25:31,618[INFO] [1, 3, 3, 3, 3, 3, 3, 3, 3, 3, 3, 3, 3, 3, 3, 3, 3, 3, 3, 3, 3, 3, 3, 3, 3, 3, 3, 3, 3, 3, 3, 3, 3]
2024-01-23 11:25:31,618[INFO] 33
2024-01-23 11:25:34,853[DEBUG] TDVP-PS Krylov space: DescribeResult(nobs=130, minmax=(4, 47), mean=34.6, variance=80.6139534883721, skewness=-1.5035490664068532, kurtosis=2.684405759558241)
2024-01-23 11:25:34,895[INFO] 0.9950382370249871, -0.0006903751011020862
2024-01-23 11:25:37,294[DEBUG] TDVP-PS Krylov space: DescribeResult(nobs=130, minmax=(4, 47), mean=29.046153846153846, variance=179.59475253428738, skewness=-0.3194112332524864, kurtosis=-1.4224411403738415)
2024-01-23 11:25:37,335[INFO] 0.9804982341133489, -0.005489018820501717
2024-01-23 11:25:40,423[DEBUG] TDVP-PS Krylov space: DescribeResult(nobs=130, minmax=(4, 45), mean=24.56923076923077, variance=149.73548002385212, skewness=0.2605065533122811, kurtosis=-1.4050567524303184)
2024-01-23 11:25:40,502[INFO] 0.9570925403431088, -0.01489883663185341
2024-01-23 11:25:43,692[DEBUG] TDVP-PS Krylov space: DescribeResult(nobs=130, minmax=(4, 45), mean=23.876923076923077, variance=129.0855098389982, skewness=0.3228870378854141, kurtosis=-1.2897660297621054)
2024-01-23 11:25:43,770[INFO] 0.9256068403755175, -0.02762477946979527
2024-01-23 11:25:46,874[DEBUG] TDVP-PS Krylov space: DescribeResult(nobs=130, minmax=(4, 45), mean=23.092307692307692, variance=126.16195587358376, skewness=0.39614355544555596, kurtosis=-1.2457405567130915)
2024-01-23 11:25:46,953[INFO] 0.8868362851717249, -0.043222456234183255
2024-01-23 11:25:50,052[DEBUG] TDVP-PS Krylov space: DescribeResult(nobs=130, minmax=(4, 45), mean=23.015384615384615, variance=123.16255217650568, skewness=0.41474296228959434, kurtosis=-1.2060751135717374)
2024-01-23 11:25:50,130[INFO] 0.8415717101840947, -0.060466563600011
2024-01-23 11:25:53,052[DEBUG] TDVP-PS Krylov space: DescribeResult(nobs=130, minmax=(4, 45), mean=22.56923076923077, variance=123.25485986881334, skewness=0.461974994038459, kurtosis=-1.1748946772405402)
2024-01-23 11:25:53,094[INFO] 0.7906085312990645, -0.07939748849809264
2024-01-23 11:25:55,023[DEBUG] TDVP-PS Krylov space: DescribeResult(nobs=130, minmax=(4, 45), mean=22.56923076923077, variance=121.3323792486583, skewness=0.4708525785477512, kurtosis=-1.171417754899372)
2024-01-23 11:25:55,066[INFO] 0.7347197842866466, -0.09948181541727509
2024-01-23 11:25:56,955[DEBUG] TDVP-PS Krylov space: DescribeResult(nobs=130, minmax=(4, 45), mean=22.353846153846153, variance=120.29242695289207, skewness=0.475686715783673, kurtosis=-1.1724230485969966)
2024-01-23 11:25:56,997[INFO] 0.6746963834422487, -0.12006658286462317
2024-01-23 11:25:59,476[DEBUG] TDVP-PS Krylov space: DescribeResult(nobs=130, minmax=(4, 45), mean=22.23076923076923, variance=121.91532498509241, skewness=0.48053864478546865, kurtosis=-1.1862582600779)
2024-01-23 11:25:59,547[INFO] 0.6112776986158005, -0.1419929499928939
2024-01-23 11:25:59,547[INFO] [(0.9950382370249871, -0.0006903751011020862), (0.9804982341133489, -0.005489018820501717), (0.9570925403431088, -0.01489883663185341), (0.9256068403755175, -0.02762477946979527), (0.8868362851717249, -0.043222456234183255), (0.8415717101840947, -0.060466563600011), (0.7906085312990645, -0.07939748849809264), (0.7347197842866466, -0.09948181541727509), (0.6746963834422487, -0.12006658286462317), (0.6112776986158005, -0.1419929499928939)]
2024-01-23 11:25:59,547[INFO] [3.249271869659424, 2.4124765396118164, 3.1149611473083496, 3.216465473175049, 3.130573272705078, 3.1263163089752197, 2.936115264892578, 1.943518877029419, 1.903127908706665, 2.50299072265625]
2024-01-23 11:25:59,547[INFO] (2.753581738471985, 0.4963425702362635)
