2024-01-23 11:34:29,271[INFO] w:[ 0.15564281  0.31250636  0.47060995  0.62997334  0.79061678  0.95256098
  1.11582719  1.28043718  1.44641323  1.61377823  1.7825556   1.95276939
  2.12444427  2.29760552  2.47227912  2.64849171  2.82627066  3.00564406
  3.18664077  3.36929044  3.55362354  3.7396714   3.9274662   4.11704108
  4.3084301   4.50166832  4.69679182  4.89383775  5.09284437  5.29385108
  5.49689851  5.70202852  5.90928426  6.11871026  6.33035244  6.54425822
  6.76047655  6.97905796  7.20005468  7.42352069  7.6495118   7.87808571
  8.10930216  8.34322296  8.57991211  8.81943593  9.06186314  9.30726499
  9.55571539  9.80729104 10.06207155 10.32013965 10.58158128 10.84648582
 11.11494622 11.38705926 11.66292571 11.94265055 12.22634325 12.514118
 12.80609398 13.1023957  13.40315325 13.70850269 14.01858642 14.33355356
 14.65356039 14.9787708  15.30935684 15.64549921 15.98738788 16.33522273
 16.68921427 17.04958438 17.41656716 17.79040982 18.17137372 18.55973543
 18.95578798 19.35984213 19.77222787 20.19329605 20.62342016 21.06299829
 21.51245541 21.97224577 22.44285572 22.92480675 23.418659   23.92501516
 24.44452489 24.97788983 25.52586932 26.08928686 26.66903759 27.26609686
 27.88153003 28.516504   29.17230045 29.85033149 30.55215788 31.27951077
 32.03431733 32.81873159 33.63517148 34.48636377 35.37539902 36.30579933
 37.28160262 38.3074685  39.38881293 40.53198121 41.74447364 43.03524407
 44.41510149 45.89726094 47.49811509 49.23834263 51.14454623 53.25175654
 55.60741725 58.27804511 61.3610587  65.00748984 69.47036086 75.22400231
 83.33330448 97.19624809]
2024-01-23 11:34:29,273[INFO] c:[0.04613807 0.07782279 0.10579337 0.13166013 0.15611231 0.17952802
 0.20214376 0.22412038 0.24557375 0.26659103 0.28724003 0.30757488
 0.3276398  0.34747154 0.36710117 0.38655528 0.40585692 0.4250263
 0.44408129 0.46303784 0.4819103  0.50071168 0.51945387 0.53814777
 0.55680347 0.57543035 0.59403718 0.6126322  0.63122319 0.64981755
 0.6684223  0.68704421 0.70568974 0.72436517 0.74307656 0.76182981
 0.7806307  0.79948487 0.81839787 0.83737518 0.85642223 0.87554439
 0.89474701 0.91403543 0.93341499 0.95289106 0.972469   0.99215426
 1.01195232 1.03186871 1.05190906 1.07207909 1.09238461 1.11283156
 1.13342599 1.15417411 1.17508228 1.196157   1.217405   1.23883318
 1.26044865 1.28225877 1.30427113 1.3264936  1.34893434 1.37160181
 1.3945048  1.41765246 1.44105433 1.46472034 1.48866089 1.51288682
 1.5374095  1.56224086 1.58739337 1.61288019 1.63871513 1.66491275
 1.69148841 1.71845832 1.74583964 1.77365053 1.80191027 1.83063933
 1.85985947 1.88959391 1.91986739 1.95070639 1.98213925 2.01419638
 2.04691046 2.08031669 2.11445307 2.14936068 2.18508407 2.22167165
 2.25917616 2.29765519 2.33717188 2.37779556 2.4196027  2.46267787
 2.50711496 2.55301865 2.60050611 2.6497091  2.70077655 2.75387768
 2.80920591 2.86698376 2.92746906 2.99096285 3.05781978 3.12846173
 3.20339607 3.28324068 3.36875886 3.46090926 3.56091938 3.67039747
 3.79150984 3.92727556 4.08208719 4.26270415 4.4803538  4.75586996
 5.13542743 5.76367879]
2024-01-23 11:34:29,274[INFO] integrate: 4.4774729930805606e-05, 1.341503773458802e-11
2024-01-23 11:34:29,274[INFO] renormalization constant: 0.9999714959278724
2024-01-23 11:34:29,752[INFO]                                                                                                                                                            ┌[('v_0',), ('v_1',)]
2024-01-23 11:34:29,752[INFO]                                                                                                                                  ┌[(('MCTDH virtual', 5),)]┤
2024-01-23 11:34:29,752[INFO]                                                                                                                                  │                         └[('v_2',), ('v_3',)]
2024-01-23 11:34:29,752[INFO]                                                                                                        ┌[(('MCTDH virtual', 4),)]┤
2024-01-23 11:34:29,753[INFO]                                                                                                        │                         │                         ┌[('v_4',), ('v_5',)]
2024-01-23 11:34:29,753[INFO]                                                                                                        │                         └[(('MCTDH virtual', 6),)]┤
2024-01-23 11:34:29,753[INFO]                                                                                                        │                                                   └[('v_6',), ('v_7',)]
2024-01-23 11:34:29,753[INFO]                                                                              ┌[(('MCTDH virtual', 3),)]┤
2024-01-23 11:34:29,753[INFO]                                                                              │                         │                                                   ┌[('v_8',), ('v_9',)]
2024-01-23 11:34:29,753[INFO]                                                                              │                         │                         ┌[(('MCTDH virtual', 8),)]┤
2024-01-23 11:34:29,753[INFO]                                                                              │                         │                         │                         └[('v_10',), ('v_11',)]
2024-01-23 11:34:29,753[INFO]                                                                              │                         └[(('MCTDH virtual', 7),)]┤
2024-01-23 11:34:29,753[INFO]                                                                              │                                                   │                         ┌[('v_12',), ('v_13',)]
2024-01-23 11:34:29,753[INFO]                                                                              │                                                   └[(('MCTDH virtual', 9),)]┤
2024-01-23 11:34:29,754[INFO]                                                                              │                                                                             └[('v_14',), ('v_15',)]
2024-01-23 11:34:29,754[INFO]                                                    ┌[(('MCTDH virtual', 2),)]┤
2024-01-23 11:34:29,754[INFO]                                                    │                         │                                                                                ┌[('v_16',), ('v_17',)]
2024-01-23 11:34:29,754[INFO]                                                    │                         │                                                     ┌[(('MCTDH virtual', 12),)]┤
2024-01-23 11:34:29,754[INFO]                                                    │                         │                                                     │                          └[('v_18',), ('v_19',)]
2024-01-23 11:34:29,754[INFO]                                                    │                         │                          ┌[(('MCTDH virtual', 11),)]┤
2024-01-23 11:34:29,754[INFO]                                                    │                         │                          │                          │                          ┌[('v_20',), ('v_21',)]
2024-01-23 11:34:29,754[INFO]                                                    │                         │                          │                          └[(('MCTDH virtual', 13),)]┤
2024-01-23 11:34:29,754[INFO]                                                    │                         │                          │                                                     └[('v_22',), ('v_23',)]
2024-01-23 11:34:29,754[INFO]                                                    │                         └[(('MCTDH virtual', 10),)]┤
2024-01-23 11:34:29,754[INFO]                                                    │                                                    │                                                     ┌[('v_24',), ('v_25',)]
2024-01-23 11:34:29,755[INFO]                                                    │                                                    │                          ┌[(('MCTDH virtual', 15),)]┤
2024-01-23 11:34:29,755[INFO]                                                    │                                                    │                          │                          └[('v_26',), ('v_27',)]
2024-01-23 11:34:29,755[INFO]                                                    │                                                    └[(('MCTDH virtual', 14),)]┤
2024-01-23 11:34:29,755[INFO]                                                    │                                                                               │                          ┌[('v_28',), ('v_29',)]
2024-01-23 11:34:29,755[INFO]                                                    │                                                                               └[(('MCTDH virtual', 16),)]┤
2024-01-23 11:34:29,755[INFO]                                                    │                                                                                                          └[('v_30',), ('v_31',)]
2024-01-23 11:34:29,755[INFO]                          ┌[(('MCTDH virtual', 1),)]┤
2024-01-23 11:34:29,755[INFO]                          │                         │                                                                                                           ┌[('v_32',), ('v_33',)]
2024-01-23 11:34:29,755[INFO]                          │                         │                                                                                ┌[(('MCTDH virtual', 20),)]┤
2024-01-23 11:34:29,755[INFO]                          │                         │                                                                                │                          └[('v_34',), ('v_35',)]
2024-01-23 11:34:29,755[INFO]                          │                         │                                                     ┌[(('MCTDH virtual', 19),)]┤
2024-01-23 11:34:29,755[INFO]                          │                         │                                                     │                          │                          ┌[('v_36',), ('v_37',)]
2024-01-23 11:34:29,755[INFO]                          │                         │                                                     │                          └[(('MCTDH virtual', 21),)]┤
2024-01-23 11:34:29,756[INFO]                          │                         │                                                     │                                                     └[('v_38',), ('v_39',)]
2024-01-23 11:34:29,756[INFO]                          │                         │                          ┌[(('MCTDH virtual', 18),)]┤
2024-01-23 11:34:29,756[INFO]                          │                         │                          │                          │                                                     ┌[('v_40',), ('v_41',)]
2024-01-23 11:34:29,756[INFO]                          │                         │                          │                          │                          ┌[(('MCTDH virtual', 23),)]┤
2024-01-23 11:34:29,756[INFO]                          │                         │                          │                          │                          │                          └[('v_42',), ('v_43',)]
2024-01-23 11:34:29,756[INFO]                          │                         │                          │                          └[(('MCTDH virtual', 22),)]┤
2024-01-23 11:34:29,756[INFO]                          │                         │                          │                                                     │                          ┌[('v_44',), ('v_45',)]
2024-01-23 11:34:29,756[INFO]                          │                         │                          │                                                     └[(('MCTDH virtual', 24),)]┤
2024-01-23 11:34:29,756[INFO]                          │                         │                          │                                                                                └[('v_46',), ('v_47',)]
2024-01-23 11:34:29,756[INFO]                          │                         └[(('MCTDH virtual', 17),)]┤
2024-01-23 11:34:29,756[INFO]                          │                                                    │                                                                                ┌[('v_48',), ('v_49',)]
2024-01-23 11:34:29,757[INFO]                          │                                                    │                                                     ┌[(('MCTDH virtual', 27),)]┤
2024-01-23 11:34:29,757[INFO]                          │                                                    │                                                     │                          └[('v_50',), ('v_51',)]
2024-01-23 11:34:29,757[INFO]                          │                                                    │                          ┌[(('MCTDH virtual', 26),)]┤
2024-01-23 11:34:29,757[INFO]                          │                                                    │                          │                          │                          ┌[('v_52',), ('v_53',)]
2024-01-23 11:34:29,757[INFO]                          │                                                    │                          │                          └[(('MCTDH virtual', 28),)]┤
2024-01-23 11:34:29,757[INFO]                          │                                                    │                          │                                                     └[('v_54',), ('v_55',)]
2024-01-23 11:34:29,757[INFO]                          │                                                    └[(('MCTDH virtual', 25),)]┤
2024-01-23 11:34:29,757[INFO]                          │                                                                               │                                                     ┌[('v_56',), ('v_57',)]
2024-01-23 11:34:29,757[INFO]                          │                                                                               │                          ┌[(('MCTDH virtual', 30),)]┤
2024-01-23 11:34:29,757[INFO]                          │                                                                               │                          │                          └[('v_58',), ('v_59',)]
2024-01-23 11:34:29,757[INFO]                          │                                                                               └[(('MCTDH virtual', 29),)]┤
2024-01-23 11:34:29,757[INFO]                          │                                                                                                          │                          ┌[('v_60',), ('v_61',)]
2024-01-23 11:34:29,757[INFO]                          │                                                                                                          └[(('MCTDH virtual', 31),)]┤
2024-01-23 11:34:29,757[INFO]                          │                                                                                                                                     └[('v_62',), ('v_63',)]
2024-01-23 11:34:29,758[INFO]                          │                                                                                                                                      ┌[('v_64',), ('v_65',)]
2024-01-23 11:34:29,758[INFO]                          │                                                                                                           ┌[(('MCTDH virtual', 36),)]┤
2024-01-23 11:34:29,758[INFO]                          │                                                                                                           │                          └[('v_66',), ('v_67',)]
2024-01-23 11:34:29,758[INFO]                          │                                                                                ┌[(('MCTDH virtual', 35),)]┤
2024-01-23 11:34:29,758[INFO]                          │                                                                                │                          │                          ┌[('v_68',), ('v_69',)]
2024-01-23 11:34:29,758[INFO]                          │                                                                                │                          └[(('MCTDH virtual', 37),)]┤
2024-01-23 11:34:29,758[INFO]                          │                                                                                │                                                     └[('v_70',), ('v_71',)]
2024-01-23 11:34:29,758[INFO]                          │                                                     ┌[(('MCTDH virtual', 34),)]┤
2024-01-23 11:34:29,758[INFO]                          │                                                     │                          │                                                     ┌[('v_72',), ('v_73',)]
2024-01-23 11:34:29,758[INFO]                          │                                                     │                          │                          ┌[(('MCTDH virtual', 39),)]┤
2024-01-23 11:34:29,758[INFO]                          │                                                     │                          │                          │                          └[('v_74',), ('v_75',)]
2024-01-23 11:34:29,758[INFO]                          │                                                     │                          └[(('MCTDH virtual', 38),)]┤
2024-01-23 11:34:29,759[INFO]                          │                                                     │                                                     │                          ┌[('v_76',), ('v_77',)]
2024-01-23 11:34:29,759[INFO]                          │                                                     │                                                     └[(('MCTDH virtual', 40),)]┤
2024-01-23 11:34:29,759[INFO]                          │                                                     │                                                                                └[('v_78',), ('v_79',)]
2024-01-23 11:34:29,759[INFO]                          │                          ┌[(('MCTDH virtual', 33),)]┤
2024-01-23 11:34:29,759[INFO]                          │                          │                          │                                                                                ┌[('v_80',), ('v_81',)]
2024-01-23 11:34:29,759[INFO]                          │                          │                          │                                                     ┌[(('MCTDH virtual', 43),)]┤
2024-01-23 11:34:29,759[INFO]                          │                          │                          │                                                     │                          └[('v_82',), ('v_83',)]
2024-01-23 11:34:29,759[INFO]                          │                          │                          │                          ┌[(('MCTDH virtual', 42),)]┤
2024-01-23 11:34:29,759[INFO]                          │                          │                          │                          │                          │                          ┌[('v_84',), ('v_85',)]
2024-01-23 11:34:29,759[INFO]                          │                          │                          │                          │                          └[(('MCTDH virtual', 44),)]┤
2024-01-23 11:34:29,759[INFO]                          │                          │                          │                          │                                                     └[('v_86',), ('v_87',)]
2024-01-23 11:34:29,760[INFO]                          │                          │                          └[(('MCTDH virtual', 41),)]┤
2024-01-23 11:34:29,760[INFO]                          │                          │                                                     │                                                     ┌[('v_88',), ('v_89',)]
2024-01-23 11:34:29,760[INFO]                          │                          │                                                     │                          ┌[(('MCTDH virtual', 46),)]┤
2024-01-23 11:34:29,760[INFO]                          │                          │                                                     │                          │                          └[('v_90',), ('v_91',)]
2024-01-23 11:34:29,760[INFO]                          │                          │                                                     └[(('MCTDH virtual', 45),)]┤
2024-01-23 11:34:29,760[INFO]                          │                          │                                                                                │                          ┌[('v_92',), ('v_93',)]
2024-01-23 11:34:29,760[INFO]                          │                          │                                                                                └[(('MCTDH virtual', 47),)]┤
2024-01-23 11:34:29,760[INFO]                          │                          │                                                                                                           └[('v_94',), ('v_95',)]
2024-01-23 11:34:29,760[INFO] [(('MCTDH virtual', 0),)]┼[(('MCTDH virtual', 32),)]┤
2024-01-23 11:34:29,760[INFO]                          │                          │                                                                                                           ┌[('v_96',), ('v_97',)]
2024-01-23 11:34:29,760[INFO]                          │                          │                                                                                ┌[(('MCTDH virtual', 51),)]┤
2024-01-23 11:34:29,761[INFO]                          │                          │                                                                                │                          └[('v_98',), ('v_99',)]
2024-01-23 11:34:29,761[INFO]                          │                          │                                                     ┌[(('MCTDH virtual', 50),)]┤
2024-01-23 11:34:29,761[INFO]                          │                          │                                                     │                          │                          ┌[('v_100',), ('v_101',)]
2024-01-23 11:34:29,761[INFO]                          │                          │                                                     │                          └[(('MCTDH virtual', 52),)]┤
2024-01-23 11:34:29,761[INFO]                          │                          │                                                     │                                                     └[('v_102',), ('v_103',)]
2024-01-23 11:34:29,761[INFO]                          │                          │                          ┌[(('MCTDH virtual', 49),)]┤
2024-01-23 11:34:29,761[INFO]                          │                          │                          │                          │                                                     ┌[('v_104',), ('v_105',)]
2024-01-23 11:34:29,761[INFO]                          │                          │                          │                          │                          ┌[(('MCTDH virtual', 54),)]┤
2024-01-23 11:34:29,761[INFO]                          │                          │                          │                          │                          │                          └[('v_106',), ('v_107',)]
2024-01-23 11:34:29,761[INFO]                          │                          │                          │                          └[(('MCTDH virtual', 53),)]┤
2024-01-23 11:34:29,761[INFO]                          │                          │                          │                                                     │                          ┌[('v_108',), ('v_109',)]
2024-01-23 11:34:29,761[INFO]                          │                          │                          │                                                     └[(('MCTDH virtual', 55),)]┤
2024-01-23 11:34:29,761[INFO]                          │                          │                          │                                                                                └[('v_110',), ('v_111',)]
2024-01-23 11:34:29,762[INFO]                          │                          └[(('MCTDH virtual', 48),)]┤
2024-01-23 11:34:29,762[INFO]                          │                                                     │                                                                                ┌[('v_112',), ('v_113',)]
2024-01-23 11:34:29,762[INFO]                          │                                                     │                                                     ┌[(('MCTDH virtual', 58),)]┤
2024-01-23 11:34:29,762[INFO]                          │                                                     │                                                     │                          └[('v_114',), ('v_115',)]
2024-01-23 11:34:29,762[INFO]                          │                                                     │                          ┌[(('MCTDH virtual', 57),)]┤
2024-01-23 11:34:29,762[INFO]                          │                                                     │                          │                          │                          ┌[('v_116',), ('v_117',)]
2024-01-23 11:34:29,762[INFO]                          │                                                     │                          │                          └[(('MCTDH virtual', 59),)]┤
2024-01-23 11:34:29,762[INFO]                          │                                                     │                          │                                                     └[('v_118',), ('v_119',)]
2024-01-23 11:34:29,762[INFO]                          │                                                     └[(('MCTDH virtual', 56),)]┤
2024-01-23 11:34:29,763[INFO]                          │                                                                                │                                                     ┌[('v_120',), ('v_121',)]
2024-01-23 11:34:29,763[INFO]                          │                                                                                │                          ┌[(('MCTDH virtual', 61),)]┤
2024-01-23 11:34:29,763[INFO]                          │                                                                                │                          │                          └[('v_122',), ('v_123',)]
2024-01-23 11:34:29,763[INFO]                          │                                                                                └[(('MCTDH virtual', 60),)]┤
2024-01-23 11:34:29,763[INFO]                          │                                                                                                           │                          ┌[('v_124',), ('v_125',)]
2024-01-23 11:34:29,763[INFO]                          │                                                                                                           └[(('MCTDH virtual', 62),)]┤
2024-01-23 11:34:29,763[INFO]                          │                                                                                                                                      └[('v_126',), ('v_127',)]
2024-01-23 11:34:29,763[INFO]                          └[('spin',)]
2024-01-23 11:34:29,782[DEBUG] # of operator terms: 386
2024-01-23 11:34:31,874[DEBUG] # of operator terms: 1
2024-01-23 11:34:32,362[DEBUG] # of operator terms: 1
2024-01-23 11:34:32,867[DEBUG] target for expander: 19
2024-01-23 11:34:32,868[DEBUG] average bond dimension of hint mpo: 3
2024-01-23 11:34:32,868[DEBUG] cumulated bond dimension: 1. lastone bond dimension: [1, 1, 1, 1, 1, 1, 1, 1, 1, 1, 1, 1, 1, 1, 1, 1, 1, 1, 1, 1, 1, 1, 1, 1, 1, 1, 1, 1, 1, 1, 1, 1, 1, 1, 1, 1, 1, 1, 1, 1, 1, 1, 1, 1, 1, 1, 1, 1, 1, 1, 1, 1, 1, 1, 1, 1, 1, 1, 1, 1, 1, 1, 1, 1, 1, 1, 1, 1, 1, 1, 1, 1, 1, 1, 1, 1, 1, 1, 1, 1, 1, 1, 1, 1, 1, 1, 1, 1, 1, 1, 1, 1, 1, 1, 1, 1, 1, 1, 1, 1, 1, 1, 1, 1, 1, 1, 1, 1, 1, 1, 1, 1, 1, 1, 1, 1, 1, 1, 1, 1, 1, 1, 1, 1, 1, 1, 1, 1]
2024-01-23 11:34:32,942[DEBUG] # of operator terms: 1
2024-01-23 11:34:33,438[DEBUG] cumulated bond dimension: 4. lastone bond dimension: [1, 3, 3, 3, 3, 3, 3, 3, 3, 3, 3, 3, 3, 3, 3, 3, 3, 3, 3, 3, 3, 3, 3, 3, 3, 3, 3, 3, 3, 3, 3, 3, 3, 3, 3, 3, 3, 3, 3, 3, 3, 3, 3, 3, 3, 3, 3, 3, 3, 3, 3, 3, 3, 3, 3, 3, 3, 3, 3, 3, 3, 3, 3, 3, 3, 3, 3, 3, 3, 3, 3, 3, 3, 3, 3, 3, 3, 3, 3, 3, 3, 3, 3, 3, 3, 3, 3, 3, 3, 3, 3, 3, 3, 3, 3, 3, 3, 3, 3, 3, 3, 3, 3, 3, 3, 3, 3, 3, 3, 3, 3, 3, 3, 3, 3, 3, 3, 3, 3, 3, 3, 3, 3, 3, 3, 3, 3, 3]
2024-01-23 11:34:33,815[DEBUG] cumulated bond dimension: 13. lastone bond dimension: [1, 9, 9, 9, 9, 9, 9, 9, 9, 9, 9, 9, 9, 9, 9, 9, 9, 9, 9, 9, 9, 9, 9, 9, 9, 9, 9, 9, 9, 9, 9, 9, 9, 9, 9, 9, 9, 9, 9, 9, 9, 9, 9, 9, 9, 9, 9, 9, 9, 9, 9, 9, 9, 9, 9, 9, 9, 9, 9, 9, 9, 9, 9, 9, 9, 9, 9, 9, 9, 9, 9, 9, 9, 9, 9, 9, 9, 9, 9, 9, 9, 9, 9, 9, 9, 9, 9, 9, 9, 9, 9, 9, 9, 9, 9, 9, 9, 9, 9, 9, 9, 9, 9, 9, 9, 9, 9, 9, 9, 9, 9, 9, 9, 9, 9, 9, 9, 9, 9, 9, 9, 9, 9, 9, 9, 9, 9, 9]
2024-01-23 11:34:34,740[DEBUG] cumulated bond dimension: 19. lastone bond dimension: [1, 21, 21, 21, 21, 21, 21, 21, 21, 21, 21, 21, 21, 21, 21, 21, 21, 21, 21, 21, 21, 21, 21, 21, 21, 21, 21, 21, 21, 21, 21, 21, 21, 21, 21, 21, 21, 21, 21, 21, 21, 21, 21, 21, 21, 21, 21, 21, 21, 21, 21, 21, 21, 21, 21, 21, 21, 21, 21, 21, 21, 21, 21, 21, 21, 21, 21, 21, 21, 21, 21, 21, 21, 21, 21, 21, 21, 21, 21, 21, 21, 21, 21, 21, 21, 21, 21, 21, 21, 21, 21, 21, 21, 21, 21, 21, 21, 21, 21, 21, 21, 21, 21, 21, 21, 21, 21, 21, 21, 21, 21, 21, 21, 21, 21, 21, 21, 21, 21, 21, 21, 21, 21, 21, 21, 21, 21, 6]
2024-01-23 11:34:36,131[DEBUG] expander bond dimension: [1, 19, 19, 19, 19, 19, 19, 19, 19, 19, 19, 19, 19, 19, 19, 19, 19, 19, 19, 19, 19, 19, 19, 19, 19, 19, 19, 19, 19, 19, 19, 19, 19, 19, 19, 19, 19, 19, 19, 19, 19, 19, 19, 19, 19, 19, 19, 19, 19, 19, 19, 19, 19, 19, 19, 19, 19, 19, 19, 19, 19, 19, 19, 19, 19, 19, 19, 19, 19, 19, 19, 19, 19, 19, 19, 19, 19, 19, 19, 19, 19, 19, 19, 19, 19, 19, 19, 19, 19, 19, 19, 19, 19, 19, 19, 19, 19, 19, 19, 19, 19, 19, 19, 19, 19, 19, 19, 19, 19, 19, 19, 19, 19, 19, 19, 19, 19, 19, 19, 19, 19, 19, 19, 19, 19, 19, 19, 2]
2024-01-23 11:34:36,685[INFO] [1, 20, 20, 20, 20, 20, 20, 20, 20, 20, 20, 20, 20, 20, 20, 20, 20, 20, 20, 20, 20, 20, 20, 20, 20, 20, 20, 20, 20, 20, 20, 20, 20, 20, 20, 20, 20, 20, 20, 20, 20, 20, 20, 20, 20, 20, 20, 20, 20, 20, 20, 20, 20, 20, 20, 20, 20, 20, 20, 20, 20, 20, 20, 20, 20, 20, 20, 20, 20, 20, 20, 20, 20, 20, 20, 20, 20, 20, 20, 20, 20, 20, 20, 20, 20, 20, 20, 20, 20, 20, 20, 20, 20, 20, 20, 20, 20, 20, 20, 20, 20, 20, 20, 20, 20, 20, 20, 20, 20, 20, 20, 20, 20, 20, 20, 20, 20, 20, 20, 20, 20, 20, 20, 20, 20, 20, 20, 2]
2024-01-23 11:34:36,686[INFO] [1, 3, 3, 3, 3, 3, 3, 3, 3, 3, 3, 3, 3, 3, 3, 3, 3, 3, 3, 3, 3, 3, 3, 3, 3, 3, 3, 3, 3, 3, 3, 3, 3, 3, 3, 3, 3, 3, 3, 3, 3, 3, 3, 3, 3, 3, 3, 3, 3, 3, 3, 3, 3, 3, 3, 3, 3, 3, 3, 3, 3, 3, 3, 3, 3, 3, 3, 3, 3, 3, 3, 3, 3, 3, 3, 3, 3, 3, 3, 3, 3, 3, 3, 3, 3, 3, 3, 3, 3, 3, 3, 3, 3, 3, 3, 3, 3, 3, 3, 3, 3, 3, 3, 3, 3, 3, 3, 3, 3, 3, 3, 3, 3, 3, 3, 3, 3, 3, 3, 3, 3, 3, 3, 3, 3, 3, 3, 3]
2024-01-23 11:34:36,686[INFO] 128
2024-01-23 11:34:50,901[DEBUG] TDVP-PS Krylov space: DescribeResult(nobs=510, minmax=(4, 51), mean=22.776470588235295, variance=87.50985785276785, skewness=0.3750611067989812, kurtosis=-0.5174992132153804)
2024-01-23 11:34:51,282[INFO] 0.9950373587153982, -0.000704762033802729
2024-01-23 11:35:08,671[DEBUG] TDVP-PS Krylov space: DescribeResult(nobs=510, minmax=(4, 49), mean=26.50588235294118, variance=51.173835663931584, skewness=0.25513313861619064, kurtosis=-0.01967238530834514)
2024-01-23 11:35:09,056[INFO] 0.9804951974718301, -0.005501517139823799
2024-01-23 11:35:26,077[DEBUG] TDVP-PS Krylov space: DescribeResult(nobs=510, minmax=(4, 49), mean=26.223529411764705, variance=55.48235294117648, skewness=0.21612714985032486, kurtosis=-0.2676194404352641)
2024-01-23 11:35:26,450[INFO] 0.9570877711292838, -0.01485048627857157
2024-01-23 11:35:40,115[DEBUG] TDVP-PS Krylov space: DescribeResult(nobs=510, minmax=(4, 47), mean=25.576470588235296, variance=54.95975962094072, skewness=0.26499396034366857, kurtosis=-0.2921453605554465)
2024-01-23 11:35:40,320[INFO] 0.9256025810158021, -0.027688465549259026
2024-01-23 11:35:53,694[DEBUG] TDVP-PS Krylov space: DescribeResult(nobs=510, minmax=(4, 47), mean=25.376470588235293, variance=54.38844331445741, skewness=0.26082404447337887, kurtosis=-0.2874467770114033)
2024-01-23 11:35:54,074[INFO] 0.8868367969526673, -0.04313573159340925
2024-01-23 11:36:09,564[DEBUG] TDVP-PS Krylov space: DescribeResult(nobs=510, minmax=(4, 45), mean=25.28235294117647, variance=52.705974806425516, skewness=0.1913332677793812, kurtosis=-0.3824490970902614)
2024-01-23 11:36:09,945[INFO] 0.8415866241199776, -0.060537435619857305
2024-01-23 11:36:24,474[DEBUG] TDVP-PS Krylov space: DescribeResult(nobs=510, minmax=(4, 45), mean=25.137254901960784, variance=51.486035671636046, skewness=0.1781564623332394, kurtosis=-0.3960751269108953)
2024-01-23 11:36:24,861[INFO] 0.7906447494418543, -0.07935928049914032
2024-01-23 11:36:41,717[DEBUG] TDVP-PS Krylov space: DescribeResult(nobs=510, minmax=(4, 45), mean=24.984313725490196, variance=52.17264147309219, skewness=0.20480292150146037, kurtosis=-0.36407203261975996)
2024-01-23 11:36:41,973[INFO] 0.7347983811620895, -0.09926684473389617
2024-01-23 11:36:57,690[DEBUG] TDVP-PS Krylov space: DescribeResult(nobs=510, minmax=(4, 45), mean=24.815686274509805, variance=52.53963557918255, skewness=0.23065240951714314, kurtosis=-0.3483625441415419)
2024-01-23 11:36:58,072[INFO] 0.6748254500040307, -0.12014152547794868
2024-01-23 11:37:10,068[DEBUG] TDVP-PS Krylov space: DescribeResult(nobs=510, minmax=(4, 45), mean=24.50588235294118, variance=52.39976886628916, skewness=0.21755613291572648, kurtosis=-0.35319232197156003)
2024-01-23 11:37:10,270[INFO] 0.6114905503673821, -0.141674509208673
2024-01-23 11:37:10,270[INFO] [(0.9950373587153982, -0.000704762033802729), (0.9804951974718301, -0.005501517139823799), (0.9570877711292838, -0.01485048627857157), (0.9256025810158021, -0.027688465549259026), (0.8868367969526673, -0.04313573159340925), (0.8415866241199776, -0.060537435619857305), (0.7906447494418543, -0.07935928049914032), (0.7347983811620895, -0.09926684473389617), (0.6748254500040307, -0.12014152547794868), (0.6114905503673821, -0.141674509208673)]
2024-01-23 11:37:10,270[INFO] [14.34368109703064, 17.521077156066895, 17.150039196014404, 13.736376523971558, 13.50400185585022, 15.616690874099731, 14.65721607208252, 16.979761838912964, 15.84400486946106, 12.06430959701538]
2024-01-23 11:37:10,270[INFO] (15.141715908050537, 1.696792903693962)
