2024-01-23 12:04:04,490[INFO] w:[ 2.35566071  5.02628857  8.10930216 11.7557333  16.21860432 21.97224577
 30.08154794 43.94449155]
2024-01-23 12:04:04,490[INFO] c:[ 1.34035796  2.36631092  3.38745751  4.47531427  5.69700175  7.15388707
  9.0544355  12.03135599]
2024-01-23 12:04:04,491[INFO] integrate: 0.0017358257124715597, 1.3025700568080616e-10
2024-01-23 12:04:04,491[INFO] renormalization constant: 0.998895549385083
2024-01-23 12:04:04,898[INFO]                          ┌[('v_0',), ('v_1',), ('v_2',)]
2024-01-23 12:04:04,898[INFO]                          ├[('v_3',), ('v_4',), ('v_5',)]
2024-01-23 12:04:04,898[INFO] [(('MCTDH virtual', 0),)]┤
2024-01-23 12:04:04,898[INFO]                          ├[('v_6',), ('v_7',)]
2024-01-23 12:04:04,898[INFO]                          └[('spin',)]
2024-01-23 12:04:04,899[DEBUG] # of operator terms: 26
2024-01-23 12:04:05,089[DEBUG] # of operator terms: 1
2024-01-23 12:04:05,133[DEBUG] # of operator terms: 1
2024-01-23 12:04:05,177[DEBUG] target for expander: 19
2024-01-23 12:04:05,177[DEBUG] average bond dimension of hint mpo: 3
2024-01-23 12:04:05,177[DEBUG] cumulated bond dimension: 1. lastone bond dimension: [1, 1, 1, 1, 1]
2024-01-23 12:04:05,257[DEBUG] # of operator terms: 1
2024-01-23 12:04:05,322[DEBUG] cumulated bond dimension: 3. lastone bond dimension: [1, 3, 3, 3, 3]
2024-01-23 12:04:05,429[DEBUG] cumulated bond dimension: 8. lastone bond dimension: [1, 9, 9, 9, 9]
2024-01-23 12:04:05,709[DEBUG] cumulated bond dimension: 12. lastone bond dimension: [1, 27, 27, 27, 27]
2024-01-23 12:04:05,958[DEBUG] expander bond dimension: [1, 19, 19, 19, 2]
2024-01-23 12:04:06,029[INFO] [1, 20, 20, 20, 2]
2024-01-23 12:04:06,029[INFO] [1, 3, 3, 3, 3]
2024-01-23 12:04:06,029[INFO] 5
2024-01-23 12:04:13,683[DEBUG] TDVP-PS Krylov space: DescribeResult(nobs=18, minmax=(4, 19), mean=12.222222222222221, variance=25.241830065359476, skewness=-0.6387425913408845, kurtosis=-0.686328783207077)
2024-01-23 12:04:13,750[INFO] 0.9950451184735822, -0.0005980553851260588
2024-01-23 12:04:21,982[DEBUG] TDVP-PS Krylov space: DescribeResult(nobs=18, minmax=(4, 21), mean=15.0, variance=38.8235294117647, skewness=-1.1319909257799219, kurtosis=-0.41603305785123945)
2024-01-23 12:04:22,088[INFO] 0.9805189785665341, -0.005612604271777736
2024-01-23 12:04:29,546[DEBUG] TDVP-PS Krylov space: DescribeResult(nobs=18, minmax=(4, 21), mean=16.11111111111111, variance=45.51633986928105, skewness=-1.2473115800433237, kurtosis=-0.31012252724358147)
2024-01-23 12:04:29,612[INFO] 0.9571291444009608, -0.014647070559861017
2024-01-23 12:04:38,828[DEBUG] TDVP-PS Krylov space: DescribeResult(nobs=18, minmax=(4, 21), mean=16.333333333333332, variance=46.82352941176471, skewness=-1.2737914843673868, kurtosis=-0.27843993838539527)
2024-01-23 12:04:38,937[INFO] 0.9256365720716002, -0.027687667676395234
2024-01-23 12:04:46,022[DEBUG] TDVP-PS Krylov space: DescribeResult(nobs=18, minmax=(4, 21), mean=16.0, variance=44.11764705882353, skewness=-1.2889288576178284, kurtosis=-0.2572799999999993)
2024-01-23 12:04:46,088[INFO] 0.8868401637320638, -0.043791373281458296
2024-01-23 12:04:52,971[DEBUG] TDVP-PS Krylov space: DescribeResult(nobs=18, minmax=(4, 21), mean=15.666666666666666, variance=42.11764705882352, skewness=-1.2563337307737938, kurtosis=-0.2976967011017133)
2024-01-23 12:04:53,041[INFO] 0.8414809656958939, -0.05917341382588231
2024-01-23 12:05:01,102[DEBUG] TDVP-PS Krylov space: DescribeResult(nobs=18, minmax=(4, 19), mean=15.444444444444445, variance=40.02614379084968, skewness=-1.3024206091533916, kurtosis=-0.25735347132482245)
2024-01-23 12:05:01,172[INFO] 0.7903326279188925, -0.08049931118784953
2024-01-23 12:05:08,240[DEBUG] TDVP-PS Krylov space: DescribeResult(nobs=18, minmax=(4, 19), mean=15.222222222222221, variance=38.771241830065364, skewness=-1.2765945975776893, kurtosis=-0.28531516321866013)
2024-01-23 12:05:08,305[INFO] 0.7342310127138103, -0.10146834620605172
2024-01-23 12:05:14,655[DEBUG] TDVP-PS Krylov space: DescribeResult(nobs=18, minmax=(4, 19), mean=14.444444444444445, variance=34.026143790849666, skewness=-1.228637419567446, kurtosis=-0.32601468000883704)
2024-01-23 12:05:14,729[INFO] 0.6737823475892546, -0.11671535153281967
2024-01-23 12:05:21,067[DEBUG] TDVP-PS Krylov space: DescribeResult(nobs=18, minmax=(4, 19), mean=14.333333333333334, variance=33.64705882352941, skewness=-1.1954434523107957, kurtosis=-0.36434544476502584)
2024-01-23 12:05:21,172[INFO] 0.6097502150209934, -0.142826292772522
2024-01-23 12:05:21,172[INFO] [(0.9950451184735822, -0.0005980553851260588), (0.9805189785665341, -0.005612604271777736), (0.9571291444009608, -0.014647070559861017), (0.9256365720716002, -0.027687667676395234), (0.8868401637320638, -0.043791373281458296), (0.8414809656958939, -0.05917341382588231), (0.7903326279188925, -0.08049931118784953), (0.7342310127138103, -0.10146834620605172), (0.6737823475892546, -0.11671535153281967), (0.6097502150209934, -0.142826292772522)]
2024-01-23 12:05:21,172[INFO] [7.67602014541626, 8.266188621520996, 7.4797022342681885, 9.253304243087769, 7.107715606689453, 6.905320405960083, 8.085154056549072, 7.089762926101685, 6.372051000595093, 6.373254776000977]
2024-01-23 12:05:21,172[INFO] (7.460847401618958, 0.8507197505892373)
