2024-01-23 12:40:51,934[INFO] w:[ 0.15564281  0.31250636  0.47060995  0.62997334  0.79061678  0.95256098
  1.11582719  1.28043718  1.44641323  1.61377823  1.7825556   1.95276939
  2.12444427  2.29760552  2.47227912  2.64849171  2.82627066  3.00564406
  3.18664077  3.36929044  3.55362354  3.7396714   3.9274662   4.11704108
  4.3084301   4.50166832  4.69679182  4.89383775  5.09284437  5.29385108
  5.49689851  5.70202852  5.90928426  6.11871026  6.33035244  6.54425822
  6.76047655  6.97905796  7.20005468  7.42352069  7.6495118   7.87808571
  8.10930216  8.34322296  8.57991211  8.81943593  9.06186314  9.30726499
  9.55571539  9.80729104 10.06207155 10.32013965 10.58158128 10.84648582
 11.11494622 11.38705926 11.66292571 11.94265055 12.22634325 12.514118
 12.80609398 13.1023957  13.40315325 13.70850269 14.01858642 14.33355356
 14.65356039 14.9787708  15.30935684 15.64549921 15.98738788 16.33522273
 16.68921427 17.04958438 17.41656716 17.79040982 18.17137372 18.55973543
 18.95578798 19.35984213 19.77222787 20.19329605 20.62342016 21.06299829
 21.51245541 21.97224577 22.44285572 22.92480675 23.418659   23.92501516
 24.44452489 24.97788983 25.52586932 26.08928686 26.66903759 27.26609686
 27.88153003 28.516504   29.17230045 29.85033149 30.55215788 31.27951077
 32.03431733 32.81873159 33.63517148 34.48636377 35.37539902 36.30579933
 37.28160262 38.3074685  39.38881293 40.53198121 41.74447364 43.03524407
 44.41510149 45.89726094 47.49811509 49.23834263 51.14454623 53.25175654
 55.60741725 58.27804511 61.3610587  65.00748984 69.47036086 75.22400231
 83.33330448 97.19624809]
2024-01-23 12:40:51,936[INFO] c:[0.04613807 0.07782279 0.10579337 0.13166013 0.15611231 0.17952802
 0.20214376 0.22412038 0.24557375 0.26659103 0.28724003 0.30757488
 0.3276398  0.34747154 0.36710117 0.38655528 0.40585692 0.4250263
 0.44408129 0.46303784 0.4819103  0.50071168 0.51945387 0.53814777
 0.55680347 0.57543035 0.59403718 0.6126322  0.63122319 0.64981755
 0.6684223  0.68704421 0.70568974 0.72436517 0.74307656 0.76182981
 0.7806307  0.79948487 0.81839787 0.83737518 0.85642223 0.87554439
 0.89474701 0.91403543 0.93341499 0.95289106 0.972469   0.99215426
 1.01195232 1.03186871 1.05190906 1.07207909 1.09238461 1.11283156
 1.13342599 1.15417411 1.17508228 1.196157   1.217405   1.23883318
 1.26044865 1.28225877 1.30427113 1.3264936  1.34893434 1.37160181
 1.3945048  1.41765246 1.44105433 1.46472034 1.48866089 1.51288682
 1.5374095  1.56224086 1.58739337 1.61288019 1.63871513 1.66491275
 1.69148841 1.71845832 1.74583964 1.77365053 1.80191027 1.83063933
 1.85985947 1.88959391 1.91986739 1.95070639 1.98213925 2.01419638
 2.04691046 2.08031669 2.11445307 2.14936068 2.18508407 2.22167165
 2.25917616 2.29765519 2.33717188 2.37779556 2.4196027  2.46267787
 2.50711496 2.55301865 2.60050611 2.6497091  2.70077655 2.75387768
 2.80920591 2.86698376 2.92746906 2.99096285 3.05781978 3.12846173
 3.20339607 3.28324068 3.36875886 3.46090926 3.56091938 3.67039747
 3.79150984 3.92727556 4.08208719 4.26270415 4.4803538  4.75586996
 5.13542743 5.76367879]
2024-01-23 12:40:51,937[INFO] integrate: 4.4774729930805606e-05, 1.341503773458802e-11
2024-01-23 12:40:51,937[INFO] renormalization constant: 0.9999714959278724
2024-01-23 12:40:52,374[INFO]                                                                                                        ┌[('v_0',), ('v_1',), ('v_2',)]
2024-01-23 12:40:52,374[INFO]                                                                              ┌[(('MCTDH virtual', 3),)]┤
2024-01-23 12:40:52,374[INFO]                                                                              │                         └[('v_3',), ('v_4',), ('v_5',)]
2024-01-23 12:40:52,374[INFO]                                                                              │                         ┌[('v_6',), ('v_7',), ('v_8',)]
2024-01-23 12:40:52,375[INFO]                                                    ┌[(('MCTDH virtual', 2),)]┼[(('MCTDH virtual', 4),)]┤
2024-01-23 12:40:52,375[INFO]                                                    │                         │                         └[('v_9',), ('v_10',), ('v_11',)]
2024-01-23 12:40:52,375[INFO]                                                    │                         └[(('MCTDH virtual', 5),)]─[('v_12',), ('v_13',), ('v_14',)]
2024-01-23 12:40:52,375[INFO]                                                    │                                                   ┌[('v_15',), ('v_16',), ('v_17',)]
2024-01-23 12:40:52,375[INFO]                                                    │                         ┌[(('MCTDH virtual', 7),)]┤
2024-01-23 12:40:52,375[INFO]                                                    │                         │                         └[('v_18',), ('v_19',), ('v_20',)]
2024-01-23 12:40:52,375[INFO]                                                    │                         │                         ┌[('v_21',), ('v_22',), ('v_23',)]
2024-01-23 12:40:52,375[INFO]                          ┌[(('MCTDH virtual', 1),)]┼[(('MCTDH virtual', 6),)]┼[(('MCTDH virtual', 8),)]┤
2024-01-23 12:40:52,375[INFO]                          │                         │                         │                         └[('v_24',), ('v_25',), ('v_26',)]
2024-01-23 12:40:52,375[INFO]                          │                         │                         └[(('MCTDH virtual', 9),)]─[('v_27',), ('v_28',), ('v_29',)]
2024-01-23 12:40:52,375[INFO]                          │                         │                                                     ┌[('v_30',), ('v_31',), ('v_32',)]
2024-01-23 12:40:52,375[INFO]                          │                         │                          ┌[(('MCTDH virtual', 11),)]┤
2024-01-23 12:40:52,375[INFO]                          │                         │                          │                          └[('v_33',), ('v_34',), ('v_35',)]
2024-01-23 12:40:52,375[INFO]                          │                         │                          │                          ┌[('v_36',), ('v_37',), ('v_38',)]
2024-01-23 12:40:52,375[INFO]                          │                         └[(('MCTDH virtual', 10),)]┼[(('MCTDH virtual', 12),)]┤
2024-01-23 12:40:52,375[INFO]                          │                                                    │                          └[('v_39',), ('v_40',), ('v_41',)]
2024-01-23 12:40:52,375[INFO]                          │                                                    └[(('MCTDH virtual', 13),)]─[('v_42',), ('v_43',), ('v_44',)]
2024-01-23 12:40:52,375[INFO]                          │                                                                                ┌[('v_45',), ('v_46',), ('v_47',)]
2024-01-23 12:40:52,375[INFO]                          │                                                     ┌[(('MCTDH virtual', 16),)]┤
2024-01-23 12:40:52,375[INFO]                          │                                                     │                          └[('v_48',), ('v_49',), ('v_50',)]
2024-01-23 12:40:52,375[INFO]                          │                                                     │                          ┌[('v_51',), ('v_52',), ('v_53',)]
2024-01-23 12:40:52,375[INFO]                          │                          ┌[(('MCTDH virtual', 15),)]┼[(('MCTDH virtual', 17),)]┤
2024-01-23 12:40:52,375[INFO]                          │                          │                          │                          └[('v_54',), ('v_55',), ('v_56',)]
2024-01-23 12:40:52,375[INFO]                          │                          │                          └[(('MCTDH virtual', 18),)]─[('v_57',), ('v_58',), ('v_59',)]
2024-01-23 12:40:52,375[INFO]                          │                          │                                                     ┌[('v_60',), ('v_61',), ('v_62',)]
2024-01-23 12:40:52,375[INFO]                          │                          │                          ┌[(('MCTDH virtual', 20),)]┤
2024-01-23 12:40:52,376[INFO]                          │                          │                          │                          └[('v_63',), ('v_64',), ('v_65',)]
2024-01-23 12:40:52,376[INFO]                          │                          │                          │                          ┌[('v_66',), ('v_67',), ('v_68',)]
2024-01-23 12:40:52,376[INFO]                          ├[(('MCTDH virtual', 14),)]┼[(('MCTDH virtual', 19),)]┼[(('MCTDH virtual', 21),)]┤
2024-01-23 12:40:52,376[INFO]                          │                          │                          │                          └[('v_69',), ('v_70',), ('v_71',)]
2024-01-23 12:40:52,376[INFO]                          │                          │                          └[(('MCTDH virtual', 22),)]─[('v_72',), ('v_73',), ('v_74',)]
2024-01-23 12:40:52,376[INFO]                          │                          │                                                     ┌[('v_75',), ('v_76',), ('v_77',)]
2024-01-23 12:40:52,376[INFO]                          │                          │                          ┌[(('MCTDH virtual', 24),)]┤
2024-01-23 12:40:52,376[INFO]                          │                          │                          │                          └[('v_78',), ('v_79',), ('v_80',)]
2024-01-23 12:40:52,376[INFO]                          │                          │                          │                          ┌[('v_81',), ('v_82',), ('v_83',)]
2024-01-23 12:40:52,376[INFO]                          │                          └[(('MCTDH virtual', 23),)]┼[(('MCTDH virtual', 25),)]┤
2024-01-23 12:40:52,376[INFO]                          │                                                     │                          └[('v_84',), ('v_85',), ('v_86',)]
2024-01-23 12:40:52,376[INFO]                          │                                                     └[(('MCTDH virtual', 26),)]─[('v_87',), ('v_88',), ('v_89',)]
2024-01-23 12:40:52,376[INFO] [(('MCTDH virtual', 0),)]┤
2024-01-23 12:40:52,376[INFO]                          │                                                                                ┌[('v_90',), ('v_91',), ('v_92',)]
2024-01-23 12:40:52,377[INFO]                          │                                                     ┌[(('MCTDH virtual', 29),)]┤
2024-01-23 12:40:52,377[INFO]                          │                                                     │                          └[('v_93',), ('v_94',), ('v_95',)]
2024-01-23 12:40:52,377[INFO]                          │                                                     │                          ┌[('v_96',), ('v_97',), ('v_98',)]
2024-01-23 12:40:52,377[INFO]                          │                          ┌[(('MCTDH virtual', 28),)]┼[(('MCTDH virtual', 30),)]┤
2024-01-23 12:40:52,377[INFO]                          │                          │                          │                          └[('v_99',), ('v_100',), ('v_101',)]
2024-01-23 12:40:52,377[INFO]                          │                          │                          └[(('MCTDH virtual', 31),)]─[('v_102',), ('v_103',), ('v_104',)]
2024-01-23 12:40:52,377[INFO]                          │                          │                                                     ┌[('v_105',), ('v_106',), ('v_107',)]
2024-01-23 12:40:52,377[INFO]                          │                          │                          ┌[(('MCTDH virtual', 33),)]┤
2024-01-23 12:40:52,377[INFO]                          │                          │                          │                          └[('v_108',), ('v_109',), ('v_110',)]
2024-01-23 12:40:52,377[INFO]                          │                          │                          │                          ┌[('v_111',), ('v_112',), ('v_113',)]
2024-01-23 12:40:52,378[INFO]                          ├[(('MCTDH virtual', 27),)]┼[(('MCTDH virtual', 32),)]┼[(('MCTDH virtual', 34),)]┤
2024-01-23 12:40:52,378[INFO]                          │                          │                          │                          └[('v_114',), ('v_115',), ('v_116',)]
2024-01-23 12:40:52,378[INFO]                          │                          │                          └[(('MCTDH virtual', 35),)]─[('v_117',), ('v_118',), ('v_119',)]
2024-01-23 12:40:52,378[INFO]                          │                          │                          ┌[('v_120',), ('v_121',), ('v_122',)]
2024-01-23 12:40:52,378[INFO]                          │                          └[(('MCTDH virtual', 36),)]┼[('v_123',), ('v_124',), ('v_125',)]
2024-01-23 12:40:52,378[INFO]                          │                                                     └[('v_126',), ('v_127',)]
2024-01-23 12:40:52,378[INFO]                          └[('spin',)]
2024-01-23 12:40:52,396[DEBUG] # of operator terms: 386
2024-01-23 12:40:57,594[DEBUG] # of operator terms: 1
2024-01-23 12:40:58,441[DEBUG] # of operator terms: 1
2024-01-23 12:40:59,310[DEBUG] target for expander: 19
2024-01-23 12:40:59,311[DEBUG] average bond dimension of hint mpo: 3
2024-01-23 12:40:59,311[DEBUG] cumulated bond dimension: 1. lastone bond dimension: [1, 1, 1, 1, 1, 1, 1, 1, 1, 1, 1, 1, 1, 1, 1, 1, 1, 1, 1, 1, 1, 1, 1, 1, 1, 1, 1, 1, 1, 1, 1, 1, 1, 1, 1, 1, 1, 1, 1, 1, 1, 1, 1, 1, 1, 1, 1, 1, 1, 1, 1, 1, 1, 1, 1, 1, 1, 1, 1, 1, 1, 1, 1, 1, 1, 1, 1, 1, 1, 1, 1, 1, 1, 1, 1, 1, 1, 1, 1, 1, 1]
2024-01-23 12:41:00,302[DEBUG] # of operator terms: 1
2024-01-23 12:41:01,792[DEBUG] cumulated bond dimension: 4. lastone bond dimension: [1, 3, 3, 3, 3, 3, 3, 3, 3, 3, 3, 3, 3, 3, 3, 3, 3, 3, 3, 3, 3, 3, 3, 3, 3, 3, 3, 3, 3, 3, 3, 3, 3, 3, 3, 3, 3, 3, 3, 3, 3, 3, 3, 3, 3, 3, 3, 3, 3, 3, 3, 3, 3, 3, 3, 3, 3, 3, 3, 3, 3, 3, 3, 3, 3, 3, 3, 3, 3, 3, 3, 3, 3, 3, 3, 3, 3, 3, 3, 3, 3]
2024-01-23 12:41:03,218[DEBUG] cumulated bond dimension: 13. lastone bond dimension: [1, 9, 9, 9, 9, 9, 9, 9, 9, 9, 9, 9, 9, 9, 9, 9, 9, 9, 9, 9, 9, 9, 9, 9, 9, 9, 9, 9, 9, 9, 9, 9, 9, 9, 9, 9, 9, 9, 9, 9, 9, 9, 9, 9, 9, 9, 9, 9, 9, 9, 9, 9, 9, 9, 9, 9, 9, 9, 9, 9, 9, 9, 9, 9, 9, 9, 9, 9, 9, 9, 9, 9, 9, 9, 9, 9, 9, 9, 9, 9, 9]
2024-01-23 12:41:11,114[DEBUG] cumulated bond dimension: 19. lastone bond dimension: [1, 21, 21, 21, 21, 21, 21, 21, 21, 21, 21, 21, 21, 21, 21, 21, 21, 21, 21, 21, 21, 21, 21, 21, 21, 21, 21, 21, 21, 21, 21, 21, 21, 21, 21, 21, 21, 21, 21, 21, 21, 21, 21, 21, 21, 21, 21, 21, 21, 21, 21, 21, 21, 21, 21, 21, 21, 21, 21, 21, 21, 21, 21, 21, 21, 21, 21, 21, 21, 21, 21, 21, 21, 21, 21, 21, 21, 21, 21, 21, 6]
2024-01-23 12:41:23,323[DEBUG] expander bond dimension: [1, 19, 19, 19, 19, 19, 19, 19, 19, 19, 19, 19, 19, 19, 19, 19, 19, 19, 19, 19, 19, 19, 19, 19, 19, 19, 19, 19, 19, 19, 19, 19, 19, 19, 19, 19, 19, 19, 19, 19, 19, 19, 19, 19, 19, 19, 19, 19, 19, 19, 19, 19, 19, 19, 19, 19, 19, 19, 19, 19, 19, 19, 19, 19, 19, 19, 19, 19, 19, 19, 19, 19, 19, 19, 19, 19, 19, 19, 19, 19, 2]
2024-01-23 12:41:25,734[INFO] [1, 20, 20, 20, 20, 20, 20, 20, 20, 20, 20, 20, 20, 20, 20, 20, 20, 20, 20, 20, 20, 20, 20, 20, 20, 20, 20, 20, 20, 20, 20, 20, 20, 20, 20, 20, 20, 20, 20, 20, 20, 20, 20, 20, 20, 20, 20, 20, 20, 20, 20, 20, 20, 20, 20, 20, 20, 20, 20, 20, 20, 20, 20, 20, 20, 20, 20, 20, 20, 20, 20, 20, 20, 20, 20, 20, 20, 20, 20, 20, 2]
2024-01-23 12:41:25,735[INFO] [1, 3, 3, 3, 3, 3, 3, 3, 3, 3, 3, 3, 3, 3, 3, 3, 3, 3, 3, 3, 3, 3, 3, 3, 3, 3, 3, 3, 3, 3, 3, 3, 3, 3, 3, 3, 3, 3, 3, 3, 3, 3, 3, 3, 3, 3, 3, 3, 3, 3, 3, 3, 3, 3, 3, 3, 3, 3, 3, 3, 3, 3, 3, 3, 3, 3, 3, 3, 3, 3, 3, 3, 3, 3, 3, 3, 3, 3, 3, 3, 3]
2024-01-23 12:41:25,735[INFO] 81
2024-01-23 12:46:17,482[DEBUG] TDVP-PS Krylov space: DescribeResult(nobs=322, minmax=(4, 63), mean=22.84472049689441, variance=143.2281496101082, skewness=0.7830051348406746, kurtosis=-0.023153308480936996)
2024-01-23 12:46:20,896[INFO] 0.9950373589704222, -0.0007047597476306811
2024-01-23 12:52:32,928[DEBUG] TDVP-PS Krylov space: DescribeResult(nobs=322, minmax=(4, 65), mean=29.1055900621118, variance=107.9763549466922, skewness=0.9797938393974659, kurtosis=0.8367743488524679)
2024-01-23 12:52:36,265[INFO] 0.9804951981658951, -0.0055015188691170175
2024-01-23 12:58:18,004[DEBUG] TDVP-PS Krylov space: DescribeResult(nobs=322, minmax=(4, 65), mean=27.15527950310559, variance=107.91350786555988, skewness=0.992589602256164, kurtosis=0.7843137863016811)
2024-01-23 12:58:21,637[INFO] 0.9570877726324648, -0.014850499892732039
2024-01-23 13:04:01,047[DEBUG] TDVP-PS Krylov space: DescribeResult(nobs=322, minmax=(4, 67), mean=26.29192546583851, variance=122.47526170159244, skewness=1.007041380821531, kurtosis=0.5800935680223973)
2024-01-23 13:04:05,152[INFO] 0.9256025827193609, -0.027688491177405298
2024-01-23 13:09:50,028[DEBUG] TDVP-PS Krylov space: DescribeResult(nobs=322, minmax=(4, 67), mean=25.975155279503106, variance=137.51339950852343, skewness=0.9770228988719583, kurtosis=0.3099792944701725)
2024-01-23 13:09:53,720[INFO] 0.8868368022819181, -0.04313572653562677
2024-01-23 13:15:16,288[DEBUG] TDVP-PS Krylov space: DescribeResult(nobs=322, minmax=(4, 67), mean=25.77639751552795, variance=146.5105938352586, skewness=0.988829473523317, kurtosis=0.22131442295266757)
2024-01-23 13:15:19,265[INFO] 0.841586635303476, -0.060537436813870686
2024-01-23 13:20:32,595[DEBUG] TDVP-PS Krylov space: DescribeResult(nobs=322, minmax=(4, 67), mean=25.70186335403727, variance=152.05413981927592, skewness=1.0474624885409687, kurtosis=0.3219165643416857)
2024-01-23 13:20:35,783[INFO] 0.7906447673169947, -0.0793593120643766
2024-01-23 13:25:58,771[DEBUG] TDVP-PS Krylov space: DescribeResult(nobs=322, minmax=(4, 65), mean=25.316770186335404, variance=145.79342504982492, skewness=1.0425148320752662, kurtosis=0.3079467934228015)
2024-01-23 13:26:02,044[INFO] 0.7347983970544077, -0.09926693394489074
2024-01-23 13:31:22,352[DEBUG] TDVP-PS Krylov space: DescribeResult(nobs=322, minmax=(4, 65), mean=24.950310559006212, variance=135.9352179717885, skewness=1.0480018498284276, kurtosis=0.4075614766695863)
2024-01-23 13:31:25,618[INFO] 0.6748254692527648, -0.12014160087947622
2024-01-23 13:36:18,861[DEBUG] TDVP-PS Krylov space: DescribeResult(nobs=322, minmax=(4, 63), mean=24.919254658385093, variance=135.64455022155144, skewness=1.0395596147589132, kurtosis=0.34153610683376723)
2024-01-23 13:36:22,059[INFO] 0.6114905889033044, -0.1416745438326791
2024-01-23 13:36:22,059[INFO] [(0.9950373589704222, -0.0007047597476306811), (0.9804951981658951, -0.0055015188691170175), (0.9570877726324648, -0.014850499892732039), (0.9256025827193609, -0.027688491177405298), (0.8868368022819181, -0.04313572653562677), (0.841586635303476, -0.060537436813870686), (0.7906447673169947, -0.0793593120643766), (0.7347983970544077, -0.09926693394489074), (0.6748254692527648, -0.12014160087947622), (0.6114905889033044, -0.1416745438326791)]
2024-01-23 13:36:22,059[INFO] [292.8889057636261, 373.1517870426178, 342.9505224227905, 340.6515803337097, 346.11129212379456, 323.65383648872375, 314.4251170158386, 324.0580942630768, 321.39588928222656, 294.30064511299133]
2024-01-23 13:36:22,060[INFO] (327.35876698493956, 23.188200719723543)
