2024-01-23 11:31:56,713[INFO] w:[ 4.46287103 10.21651248 18.32581464 32.18875825]
2024-01-23 11:31:56,713[INFO] c:[ 2.90391065  5.40442506  8.37664217 12.78058297]
2024-01-23 11:31:56,714[INFO] integrate: 0.004496608027646852, 1.1541054942663676e-08
2024-01-23 11:31:56,714[INFO] renormalization constant: 0.9971414638381558
2024-01-23 11:31:57,073[INFO]                          ┌[('v_0',), ('v_1',)]
2024-01-23 11:31:57,073[INFO] [(('MCTDH virtual', 0),)]┼[('v_2',), ('v_3',)]
2024-01-23 11:31:57,073[INFO]                          └[('spin',)]
2024-01-23 11:31:57,073[DEBUG] # of operator terms: 14
2024-01-23 11:31:57,089[DEBUG] # of operator terms: 1
2024-01-23 11:31:57,096[DEBUG] # of operator terms: 1
2024-01-23 11:31:57,106[DEBUG] target for expander: 19
2024-01-23 11:31:57,106[DEBUG] average bond dimension of hint mpo: 2
2024-01-23 11:31:57,106[DEBUG] cumulated bond dimension: 1. lastone bond dimension: [1, 1, 1, 1]
2024-01-23 11:31:57,108[DEBUG] # of operator terms: 1
2024-01-23 11:31:57,121[DEBUG] cumulated bond dimension: 3. lastone bond dimension: [1, 3, 3, 3]
2024-01-23 11:31:57,130[DEBUG] cumulated bond dimension: 7. lastone bond dimension: [1, 9, 9, 9]
2024-01-23 11:31:57,143[DEBUG] cumulated bond dimension: 10. lastone bond dimension: [1, 27, 27, 27]
2024-01-23 11:31:57,160[DEBUG] expander bond dimension: [1, 19, 19, 2]
2024-01-23 11:31:57,170[INFO] [1, 20, 20, 2]
2024-01-23 11:31:57,170[INFO] [1, 3, 3, 3]
2024-01-23 11:31:57,170[INFO] 4
2024-01-23 11:31:57,278[DEBUG] TDVP-PS Krylov space: DescribeResult(nobs=14, minmax=(4, 15), mean=10.142857142857142, variance=17.978021978021978, skewness=-0.6306375460398722, kurtosis=-1.1860013988438625)
2024-01-23 11:31:57,284[INFO] 0.9950596275487317, -0.00049437303990894
2024-01-23 11:31:57,400[DEBUG] TDVP-PS Krylov space: DescribeResult(nobs=14, minmax=(4, 17), mean=11.571428571428571, variance=27.648351648351646, skewness=-0.6450598439577377, kurtosis=-1.2973668047548148)
2024-01-23 11:31:57,406[INFO] 0.9805606679961297, -0.005412564932151766
2024-01-23 11:31:57,545[DEBUG] TDVP-PS Krylov space: DescribeResult(nobs=14, minmax=(4, 17), mean=12.142857142857142, variance=30.28571428571428, skewness=-0.7695688170886582, kurtosis=-1.186455834058321)
2024-01-23 11:31:57,554[INFO] 0.9572115239185603, -0.015428346807777677
2024-01-23 11:31:57,665[DEBUG] TDVP-PS Krylov space: DescribeResult(nobs=14, minmax=(4, 17), mean=11.857142857142858, variance=27.824175824175818, skewness=-0.804388256298937, kurtosis=-1.1560574410577762)
2024-01-23 11:31:57,671[INFO] 0.925736415904502, -0.026486687703024727
2024-01-23 11:31:57,782[DEBUG] TDVP-PS Krylov space: DescribeResult(nobs=14, minmax=(4, 17), mean=11.714285714285714, variance=26.527472527472526, skewness=-0.8390431707340411, kurtosis=-1.1438220433277575)
2024-01-23 11:31:57,788[INFO] 0.8868547632661261, -0.042053080730998144
2024-01-23 11:31:57,903[DEBUG] TDVP-PS Krylov space: DescribeResult(nobs=14, minmax=(4, 15), mean=11.571428571428571, variance=25.186813186813183, skewness=-0.8891328019885424, kurtosis=-1.1379667955008543)
2024-01-23 11:31:57,909[INFO] 0.8413988371014158, -0.0642689674146507
2024-01-23 11:31:58,021[DEBUG] TDVP-PS Krylov space: DescribeResult(nobs=14, minmax=(4, 15), mean=11.571428571428571, variance=25.186813186813183, skewness=-0.8891328019885424, kurtosis=-1.1379667955008543)
2024-01-23 11:31:58,027[INFO] 0.7901072985741299, -0.08175364949918157
2024-01-23 11:31:58,137[DEBUG] TDVP-PS Krylov space: DescribeResult(nobs=14, minmax=(4, 15), mean=11.0, variance=21.846153846153847, skewness=-0.8349447926415389, kurtosis=-1.1385637770283672)
2024-01-23 11:31:58,143[INFO] 0.7334554993150413, -0.09157268445618065
2024-01-23 11:31:58,251[DEBUG] TDVP-PS Krylov space: DescribeResult(nobs=14, minmax=(4, 15), mean=11.0, variance=21.846153846153847, skewness=-0.8349447926415389, kurtosis=-1.1385637770283672)
2024-01-23 11:31:58,258[INFO] 0.6721194696901599, -0.11281595479981096
2024-01-23 11:31:58,366[DEBUG] TDVP-PS Krylov space: DescribeResult(nobs=14, minmax=(4, 15), mean=11.142857142857142, variance=22.74725274725275, skewness=-0.8379028711724554, kurtosis=-1.1463137996219286)
2024-01-23 11:31:58,372[INFO] 0.6072398125874607, -0.15168052332806273
2024-01-23 11:31:58,372[INFO] [(0.9950596275487317, -0.00049437303990894), (0.9805606679961297, -0.005412564932151766), (0.9572115239185603, -0.015428346807777677), (0.925736415904502, -0.026486687703024727), (0.8868547632661261, -0.042053080730998144), (0.8413988371014158, -0.0642689674146507), (0.7901072985741299, -0.08175364949918157), (0.7334554993150413, -0.09157268445618065), (0.6721194696901599, -0.11281595479981096), (0.6072398125874607, -0.15168052332806273)]
2024-01-23 11:31:58,372[INFO] [0.11020421981811523, 0.11748957633972168, 0.14423704147338867, 0.1132965087890625, 0.11300349235534668, 0.11676669120788574, 0.11382246017456055, 0.1127011775970459, 0.10982108116149902, 0.10959863662719727]
2024-01-23 11:31:58,373[INFO] (0.11609408855438233, 0.009719609191624847)
