2024-01-23 11:31:59,214[INFO] w:[ 2.35566071  5.02628857  8.10930216 11.7557333  16.21860432 21.97224577
 30.08154794 43.94449155]
2024-01-23 11:31:59,215[INFO] c:[ 1.34035796  2.36631092  3.38745751  4.47531427  5.69700175  7.15388707
  9.0544355  12.03135599]
2024-01-23 11:31:59,215[INFO] integrate: 0.0017358257124715597, 1.3025700568080616e-10
2024-01-23 11:31:59,215[INFO] renormalization constant: 0.998895549385083
2024-01-23 11:31:59,467[INFO]                                                    ┌[('v_0',), ('v_1',)]
2024-01-23 11:31:59,467[INFO]                          ┌[(('MCTDH virtual', 1),)]┤
2024-01-23 11:31:59,467[INFO]                          │                         └[('v_2',), ('v_3',)]
2024-01-23 11:31:59,467[INFO]                          │                         ┌[('v_4',), ('v_5',)]
2024-01-23 11:31:59,467[INFO] [(('MCTDH virtual', 0),)]┼[(('MCTDH virtual', 2),)]┤
2024-01-23 11:31:59,467[INFO]                          │                         └[('v_6',), ('v_7',)]
2024-01-23 11:31:59,467[INFO]                          └[('spin',)]
2024-01-23 11:31:59,468[DEBUG] # of operator terms: 26
2024-01-23 11:31:59,502[DEBUG] # of operator terms: 1
2024-01-23 11:31:59,518[DEBUG] # of operator terms: 1
2024-01-23 11:31:59,535[DEBUG] target for expander: 19
2024-01-23 11:31:59,535[DEBUG] average bond dimension of hint mpo: 3
2024-01-23 11:31:59,536[DEBUG] cumulated bond dimension: 1. lastone bond dimension: [1, 1, 1, 1, 1, 1, 1, 1]
2024-01-23 11:31:59,539[DEBUG] # of operator terms: 1
2024-01-23 11:31:59,566[DEBUG] cumulated bond dimension: 3. lastone bond dimension: [1, 3, 3, 3, 3, 3, 3, 3]
2024-01-23 11:31:59,588[DEBUG] cumulated bond dimension: 10. lastone bond dimension: [1, 9, 9, 9, 9, 9, 9, 9]
2024-01-23 11:31:59,634[DEBUG] cumulated bond dimension: 15. lastone bond dimension: [1, 21, 21, 21, 21, 21, 21, 6]
2024-01-23 11:31:59,701[DEBUG] expander bond dimension: [1, 19, 19, 19, 19, 19, 19, 2]
2024-01-23 11:31:59,723[INFO] [1, 20, 20, 20, 20, 20, 20, 2]
2024-01-23 11:31:59,723[INFO] [1, 3, 3, 3, 3, 3, 3, 3]
2024-01-23 11:31:59,723[INFO] 8
2024-01-23 11:32:01,495[DEBUG] TDVP-PS Krylov space: DescribeResult(nobs=30, minmax=(4, 19), mean=13.066666666666666, variance=18.754022988505742, skewness=-0.9503838193391513, kurtosis=0.15956638685543778)
2024-01-23 11:32:01,512[INFO] 0.9950451185183368, -0.0005980548460867539
2024-01-23 11:32:02,136[DEBUG] TDVP-PS Krylov space: DescribeResult(nobs=30, minmax=(4, 19), mean=14.6, variance=19.834482758620684, skewness=-1.750080932054132, kurtosis=1.690256131507022)
2024-01-23 11:32:02,153[INFO] 0.9805189784996917, -0.005612604276518276
2024-01-23 11:32:02,715[DEBUG] TDVP-PS Krylov space: DescribeResult(nobs=30, minmax=(4, 19), mean=14.133333333333333, variance=19.912643678160926, skewness=-1.4158218776996108, kurtosis=1.0078380659404473)
2024-01-23 11:32:02,733[INFO] 0.9571291444981305, -0.014647069641086492
2024-01-23 11:32:03,313[DEBUG] TDVP-PS Krylov space: DescribeResult(nobs=30, minmax=(4, 19), mean=14.266666666666667, variance=22.34022988505747, skewness=-1.1182979236168793, kurtosis=0.5048676018316232)
2024-01-23 11:32:03,331[INFO] 0.925636572117377, -0.027687665215544926
2024-01-23 11:32:03,894[DEBUG] TDVP-PS Krylov space: DescribeResult(nobs=30, minmax=(4, 19), mean=13.866666666666667, variance=21.2919540229885, skewness=-1.0013001259616803, kurtosis=0.3891504871198168)
2024-01-23 11:32:03,911[INFO] 0.8868401636365261, -0.04379136915049661
2024-01-23 11:32:04,439[DEBUG] TDVP-PS Krylov space: DescribeResult(nobs=30, minmax=(4, 19), mean=13.6, variance=21.420689655172417, skewness=-0.8266187721759939, kurtosis=0.1391055427689345)
2024-01-23 11:32:04,457[INFO] 0.8414809653730645, -0.05917340881377612
2024-01-23 11:32:05,007[DEBUG] TDVP-PS Krylov space: DescribeResult(nobs=30, minmax=(4, 19), mean=13.533333333333333, variance=21.360919540229894, skewness=-0.7871259607018092, kurtosis=0.10892377021489663)
2024-01-23 11:32:05,025[INFO] 0.7903326271709797, -0.08049930410352114
2024-01-23 11:32:05,633[DEBUG] TDVP-PS Krylov space: DescribeResult(nobs=30, minmax=(4, 19), mean=13.4, variance=20.937931034482755, skewness=-0.7726106422979766, kurtosis=0.08137136965114422)
2024-01-23 11:32:05,650[INFO] 0.7342310112471789, -0.10146833711442732
2024-01-23 11:32:06,188[DEBUG] TDVP-PS Krylov space: DescribeResult(nobs=30, minmax=(4, 19), mean=13.133333333333333, variance=19.981609195402296, skewness=-0.758565505894542, kurtosis=0.03737635614597279)
2024-01-23 11:32:06,208[INFO] 0.6737823451761894, -0.11671534048673547
2024-01-23 11:32:06,763[DEBUG] TDVP-PS Krylov space: DescribeResult(nobs=30, minmax=(4, 19), mean=13.133333333333333, variance=19.981609195402296, skewness=-0.758565505894542, kurtosis=0.03737635614597279)
2024-01-23 11:32:06,783[INFO] 0.6097502129861103, -0.14282628192890257
2024-01-23 11:32:06,783[INFO] [(0.9950451185183368, -0.0005980548460867539), (0.9805189784996917, -0.005612604276518276), (0.9571291444981305, -0.014647069641086492), (0.925636572117377, -0.027687665215544926), (0.8868401636365261, -0.04379136915049661), (0.8414809653730645, -0.05917340881377612), (0.7903326271709797, -0.08049930410352114), (0.7342310112471789, -0.10146833711442732), (0.6737823451761894, -0.11671534048673547), (0.6097502129861103, -0.14282628192890257)]
2024-01-23 11:32:06,784[INFO] [1.7777893543243408, 0.6296243667602539, 0.568448543548584, 0.5859994888305664, 0.5689384937286377, 0.5336406230926514, 0.5565059185028076, 0.6128077507019043, 0.5447061061859131, 0.5623326301574707]
2024-01-23 11:32:06,784[INFO] (0.694079327583313, 0.36230485496613246)
