2024-01-23 11:32:22,200[INFO] w:[ 0.61543317  1.25040714  1.9062036   2.58423463  3.28606103  4.01341391
  4.76822047  5.55263473  6.36907462  7.22026691  8.10930216  9.03970247
 10.01550576 11.04137165 12.12271607 13.26588435 14.47837678 15.76914721
 17.14900464 18.63116408 20.23201823 21.97224577 23.87844937 25.98565968
 28.3413204  31.01194825 34.09496184 37.74139298 42.20426401 47.95790546
 56.06720762 69.93015123]
2024-01-23 11:32:22,201[INFO] c:[0.25579156 0.43530045 0.59721058 0.75032512 0.89847759 1.04384495
 1.18786688 1.33160329 1.47590289 1.62149446 1.76904199 1.91918187
 2.07255084 2.2298097  2.39166572 2.55889629 2.73237583 2.91310866
 3.10227089 3.30126602 3.5118013  3.73599568 3.97653784 4.23692561
 4.52184414 4.83779339 5.19419423 5.60549504 6.09561848 6.70881297
 7.54279361 8.90223141]
2024-01-23 11:32:22,201[INFO] integrate: 0.00026735466843086814, 2.5661687696741414e-09
2024-01-23 11:32:22,202[INFO] renormalization constant: 0.9998298112155967
2024-01-23 11:32:22,646[INFO]                                                                                                        ┌[('v_0',), ('v_1',)]
2024-01-23 11:32:22,646[INFO]                                                                              ┌[(('MCTDH virtual', 3),)]┤
2024-01-23 11:32:22,646[INFO]                                                                              │                         └[('v_2',), ('v_3',)]
2024-01-23 11:32:22,646[INFO]                                                    ┌[(('MCTDH virtual', 2),)]┤
2024-01-23 11:32:22,647[INFO]                                                    │                         │                         ┌[('v_4',), ('v_5',)]
2024-01-23 11:32:22,647[INFO]                                                    │                         └[(('MCTDH virtual', 4),)]┤
2024-01-23 11:32:22,647[INFO]                                                    │                                                   └[('v_6',), ('v_7',)]
2024-01-23 11:32:22,647[INFO]                          ┌[(('MCTDH virtual', 1),)]┤
2024-01-23 11:32:22,647[INFO]                          │                         │                                                   ┌[('v_8',), ('v_9',)]
2024-01-23 11:32:22,647[INFO]                          │                         │                         ┌[(('MCTDH virtual', 6),)]┤
2024-01-23 11:32:22,647[INFO]                          │                         │                         │                         └[('v_10',), ('v_11',)]
2024-01-23 11:32:22,647[INFO]                          │                         └[(('MCTDH virtual', 5),)]┤
2024-01-23 11:32:22,647[INFO]                          │                                                   │                         ┌[('v_12',), ('v_13',)]
2024-01-23 11:32:22,647[INFO]                          │                                                   └[(('MCTDH virtual', 7),)]┤
2024-01-23 11:32:22,647[INFO]                          │                                                                             └[('v_14',), ('v_15',)]
2024-01-23 11:32:22,647[INFO]                          │                                                                              ┌[('v_16',), ('v_17',)]
2024-01-23 11:32:22,648[INFO]                          │                                                   ┌[(('MCTDH virtual', 10),)]┤
2024-01-23 11:32:22,648[INFO]                          │                                                   │                          └[('v_18',), ('v_19',)]
2024-01-23 11:32:22,648[INFO]                          │                         ┌[(('MCTDH virtual', 9),)]┤
2024-01-23 11:32:22,648[INFO]                          │                         │                         │                          ┌[('v_20',), ('v_21',)]
2024-01-23 11:32:22,648[INFO]                          │                         │                         └[(('MCTDH virtual', 11),)]┤
2024-01-23 11:32:22,648[INFO]                          │                         │                                                    └[('v_22',), ('v_23',)]
2024-01-23 11:32:22,648[INFO] [(('MCTDH virtual', 0),)]┼[(('MCTDH virtual', 8),)]┤
2024-01-23 11:32:22,648[INFO]                          │                         │                                                     ┌[('v_24',), ('v_25',)]
2024-01-23 11:32:22,649[INFO]                          │                         │                          ┌[(('MCTDH virtual', 13),)]┤
2024-01-23 11:32:22,649[INFO]                          │                         │                          │                          └[('v_26',), ('v_27',)]
2024-01-23 11:32:22,649[INFO]                          │                         └[(('MCTDH virtual', 12),)]┤
2024-01-23 11:32:22,649[INFO]                          │                                                    │                          ┌[('v_28',), ('v_29',)]
2024-01-23 11:32:22,649[INFO]                          │                                                    └[(('MCTDH virtual', 14),)]┤
2024-01-23 11:32:22,649[INFO]                          │                                                                               └[('v_30',), ('v_31',)]
2024-01-23 11:32:22,649[INFO]                          └[('spin',)]
2024-01-23 11:32:22,656[DEBUG] # of operator terms: 98
2024-01-23 11:32:22,959[DEBUG] # of operator terms: 1
2024-01-23 11:32:23,088[DEBUG] # of operator terms: 1
2024-01-23 11:32:23,215[DEBUG] target for expander: 19
2024-01-23 11:32:23,216[DEBUG] average bond dimension of hint mpo: 3
2024-01-23 11:32:23,216[DEBUG] cumulated bond dimension: 1. lastone bond dimension: [1, 1, 1, 1, 1, 1, 1, 1, 1, 1, 1, 1, 1, 1, 1, 1, 1, 1, 1, 1, 1, 1, 1, 1, 1, 1, 1, 1, 1, 1, 1, 1]
2024-01-23 11:32:23,235[DEBUG] # of operator terms: 1
2024-01-23 11:32:23,448[DEBUG] cumulated bond dimension: 4. lastone bond dimension: [1, 3, 3, 3, 3, 3, 3, 3, 3, 3, 3, 3, 3, 3, 3, 3, 3, 3, 3, 3, 3, 3, 3, 3, 3, 3, 3, 3, 3, 3, 3, 3]
2024-01-23 11:32:23,595[DEBUG] cumulated bond dimension: 12. lastone bond dimension: [1, 9, 9, 9, 9, 9, 9, 9, 9, 9, 9, 9, 9, 9, 9, 9, 9, 9, 9, 9, 9, 9, 9, 9, 9, 9, 9, 9, 9, 9, 9, 9]
2024-01-23 11:32:23,947[DEBUG] cumulated bond dimension: 18. lastone bond dimension: [1, 21, 21, 21, 21, 21, 21, 21, 21, 21, 21, 21, 21, 21, 21, 21, 21, 21, 21, 21, 21, 21, 21, 21, 21, 21, 21, 21, 21, 21, 21, 6]
2024-01-23 11:32:24,397[DEBUG] expander bond dimension: [1, 19, 19, 19, 19, 19, 19, 19, 19, 19, 19, 19, 19, 19, 19, 19, 19, 19, 19, 19, 19, 19, 19, 19, 19, 19, 19, 19, 19, 19, 19, 2]
2024-01-23 11:32:24,557[INFO] [1, 20, 20, 20, 20, 20, 20, 20, 20, 20, 20, 20, 20, 20, 20, 20, 20, 20, 20, 20, 20, 20, 20, 20, 20, 20, 20, 20, 20, 20, 20, 2]
2024-01-23 11:32:24,558[INFO] [1, 3, 3, 3, 3, 3, 3, 3, 3, 3, 3, 3, 3, 3, 3, 3, 3, 3, 3, 3, 3, 3, 3, 3, 3, 3, 3, 3, 3, 3, 3, 3]
2024-01-23 11:32:24,558[INFO] 32
2024-01-23 11:32:27,799[DEBUG] TDVP-PS Krylov space: DescribeResult(nobs=126, minmax=(4, 33), mean=17.38095238095238, variance=54.02971428571426, skewness=0.5400366389620539, kurtosis=-0.8745305107259118)
2024-01-23 11:32:27,883[INFO] 0.9950382376609391, -0.0006903855133146809
2024-01-23 11:32:31,471[DEBUG] TDVP-PS Krylov space: DescribeResult(nobs=126, minmax=(4, 33), mean=20.285714285714285, variance=48.7017142857143, skewness=0.1661583759796214, kurtosis=-0.7410735778758024)
2024-01-23 11:32:31,555[INFO] 0.9804982374628612, -0.0054890414872379245
2024-01-23 11:32:35,022[DEBUG] TDVP-PS Krylov space: DescribeResult(nobs=126, minmax=(4, 31), mean=19.047619047619047, variance=39.421714285714295, skewness=0.23455072132294685, kurtosis=-0.37571856497377176)
2024-01-23 11:32:35,104[INFO] 0.9570925294860726, -0.014898851499285834
2024-01-23 11:32:38,503[DEBUG] TDVP-PS Krylov space: DescribeResult(nobs=126, minmax=(4, 33), mean=18.571428571428573, variance=35.97485714285716, skewness=0.27142133738047225, kurtosis=-0.12475380235749922)
2024-01-23 11:32:38,585[INFO] 0.9256068179233296, -0.027625088815334046
2024-01-23 11:32:42,529[DEBUG] TDVP-PS Krylov space: DescribeResult(nobs=126, minmax=(4, 31), mean=18.174603174603174, variance=37.04126984126985, skewness=0.37694453542007345, kurtosis=-0.1808780808869419)
2024-01-23 11:32:42,613[INFO] 0.8868363238474593, -0.04322241713230391
2024-01-23 11:32:45,927[DEBUG] TDVP-PS Krylov space: DescribeResult(nobs=126, minmax=(4, 31), mean=17.904761904761905, variance=39.49485714285714, skewness=0.4607633480043493, kurtosis=-0.3023137152097406)
2024-01-23 11:32:46,008[INFO] 0.8415718332421203, -0.060466568966872594
2024-01-23 11:32:49,305[DEBUG] TDVP-PS Krylov space: DescribeResult(nobs=126, minmax=(4, 31), mean=17.857142857142858, variance=39.611428571428576, skewness=0.46755098846181464, kurtosis=-0.3201268942149764)
2024-01-23 11:32:49,384[INFO] 0.7906087787999772, -0.07939717643124032
2024-01-23 11:32:52,591[DEBUG] TDVP-PS Krylov space: DescribeResult(nobs=126, minmax=(4, 31), mean=17.761904761904763, variance=38.934857142857155, skewness=0.47819122775913353, kurtosis=-0.2599655960234193)
2024-01-23 11:32:52,666[INFO] 0.7347201721517389, -0.09948078450479202
2024-01-23 11:32:55,902[DEBUG] TDVP-PS Krylov space: DescribeResult(nobs=126, minmax=(4, 31), mean=17.555555555555557, variance=37.896888888888896, skewness=0.5092354333221679, kurtosis=-0.15877178599382447)
2024-01-23 11:32:55,985[INFO] 0.6746968556417565, -0.12006630202521444
2024-01-23 11:32:59,205[DEBUG] TDVP-PS Krylov space: DescribeResult(nobs=126, minmax=(4, 31), mean=17.46031746031746, variance=37.22641269841271, skewness=0.502350447650854, kurtosis=-0.14726117469195588)
2024-01-23 11:32:59,287[INFO] 0.611278182670192, -0.14199284919654456
2024-01-23 11:32:59,288[INFO] [(0.9950382376609391, -0.0006903855133146809), (0.9804982374628612, -0.0054890414872379245), (0.9570925294860726, -0.014898851499285834), (0.9256068179233296, -0.027625088815334046), (0.8868363238474593, -0.04322241713230391), (0.8415718332421203, -0.060466568966872594), (0.7906087787999772, -0.07939717643124032), (0.7347201721517389, -0.09948078450479202), (0.6746968556417565, -0.12006630202521444), (0.611278182670192, -0.14199284919654456)]
2024-01-23 11:32:59,288[INFO] [3.269624710083008, 3.6164207458496094, 3.496051073074341, 3.426578998565674, 3.972236156463623, 3.3416006565093994, 3.323192834854126, 3.231412887573242, 3.2640132904052734, 3.2479381561279297]
2024-01-23 11:32:59,288[INFO] (3.4189069509506225, 0.2184019290305698)
