2024-01-23 12:16:54,087[INFO] w:[ 0.31008373  0.62505087  0.9450577   1.27026811  1.60085415  1.93699652
  2.27888519  2.62672004  2.98071158  3.34108169  3.70806447  4.08190713
  4.46287103  4.85123274  5.24728529  5.65133944  6.06372518  6.48479336
  6.91491747  7.3544956   7.80395272  8.26374308  8.73435303  9.21630406
  9.71015632 10.21651248 10.7360222  11.26938715 11.81736663 12.38078417
 12.96053491 13.55759417 14.17302734 14.80800131 15.46379776 16.1418288
 16.84365519 17.57100808 18.32581464 19.1102289  19.92666879 20.77786108
 21.66689633 22.59729664 23.57309993 24.59896581 25.68031024 26.82347852
 28.03597095 29.32674138 30.70659881 32.18875825 33.7896124  35.52983994
 37.43604354 39.54325385 41.89891456 44.56954242 47.65255601 51.29898715
 55.76185818 61.51549962 69.62480179 83.4877454 ]
2024-01-23 12:16:54,088[INFO] c:[0.10899587 0.18438999 0.25141696 0.31385017 0.37330572 0.43067281
 0.48651099 0.5412042  0.59503264 0.64821062 0.70090842 0.75326564
 0.8053999  0.85741268 0.90939346 0.96142269 1.01357398 1.06591587
 1.11851309 1.1714277  1.22471995 1.27844905 1.33267385 1.38745344
 1.44284768 1.49891782 1.55572694 1.61334053 1.67182707 1.73125857
 1.79171123 1.85326615 1.91601008 1.98003631 2.04544564 2.11234754
 2.18086146 2.25111836 2.32326253 2.39745375 2.47386985 2.55270982
 2.6341976  2.71858669 2.8061659  2.89726658 2.99227167 3.09162737
 3.19585835 3.30558765 3.42156352 3.54469594 3.67610771 3.81720742
 3.96979681 4.13623421 4.31969317 4.5245923  4.75735402 5.02785117
 5.35246392 5.7615487  6.32228107 7.2446577 ]
2024-01-23 12:16:54,089[INFO] integrate: 0.00010825556342700235, 1.714261656698164e-10
2024-01-23 12:16:54,089[INFO] renormalization constant: 0.999931084742619
2024-01-23 12:16:54,512[INFO]                                                                              ┌[('v_0',), ('v_1',), ('v_2',)]
2024-01-23 12:16:54,512[INFO]                                                    ┌[(('MCTDH virtual', 2),)]┼[('v_3',), ('v_4',), ('v_5',)]
2024-01-23 12:16:54,513[INFO]                                                    │                         └[('v_6',), ('v_7',), ('v_8',)]
2024-01-23 12:16:54,513[INFO]                                                    │                         ┌[('v_9',), ('v_10',), ('v_11',)]
2024-01-23 12:16:54,513[INFO]                          ┌[(('MCTDH virtual', 1),)]┼[(('MCTDH virtual', 3),)]┼[('v_12',), ('v_13',), ('v_14',)]
2024-01-23 12:16:54,513[INFO]                          │                         │                         └[('v_15',), ('v_16',), ('v_17',)]
2024-01-23 12:16:54,513[INFO]                          │                         │                         ┌[('v_18',), ('v_19',), ('v_20',)]
2024-01-23 12:16:54,513[INFO]                          │                         └[(('MCTDH virtual', 4),)]┤
2024-01-23 12:16:54,513[INFO]                          │                                                   └[('v_21',), ('v_22',), ('v_23',)]
2024-01-23 12:16:54,513[INFO]                          │                                                   ┌[('v_24',), ('v_25',), ('v_26',)]
2024-01-23 12:16:54,513[INFO]                          │                         ┌[(('MCTDH virtual', 6),)]┼[('v_27',), ('v_28',), ('v_29',)]
2024-01-23 12:16:54,513[INFO]                          │                         │                         └[('v_30',), ('v_31',), ('v_32',)]
2024-01-23 12:16:54,513[INFO]                          │                         │                         ┌[('v_33',), ('v_34',), ('v_35',)]
2024-01-23 12:16:54,513[INFO]                          ├[(('MCTDH virtual', 5),)]┼[(('MCTDH virtual', 7),)]┼[('v_36',), ('v_37',), ('v_38',)]
2024-01-23 12:16:54,513[INFO]                          │                         │                         └[('v_39',), ('v_40',), ('v_41',)]
2024-01-23 12:16:54,513[INFO]                          │                         │                         ┌[('v_42',), ('v_43',), ('v_44',)]
2024-01-23 12:16:54,514[INFO]                          │                         └[(('MCTDH virtual', 8),)]┤
2024-01-23 12:16:54,514[INFO]                          │                                                   └[('v_45',), ('v_46',), ('v_47',)]
2024-01-23 12:16:54,514[INFO] [(('MCTDH virtual', 0),)]┤
2024-01-23 12:16:54,514[INFO]                          │                                                    ┌[('v_48',), ('v_49',), ('v_50',)]
2024-01-23 12:16:54,514[INFO]                          │                         ┌[(('MCTDH virtual', 10),)]┤
2024-01-23 12:16:54,514[INFO]                          │                         │                          └[('v_51',), ('v_52',), ('v_53',)]
2024-01-23 12:16:54,514[INFO]                          │                         │                          ┌[('v_54',), ('v_55',), ('v_56',)]
2024-01-23 12:16:54,514[INFO]                          ├[(('MCTDH virtual', 9),)]┼[(('MCTDH virtual', 11),)]┤
2024-01-23 12:16:54,514[INFO]                          │                         │                          └[('v_57',), ('v_58',), ('v_59',)]
2024-01-23 12:16:54,514[INFO]                          │                         │                          ┌[('v_60',), ('v_61',), ('v_62',)]
2024-01-23 12:16:54,514[INFO]                          │                         └[(('MCTDH virtual', 12),)]┤
2024-01-23 12:16:54,514[INFO]                          │                                                    └[('v_63',)]
2024-01-23 12:16:54,514[INFO]                          └[('spin',)]
2024-01-23 12:16:54,523[DEBUG] # of operator terms: 194
2024-01-23 12:16:56,471[DEBUG] # of operator terms: 1
2024-01-23 12:16:56,841[DEBUG] # of operator terms: 1
2024-01-23 12:16:57,213[DEBUG] target for expander: 19
2024-01-23 12:16:57,214[DEBUG] average bond dimension of hint mpo: 3
2024-01-23 12:16:57,214[DEBUG] cumulated bond dimension: 1. lastone bond dimension: [1, 1, 1, 1, 1, 1, 1, 1, 1, 1, 1, 1, 1, 1, 1, 1, 1, 1, 1, 1, 1, 1, 1, 1, 1, 1, 1, 1, 1, 1, 1, 1, 1, 1, 1, 1]
2024-01-23 12:16:57,614[DEBUG] # of operator terms: 1
2024-01-23 12:16:58,243[DEBUG] cumulated bond dimension: 4. lastone bond dimension: [1, 3, 3, 3, 3, 3, 3, 3, 3, 3, 3, 3, 3, 3, 3, 3, 3, 3, 3, 3, 3, 3, 3, 3, 3, 3, 3, 3, 3, 3, 3, 3, 3, 3, 3, 3]
2024-01-23 12:16:59,249[DEBUG] cumulated bond dimension: 12. lastone bond dimension: [1, 9, 9, 9, 9, 9, 9, 9, 9, 9, 9, 9, 9, 9, 9, 9, 9, 9, 9, 9, 9, 9, 9, 9, 9, 9, 9, 9, 9, 9, 9, 9, 9, 9, 9, 9]
2024-01-23 12:17:03,181[DEBUG] cumulated bond dimension: 18. lastone bond dimension: [1, 21, 21, 21, 21, 21, 21, 21, 21, 21, 21, 21, 21, 21, 21, 21, 21, 21, 21, 21, 21, 21, 21, 21, 21, 21, 21, 21, 21, 21, 21, 21, 21, 21, 21, 6]
2024-01-23 12:17:07,481[DEBUG] expander bond dimension: [1, 19, 19, 19, 19, 19, 19, 19, 19, 19, 19, 19, 19, 19, 19, 19, 19, 19, 19, 19, 19, 19, 19, 19, 19, 19, 19, 19, 19, 19, 19, 19, 19, 19, 10, 2]
2024-01-23 12:17:08,161[INFO] [1, 20, 20, 20, 20, 20, 20, 20, 20, 20, 20, 20, 20, 20, 20, 20, 20, 20, 20, 20, 20, 20, 20, 20, 20, 20, 20, 20, 20, 20, 20, 20, 20, 20, 10, 2]
2024-01-23 12:17:08,161[INFO] [1, 3, 3, 3, 3, 3, 3, 3, 3, 3, 3, 3, 3, 3, 3, 3, 3, 3, 3, 3, 3, 3, 3, 3, 3, 3, 3, 3, 3, 3, 3, 3, 3, 3, 3, 3]
2024-01-23 12:17:08,161[INFO] 36
2024-01-23 12:18:58,246[DEBUG] TDVP-PS Krylov space: DescribeResult(nobs=142, minmax=(4, 43), mean=20.323943661971832, variance=79.45459994006593, skewness=0.3465977812791716, kurtosis=-0.7003748218754522)
2024-01-23 12:18:59,953[INFO] 0.9950375988656601, -0.0007017047453995224
2024-01-23 12:21:36,262[DEBUG] TDVP-PS Krylov space: DescribeResult(nobs=142, minmax=(4, 45), mean=25.802816901408452, variance=56.769353710918, skewness=0.0595722056221055, kurtosis=0.824263483213882)
2024-01-23 12:21:38,051[INFO] 0.9804960344127227, -0.005490462124571787
2024-01-23 12:24:16,448[DEBUG] TDVP-PS Krylov space: DescribeResult(nobs=142, minmax=(4, 45), mean=24.04225352112676, variance=65.48756367995203, skewness=0.4378664482422516, kurtosis=0.3112685690960144)
2024-01-23 12:24:18,036[INFO] 0.9570892033846624, -0.01485467226728025
2024-01-23 12:26:30,763[DEBUG] TDVP-PS Krylov space: DescribeResult(nobs=142, minmax=(4, 47), mean=23.338028169014084, variance=76.73599041054838, skewness=0.6180294110260901, kurtosis=0.04178883494096697)
2024-01-23 12:26:32,469[INFO] 0.9256038912973295, -0.027730914625311007
2024-01-23 12:28:39,257[DEBUG] TDVP-PS Krylov space: DescribeResult(nobs=142, minmax=(4, 47), mean=22.91549295774648, variance=79.85096393966637, skewness=0.6455006749628577, kurtosis=-0.04444439369989217)
2024-01-23 12:28:40,947[INFO] 0.8868366040069239, -0.04310879434280486
2024-01-23 12:31:05,196[DEBUG] TDVP-PS Krylov space: DescribeResult(nobs=142, minmax=(4, 47), mean=22.718309859154928, variance=83.40944960543403, skewness=0.6563535559313525, kurtosis=-0.14965341924906417)
2024-01-23 12:31:06,918[INFO] 0.841583524545737, -0.06046991179292252
2024-01-23 12:33:36,225[DEBUG] TDVP-PS Krylov space: DescribeResult(nobs=142, minmax=(4, 47), mean=22.591549295774648, variance=84.82489261812006, skewness=0.6753729560849814, kurtosis=-0.16512337445606207)
2024-01-23 12:33:37,312[INFO] 0.7906353525284991, -0.079479756795707
2024-01-23 12:36:13,494[DEBUG] TDVP-PS Krylov space: DescribeResult(nobs=142, minmax=(4, 45), mean=22.3943661971831, variance=82.58096094296275, skewness=0.6605420269062716, kurtosis=-0.1783375651152479)
2024-01-23 12:36:15,241[INFO] 0.7347781522514842, -0.09925157625566233
2024-01-23 12:38:35,762[DEBUG] TDVP-PS Krylov space: DescribeResult(nobs=142, minmax=(4, 45), mean=22.281690140845072, variance=84.18959144940564, skewness=0.6794198414319735, kurtosis=-0.20931400199902672)
2024-01-23 12:38:37,517[INFO] 0.6747918456933208, -0.12014270748029311
2024-01-23 12:40:48,583[DEBUG] TDVP-PS Krylov space: DescribeResult(nobs=142, minmax=(4, 45), mean=22.140845070422536, variance=84.30626311057837, skewness=0.700735218511165, kurtosis=-0.1958837706734755)
2024-01-23 12:40:50,392[INFO] 0.6114351660765631, -0.1418098638100169
2024-01-23 12:40:50,393[INFO] [(0.9950375988656601, -0.0007017047453995224), (0.9804960344127227, -0.005490462124571787), (0.9570892033846624, -0.01485467226728025), (0.9256038912973295, -0.027730914625311007), (0.8868366040069239, -0.04310879434280486), (0.841583524545737, -0.06046991179292252), (0.7906353525284991, -0.079479756795707), (0.7347781522514842, -0.09925157625566233), (0.6747918456933208, -0.12014270748029311), (0.6114351660765631, -0.1418098638100169)]
2024-01-23 12:40:50,393[INFO] [110.65409016609192, 156.90164017677307, 158.951025724411, 133.29520869255066, 127.35249829292297, 144.82813167572021, 149.6654396057129, 156.77154803276062, 141.10815119743347, 131.67225074768066]
2024-01-23 12:40:50,393[INFO] (141.11999843120574, 14.720579506429232)
