2024-01-23 11:33:00,705[INFO] w:[ 0.31008373  0.62505087  0.9450577   1.27026811  1.60085415  1.93699652
  2.27888519  2.62672004  2.98071158  3.34108169  3.70806447  4.08190713
  4.46287103  4.85123274  5.24728529  5.65133944  6.06372518  6.48479336
  6.91491747  7.3544956   7.80395272  8.26374308  8.73435303  9.21630406
  9.71015632 10.21651248 10.7360222  11.26938715 11.81736663 12.38078417
 12.96053491 13.55759417 14.17302734 14.80800131 15.46379776 16.1418288
 16.84365519 17.57100808 18.32581464 19.1102289  19.92666879 20.77786108
 21.66689633 22.59729664 23.57309993 24.59896581 25.68031024 26.82347852
 28.03597095 29.32674138 30.70659881 32.18875825 33.7896124  35.52983994
 37.43604354 39.54325385 41.89891456 44.56954242 47.65255601 51.29898715
 55.76185818 61.51549962 69.62480179 83.4877454 ]
2024-01-23 11:33:00,706[INFO] c:[0.10899587 0.18438999 0.25141696 0.31385017 0.37330572 0.43067281
 0.48651099 0.5412042  0.59503264 0.64821062 0.70090842 0.75326564
 0.8053999  0.85741268 0.90939346 0.96142269 1.01357398 1.06591587
 1.11851309 1.1714277  1.22471995 1.27844905 1.33267385 1.38745344
 1.44284768 1.49891782 1.55572694 1.61334053 1.67182707 1.73125857
 1.79171123 1.85326615 1.91601008 1.98003631 2.04544564 2.11234754
 2.18086146 2.25111836 2.32326253 2.39745375 2.47386985 2.55270982
 2.6341976  2.71858669 2.8061659  2.89726658 2.99227167 3.09162737
 3.19585835 3.30558765 3.42156352 3.54469594 3.67610771 3.81720742
 3.96979681 4.13623421 4.31969317 4.5245923  4.75735402 5.02785117
 5.35246392 5.7615487  6.32228107 7.2446577 ]
2024-01-23 11:33:00,707[INFO] integrate: 0.00010825556342700235, 1.714261656698164e-10
2024-01-23 11:33:00,707[INFO] renormalization constant: 0.999931084742619
2024-01-23 11:33:01,153[INFO]                                                                                                                                  ┌[('v_0',), ('v_1',)]
2024-01-23 11:33:01,154[INFO]                                                                                                        ┌[(('MCTDH virtual', 4),)]┤
2024-01-23 11:33:01,154[INFO]                                                                                                        │                         └[('v_2',), ('v_3',)]
2024-01-23 11:33:01,154[INFO]                                                                              ┌[(('MCTDH virtual', 3),)]┤
2024-01-23 11:33:01,154[INFO]                                                                              │                         │                         ┌[('v_4',), ('v_5',)]
2024-01-23 11:33:01,154[INFO]                                                                              │                         └[(('MCTDH virtual', 5),)]┤
2024-01-23 11:33:01,154[INFO]                                                                              │                                                   └[('v_6',), ('v_7',)]
2024-01-23 11:33:01,154[INFO]                                                    ┌[(('MCTDH virtual', 2),)]┤
2024-01-23 11:33:01,154[INFO]                                                    │                         │                                                   ┌[('v_8',), ('v_9',)]
2024-01-23 11:33:01,154[INFO]                                                    │                         │                         ┌[(('MCTDH virtual', 7),)]┤
2024-01-23 11:33:01,155[INFO]                                                    │                         │                         │                         └[('v_10',), ('v_11',)]
2024-01-23 11:33:01,155[INFO]                                                    │                         └[(('MCTDH virtual', 6),)]┤
2024-01-23 11:33:01,155[INFO]                                                    │                                                   │                         ┌[('v_12',), ('v_13',)]
2024-01-23 11:33:01,155[INFO]                                                    │                                                   └[(('MCTDH virtual', 8),)]┤
2024-01-23 11:33:01,155[INFO]                                                    │                                                                             └[('v_14',), ('v_15',)]
2024-01-23 11:33:01,155[INFO]                          ┌[(('MCTDH virtual', 1),)]┤
2024-01-23 11:33:01,155[INFO]                          │                         │                                                                               ┌[('v_16',), ('v_17',)]
2024-01-23 11:33:01,155[INFO]                          │                         │                                                    ┌[(('MCTDH virtual', 11),)]┤
2024-01-23 11:33:01,155[INFO]                          │                         │                                                    │                          └[('v_18',), ('v_19',)]
2024-01-23 11:33:01,155[INFO]                          │                         │                         ┌[(('MCTDH virtual', 10),)]┤
2024-01-23 11:33:01,155[INFO]                          │                         │                         │                          │                          ┌[('v_20',), ('v_21',)]
2024-01-23 11:33:01,155[INFO]                          │                         │                         │                          └[(('MCTDH virtual', 12),)]┤
2024-01-23 11:33:01,155[INFO]                          │                         │                         │                                                     └[('v_22',), ('v_23',)]
2024-01-23 11:33:01,155[INFO]                          │                         └[(('MCTDH virtual', 9),)]┤
2024-01-23 11:33:01,155[INFO]                          │                                                   │                                                     ┌[('v_24',), ('v_25',)]
2024-01-23 11:33:01,156[INFO]                          │                                                   │                          ┌[(('MCTDH virtual', 14),)]┤
2024-01-23 11:33:01,156[INFO]                          │                                                   │                          │                          └[('v_26',), ('v_27',)]
2024-01-23 11:33:01,156[INFO]                          │                                                   └[(('MCTDH virtual', 13),)]┤
2024-01-23 11:33:01,156[INFO]                          │                                                                              │                          ┌[('v_28',), ('v_29',)]
2024-01-23 11:33:01,156[INFO]                          │                                                                              └[(('MCTDH virtual', 15),)]┤
2024-01-23 11:33:01,156[INFO]                          │                                                                                                         └[('v_30',), ('v_31',)]
2024-01-23 11:33:01,156[INFO]                          │                                                                                                           ┌[('v_32',), ('v_33',)]
2024-01-23 11:33:01,156[INFO]                          │                                                                                ┌[(('MCTDH virtual', 19),)]┤
2024-01-23 11:33:01,156[INFO]                          │                                                                                │                          └[('v_34',), ('v_35',)]
2024-01-23 11:33:01,156[INFO]                          │                                                     ┌[(('MCTDH virtual', 18),)]┤
2024-01-23 11:33:01,156[INFO]                          │                                                     │                          │                          ┌[('v_36',), ('v_37',)]
2024-01-23 11:33:01,156[INFO]                          │                                                     │                          └[(('MCTDH virtual', 20),)]┤
2024-01-23 11:33:01,156[INFO]                          │                                                     │                                                     └[('v_38',), ('v_39',)]
2024-01-23 11:33:01,157[INFO]                          │                          ┌[(('MCTDH virtual', 17),)]┤
2024-01-23 11:33:01,157[INFO]                          │                          │                          │                                                     ┌[('v_40',), ('v_41',)]
2024-01-23 11:33:01,157[INFO]                          │                          │                          │                          ┌[(('MCTDH virtual', 22),)]┤
2024-01-23 11:33:01,157[INFO]                          │                          │                          │                          │                          └[('v_42',), ('v_43',)]
2024-01-23 11:33:01,157[INFO]                          │                          │                          └[(('MCTDH virtual', 21),)]┤
2024-01-23 11:33:01,157[INFO]                          │                          │                                                     │                          ┌[('v_44',), ('v_45',)]
2024-01-23 11:33:01,157[INFO]                          │                          │                                                     └[(('MCTDH virtual', 23),)]┤
2024-01-23 11:33:01,157[INFO]                          │                          │                                                                                └[('v_46',), ('v_47',)]
2024-01-23 11:33:01,157[INFO] [(('MCTDH virtual', 0),)]┼[(('MCTDH virtual', 16),)]┤
2024-01-23 11:33:01,157[INFO]                          │                          │                                                                                ┌[('v_48',), ('v_49',)]
2024-01-23 11:33:01,157[INFO]                          │                          │                                                     ┌[(('MCTDH virtual', 26),)]┤
2024-01-23 11:33:01,157[INFO]                          │                          │                                                     │                          └[('v_50',), ('v_51',)]
2024-01-23 11:33:01,157[INFO]                          │                          │                          ┌[(('MCTDH virtual', 25),)]┤
2024-01-23 11:33:01,158[INFO]                          │                          │                          │                          │                          ┌[('v_52',), ('v_53',)]
2024-01-23 11:33:01,158[INFO]                          │                          │                          │                          └[(('MCTDH virtual', 27),)]┤
2024-01-23 11:33:01,158[INFO]                          │                          │                          │                                                     └[('v_54',), ('v_55',)]
2024-01-23 11:33:01,158[INFO]                          │                          └[(('MCTDH virtual', 24),)]┤
2024-01-23 11:33:01,158[INFO]                          │                                                     │                                                     ┌[('v_56',), ('v_57',)]
2024-01-23 11:33:01,158[INFO]                          │                                                     │                          ┌[(('MCTDH virtual', 29),)]┤
2024-01-23 11:33:01,158[INFO]                          │                                                     │                          │                          └[('v_58',), ('v_59',)]
2024-01-23 11:33:01,158[INFO]                          │                                                     └[(('MCTDH virtual', 28),)]┤
2024-01-23 11:33:01,158[INFO]                          │                                                                                │                          ┌[('v_60',), ('v_61',)]
2024-01-23 11:33:01,158[INFO]                          │                                                                                └[(('MCTDH virtual', 30),)]┤
2024-01-23 11:33:01,158[INFO]                          │                                                                                                           └[('v_62',), ('v_63',)]
2024-01-23 11:33:01,158[INFO]                          └[('spin',)]
2024-01-23 11:33:01,168[DEBUG] # of operator terms: 194
2024-01-23 11:33:01,894[DEBUG] # of operator terms: 1
2024-01-23 11:33:02,189[DEBUG] # of operator terms: 1
2024-01-23 11:33:02,437[DEBUG] target for expander: 19
2024-01-23 11:33:02,437[DEBUG] average bond dimension of hint mpo: 3
2024-01-23 11:33:02,438[DEBUG] cumulated bond dimension: 1. lastone bond dimension: [1, 1, 1, 1, 1, 1, 1, 1, 1, 1, 1, 1, 1, 1, 1, 1, 1, 1, 1, 1, 1, 1, 1, 1, 1, 1, 1, 1, 1, 1, 1, 1, 1, 1, 1, 1, 1, 1, 1, 1, 1, 1, 1, 1, 1, 1, 1, 1, 1, 1, 1, 1, 1, 1, 1, 1, 1, 1, 1, 1, 1, 1, 1, 1]
2024-01-23 11:33:02,477[DEBUG] # of operator terms: 1
2024-01-23 11:33:02,887[DEBUG] cumulated bond dimension: 4. lastone bond dimension: [1, 3, 3, 3, 3, 3, 3, 3, 3, 3, 3, 3, 3, 3, 3, 3, 3, 3, 3, 3, 3, 3, 3, 3, 3, 3, 3, 3, 3, 3, 3, 3, 3, 3, 3, 3, 3, 3, 3, 3, 3, 3, 3, 3, 3, 3, 3, 3, 3, 3, 3, 3, 3, 3, 3, 3, 3, 3, 3, 3, 3, 3, 3, 3]
2024-01-23 11:33:03,182[DEBUG] cumulated bond dimension: 13. lastone bond dimension: [1, 9, 9, 9, 9, 9, 9, 9, 9, 9, 9, 9, 9, 9, 9, 9, 9, 9, 9, 9, 9, 9, 9, 9, 9, 9, 9, 9, 9, 9, 9, 9, 9, 9, 9, 9, 9, 9, 9, 9, 9, 9, 9, 9, 9, 9, 9, 9, 9, 9, 9, 9, 9, 9, 9, 9, 9, 9, 9, 9, 9, 9, 9, 9]
2024-01-23 11:33:03,900[DEBUG] cumulated bond dimension: 18. lastone bond dimension: [1, 21, 21, 21, 21, 21, 21, 21, 21, 21, 21, 21, 21, 21, 21, 21, 21, 21, 21, 21, 21, 21, 21, 21, 21, 21, 21, 21, 21, 21, 21, 21, 21, 21, 21, 21, 21, 21, 21, 21, 21, 21, 21, 21, 21, 21, 21, 21, 21, 21, 21, 21, 21, 21, 21, 21, 21, 21, 21, 21, 21, 21, 21, 6]
2024-01-23 11:33:04,826[DEBUG] expander bond dimension: [1, 19, 19, 19, 19, 19, 19, 19, 19, 19, 19, 19, 19, 19, 19, 19, 19, 19, 19, 19, 19, 19, 19, 19, 19, 19, 19, 19, 19, 19, 19, 19, 19, 19, 19, 19, 19, 19, 19, 19, 19, 19, 19, 19, 19, 19, 19, 19, 19, 19, 19, 19, 19, 19, 19, 19, 19, 19, 19, 19, 19, 19, 19, 2]
2024-01-23 11:33:05,147[INFO] [1, 20, 20, 20, 20, 20, 20, 20, 20, 20, 20, 20, 20, 20, 20, 20, 20, 20, 20, 20, 20, 20, 20, 20, 20, 20, 20, 20, 20, 20, 20, 20, 20, 20, 20, 20, 20, 20, 20, 20, 20, 20, 20, 20, 20, 20, 20, 20, 20, 20, 20, 20, 20, 20, 20, 20, 20, 20, 20, 20, 20, 20, 20, 2]
2024-01-23 11:33:05,148[INFO] [1, 3, 3, 3, 3, 3, 3, 3, 3, 3, 3, 3, 3, 3, 3, 3, 3, 3, 3, 3, 3, 3, 3, 3, 3, 3, 3, 3, 3, 3, 3, 3, 3, 3, 3, 3, 3, 3, 3, 3, 3, 3, 3, 3, 3, 3, 3, 3, 3, 3, 3, 3, 3, 3, 3, 3, 3, 3, 3, 3, 3, 3, 3, 3]
2024-01-23 11:33:05,148[INFO] 64
2024-01-23 11:33:12,418[DEBUG] TDVP-PS Krylov space: DescribeResult(nobs=254, minmax=(4, 49), mean=21.409448818897637, variance=89.01745977405, skewness=0.6469338269282052, kurtosis=-0.4051672013252188)
2024-01-23 11:33:12,589[INFO] 0.9950375989028439, -0.0007017008381908444
2024-01-23 11:33:21,622[DEBUG] TDVP-PS Krylov space: DescribeResult(nobs=254, minmax=(4, 51), mean=25.976377952755904, variance=76.46584295540131, skewness=0.3694292496064151, kurtosis=-0.348860957595865)
2024-01-23 11:33:21,796[INFO] 0.9804960343222783, -0.005490460091999669
2024-01-23 11:33:29,124[DEBUG] TDVP-PS Krylov space: DescribeResult(nobs=254, minmax=(4, 49), mean=25.52755905511811, variance=75.16722168622204, skewness=0.3933827915670449, kurtosis=-0.368940801698451)
2024-01-23 11:33:29,225[INFO] 0.9570892024238297, -0.014854671240818866
2024-01-23 11:33:35,482[DEBUG] TDVP-PS Krylov space: DescribeResult(nobs=254, minmax=(4, 49), mean=25.19685039370079, variance=71.48678845974293, skewness=0.3871213745542377, kurtosis=-0.329278680776929)
2024-01-23 11:33:35,653[INFO] 0.925603890532295, -0.02773090967520477
2024-01-23 11:33:44,176[DEBUG] TDVP-PS Krylov space: DescribeResult(nobs=254, minmax=(4, 49), mean=24.913385826771652, variance=65.85808098098408, skewness=0.39858548126626137, kurtosis=-0.11313885985276029)
2024-01-23 11:33:44,345[INFO] 0.8868366029048113, -0.04310879610269872
2024-01-23 11:33:52,846[DEBUG] TDVP-PS Krylov space: DescribeResult(nobs=254, minmax=(4, 47), mean=24.637795275590552, variance=62.714138993495375, skewness=0.4264053463231908, kurtosis=-0.024613299182601356)
2024-01-23 11:33:53,023[INFO] 0.8415835203203708, -0.060469913756733176
2024-01-23 11:34:01,527[DEBUG] TDVP-PS Krylov space: DescribeResult(nobs=254, minmax=(4, 47), mean=24.299212598425196, variance=62.68482151193551, skewness=0.44732673448843197, kurtosis=-0.03462079655192385)
2024-01-23 11:34:01,714[INFO] 0.7906353444158539, -0.07947973783166382
2024-01-23 11:34:10,310[DEBUG] TDVP-PS Krylov space: DescribeResult(nobs=254, minmax=(4, 47), mean=24.086614173228348, variance=63.71578849086552, skewness=0.42654505180003205, kurtosis=-0.22295053950520094)
2024-01-23 11:34:10,483[INFO] 0.7347781375906499, -0.09925157769043572
2024-01-23 11:34:18,986[DEBUG] TDVP-PS Krylov space: DescribeResult(nobs=254, minmax=(4, 47), mean=23.905511811023622, variance=63.74597740499829, skewness=0.48565066766002507, kurtosis=-0.09557209296579972)
2024-01-23 11:34:19,160[INFO] 0.6747918199705872, -0.12014269745029214
2024-01-23 11:34:27,632[DEBUG] TDVP-PS Krylov space: DescribeResult(nobs=254, minmax=(4, 45), mean=23.724409448818896, variance=61.40201051943606, skewness=0.4518834245121503, kurtosis=-0.179593497892776)
2024-01-23 11:34:27,812[INFO] 0.6114351263042295, -0.14180988432671518
2024-01-23 11:34:27,812[INFO] [(0.9950375989028439, -0.0007017008381908444), (0.9804960343222783, -0.005490460091999669), (0.9570892024238297, -0.014854671240818866), (0.925603890532295, -0.02773090967520477), (0.8868366029048113, -0.04310879610269872), (0.8415835203203708, -0.060469913756733176), (0.7906353444158539, -0.07947973783166382), (0.7347781375906499, -0.09925157769043572), (0.6747918199705872, -0.12014269745029214), (0.6114351263042295, -0.14180988432671518)]
2024-01-23 11:34:27,812[INFO] [7.326908349990845, 9.090582847595215, 7.360376596450806, 6.313200950622559, 8.57937502861023, 8.55863094329834, 8.575559854507446, 8.655441284179688, 8.562017679214478, 8.5330491065979]
2024-01-23 11:34:27,813[INFO] (8.15551426410675, 0.8163092051565071)
