2024-01-23 11:24:50,695[INFO] w:[ 4.46287103 10.21651248 18.32581464 32.18875825]
2024-01-23 11:24:50,695[INFO] c:[ 2.90391065  5.40442506  8.37664217 12.78058297]
2024-01-23 11:24:50,696[INFO] integrate: 0.004496608027646852, 1.1541054942663676e-08
2024-01-23 11:24:50,696[INFO] renormalization constant: 0.9971414638381558
2024-01-23 11:24:51,166[INFO]           ┌[('v_1',)]─[('v_2',)]─[('v_3',)]
2024-01-23 11:24:51,166[INFO] [('v_0',)]┤
2024-01-23 11:24:51,166[INFO]           └[('spin',)]
2024-01-23 11:24:51,167[DEBUG] # of operator terms: 14
2024-01-23 11:24:51,199[DEBUG] # of operator terms: 1
2024-01-23 11:24:51,219[DEBUG] # of operator terms: 1
2024-01-23 11:24:51,242[DEBUG] target for expander: 19
2024-01-23 11:24:51,243[DEBUG] average bond dimension of hint mpo: 3
2024-01-23 11:24:51,243[DEBUG] cumulated bond dimension: 1. lastone bond dimension: [1, 1, 1, 1, 1]
2024-01-23 11:24:51,246[DEBUG] # of operator terms: 1
2024-01-23 11:24:51,279[DEBUG] cumulated bond dimension: 3. lastone bond dimension: [1, 3, 3, 3, 3]
2024-01-23 11:24:51,299[DEBUG] cumulated bond dimension: 8. lastone bond dimension: [1, 9, 9, 9, 9]
2024-01-23 11:24:51,325[DEBUG] cumulated bond dimension: 10. lastone bond dimension: [1, 27, 27, 27, 27]
2024-01-23 11:24:51,363[DEBUG] expander bond dimension: [1, 19, 19, 10, 2]
2024-01-23 11:24:51,381[INFO] [1, 20, 20, 10, 2]
2024-01-23 11:24:51,382[INFO] [1, 3, 3, 3, 3]
2024-01-23 11:24:51,382[INFO] 5
2024-01-23 11:24:51,560[DEBUG] TDVP-PS Krylov space: DescribeResult(nobs=18, minmax=(4, 13), mean=10.0, variance=11.647058823529411, skewness=-1.096404889373686, kurtosis=-0.4297520661157024)
2024-01-23 11:24:51,570[INFO] 0.9950596275408924, -0.0004943732934905937
2024-01-23 11:24:51,753[DEBUG] TDVP-PS Krylov space: DescribeResult(nobs=18, minmax=(4, 13), mean=10.333333333333334, variance=12.941176470588239, skewness=-1.1216187186216333, kurtosis=-0.45570247933884334)
2024-01-23 11:24:51,764[INFO] 0.9805606679135305, -0.005412565017168295
2024-01-23 11:24:51,971[DEBUG] TDVP-PS Krylov space: DescribeResult(nobs=18, minmax=(4, 15), mean=11.666666666666666, variance=19.529411764705884, skewness=-1.0501410124918211, kurtosis=-0.5798374219770648)
2024-01-23 11:24:51,981[INFO] 0.957211523676093, -0.015428347180154196
2024-01-23 11:24:52,182[DEBUG] TDVP-PS Krylov space: DescribeResult(nobs=18, minmax=(4, 17), mean=11.88888888888889, variance=21.986928104575167, skewness=-0.8157140222511589, kurtosis=-0.638544651984148)
2024-01-23 11:24:52,194[INFO] 0.9257364152336186, -0.026486689059508392
2024-01-23 11:24:52,397[DEBUG] TDVP-PS Krylov space: DescribeResult(nobs=18, minmax=(4, 17), mean=12.222222222222221, variance=22.418300653594773, skewness=-1.0186062374690505, kurtosis=-0.5034922523778373)
2024-01-23 11:24:52,409[INFO] 0.8868547622967236, -0.04205308277735363
2024-01-23 11:24:52,613[DEBUG] TDVP-PS Krylov space: DescribeResult(nobs=18, minmax=(4, 17), mean=12.333333333333334, variance=23.294117647058822, skewness=-0.9856046584385629, kurtosis=-0.5446893174165899)
2024-01-23 11:24:52,624[INFO] 0.8413988357935137, -0.06426897004342469
2024-01-23 11:24:52,823[DEBUG] TDVP-PS Krylov space: DescribeResult(nobs=18, minmax=(4, 15), mean=11.777777777777779, variance=19.124183006535947, skewness=-1.1833758095520053, kurtosis=-0.3760117998345134)
2024-01-23 11:24:52,835[INFO] 0.7901072970593017, -0.08175365164101828
2024-01-23 11:24:53,046[DEBUG] TDVP-PS Krylov space: DescribeResult(nobs=18, minmax=(4, 17), mean=12.777777777777779, variance=24.65359477124183, skewness=-1.145394572902293, kurtosis=-0.41634514067488393)
2024-01-23 11:24:53,057[INFO] 0.7334554979510963, -0.0915726861762905
2024-01-23 11:24:53,264[DEBUG] TDVP-PS Krylov space: DescribeResult(nobs=18, minmax=(4, 15), mean=12.222222222222221, variance=21.00653594771242, skewness=-1.2487337283535513, kurtosis=-0.32703375749143637)
2024-01-23 11:24:53,275[INFO] 0.6721194687452914, -0.1128159565361656
2024-01-23 11:24:53,486[DEBUG] TDVP-PS Krylov space: DescribeResult(nobs=18, minmax=(4, 15), mean=12.555555555555555, variance=22.1437908496732, skewness=-1.3363062095621216, kurtosis=-0.2142857142857144)
2024-01-23 11:24:53,497[INFO] 0.6072398119108465, -0.15168052442020577
2024-01-23 11:24:53,498[INFO] [(0.9950596275408924, -0.0004943732934905937), (0.9805606679135305, -0.005412565017168295), (0.957211523676093, -0.015428347180154196), (0.9257364152336186, -0.026486689059508392), (0.8868547622967236, -0.04205308277735363), (0.8413988357935137, -0.06426897004342469), (0.7901072970593017, -0.08175365164101828), (0.7334554979510963, -0.0915726861762905), (0.6721194687452914, -0.1128159565361656), (0.6072398119108465, -0.15168052442020577)]
2024-01-23 11:24:53,498[INFO] [0.1816420555114746, 0.18616318702697754, 0.2105410099029541, 0.2050182819366455, 0.2068042755126953, 0.20790314674377441, 0.20301198959350586, 0.21525192260742188, 0.21056127548217773, 0.2144005298614502]
2024-01-23 11:24:53,498[INFO] (0.20412976741790773, 0.010786958290200896)
