2024-01-23 11:24:58,274[INFO] w:[ 2.35566071  5.02628857  8.10930216 11.7557333  16.21860432 21.97224577
 30.08154794 43.94449155]
2024-01-23 11:24:58,275[INFO] c:[ 1.34035796  2.36631092  3.38745751  4.47531427  5.69700175  7.15388707
  9.0544355  12.03135599]
2024-01-23 11:24:58,276[INFO] integrate: 0.0017358257124715597, 1.3025700568080616e-10
2024-01-23 11:24:58,276[INFO] renormalization constant: 0.998895549385083
2024-01-23 11:24:58,734[INFO]           ┌[('v_1',)]─[('v_2',)]─[('v_3',)]─[('v_4',)]─[('v_5',)]─[('v_6',)]─[('v_7',)]
2024-01-23 11:24:58,734[INFO] [('v_0',)]┤
2024-01-23 11:24:58,734[INFO]           └[('spin',)]
2024-01-23 11:24:58,736[DEBUG] # of operator terms: 26
2024-01-23 11:24:58,797[DEBUG] # of operator terms: 1
2024-01-23 11:24:58,830[DEBUG] # of operator terms: 1
2024-01-23 11:24:58,867[DEBUG] target for expander: 19
2024-01-23 11:24:58,867[DEBUG] average bond dimension of hint mpo: 3
2024-01-23 11:24:58,868[DEBUG] cumulated bond dimension: 1. lastone bond dimension: [1, 1, 1, 1, 1, 1, 1, 1, 1]
2024-01-23 11:24:58,873[DEBUG] # of operator terms: 1
2024-01-23 11:24:58,933[DEBUG] cumulated bond dimension: 3. lastone bond dimension: [1, 3, 3, 3, 3, 3, 3, 3, 3]
2024-01-23 11:24:58,972[DEBUG] cumulated bond dimension: 10. lastone bond dimension: [1, 9, 9, 9, 9, 9, 9, 9, 9]
2024-01-23 11:24:59,043[DEBUG] cumulated bond dimension: 14. lastone bond dimension: [1, 21, 21, 21, 21, 21, 21, 21, 6]
2024-01-23 11:24:59,127[DEBUG] expander bond dimension: [1, 19, 19, 19, 19, 19, 19, 10, 2]
2024-01-23 11:24:59,163[INFO] [1, 20, 20, 20, 20, 20, 20, 10, 2]
2024-01-23 11:24:59,163[INFO] [1, 3, 3, 3, 3, 3, 3, 3, 3]
2024-01-23 11:24:59,163[INFO] 9
2024-01-23 11:24:59,620[DEBUG] TDVP-PS Krylov space: DescribeResult(nobs=34, minmax=(4, 15), mean=12.529411764705882, variance=11.529411764705884, skewness=-1.8034387834207624, kurtosis=2.090254519753593)
2024-01-23 11:24:59,641[INFO] 0.9950451185476634, -0.0005980542044944392
2024-01-23 11:25:00,114[DEBUG] TDVP-PS Krylov space: DescribeResult(nobs=34, minmax=(4, 17), mean=13.411764705882353, variance=13.885918003565063, skewness=-1.809724699027267, kurtosis=2.231847881075934)
2024-01-23 11:25:00,134[INFO] 0.9805189786641276, -0.005612602564801324
2024-01-23 11:25:00,619[DEBUG] TDVP-PS Krylov space: DescribeResult(nobs=34, minmax=(4, 19), mean=13.705882352941176, variance=16.33511586452763, skewness=-1.4263258306017896, kurtosis=1.450447741061038)
2024-01-23 11:25:00,639[INFO] 0.9571291445754305, -0.014647068107047757
2024-01-23 11:25:01,126[DEBUG] TDVP-PS Krylov space: DescribeResult(nobs=34, minmax=(4, 19), mean=13.705882352941176, variance=16.819964349376118, skewness=-1.2945964110304649, kurtosis=1.3195943453238241)
2024-01-23 11:25:01,148[INFO] 0.9256365720575175, -0.027687663757683355
2024-01-23 11:25:01,686[DEBUG] TDVP-PS Krylov space: DescribeResult(nobs=34, minmax=(4, 19), mean=13.647058823529411, variance=17.992869875222816, skewness=-1.1243279494121405, kurtosis=0.7478994852782486)
2024-01-23 11:25:01,707[INFO] 0.88684016380844, -0.043791368414406784
2024-01-23 11:25:02,180[DEBUG] TDVP-PS Krylov space: DescribeResult(nobs=34, minmax=(4, 19), mean=13.470588235294118, variance=17.590017825311943, skewness=-1.0519418674108039, kurtosis=0.7178221514670602)
2024-01-23 11:25:02,200[INFO] 0.8414809659962302, -0.05917340900883143
2024-01-23 11:25:02,666[DEBUG] TDVP-PS Krylov space: DescribeResult(nobs=34, minmax=(4, 19), mean=13.235294117647058, variance=17.276292335115865, skewness=-0.9555836862590195, kurtosis=0.591086265904424)
2024-01-23 11:25:02,687[INFO] 0.7903326283810292, -0.08049930527845367
2024-01-23 11:25:03,089[DEBUG] TDVP-PS Krylov space: DescribeResult(nobs=34, minmax=(4, 19), mean=13.058823529411764, variance=17.6934046345811, skewness=-0.7881563364393261, kurtosis=0.30074154627783845)
2024-01-23 11:25:03,109[INFO] 0.7342310128315132, -0.10146834084028461
2024-01-23 11:25:03,563[DEBUG] TDVP-PS Krylov space: DescribeResult(nobs=34, minmax=(4, 19), mean=13.0, variance=16.848484848484848, skewness=-0.8486051078697554, kurtosis=0.5375239376843854)
2024-01-23 11:25:03,584[INFO] 0.6737823465640269, -0.11671534206067688
2024-01-23 11:25:04,092[DEBUG] TDVP-PS Krylov space: DescribeResult(nobs=34, minmax=(4, 19), mean=12.882352941176471, variance=17.07664884135472, skewness=-0.7519115284581714, kurtosis=0.355125631425945)
2024-01-23 11:25:04,111[INFO] 0.6097502139367083, -0.14282628174033388
2024-01-23 11:25:04,112[INFO] [(0.9950451185476634, -0.0005980542044944392), (0.9805189786641276, -0.005612602564801324), (0.9571291445754305, -0.014647068107047757), (0.9256365720575175, -0.027687663757683355), (0.88684016380844, -0.043791368414406784), (0.8414809659962302, -0.05917340900883143), (0.7903326283810292, -0.08049930527845367), (0.7342310128315132, -0.10146834084028461), (0.6737823465640269, -0.11671534206067688), (0.6097502139367083, -0.14282628174033388)]
2024-01-23 11:25:04,112[INFO] [0.4636051654815674, 0.4792141914367676, 0.4919736385345459, 0.49393248558044434, 0.5452585220336914, 0.47969913482666016, 0.47277235984802246, 0.4084203243255615, 0.4619925022125244, 0.5141983032226562]
2024-01-23 11:25:04,112[INFO] (0.48110666275024416, 0.033945678860991396)
