2024-01-23 12:03:28,416[INFO] w:[ 4.46287103 10.21651248 18.32581464 32.18875825]
2024-01-23 12:03:28,416[INFO] c:[ 2.90391065  5.40442506  8.37664217 12.78058297]
2024-01-23 12:03:28,417[INFO] integrate: 0.004496608027646852, 1.1541054942663676e-08
2024-01-23 12:03:28,417[INFO] renormalization constant: 0.9971414638381558
2024-01-23 12:03:28,829[INFO]                          ┌[('v_0',), ('v_1',), ('v_2',)]
2024-01-23 12:03:28,829[INFO] [(('MCTDH virtual', 0),)]┼[('v_3',)]
2024-01-23 12:03:28,829[INFO]                          └[('spin',)]
2024-01-23 12:03:28,830[DEBUG] # of operator terms: 14
2024-01-23 12:03:28,937[DEBUG] # of operator terms: 1
2024-01-23 12:03:28,965[DEBUG] # of operator terms: 1
2024-01-23 12:03:28,994[DEBUG] target for expander: 19
2024-01-23 12:03:28,994[DEBUG] average bond dimension of hint mpo: 2
2024-01-23 12:03:28,995[DEBUG] cumulated bond dimension: 1. lastone bond dimension: [1, 1, 1, 1]
2024-01-23 12:03:29,042[DEBUG] # of operator terms: 1
2024-01-23 12:03:29,088[DEBUG] cumulated bond dimension: 3. lastone bond dimension: [1, 3, 3, 3]
2024-01-23 12:03:29,150[DEBUG] cumulated bond dimension: 6. lastone bond dimension: [1, 9, 9, 9]
2024-01-23 12:03:29,205[DEBUG] cumulated bond dimension: 8. lastone bond dimension: [1, 27, 27, 27]
2024-01-23 12:03:29,271[DEBUG] expander bond dimension: [1, 19, 10, 2]
2024-01-23 12:03:29,313[INFO] [1, 20, 10, 2]
2024-01-23 12:03:29,313[INFO] [1, 3, 3, 3]
2024-01-23 12:03:29,313[INFO] 4
2024-01-23 12:03:32,275[DEBUG] TDVP-PS Krylov space: DescribeResult(nobs=14, minmax=(4, 11), mean=9.0, variance=10.76923076923077, skewness=-0.9486832980505138, kurtosis=-1.1)
2024-01-23 12:03:32,357[INFO] 0.9950596275261054, -0.0004943734433626065
2024-01-23 12:03:35,767[DEBUG] TDVP-PS Krylov space: DescribeResult(nobs=14, minmax=(4, 13), mean=10.285714285714286, variance=17.2967032967033, skewness=-0.9022507163612723, kurtosis=-1.1356719500007268)
2024-01-23 12:03:35,831[INFO] 0.980560667862833, -0.005412565278140415
2024-01-23 12:03:39,242[DEBUG] TDVP-PS Krylov space: DescribeResult(nobs=14, minmax=(4, 13), mean=10.428571428571429, variance=17.802197802197803, skewness=-0.9486832980505138, kurtosis=-1.0999999999999996)
2024-01-23 12:03:39,305[INFO] 0.9572115237268691, -0.015428347310691377
2024-01-23 12:03:42,708[DEBUG] TDVP-PS Krylov space: DescribeResult(nobs=14, minmax=(4, 13), mean=10.428571428571429, variance=17.802197802197803, skewness=-0.9486832980505138, kurtosis=-1.0999999999999996)
2024-01-23 12:03:42,772[INFO] 0.9257364155981301, -0.026486688715838723
2024-01-23 12:03:46,060[DEBUG] TDVP-PS Krylov space: DescribeResult(nobs=14, minmax=(4, 15), mean=11.0, variance=21.846153846153847, skewness=-0.8349447926415389, kurtosis=-1.1385637770283672)
2024-01-23 12:03:46,113[INFO] 0.8868547627410748, -0.042053082019313445
2024-01-23 12:03:49,323[DEBUG] TDVP-PS Krylov space: DescribeResult(nobs=14, minmax=(4, 15), mean=11.285714285714286, variance=23.604395604395602, skewness=-0.8487640073561801, kurtosis=-1.1493451099112586)
2024-01-23 12:03:49,386[INFO] 0.8413988362801453, -0.06426896883898484
2024-01-23 12:03:52,744[DEBUG] TDVP-PS Krylov space: DescribeResult(nobs=14, minmax=(4, 15), mean=11.285714285714286, variance=23.604395604395606, skewness=-0.8487640073561797, kurtosis=-1.1493451099112586)
2024-01-23 12:03:52,811[INFO] 0.7901072972779782, -0.08175365076029771
2024-01-23 12:03:56,160[DEBUG] TDVP-PS Krylov space: DescribeResult(nobs=14, minmax=(4, 15), mean=11.571428571428571, variance=25.186813186813183, skewness=-0.8891328019885424, kurtosis=-1.1379667955008543)
2024-01-23 12:03:56,222[INFO] 0.7334554974839854, -0.09157268470112856
2024-01-23 12:03:59,620[DEBUG] TDVP-PS Krylov space: DescribeResult(nobs=14, minmax=(4, 15), mean=11.428571428571429, variance=24.41758241758242, skewness=-0.8661819240403699, kurtosis=-1.1467681421607507)
2024-01-23 12:03:59,682[INFO] 0.6721194671807171, -0.1128159536838907
2024-01-23 12:04:03,152[DEBUG] TDVP-PS Krylov space: DescribeResult(nobs=14, minmax=(4, 15), mean=11.428571428571429, variance=24.41758241758242, skewness=-0.8661819240403699, kurtosis=-1.146768142160751)
2024-01-23 12:04:03,215[INFO] 0.6072398090038008, -0.1516805217696215
2024-01-23 12:04:03,215[INFO] [(0.9950596275261054, -0.0004943734433626065), (0.980560667862833, -0.005412565278140415), (0.9572115237268691, -0.015428347310691377), (0.9257364155981301, -0.026486688715838723), (0.8868547627410748, -0.042053082019313445), (0.8413988362801453, -0.06426896883898484), (0.7901072972779782, -0.08175365076029771), (0.7334554974839854, -0.09157268470112856), (0.6721194671807171, -0.1128159536838907), (0.6072398090038008, -0.1516805217696215)]
2024-01-23 12:04:03,215[INFO] [3.001058340072632, 3.431603193283081, 3.43154239654541, 3.4236907958984375, 3.3069067001342773, 3.231682538986206, 3.378939628601074, 3.3695271015167236, 3.418370246887207, 3.4912467002868652]
2024-01-23 12:04:03,215[INFO] (3.3484567642211913, 0.1349722297835049)
