2024-01-23 15:22:18,174[INFO] w:[8.21356391e-02 1.64609983e-01 2.47425836e-01 3.30586039e-01
 4.14093467e-01 4.97951032e-01 5.82161683e-01 6.66728405e-01
 7.51654223e-01 8.36942199e-01 9.22595435e-01 1.00861707e+00
 1.09501030e+00 1.18177833e+00 1.26892443e+00 1.35645193e+00
 1.44436416e+00 1.53266452e+00 1.62135646e+00 1.71044347e+00
 1.79992908e+00 1.88981687e+00 1.98011048e+00 2.07081358e+00
 2.16192991e+00 2.25346325e+00 2.34541744e+00 2.43779635e+00
 2.53060394e+00 2.62384421e+00 2.71752119e+00 2.81163901e+00
 2.90620184e+00 3.00121389e+00 3.09667947e+00 3.19260291e+00
 3.28898864e+00 3.38584113e+00 3.48316492e+00 3.58096463e+00
 3.67924493e+00 3.77801056e+00 3.87726634e+00 3.97701717e+00
 4.07726801e+00 4.17802389e+00 4.27928993e+00 4.38107132e+00
 4.48337333e+00 4.58620132e+00 4.68956073e+00 4.79345707e+00
 4.89789594e+00 5.00288306e+00 5.10842420e+00 5.21452525e+00
 5.32119217e+00 5.42843103e+00 5.53624800e+00 5.64464935e+00
 5.75364145e+00 5.86323076e+00 5.97342388e+00 6.08422749e+00
 6.19564839e+00 6.30769350e+00 6.42036985e+00 6.53368461e+00
 6.64764503e+00 6.76225852e+00 6.87753262e+00 6.99347497e+00
 7.11009338e+00 7.22739576e+00 7.34539021e+00 7.46408492e+00
 7.58348826e+00 7.70360874e+00 7.82445503e+00 7.94603595e+00
 8.06836049e+00 8.19143780e+00 8.31527721e+00 8.43988820e+00
 8.56528046e+00 8.69146385e+00 8.81844840e+00 8.94624436e+00
 9.07486217e+00 9.20431246e+00 9.33460608e+00 9.46575409e+00
 9.59776777e+00 9.73065862e+00 9.86443839e+00 9.99911903e+00
 1.01347128e+01 1.02712321e+01 1.04086897e+01 1.05470985e+01
 1.06864719e+01 1.08268234e+01 1.09681667e+01 1.11105161e+01
 1.12538858e+01 1.13982908e+01 1.15437460e+01 1.16902668e+01
 1.18378689e+01 1.19865685e+01 1.21363819e+01 1.22873261e+01
 1.24394180e+01 1.25926755e+01 1.27471164e+01 1.29027592e+01
 1.30596228e+01 1.32177264e+01 1.33770898e+01 1.35377332e+01
 1.36996774e+01 1.38629436e+01 1.40275536e+01 1.41935297e+01
 1.43608946e+01 1.45296720e+01 1.46998858e+01 1.48715607e+01
 1.50447219e+01 1.52193955e+01 1.53956081e+01 1.55733871e+01
 1.57527605e+01 1.59337572e+01 1.61164069e+01 1.63007400e+01
 1.64867878e+01 1.66745826e+01 1.68641575e+01 1.70555465e+01
 1.72487847e+01 1.74439082e+01 1.76409542e+01 1.78399608e+01
 1.80409675e+01 1.82440149e+01 1.84491449e+01 1.86564007e+01
 1.88658267e+01 1.90774689e+01 1.92913746e+01 1.95075930e+01
 1.97261744e+01 1.99471711e+01 2.01706371e+01 2.03966282e+01
 2.06252021e+01 2.08564186e+01 2.10903394e+01 2.13270285e+01
 2.15665523e+01 2.18089796e+01 2.20543814e+01 2.23028318e+01
 2.25544075e+01 2.28091880e+01 2.30672561e+01 2.33286977e+01
 2.35936022e+01 2.38620626e+01 2.41341757e+01 2.44100421e+01
 2.46897670e+01 2.49734597e+01 2.52612344e+01 2.55532104e+01
 2.58495121e+01 2.61502697e+01 2.64556191e+01 2.67657028e+01
 2.70806700e+01 2.74006768e+01 2.77258872e+01 2.80564733e+01
 2.83926156e+01 2.87345043e+01 2.90823391e+01 2.94363307e+01
 2.97967008e+01 3.01636836e+01 3.05375262e+01 3.09184901e+01
 3.13068519e+01 3.17029044e+01 3.21069585e+01 3.25193443e+01
 3.29404125e+01 3.33705366e+01 3.38101147e+01 3.42595718e+01
 3.47193622e+01 3.51899721e+01 3.56719232e+01 3.61657754e+01
 3.66721316e+01 3.71916413e+01 3.77250063e+01 3.82729857e+01
 3.88364033e+01 3.94161540e+01 4.00132133e+01 4.06286464e+01
 4.12636204e+01 4.19194169e+01 4.25974479e+01 4.32992743e+01
 4.40266272e+01 4.47814337e+01 4.55658480e+01 4.63822879e+01
 4.72334802e+01 4.81225154e+01 4.90529158e+01 5.00287190e+01
 5.10545849e+01 5.21359293e+01 5.32790976e+01 5.44915901e+01
 5.57823605e+01 5.71622179e+01 5.86443774e+01 6.02452315e+01
 6.19854590e+01 6.38916626e+01 6.59988730e+01 6.83545337e+01
 7.10251615e+01 7.41081751e+01 7.77546063e+01 8.22174773e+01
 8.79711187e+01 9.60804209e+01 1.09943365e+02]
2024-01-23 15:22:18,176[INFO] c:[0.02077119 0.03498684 0.04749483 0.05902364 0.06988539 0.08025139
 0.09022882 0.09989053 0.10928893 0.1184634  0.12744449 0.13625653
 0.1449193  0.15344919 0.16185995 0.1701633  0.1783693  0.18648672
 0.19452323 0.20248559 0.21037984 0.21821137 0.22598502 0.23370518
 0.24137584 0.24900063 0.25658289 0.2641257  0.27163187 0.27910404
 0.28654464 0.29395595 0.30134009 0.30869905 0.3160347  0.32334881
 0.33064303 0.33791893 0.34517801 0.35242167 0.35965128 0.36686811
 0.37407339 0.38126829 0.38845394 0.39563142 0.40280177 0.40996599
 0.41712504 0.42427987 0.43143136 0.4385804  0.44572783 0.45287448
 0.46002115 0.46716862 0.47431766 0.481469   0.48862337 0.49578149
 0.50294406 0.51011175 0.51728524 0.52446519 0.53165225 0.53884707
 0.54605026 0.55326247 0.5604843  0.56771636 0.57495927 0.58221361
 0.58947999 0.59675898 0.60405118 0.61135718 0.61867754 0.62601285
 0.63336369 0.64073062 0.64811423 0.65551508 0.66293376 0.67037083
 0.67782686 0.68530245 0.69279815 0.70031456 0.70785225 0.7154118
 0.72299382 0.73059887 0.73822758 0.74588052 0.7535583  0.76126154
 0.76899084 0.77674683 0.78453014 0.79234138 0.80018121 0.80805026
 0.81594919 0.82387867 0.83183936 0.83983194 0.84785709 0.85591552
 0.86400794 0.87213505 0.88029759 0.8884963  0.89673193 0.90500524
 0.91331702 0.92166805 0.93005913 0.93849109 0.94696476 0.95548099
 0.96404064 0.9726446  0.98129376 0.98998905 0.99873141 1.00752178
 1.01636115 1.02525052 1.03419089 1.04318333 1.05222889 1.06132867
 1.07048377 1.07969535 1.08896458 1.09829265 1.10768079 1.11713026
 1.12664235 1.13621839 1.14585974 1.1555678  1.16534399 1.17518978
 1.1851067  1.1950963  1.20516016 1.21529995 1.22551736 1.23581411
 1.24619202 1.25665293 1.26719875 1.27783144 1.28855303 1.29936562
 1.31027135 1.32127247 1.33237128 1.34357015 1.35487157 1.36627806
 1.37779228 1.38941695 1.40115491 1.41300908 1.42498252 1.43707839
 1.44929995 1.46165061 1.47413392 1.48675354 1.49951332 1.51241724
 1.52546944 1.53867426 1.55203621 1.56555999 1.57925053 1.59311298
 1.60715269 1.6213753  1.63578671 1.65039308 1.6652009  1.68021697
 1.69544844 1.71090281 1.72658801 1.74251236 1.75868466 1.77511418
 1.79181074 1.80878469 1.82604704 1.84360943 1.86148423 1.87968458
 1.89822448 1.91711883 1.93638357 1.9560357  1.97609345 1.99657635
 2.01750538 2.03890314 2.06079398 2.0832042  2.10616231 2.12969921
 2.15384853 2.17864691 2.20413445 2.23035508 2.25735712 2.28519386
 2.3139243  2.34361399 2.37433601 2.40617224 2.43921479 2.47356784
 2.5093498  2.5466961  2.58576259 2.62672995 2.66980924 2.71524921
 2.76334591 2.81445552 2.86901204 2.92755184 2.9907489  3.05946668
 3.13483708 3.21838562 3.3122397  3.41949659 3.54492606 3.69645732
 3.88881848 4.15469128 4.59662795]
2024-01-23 15:22:18,176[INFO] integrate: 2.0127940567869628e-05, 1.4286500810236314e-12
2024-01-23 15:22:18,176[INFO] renormalization constant: 0.9999871862371544
2024-01-23 15:22:18,441[INFO]                                                                                                        ┌[('v_0',), ('v_1',), ('v_2',)]
2024-01-23 15:22:18,441[INFO]                                                                              ┌[(('MCTDH virtual', 3),)]┼[('v_3',), ('v_4',), ('v_5',)]
2024-01-23 15:22:18,442[INFO]                                                                              │                         └[('v_6',), ('v_7',), ('v_8',)]
2024-01-23 15:22:18,442[INFO]                                                                              │                         ┌[('v_9',), ('v_10',), ('v_11',)]
2024-01-23 15:22:18,442[INFO]                                                    ┌[(('MCTDH virtual', 2),)]┼[(('MCTDH virtual', 4),)]┼[('v_12',), ('v_13',), ('v_14',)]
2024-01-23 15:22:18,442[INFO]                                                    │                         │                         └[('v_15',), ('v_16',), ('v_17',)]
2024-01-23 15:22:18,442[INFO]                                                    │                         │                         ┌[('v_18',), ('v_19',), ('v_20',)]
2024-01-23 15:22:18,442[INFO]                                                    │                         └[(('MCTDH virtual', 5),)]┼[('v_21',), ('v_22',), ('v_23',)]
2024-01-23 15:22:18,442[INFO]                                                    │                                                   └[('v_24',), ('v_25',), ('v_26',)]
2024-01-23 15:22:18,442[INFO]                                                    │                                                   ┌[('v_27',), ('v_28',), ('v_29',)]
2024-01-23 15:22:18,442[INFO]                                                    │                         ┌[(('MCTDH virtual', 7),)]┼[('v_30',), ('v_31',), ('v_32',)]
2024-01-23 15:22:18,442[INFO]                                                    │                         │                         └[('v_33',), ('v_34',), ('v_35',)]
2024-01-23 15:22:18,442[INFO]                                                    │                         │                         ┌[('v_36',), ('v_37',), ('v_38',)]
2024-01-23 15:22:18,442[INFO]                          ┌[(('MCTDH virtual', 1),)]┼[(('MCTDH virtual', 6),)]┼[(('MCTDH virtual', 8),)]┼[('v_39',), ('v_40',), ('v_41',)]
2024-01-23 15:22:18,442[INFO]                          │                         │                         │                         └[('v_42',), ('v_43',), ('v_44',)]
2024-01-23 15:22:18,442[INFO]                          │                         │                         │                         ┌[('v_45',), ('v_46',), ('v_47',)]
2024-01-23 15:22:18,442[INFO]                          │                         │                         └[(('MCTDH virtual', 9),)]┼[('v_48',), ('v_49',), ('v_50',)]
2024-01-23 15:22:18,442[INFO]                          │                         │                                                   └[('v_51',), ('v_52',), ('v_53',)]
2024-01-23 15:22:18,442[INFO]                          │                         │                                                     ┌[('v_54',), ('v_55',), ('v_56',)]
2024-01-23 15:22:18,442[INFO]                          │                         │                          ┌[(('MCTDH virtual', 11),)]┼[('v_57',), ('v_58',), ('v_59',)]
2024-01-23 15:22:18,442[INFO]                          │                         │                          │                          └[('v_60',), ('v_61',), ('v_62',)]
2024-01-23 15:22:18,442[INFO]                          │                         │                          │                          ┌[('v_63',), ('v_64',), ('v_65',)]
2024-01-23 15:22:18,442[INFO]                          │                         └[(('MCTDH virtual', 10),)]┼[(('MCTDH virtual', 12),)]┼[('v_66',), ('v_67',), ('v_68',)]
2024-01-23 15:22:18,442[INFO]                          │                                                    │                          └[('v_69',), ('v_70',), ('v_71',)]
2024-01-23 15:22:18,442[INFO]                          │                                                    │                          ┌[('v_72',), ('v_73',), ('v_74',)]
2024-01-23 15:22:18,442[INFO]                          │                                                    └[(('MCTDH virtual', 13),)]┼[('v_75',), ('v_76',), ('v_77',)]
2024-01-23 15:22:18,442[INFO]                          │                                                                               └[('v_78',), ('v_79',), ('v_80',)]
2024-01-23 15:22:18,442[INFO]                          │                                                                                ┌[('v_81',), ('v_82',), ('v_83',)]
2024-01-23 15:22:18,442[INFO]                          │                                                     ┌[(('MCTDH virtual', 16),)]┼[('v_84',), ('v_85',), ('v_86',)]
2024-01-23 15:22:18,442[INFO]                          │                                                     │                          └[('v_87',), ('v_88',), ('v_89',)]
2024-01-23 15:22:18,442[INFO]                          │                                                     │                          ┌[('v_90',), ('v_91',), ('v_92',)]
2024-01-23 15:22:18,442[INFO]                          │                          ┌[(('MCTDH virtual', 15),)]┼[(('MCTDH virtual', 17),)]┼[('v_93',), ('v_94',), ('v_95',)]
2024-01-23 15:22:18,442[INFO]                          │                          │                          │                          └[('v_96',), ('v_97',), ('v_98',)]
2024-01-23 15:22:18,442[INFO]                          │                          │                          │                          ┌[('v_99',), ('v_100',), ('v_101',)]
2024-01-23 15:22:18,443[INFO]                          │                          │                          └[(('MCTDH virtual', 18),)]┼[('v_102',), ('v_103',), ('v_104',)]
2024-01-23 15:22:18,443[INFO]                          │                          │                                                     └[('v_105',), ('v_106',), ('v_107',)]
2024-01-23 15:22:18,443[INFO]                          │                          │                                                     ┌[('v_108',), ('v_109',), ('v_110',)]
2024-01-23 15:22:18,443[INFO]                          │                          │                          ┌[(('MCTDH virtual', 20),)]┼[('v_111',), ('v_112',), ('v_113',)]
2024-01-23 15:22:18,443[INFO]                          │                          │                          │                          └[('v_114',), ('v_115',), ('v_116',)]
2024-01-23 15:22:18,443[INFO]                          │                          │                          │                          ┌[('v_117',), ('v_118',), ('v_119',)]
2024-01-23 15:22:18,443[INFO]                          ├[(('MCTDH virtual', 14),)]┼[(('MCTDH virtual', 19),)]┼[(('MCTDH virtual', 21),)]┼[('v_120',), ('v_121',), ('v_122',)]
2024-01-23 15:22:18,443[INFO]                          │                          │                          │                          └[('v_123',), ('v_124',), ('v_125',)]
2024-01-23 15:22:18,443[INFO]                          │                          │                          │                          ┌[('v_126',), ('v_127',), ('v_128',)]
2024-01-23 15:22:18,443[INFO]                          │                          │                          └[(('MCTDH virtual', 22),)]┼[('v_129',), ('v_130',), ('v_131',)]
2024-01-23 15:22:18,443[INFO]                          │                          │                                                     └[('v_132',), ('v_133',), ('v_134',)]
2024-01-23 15:22:18,443[INFO]                          │                          │                                                     ┌[('v_135',), ('v_136',), ('v_137',)]
2024-01-23 15:22:18,443[INFO]                          │                          │                          ┌[(('MCTDH virtual', 24),)]┼[('v_138',), ('v_139',), ('v_140',)]
2024-01-23 15:22:18,443[INFO]                          │                          │                          │                          └[('v_141',), ('v_142',), ('v_143',)]
2024-01-23 15:22:18,443[INFO]                          │                          │                          │                          ┌[('v_144',), ('v_145',), ('v_146',)]
2024-01-23 15:22:18,443[INFO]                          │                          └[(('MCTDH virtual', 23),)]┼[(('MCTDH virtual', 25),)]┼[('v_147',), ('v_148',), ('v_149',)]
2024-01-23 15:22:18,443[INFO]                          │                                                     │                          └[('v_150',), ('v_151',), ('v_152',)]
2024-01-23 15:22:18,443[INFO]                          │                                                     │                          ┌[('v_153',), ('v_154',), ('v_155',)]
2024-01-23 15:22:18,443[INFO]                          │                                                     └[(('MCTDH virtual', 26),)]┼[('v_156',), ('v_157',), ('v_158',)]
2024-01-23 15:22:18,443[INFO]                          │                                                                                └[('v_159',), ('v_160',), ('v_161',)]
2024-01-23 15:22:18,443[INFO] [(('MCTDH virtual', 0),)]┤
2024-01-23 15:22:18,443[INFO]                          │                                                                                ┌[('v_162',), ('v_163',), ('v_164',)]
2024-01-23 15:22:18,443[INFO]                          │                                                     ┌[(('MCTDH virtual', 29),)]┼[('v_165',), ('v_166',), ('v_167',)]
2024-01-23 15:22:18,443[INFO]                          │                                                     │                          └[('v_168',), ('v_169',), ('v_170',)]
2024-01-23 15:22:18,443[INFO]                          │                                                     │                          ┌[('v_171',), ('v_172',), ('v_173',)]
2024-01-23 15:22:18,443[INFO]                          │                          ┌[(('MCTDH virtual', 28),)]┼[(('MCTDH virtual', 30),)]┼[('v_174',), ('v_175',), ('v_176',)]
2024-01-23 15:22:18,443[INFO]                          │                          │                          │                          └[('v_177',), ('v_178',), ('v_179',)]
2024-01-23 15:22:18,443[INFO]                          │                          │                          │                          ┌[('v_180',), ('v_181',), ('v_182',)]
2024-01-23 15:22:18,443[INFO]                          │                          │                          └[(('MCTDH virtual', 31),)]┼[('v_183',), ('v_184',), ('v_185',)]
2024-01-23 15:22:18,443[INFO]                          │                          │                                                     └[('v_186',), ('v_187',), ('v_188',)]
2024-01-23 15:22:18,443[INFO]                          │                          │                                                     ┌[('v_189',), ('v_190',), ('v_191',)]
2024-01-23 15:22:18,443[INFO]                          │                          │                          ┌[(('MCTDH virtual', 33),)]┼[('v_192',), ('v_193',), ('v_194',)]
2024-01-23 15:22:18,443[INFO]                          │                          │                          │                          └[('v_195',), ('v_196',), ('v_197',)]
2024-01-23 15:22:18,444[INFO]                          │                          │                          │                          ┌[('v_198',), ('v_199',), ('v_200',)]
2024-01-23 15:22:18,444[INFO]                          ├[(('MCTDH virtual', 27),)]┼[(('MCTDH virtual', 32),)]┼[(('MCTDH virtual', 34),)]┼[('v_201',), ('v_202',), ('v_203',)]
2024-01-23 15:22:18,444[INFO]                          │                          │                          │                          └[('v_204',), ('v_205',), ('v_206',)]
2024-01-23 15:22:18,444[INFO]                          │                          │                          │                          ┌[('v_207',), ('v_208',), ('v_209',)]
2024-01-23 15:22:18,444[INFO]                          │                          │                          └[(('MCTDH virtual', 35),)]┼[('v_210',), ('v_211',), ('v_212',)]
2024-01-23 15:22:18,444[INFO]                          │                          │                                                     └[('v_213',), ('v_214',), ('v_215',)]
2024-01-23 15:22:18,444[INFO]                          │                          │                                                     ┌[('v_216',), ('v_217',), ('v_218',)]
2024-01-23 15:22:18,444[INFO]                          │                          │                          ┌[(('MCTDH virtual', 37),)]┼[('v_219',), ('v_220',), ('v_221',)]
2024-01-23 15:22:18,444[INFO]                          │                          │                          │                          └[('v_222',), ('v_223',), ('v_224',)]
2024-01-23 15:22:18,444[INFO]                          │                          │                          │                          ┌[('v_225',), ('v_226',), ('v_227',)]
2024-01-23 15:22:18,444[INFO]                          │                          └[(('MCTDH virtual', 36),)]┼[(('MCTDH virtual', 38),)]┼[('v_228',), ('v_229',), ('v_230',)]
2024-01-23 15:22:18,444[INFO]                          │                                                     │                          └[('v_231',), ('v_232',), ('v_233',)]
2024-01-23 15:22:18,444[INFO]                          │                                                     │                          ┌[('v_234',), ('v_235',), ('v_236',)]
2024-01-23 15:22:18,444[INFO]                          │                                                     └[(('MCTDH virtual', 39),)]┼[('v_237',), ('v_238',), ('v_239',)]
2024-01-23 15:22:18,444[INFO]                          │                                                                                └[('v_240',), ('v_241',), ('v_242',)]
2024-01-23 15:22:18,444[INFO]                          └[('spin',)]
2024-01-23 15:22:18,463[DEBUG] # of operator terms: 731
2024-01-23 15:22:27,050[DEBUG] # of operator terms: 1
2024-01-23 15:22:28,554[DEBUG] # of operator terms: 1
2024-01-23 15:22:30,069[DEBUG] target for expander: 19
2024-01-23 15:22:30,070[DEBUG] average bond dimension of hint mpo: 3
2024-01-23 15:22:30,070[DEBUG] cumulated bond dimension: 1. lastone bond dimension: [1, 1, 1, 1, 1, 1, 1, 1, 1, 1, 1, 1, 1, 1, 1, 1, 1, 1, 1, 1, 1, 1, 1, 1, 1, 1, 1, 1, 1, 1, 1, 1, 1, 1, 1, 1, 1, 1, 1, 1, 1, 1, 1, 1, 1, 1, 1, 1, 1, 1, 1, 1, 1, 1, 1, 1, 1, 1, 1, 1, 1, 1, 1, 1, 1, 1, 1, 1, 1, 1, 1, 1, 1, 1, 1, 1, 1, 1, 1, 1, 1, 1, 1, 1, 1, 1, 1, 1, 1, 1, 1, 1, 1, 1, 1, 1, 1, 1, 1, 1, 1, 1, 1, 1, 1, 1, 1, 1, 1, 1, 1, 1, 1, 1, 1, 1, 1, 1, 1, 1, 1, 1]
2024-01-23 15:22:31,960[DEBUG] # of operator terms: 1
2024-01-23 15:22:34,647[DEBUG] cumulated bond dimension: 4. lastone bond dimension: [1, 3, 3, 3, 3, 3, 3, 3, 3, 3, 3, 3, 3, 3, 3, 3, 3, 3, 3, 3, 3, 3, 3, 3, 3, 3, 3, 3, 3, 3, 3, 3, 3, 3, 3, 3, 3, 3, 3, 3, 3, 3, 3, 3, 3, 3, 3, 3, 3, 3, 3, 3, 3, 3, 3, 3, 3, 3, 3, 3, 3, 3, 3, 3, 3, 3, 3, 3, 3, 3, 3, 3, 3, 3, 3, 3, 3, 3, 3, 3, 3, 3, 3, 3, 3, 3, 3, 3, 3, 3, 3, 3, 3, 3, 3, 3, 3, 3, 3, 3, 3, 3, 3, 3, 3, 3, 3, 3, 3, 3, 3, 3, 3, 3, 3, 3, 3, 3, 3, 3, 3, 3]
2024-01-23 15:22:39,390[DEBUG] cumulated bond dimension: 13. lastone bond dimension: [1, 9, 9, 9, 9, 9, 9, 9, 9, 9, 9, 9, 9, 9, 9, 9, 9, 9, 9, 9, 9, 9, 9, 9, 9, 9, 9, 9, 9, 9, 9, 9, 9, 9, 9, 9, 9, 9, 9, 9, 9, 9, 9, 9, 9, 9, 9, 9, 9, 9, 9, 9, 9, 9, 9, 9, 9, 9, 9, 9, 9, 9, 9, 9, 9, 9, 9, 9, 9, 9, 9, 9, 9, 9, 9, 9, 9, 9, 9, 9, 9, 9, 9, 9, 9, 9, 9, 9, 9, 9, 9, 9, 9, 9, 9, 9, 9, 9, 9, 9, 9, 9, 9, 9, 9, 9, 9, 9, 9, 9, 9, 9, 9, 9, 9, 9, 9, 9, 9, 9, 9, 9]
2024-01-23 15:22:59,446[DEBUG] cumulated bond dimension: 19. lastone bond dimension: [1, 21, 21, 21, 21, 21, 21, 21, 21, 21, 21, 21, 21, 21, 21, 21, 21, 21, 21, 21, 21, 21, 21, 21, 21, 21, 21, 21, 21, 21, 21, 21, 21, 21, 21, 21, 21, 21, 21, 21, 21, 21, 21, 21, 21, 21, 21, 21, 21, 21, 21, 21, 21, 21, 21, 21, 21, 21, 21, 21, 21, 21, 21, 21, 21, 21, 21, 21, 21, 21, 21, 21, 21, 21, 21, 21, 21, 21, 21, 21, 21, 21, 21, 21, 21, 21, 21, 21, 21, 21, 21, 21, 21, 21, 21, 21, 21, 21, 21, 21, 21, 21, 21, 21, 21, 21, 21, 21, 21, 21, 21, 21, 21, 21, 21, 21, 21, 21, 21, 21, 21, 6]
2024-01-23 15:23:32,093[DEBUG] expander bond dimension: [1, 19, 19, 19, 19, 19, 19, 19, 19, 19, 19, 19, 19, 19, 19, 19, 19, 19, 19, 19, 19, 19, 19, 19, 19, 19, 19, 19, 19, 19, 19, 19, 19, 19, 19, 19, 19, 19, 19, 19, 19, 19, 19, 19, 19, 19, 19, 19, 19, 19, 19, 19, 19, 19, 19, 19, 19, 19, 19, 19, 19, 19, 19, 19, 19, 19, 19, 19, 19, 19, 19, 19, 19, 19, 19, 19, 19, 19, 19, 19, 19, 19, 19, 19, 19, 19, 19, 19, 19, 19, 19, 19, 19, 19, 19, 19, 19, 19, 19, 19, 19, 19, 19, 19, 19, 19, 19, 19, 19, 19, 19, 19, 19, 19, 19, 19, 19, 19, 19, 19, 19, 2]
2024-01-23 15:23:37,649[INFO] [1, 20, 20, 20, 20, 20, 20, 20, 20, 20, 20, 20, 20, 20, 20, 20, 20, 20, 20, 20, 20, 20, 20, 20, 20, 20, 20, 20, 20, 20, 20, 20, 20, 20, 20, 20, 20, 20, 20, 20, 20, 20, 20, 20, 20, 20, 20, 20, 20, 20, 20, 20, 20, 20, 20, 20, 20, 20, 20, 20, 20, 20, 20, 20, 20, 20, 20, 20, 20, 20, 20, 20, 20, 20, 20, 20, 20, 20, 20, 20, 20, 20, 20, 20, 20, 20, 20, 20, 20, 20, 20, 20, 20, 20, 20, 20, 20, 20, 20, 20, 20, 20, 20, 20, 20, 20, 20, 20, 20, 20, 20, 20, 20, 20, 20, 20, 20, 20, 20, 20, 20, 2]
2024-01-23 15:23:37,650[INFO] [1, 3, 3, 3, 3, 3, 3, 3, 3, 3, 3, 3, 3, 3, 3, 3, 3, 3, 3, 3, 3, 3, 3, 3, 3, 3, 3, 3, 3, 3, 3, 3, 3, 3, 3, 3, 3, 3, 3, 3, 3, 3, 3, 3, 3, 3, 3, 3, 3, 3, 3, 3, 3, 3, 3, 3, 3, 3, 3, 3, 3, 3, 3, 3, 3, 3, 3, 3, 3, 3, 3, 3, 3, 3, 3, 3, 3, 3, 3, 3, 3, 3, 3, 3, 3, 3, 3, 3, 3, 3, 3, 3, 3, 3, 3, 3, 3, 3, 3, 3, 3, 3, 3, 3, 3, 3, 3, 3, 3, 3, 3, 3, 3, 3, 3, 3, 3, 3, 3, 3, 3, 3]
2024-01-23 15:23:37,650[INFO] 122
2024-01-23 15:33:46,780[DEBUG] TDVP-PS Krylov space: DescribeResult(nobs=486, minmax=(4, 71), mean=27.213991769547324, variance=168.7706079504476, skewness=0.2632325844523205, kurtosis=-0.666043543561317)
2024-01-23 15:33:53,918[INFO] 0.9950372680708371, -0.0007050546337321346
2024-01-23 15:46:14,337[DEBUG] TDVP-PS Krylov space: DescribeResult(nobs=486, minmax=(4, 73), mean=34.31687242798354, variance=108.40660133214541, skewness=0.28518643730748855, kurtosis=0.2548014220012873)
2024-01-23 15:46:21,232[INFO] 0.9804948830286464, -0.005504263971185341
2024-01-23 15:57:48,547[DEBUG] TDVP-PS Krylov space: DescribeResult(nobs=486, minmax=(4, 73), mean=32.53909465020576, variance=113.1149633023631, skewness=0.39651193804425405, kurtosis=0.26469044423247956)
2024-01-23 15:57:55,344[INFO] 0.9570872237391492, -0.014859979104205652
2024-01-23 16:08:29,271[DEBUG] TDVP-PS Krylov space: DescribeResult(nobs=486, minmax=(4, 73), mean=31.732510288065843, variance=118.06850791226506, skewness=0.3714277202023845, kurtosis=0.04624795708303653)
2024-01-23 16:08:33,726[INFO] 0.9256019592393288, -0.02770152371031687
2024-01-23 16:19:32,636[DEBUG] TDVP-PS Krylov space: DescribeResult(nobs=486, minmax=(4, 73), mean=31.54320987654321, variance=121.41153111874759, skewness=0.38752897204861275, kurtosis=0.06540561868934303)
2024-01-23 16:19:37,093[INFO] 0.8868365078191881, -0.043128055708737525
2024-01-23 16:30:29,113[DEBUG] TDVP-PS Krylov space: DescribeResult(nobs=486, minmax=(4, 73), mean=31.308641975308642, variance=123.35196639938908, skewness=0.4086446488225187, kurtosis=0.05852394361762636)
2024-01-23 16:30:35,912[INFO] 0.8415874611905628, -0.0604933285832801
2024-01-23 16:41:29,120[DEBUG] TDVP-PS Krylov space: DescribeResult(nobs=486, minmax=(4, 73), mean=30.958847736625515, variance=121.35912774171652, skewness=0.42005292114248005, kurtosis=0.047245369226839085)
2024-01-23 16:41:35,749[INFO] 0.7906478407546735, -0.07933344091530393
2024-01-23 16:53:01,550[DEBUG] TDVP-PS Krylov space: DescribeResult(nobs=486, minmax=(4, 73), mean=30.699588477366255, variance=122.76317508803193, skewness=0.41660350678455393, kurtosis=0.03169765406679792)
2024-01-23 16:53:08,545[INFO] 0.7348047445822157, -0.09930920023211053
2024-01-23 17:04:16,465[DEBUG] TDVP-PS Krylov space: DescribeResult(nobs=486, minmax=(4, 71), mean=30.440329218106996, variance=124.62632896355692, skewness=0.4148713692650901, kurtosis=-0.04002163091677824)
2024-01-23 17:04:21,807[INFO] 0.6748363835802484, -0.12015017352756091
2024-01-23 17:15:40,141[DEBUG] TDVP-PS Krylov space: DescribeResult(nobs=486, minmax=(4, 73), mean=30.16872427983539, variance=125.64982393619279, skewness=0.4432863515885841, kurtosis=0.03341147162038949)
2024-01-23 17:15:47,457[INFO] 0.6115086095214906, -0.14160816661073206
2024-01-23 17:15:47,457[INFO] [(0.9950372680708371, -0.0007050546337321346), (0.9804948830286464, -0.005504263971185341), (0.9570872237391492, -0.014859979104205652), (0.9256019592393288, -0.02770152371031687), (0.8868365078191881, -0.043128055708737525), (0.8415874611905628, -0.0604933285832801), (0.7906478407546735, -0.07933344091530393), (0.7348047445822157, -0.09930920023211053), (0.6748363835802484, -0.12015017352756091), (0.6115086095214906, -0.14160816661073206)]
2024-01-23 17:15:47,457[INFO] [611.4919667243958, 742.7232344150543, 689.303227186203, 635.4067873954773, 660.4365572929382, 654.2922759056091, 655.2515454292297, 688.1321759223938, 669.3841784000397, 680.7444262504578]
2024-01-23 17:15:47,458[INFO] (668.7166374921799, 33.56337320151719)
