2024-01-23 14:40:58,535[INFO] w:[ 0.24540185  0.49385225  0.7454279   1.00020841  1.25827651  1.51971814
  1.78462267  2.05308308  2.32519612  2.60106256  2.8807874   3.1644801
  3.45225485  3.74423084  4.04053256  4.3412901   4.64663955  4.95672328
  5.27169042  5.59169724  5.91690766  6.2474937   6.58363607  6.92552473
  7.27335959  7.62735113  7.98772124  8.35470401  8.72854667  9.10951057
  9.49787229  9.89392484 10.29797898 10.71036473 11.13143291 11.56155702
 12.00113515 12.45059227 12.91038263 13.38099258 13.86294361 14.35679586
 14.86315202 15.38266175 15.91602669 16.46400618 17.02742372 17.60717445
 18.20423372 18.81966689 19.45464086 20.11043731 20.78846835 21.49029474
 22.21764763 22.97245418 23.75686845 24.57330834 25.42450063 26.31353588
 27.24393619 28.21973947 29.24560536 30.32694979 31.47011806 32.6826105
 33.97338092 35.35323835 36.8353978  38.43625195 40.17647949 42.08268309
 44.1898934  46.54555411 49.21618196 52.29919556 55.9456267  60.40849772
 66.16213917 74.27144133 88.13438495]
2024-01-23 14:40:58,537[INFO] c:[0.08142522 0.1375778  0.18735048 0.23357075 0.27744866 0.31964864
 0.36058726 0.40054883 0.43973928 0.47831464 0.51639732 0.55408622
 0.59146317 0.62859733 0.66554823 0.70236794 0.73910274 0.77579429
 0.81248059 0.84919672 0.88597541 0.92284751 0.95984241 0.99698836
 1.03431272 1.07184226 1.10960332 1.14762202 1.18592446 1.22453684
 1.26348566 1.30279783 1.34250086 1.38262297 1.42319326 1.46424185
 1.50580009 1.54790064 1.59057777 1.63386745 1.67780763 1.72243847
 1.76780258 1.81394532 1.86091513 1.9087639  1.95754737 2.0073256
 2.05816351 2.11013151 2.16330616 2.21777104 2.2736177  2.33094675
 2.38986918 2.45050796 2.51299988 2.57749775 2.64417318 2.71321982
 2.78485741 2.85933686 2.93694649 3.01802006 3.10294696 3.19218554
 3.28628065 3.38588711 3.49180189 3.60500894 3.72674332 3.8585856
 4.0026055  4.16158938 4.33941826 4.54173541 4.77721932 5.06027477
 5.41760986 5.90836017 6.71752987]
2024-01-23 14:40:58,537[INFO] integrate: 8.001177238328144e-05, 7.095026556354811e-11
2024-01-23 14:40:58,538[INFO] renormalization constant: 0.9999490642209494
2024-01-23 14:40:58,976[INFO]                                                                              ┌[('v_0',), ('v_1',), ('v_2',)]
2024-01-23 14:40:58,976[INFO]                                                    ┌[(('MCTDH virtual', 2),)]┼[('v_3',), ('v_4',), ('v_5',)]
2024-01-23 14:40:58,976[INFO]                                                    │                         └[('v_6',), ('v_7',), ('v_8',)]
2024-01-23 14:40:58,976[INFO]                                                    │                         ┌[('v_9',), ('v_10',), ('v_11',)]
2024-01-23 14:40:58,976[INFO]                          ┌[(('MCTDH virtual', 1),)]┼[(('MCTDH virtual', 3),)]┼[('v_12',), ('v_13',), ('v_14',)]
2024-01-23 14:40:58,976[INFO]                          │                         │                         └[('v_15',), ('v_16',), ('v_17',)]
2024-01-23 14:40:58,977[INFO]                          │                         │                         ┌[('v_18',), ('v_19',), ('v_20',)]
2024-01-23 14:40:58,977[INFO]                          │                         └[(('MCTDH virtual', 4),)]┼[('v_21',), ('v_22',), ('v_23',)]
2024-01-23 14:40:58,977[INFO]                          │                                                   └[('v_24',), ('v_25',), ('v_26',)]
2024-01-23 14:40:58,977[INFO]                          │                                                   ┌[('v_27',), ('v_28',), ('v_29',)]
2024-01-23 14:40:58,977[INFO]                          │                         ┌[(('MCTDH virtual', 6),)]┼[('v_30',), ('v_31',), ('v_32',)]
2024-01-23 14:40:58,977[INFO]                          │                         │                         └[('v_33',), ('v_34',), ('v_35',)]
2024-01-23 14:40:58,977[INFO]                          │                         │                         ┌[('v_36',), ('v_37',), ('v_38',)]
2024-01-23 14:40:58,977[INFO]                          ├[(('MCTDH virtual', 5),)]┼[(('MCTDH virtual', 7),)]┼[('v_39',), ('v_40',), ('v_41',)]
2024-01-23 14:40:58,977[INFO]                          │                         │                         └[('v_42',), ('v_43',), ('v_44',)]
2024-01-23 14:40:58,977[INFO]                          │                         │                         ┌[('v_45',), ('v_46',), ('v_47',)]
2024-01-23 14:40:58,977[INFO]                          │                         └[(('MCTDH virtual', 8),)]┼[('v_48',), ('v_49',), ('v_50',)]
2024-01-23 14:40:58,977[INFO]                          │                                                   └[('v_51',), ('v_52',), ('v_53',)]
2024-01-23 14:40:58,977[INFO] [(('MCTDH virtual', 0),)]┤
2024-01-23 14:40:58,977[INFO]                          │                                                    ┌[('v_54',), ('v_55',), ('v_56',)]
2024-01-23 14:40:58,977[INFO]                          │                         ┌[(('MCTDH virtual', 10),)]┼[('v_57',), ('v_58',), ('v_59',)]
2024-01-23 14:40:58,978[INFO]                          │                         │                          └[('v_60',), ('v_61',), ('v_62',)]
2024-01-23 14:40:58,978[INFO]                          │                         │                          ┌[('v_63',), ('v_64',), ('v_65',)]
2024-01-23 14:40:58,978[INFO]                          ├[(('MCTDH virtual', 9),)]┼[(('MCTDH virtual', 11),)]┼[('v_66',), ('v_67',), ('v_68',)]
2024-01-23 14:40:58,978[INFO]                          │                         │                          └[('v_69',), ('v_70',), ('v_71',)]
2024-01-23 14:40:58,978[INFO]                          │                         │                          ┌[('v_72',), ('v_73',), ('v_74',)]
2024-01-23 14:40:58,978[INFO]                          │                         └[(('MCTDH virtual', 12),)]┼[('v_75',), ('v_76',), ('v_77',)]
2024-01-23 14:40:58,978[INFO]                          │                                                    └[('v_78',), ('v_79',), ('v_80',)]
2024-01-23 14:40:58,978[INFO]                          └[('spin',)]
2024-01-23 14:40:58,989[DEBUG] # of operator terms: 245
2024-01-23 14:41:01,543[DEBUG] # of operator terms: 1
2024-01-23 14:41:02,061[DEBUG] # of operator terms: 1
2024-01-23 14:41:02,530[DEBUG] target for expander: 19
2024-01-23 14:41:02,530[DEBUG] average bond dimension of hint mpo: 3
2024-01-23 14:41:02,530[DEBUG] cumulated bond dimension: 1. lastone bond dimension: [1, 1, 1, 1, 1, 1, 1, 1, 1, 1, 1, 1, 1, 1, 1, 1, 1, 1, 1, 1, 1, 1, 1, 1, 1, 1, 1, 1, 1, 1, 1, 1, 1, 1, 1, 1, 1, 1, 1, 1, 1]
2024-01-23 14:41:02,993[DEBUG] # of operator terms: 1
2024-01-23 14:41:03,797[DEBUG] cumulated bond dimension: 4. lastone bond dimension: [1, 3, 3, 3, 3, 3, 3, 3, 3, 3, 3, 3, 3, 3, 3, 3, 3, 3, 3, 3, 3, 3, 3, 3, 3, 3, 3, 3, 3, 3, 3, 3, 3, 3, 3, 3, 3, 3, 3, 3, 3]
2024-01-23 14:41:05,127[DEBUG] cumulated bond dimension: 12. lastone bond dimension: [1, 9, 9, 9, 9, 9, 9, 9, 9, 9, 9, 9, 9, 9, 9, 9, 9, 9, 9, 9, 9, 9, 9, 9, 9, 9, 9, 9, 9, 9, 9, 9, 9, 9, 9, 9, 9, 9, 9, 9, 9]
2024-01-23 14:41:10,972[DEBUG] cumulated bond dimension: 18. lastone bond dimension: [1, 21, 21, 21, 21, 21, 21, 21, 21, 21, 21, 21, 21, 21, 21, 21, 21, 21, 21, 21, 21, 21, 21, 21, 21, 21, 21, 21, 21, 21, 21, 21, 21, 21, 21, 21, 21, 21, 21, 21, 6]
2024-01-23 14:41:20,963[DEBUG] expander bond dimension: [1, 19, 19, 19, 19, 19, 19, 19, 19, 19, 19, 19, 19, 19, 19, 19, 19, 19, 19, 19, 19, 19, 19, 19, 19, 19, 19, 19, 19, 19, 19, 19, 19, 19, 19, 19, 19, 19, 19, 19, 2]
2024-01-23 14:41:22,514[INFO] [1, 20, 20, 20, 20, 20, 20, 20, 20, 20, 20, 20, 20, 20, 20, 20, 20, 20, 20, 20, 20, 20, 20, 20, 20, 20, 20, 20, 20, 20, 20, 20, 20, 20, 20, 20, 20, 20, 20, 20, 2]
2024-01-23 14:41:22,515[INFO] [1, 3, 3, 3, 3, 3, 3, 3, 3, 3, 3, 3, 3, 3, 3, 3, 3, 3, 3, 3, 3, 3, 3, 3, 3, 3, 3, 3, 3, 3, 3, 3, 3, 3, 3, 3, 3, 3, 3, 3, 3]
2024-01-23 14:41:22,515[INFO] 41
2024-01-23 14:44:29,421[DEBUG] TDVP-PS Krylov space: DescribeResult(nobs=162, minmax=(4, 49), mean=19.419753086419753, variance=74.48109807530099, skewness=0.8898352599457724, kurtosis=0.7584561148688858)
2024-01-23 14:44:31,670[INFO] 0.99503749103369, -0.0007032866790726911
2024-01-23 14:48:37,703[DEBUG] TDVP-PS Krylov space: DescribeResult(nobs=162, minmax=(4, 51), mean=22.54320987654321, variance=56.3863200674795, skewness=0.9415776690687614, kurtosis=2.274528686958125)
2024-01-23 14:48:39,146[INFO] 0.9804956543387174, -0.005494847328096522
2024-01-23 14:52:53,413[DEBUG] TDVP-PS Krylov space: DescribeResult(nobs=162, minmax=(4, 51), mean=22.25925925925926, variance=68.49137336093857, skewness=1.0033063071173243, kurtosis=1.4454189484034519)
2024-01-23 14:52:55,795[INFO] 0.9570885648617972, -0.014847022672984416
2024-01-23 14:57:26,061[DEBUG] TDVP-PS Krylov space: DescribeResult(nobs=162, minmax=(4, 51), mean=22.185185185185187, variance=71.70462387853692, skewness=0.9897475963439464, kurtosis=1.1979056244389872)
2024-01-23 14:57:28,660[INFO] 0.9256033703709795, -0.027715799522519177
2024-01-23 15:01:44,115[DEBUG] TDVP-PS Krylov space: DescribeResult(nobs=162, minmax=(4, 51), mean=22.02469135802469, variance=73.03044245073231, skewness=1.0414810287379281, kurtosis=1.271730428649441)
2024-01-23 15:01:46,723[INFO] 0.8868367105478169, -0.043154519015590594
2024-01-23 15:05:32,849[DEBUG] TDVP-PS Krylov space: DescribeResult(nobs=162, minmax=(4, 51), mean=21.85185185185185, variance=73.80400276052451, skewness=1.0282607173271394, kurtosis=1.1798717686526237)
2024-01-23 15:05:34,300[INFO] 0.8415847943293078, -0.060457535589654054
2024-01-23 15:09:24,273[DEBUG] TDVP-PS Krylov space: DescribeResult(nobs=162, minmax=(4, 51), mean=21.71604938271605, variance=77.72011348822942, skewness=1.005501864301486, kurtosis=1.0015081893789848)
2024-01-23 15:09:25,666[INFO] 0.7906401518736346, -0.07935929773783396
2024-01-23 15:13:20,715[DEBUG] TDVP-PS Krylov space: DescribeResult(nobs=162, minmax=(4, 51), mean=21.679012345679013, variance=77.89632696879075, skewness=0.9931499786381774, kurtosis=0.9615792773452383)
2024-01-23 15:13:23,159[INFO] 0.7347877263918132, -0.09944100375228902
2024-01-23 15:17:48,296[DEBUG] TDVP-PS Krylov space: DescribeResult(nobs=162, minmax=(4, 49), mean=21.37037037037037, variance=76.9551414768806, skewness=0.9459276476441022, kurtosis=0.7699164257332214)
2024-01-23 15:17:50,862[INFO] 0.6748061524079652, -0.12004850171087714
2024-01-23 15:22:15,646[DEBUG] TDVP-PS Krylov space: DescribeResult(nobs=162, minmax=(4, 51), mean=21.25925925925926, variance=78.04416839199448, skewness=0.9703595218647872, kurtosis=0.8342764483234211)
2024-01-23 15:22:17,214[INFO] 0.611462224065719, -0.14159309811070478
2024-01-23 15:22:17,214[INFO] [(0.99503749103369, -0.0007032866790726911), (0.9804956543387174, -0.005494847328096522), (0.9570885648617972, -0.014847022672984416), (0.9256033703709795, -0.027715799522519177), (0.8868367105478169, -0.043154519015590594), (0.8415847943293078, -0.060457535589654054), (0.7906401518736346, -0.07935929773783396), (0.7347877263918132, -0.09944100375228902), (0.6748061524079652, -0.12004850171087714), (0.611462224065719, -0.14159309811070478)]
2024-01-23 15:22:17,215[INFO] [187.65946650505066, 246.5061309337616, 255.0687437057495, 271.14363050460815, 256.3307683467865, 226.63875818252563, 230.44369673728943, 235.87727975845337, 266.006982088089, 265.3290579319]
2024-01-23 15:22:17,215[INFO] (244.1004514694214, 23.83731894865192)
