2024-01-23 11:32:08,134[INFO] w:[ 1.21249244  2.50326286  3.88312029  5.36527973  6.96613389  8.70636143
 10.61256502 12.71977533 15.07543605 17.7460639  20.8290775  24.47550863
 28.93837966 34.69202111 42.80132327 56.66426688]
2024-01-23 11:32:08,135[INFO] c:[ 0.59264185  1.0207347   1.4187918   1.80812027  2.19926165  2.59962412
  3.01577066  3.45455903  3.92405829  4.43465224  5.00075485  5.64393278
  6.39939173  7.33170935  8.58273958 10.59290296]
2024-01-23 11:32:08,136[INFO] integrate: 0.0006749250730816019, 2.007589761904222e-12
2024-01-23 11:32:08,136[INFO] renormalization constant: 0.9995704216488225
2024-01-23 11:32:08,574[INFO]                                                                              ┌[('v_0',), ('v_1',)]
2024-01-23 11:32:08,574[INFO]                                                    ┌[(('MCTDH virtual', 2),)]┤
2024-01-23 11:32:08,574[INFO]                                                    │                         └[('v_2',), ('v_3',)]
2024-01-23 11:32:08,574[INFO]                          ┌[(('MCTDH virtual', 1),)]┤
2024-01-23 11:32:08,574[INFO]                          │                         │                         ┌[('v_4',), ('v_5',)]
2024-01-23 11:32:08,574[INFO]                          │                         └[(('MCTDH virtual', 3),)]┤
2024-01-23 11:32:08,574[INFO]                          │                                                   └[('v_6',), ('v_7',)]
2024-01-23 11:32:08,574[INFO]                          │                                                   ┌[('v_8',), ('v_9',)]
2024-01-23 11:32:08,575[INFO]                          │                         ┌[(('MCTDH virtual', 5),)]┤
2024-01-23 11:32:08,575[INFO]                          │                         │                         └[('v_10',), ('v_11',)]
2024-01-23 11:32:08,575[INFO] [(('MCTDH virtual', 0),)]┼[(('MCTDH virtual', 4),)]┤
2024-01-23 11:32:08,575[INFO]                          │                         │                         ┌[('v_12',), ('v_13',)]
2024-01-23 11:32:08,575[INFO]                          │                         └[(('MCTDH virtual', 6),)]┤
2024-01-23 11:32:08,575[INFO]                          │                                                   └[('v_14',), ('v_15',)]
2024-01-23 11:32:08,575[INFO]                          └[('spin',)]
2024-01-23 11:32:08,578[DEBUG] # of operator terms: 50
2024-01-23 11:32:08,705[DEBUG] # of operator terms: 1
2024-01-23 11:32:08,763[DEBUG] # of operator terms: 1
2024-01-23 11:32:08,826[DEBUG] target for expander: 19
2024-01-23 11:32:08,826[DEBUG] average bond dimension of hint mpo: 3
2024-01-23 11:32:08,827[DEBUG] cumulated bond dimension: 1. lastone bond dimension: [1, 1, 1, 1, 1, 1, 1, 1, 1, 1, 1, 1, 1, 1, 1, 1]
2024-01-23 11:32:08,837[DEBUG] # of operator terms: 1
2024-01-23 11:32:08,935[DEBUG] cumulated bond dimension: 4. lastone bond dimension: [1, 3, 3, 3, 3, 3, 3, 3, 3, 3, 3, 3, 3, 3, 3, 3]
2024-01-23 11:32:09,005[DEBUG] cumulated bond dimension: 12. lastone bond dimension: [1, 9, 9, 9, 9, 9, 9, 9, 9, 9, 9, 9, 9, 9, 9, 9]
2024-01-23 11:32:09,165[DEBUG] cumulated bond dimension: 17. lastone bond dimension: [1, 21, 21, 21, 21, 21, 21, 21, 21, 21, 21, 21, 21, 21, 21, 6]
2024-01-23 11:32:09,368[DEBUG] expander bond dimension: [1, 19, 19, 19, 19, 19, 19, 19, 19, 19, 19, 19, 19, 19, 19, 2]
2024-01-23 11:32:09,443[INFO] [1, 20, 20, 20, 20, 20, 20, 20, 20, 20, 20, 20, 20, 20, 20, 2]
2024-01-23 11:32:09,443[INFO] [1, 3, 3, 3, 3, 3, 3, 3, 3, 3, 3, 3, 3, 3, 3, 3]
2024-01-23 11:32:09,444[INFO] 16
2024-01-23 11:32:10,479[DEBUG] TDVP-PS Krylov space: DescribeResult(nobs=62, minmax=(4, 23), mean=14.774193548387096, variance=21.32522474881015, skewness=-0.36285322565484746, kurtosis=-0.10972351853742923)
2024-01-23 11:32:10,504[INFO] 0.9950400185245163, -0.0006604694811372903
2024-01-23 11:32:11,335[DEBUG] TDVP-PS Krylov space: DescribeResult(nobs=62, minmax=(4, 23), mean=16.06451612903226, variance=21.79904812268642, skewness=-0.7387501621872749, kurtosis=0.638722776774693)
2024-01-23 11:32:11,356[INFO] 0.9805039724609571, -0.0055422732204298605
2024-01-23 11:32:12,546[DEBUG] TDVP-PS Krylov space: DescribeResult(nobs=62, minmax=(4, 23), mean=15.741935483870968, variance=21.342147012162872, skewness=-0.5737929229303516, kurtosis=0.6535682361237525)
2024-01-23 11:32:12,585[INFO] 0.9571012258267286, -0.014772231921091257
2024-01-23 11:32:13,950[DEBUG] TDVP-PS Krylov space: DescribeResult(nobs=62, minmax=(4, 25), mean=15.548387096774194, variance=22.514013749338968, skewness=-0.2948199450426074, kurtosis=0.526653449880119)
2024-01-23 11:32:13,989[INFO] 0.9256158403182754, -0.02782902962556464
2024-01-23 11:32:15,338[DEBUG] TDVP-PS Krylov space: DescribeResult(nobs=62, minmax=(4, 25), mean=15.451612903225806, variance=22.022210470650442, skewness=-0.3297187121785132, kurtosis=0.46980916527437566)
2024-01-23 11:32:15,377[INFO] 0.8868318730350641, -0.04290105256725156
2024-01-23 11:32:16,713[DEBUG] TDVP-PS Krylov space: DescribeResult(nobs=62, minmax=(4, 25), mean=15.225806451612904, variance=23.16129032258064, skewness=-0.2137772192575067, kurtosis=0.1306943313963882)
2024-01-23 11:32:16,753[INFO] 0.8415462569347615, -0.06102227827947127
2024-01-23 11:32:18,063[DEBUG] TDVP-PS Krylov space: DescribeResult(nobs=62, minmax=(4, 25), mean=15.193548387096774, variance=23.371760973030142, skewness=-0.15801311282797956, kurtosis=0.18821589961848284)
2024-01-23 11:32:18,100[INFO] 0.7905299960109162, -0.078689617634049
2024-01-23 11:32:19,055[DEBUG] TDVP-PS Krylov space: DescribeResult(nobs=62, minmax=(4, 25), mean=15.064516129032258, variance=24.192490745637222, skewness=-0.08578641687740833, kurtosis=0.00809731089038479)
2024-01-23 11:32:19,077[INFO] 0.7345690686162241, -0.10051901182829148
2024-01-23 11:32:19,940[DEBUG] TDVP-PS Krylov space: DescribeResult(nobs=62, minmax=(4, 25), mean=14.903225806451612, variance=23.85933368588048, skewness=-0.040473588457955144, kurtosis=0.05303587778094121)
2024-01-23 11:32:19,963[INFO] 0.6744406049658933, -0.11949468200424744
2024-01-23 11:32:20,812[DEBUG] TDVP-PS Krylov space: DescribeResult(nobs=62, minmax=(4, 25), mean=14.774193548387096, variance=23.81702802749869, skewness=0.007521137881092658, kurtosis=0.05788210943405758)
2024-01-23 11:32:20,845[INFO] 0.610850852054863, -0.14217098598491212
2024-01-23 11:32:20,846[INFO] [(0.9950400185245163, -0.0006604694811372903), (0.9805039724609571, -0.0055422732204298605), (0.9571012258267286, -0.014772231921091257), (0.9256158403182754, -0.02782902962556464), (0.8868318730350641, -0.04290105256725156), (0.8415462569347615, -0.06102227827947127), (0.7905299960109162, -0.078689617634049), (0.7345690686162241, -0.10051901182829148), (0.6744406049658933, -0.11949468200424744), (0.610850852054863, -0.14217098598491212)]
2024-01-23 11:32:20,846[INFO] [1.0440700054168701, 0.8384935855865479, 1.2028284072875977, 1.3789238929748535, 1.3622097969055176, 1.3499860763549805, 1.3234291076660156, 0.9625937938690186, 0.8705730438232422, 0.8581533432006836]
2024-01-23 11:32:20,846[INFO] (1.1191261053085326, 0.21619493302900067)
