2024-01-23 12:05:22,473[INFO] w:[ 1.21249244  2.50326286  3.88312029  5.36527973  6.96613389  8.70636143
 10.61256502 12.71977533 15.07543605 17.7460639  20.8290775  24.47550863
 28.93837966 34.69202111 42.80132327 56.66426688]
2024-01-23 12:05:22,474[INFO] c:[ 0.59264185  1.0207347   1.4187918   1.80812027  2.19926165  2.59962412
  3.01577066  3.45455903  3.92405829  4.43465224  5.00075485  5.64393278
  6.39939173  7.33170935  8.58273958 10.59290296]
2024-01-23 12:05:22,474[INFO] integrate: 0.0006749250730816019, 2.007589761904222e-12
2024-01-23 12:05:22,474[INFO] renormalization constant: 0.9995704216488225
2024-01-23 12:05:22,890[INFO]                                                    ┌[('v_0',), ('v_1',), ('v_2',)]
2024-01-23 12:05:22,890[INFO]                          ┌[(('MCTDH virtual', 1),)]┤
2024-01-23 12:05:22,890[INFO]                          │                         └[('v_3',), ('v_4',), ('v_5',)]
2024-01-23 12:05:22,890[INFO]                          │                         ┌[('v_6',), ('v_7',), ('v_8',)]
2024-01-23 12:05:22,890[INFO]                          ├[(('MCTDH virtual', 2),)]┤
2024-01-23 12:05:22,890[INFO]                          │                         └[('v_9',), ('v_10',), ('v_11',)]
2024-01-23 12:05:22,890[INFO] [(('MCTDH virtual', 0),)]┤
2024-01-23 12:05:22,890[INFO]                          │                         ┌[('v_12',), ('v_13',), ('v_14',)]
2024-01-23 12:05:22,890[INFO]                          ├[(('MCTDH virtual', 3),)]┤
2024-01-23 12:05:22,890[INFO]                          │                         └[('v_15',)]
2024-01-23 12:05:22,891[INFO]                          └[('spin',)]
2024-01-23 12:05:22,893[DEBUG] # of operator terms: 50
2024-01-23 12:05:23,338[DEBUG] # of operator terms: 1
2024-01-23 12:05:23,435[DEBUG] # of operator terms: 1
2024-01-23 12:05:23,532[DEBUG] target for expander: 19
2024-01-23 12:05:23,533[DEBUG] average bond dimension of hint mpo: 3
2024-01-23 12:05:23,535[DEBUG] cumulated bond dimension: 1. lastone bond dimension: [1, 1, 1, 1, 1, 1, 1, 1, 1, 1, 1]
2024-01-23 12:05:23,678[DEBUG] # of operator terms: 1
2024-01-23 12:05:23,836[DEBUG] cumulated bond dimension: 4. lastone bond dimension: [1, 3, 3, 3, 3, 3, 3, 3, 3, 3, 3]
2024-01-23 12:05:24,068[DEBUG] cumulated bond dimension: 11. lastone bond dimension: [1, 9, 9, 9, 9, 9, 9, 9, 9, 9, 9]
2024-01-23 12:05:24,399[DEBUG] cumulated bond dimension: 15. lastone bond dimension: [1, 21, 21, 21, 21, 21, 21, 21, 21, 21, 6]
2024-01-23 12:05:24,790[DEBUG] expander bond dimension: [1, 19, 19, 19, 19, 19, 19, 19, 19, 10, 2]
2024-01-23 12:05:24,959[INFO] [1, 20, 20, 20, 20, 20, 20, 20, 20, 10, 2]
2024-01-23 12:05:24,959[INFO] [1, 3, 3, 3, 3, 3, 3, 3, 3, 3, 3]
2024-01-23 12:05:24,959[INFO] 11
2024-01-23 12:05:37,315[DEBUG] TDVP-PS Krylov space: DescribeResult(nobs=42, minmax=(4, 25), mean=15.952380952380953, variance=32.92450638792102, skewness=-0.6524462386561747, kurtosis=-0.5595177328901944)
2024-01-23 12:05:37,467[INFO] 0.995040018425265, -0.0006604678811633557
2024-01-23 12:05:50,041[DEBUG] TDVP-PS Krylov space: DescribeResult(nobs=42, minmax=(4, 25), mean=18.476190476190474, variance=27.816492450638794, skewness=-1.8303572135895703, kurtosis=2.8863203908630073)
2024-01-23 12:05:50,206[INFO] 0.9805039720411994, -0.00554227065163181
2024-01-23 12:06:02,294[DEBUG] TDVP-PS Krylov space: DescribeResult(nobs=42, minmax=(4, 27), mean=17.238095238095237, variance=28.624854819976772, skewness=-1.001119902622962, kurtosis=1.520709933663678)
2024-01-23 12:06:02,538[INFO] 0.9571012249105387, -0.014772231512775541
2024-01-23 12:06:20,755[DEBUG] TDVP-PS Krylov space: DescribeResult(nobs=42, minmax=(4, 27), mean=16.80952380952381, variance=29.32868757259001, skewness=-0.7392728677358372, kurtosis=1.0365027257385586)
2024-01-23 12:06:21,000[INFO] 0.925615838192863, -0.027829031898254118
2024-01-23 12:06:40,659[DEBUG] TDVP-PS Krylov space: DescribeResult(nobs=42, minmax=(4, 29), mean=16.61904761904762, variance=29.21718931475029, skewness=-0.5965857284180919, kurtosis=1.2275893890401832)
2024-01-23 12:06:40,902[INFO] 0.8868318689762148, -0.042901056214731295
2024-01-23 12:07:01,286[DEBUG] TDVP-PS Krylov space: DescribeResult(nobs=42, minmax=(4, 29), mean=16.571428571428573, variance=29.470383275261327, skewness=-0.5763444914263042, kurtosis=1.131428373970425)
2024-01-23 12:07:01,570[INFO] 0.8415462502350907, -0.061022284195553056
2024-01-23 12:07:21,099[DEBUG] TDVP-PS Krylov space: DescribeResult(nobs=42, minmax=(4, 27), mean=16.095238095238095, variance=27.649245063879217, skewness=-0.5311052727339294, kurtosis=1.0484408720130638)
2024-01-23 12:07:21,347[INFO] 0.7905299883314031, -0.078689627022288
2024-01-23 12:07:40,120[DEBUG] TDVP-PS Krylov space: DescribeResult(nobs=42, minmax=(4, 27), mean=15.80952380952381, variance=27.426248548199766, skewness=-0.427122247417472, kurtosis=0.9523088474236725)
2024-01-23 12:07:40,375[INFO] 0.7345690601689886, -0.10051901953577692
2024-01-23 12:07:54,720[DEBUG] TDVP-PS Krylov space: DescribeResult(nobs=42, minmax=(4, 27), mean=15.476190476190476, variance=27.182346109175374, skewness=-0.3080767158781781, kurtosis=0.8564637305249212)
2024-01-23 12:07:54,982[INFO] 0.6744405967249346, -0.11949469537761304
2024-01-23 12:08:10,076[DEBUG] TDVP-PS Krylov space: DescribeResult(nobs=42, minmax=(4, 29), mean=15.428571428571429, variance=28.29965156794425, skewness=-0.10938795334892883, kurtosis=1.0465462033950246)
2024-01-23 12:08:10,324[INFO] 0.6108508425421659, -0.14217100442637615
2024-01-23 12:08:10,324[INFO] [(0.995040018425265, -0.0006604678811633557), (0.9805039720411994, -0.00554227065163181), (0.9571012249105387, -0.014772231512775541), (0.925615838192863, -0.027829031898254118), (0.8868318689762148, -0.042901056214731295), (0.8415462502350907, -0.061022284195553056), (0.7905299883314031, -0.078689627022288), (0.7345690601689886, -0.10051901953577692), (0.6744405967249346, -0.11949469537761304), (0.6108508425421659, -0.14217100442637615)]
2024-01-23 12:08:10,324[INFO] [12.40630316734314, 12.623591423034668, 12.168887376785278, 18.299477100372314, 19.74036979675293, 20.46823287010193, 19.611226558685303, 18.85812497138977, 14.432971239089966, 15.176811695098877]
2024-01-23 12:08:10,325[INFO] (16.37859961986542, 3.1803295250637857)
