2024-01-23 11:37:11,063[INFO] w:[7.79728083e-02 1.56250795e-01 2.34836358e-01 3.13731923e-01
 3.92939948e-01 4.72462915e-01 5.52303341e-01 6.32463769e-01
 7.12946775e-01 7.93754965e-01 8.74890979e-01 9.56357487e-01
 1.03815719e+00 1.12029283e+00 1.20276717e+00 1.28558303e+00
 1.36874323e+00 1.45225066e+00 1.53610822e+00 1.62031888e+00
 1.70488560e+00 1.78981142e+00 1.87509939e+00 1.96075263e+00
 2.04677426e+00 2.13316749e+00 2.21993552e+00 2.30708163e+00
 2.39460912e+00 2.48252135e+00 2.57082171e+00 2.65951365e+00
 2.74860066e+00 2.83808627e+00 2.92797406e+00 3.01826767e+00
 3.10897077e+00 3.20008710e+00 3.29162044e+00 3.38357463e+00
 3.47595354e+00 3.56876114e+00 3.66200140e+00 3.75567838e+00
 3.84979620e+00 3.94435903e+00 4.03937108e+00 4.13483666e+00
 4.23076010e+00 4.32714583e+00 4.42399832e+00 4.52132212e+00
 4.61912182e+00 4.71740212e+00 4.81616775e+00 4.91542354e+00
 5.01517437e+00 5.11542520e+00 5.21618108e+00 5.31744712e+00
 5.41922851e+00 5.52153053e+00 5.62435852e+00 5.72771792e+00
 5.83161426e+00 5.93605314e+00 6.04104025e+00 6.14658140e+00
 6.25268244e+00 6.35934936e+00 6.46658822e+00 6.57440520e+00
 6.68280655e+00 6.79179864e+00 6.90138796e+00 7.01158107e+00
 7.12238468e+00 7.23380558e+00 7.34585069e+00 7.45852705e+00
 7.57184180e+00 7.68580222e+00 7.80041571e+00 7.91568981e+00
 8.03163216e+00 8.14825057e+00 8.26555296e+00 8.38354740e+00
 8.50224211e+00 8.62164545e+00 8.74176593e+00 8.86261222e+00
 8.98419314e+00 9.10651768e+00 9.22959499e+00 9.35343440e+00
 9.47804539e+00 9.60343765e+00 9.72962104e+00 9.85660559e+00
 9.98440155e+00 1.01130194e+01 1.02424696e+01 1.03727633e+01
 1.05039113e+01 1.06359250e+01 1.07688158e+01 1.09025956e+01
 1.10372762e+01 1.11728700e+01 1.13093893e+01 1.14468468e+01
 1.15852557e+01 1.17246291e+01 1.18649805e+01 1.20063239e+01
 1.21486732e+01 1.22920430e+01 1.24364480e+01 1.25819032e+01
 1.27284240e+01 1.28760261e+01 1.30247257e+01 1.31745391e+01
 1.33254832e+01 1.34775752e+01 1.36308327e+01 1.37852736e+01
 1.39409164e+01 1.40977800e+01 1.42558836e+01 1.44152470e+01
 1.45758904e+01 1.47378346e+01 1.49011008e+01 1.50657108e+01
 1.52316868e+01 1.53990518e+01 1.55678292e+01 1.57380430e+01
 1.59097179e+01 1.60828791e+01 1.62575527e+01 1.64337653e+01
 1.66115443e+01 1.67909177e+01 1.69719144e+01 1.71545641e+01
 1.73388972e+01 1.75249450e+01 1.77127398e+01 1.79023147e+01
 1.80937037e+01 1.82869419e+01 1.84820654e+01 1.86791114e+01
 1.88781180e+01 1.90791247e+01 1.92821721e+01 1.94873021e+01
 1.96945579e+01 1.99039839e+01 2.01156261e+01 2.03295318e+01
 2.05457502e+01 2.07643316e+01 2.09853283e+01 2.12087943e+01
 2.14347854e+01 2.16633593e+01 2.18945758e+01 2.21284966e+01
 2.23651857e+01 2.26047095e+01 2.28471368e+01 2.30925386e+01
 2.33409890e+01 2.35925646e+01 2.38473452e+01 2.41054133e+01
 2.43668549e+01 2.46317594e+01 2.49002198e+01 2.51723329e+01
 2.54481993e+01 2.57279242e+01 2.60116169e+01 2.62993916e+01
 2.65913676e+01 2.68876693e+01 2.71884269e+01 2.74937763e+01
 2.78038600e+01 2.81188272e+01 2.84388340e+01 2.87640444e+01
 2.90946305e+01 2.94307728e+01 2.97726615e+01 3.01204963e+01
 3.04744879e+01 3.08348580e+01 3.12018408e+01 3.15756834e+01
 3.19566473e+01 3.23450090e+01 3.27410616e+01 3.31451157e+01
 3.35575015e+01 3.39785697e+01 3.44086938e+01 3.48482719e+01
 3.52977290e+01 3.57575194e+01 3.62281293e+01 3.67100804e+01
 3.72039326e+01 3.77102888e+01 3.82297985e+01 3.87631634e+01
 3.93111429e+01 3.98745605e+01 4.04543112e+01 4.10513705e+01
 4.16668036e+01 4.23017776e+01 4.29575741e+01 4.36356051e+01
 4.43374315e+01 4.50647844e+01 4.58195909e+01 4.66040052e+01
 4.74204451e+01 4.82716374e+01 4.91606726e+01 5.00910729e+01
 5.10668762e+01 5.20927421e+01 5.31740865e+01 5.43172548e+01
 5.55297473e+01 5.68205177e+01 5.82003751e+01 5.96825345e+01
 6.12833887e+01 6.30236162e+01 6.49298198e+01 6.70370302e+01
 6.93926909e+01 7.20633187e+01 7.51463323e+01 7.87927634e+01
 8.32556345e+01 8.90092759e+01 9.71185781e+01 1.10981522e+02]
2024-01-23 11:37:11,065[INFO] c:[0.01946473 0.03278367 0.0445005  0.05529807 0.06546898 0.07517384
 0.08451313 0.09355514 0.10234904 0.11093173 0.11933185 0.12757223
 0.13567139 0.1436447  0.15150505 0.15926342 0.16692924 0.17451073
 0.18201505 0.18944856 0.19681689 0.20412509 0.21137769 0.2185788
 0.22573214 0.23284111 0.23990882 0.24693813 0.25393169 0.26089195
 0.26782117 0.27472147 0.28159483 0.28844308 0.29526798 0.30207115
 0.30885413 0.31561838 0.32236527 0.32909612 0.33581215 0.34251457
 0.34920449 0.35588299 0.36255111 0.36920984 0.37586012 0.38250288
 0.38913898 0.39576928 0.40239461 0.40901574 0.41563346 0.4222485
 0.42886158 0.43547341 0.44208468 0.44869604 0.45530816 0.46192165
 0.46853715 0.47515526 0.48177658 0.48840168 0.49503115 0.50166554
 0.50830541 0.51495131 0.52160376 0.52826331 0.53493048 0.54160578
 0.54828972 0.55498282 0.56168557 0.56839848 0.57512203 0.58185673
 0.58860305 0.59536149 0.60213252 0.60891664 0.61571431 0.62252603
 0.62935226 0.63619349 0.64305019 0.64992285 0.65681194 0.66371794
 0.67064133 0.6775826  0.68454223 0.69152071 0.69851851 0.70553614
 0.71257409 0.71963285 0.72671292 0.73381481 0.74093902 0.74808607
 0.75525647 0.76245073 0.7696694  0.776913   0.78418205 0.79147712
 0.79879874 0.80614747 0.81352387 0.82092852 0.82836198 0.83582484
 0.84331769 0.85084114 0.85839578 0.86598225 0.87360117 0.88125317
 0.8889389  0.89665903 0.90441421 0.91220513 0.92003249 0.92789698
 0.93579932 0.94374025 0.95172051 0.95974086 0.96780206 0.97590491
 0.98405021 0.99223878 1.00047145 1.00874909 1.01707256 1.02544276
 1.03386059 1.04232699 1.0508429  1.05940931 1.06802721 1.07669761
 1.08542156 1.09420013 1.10303441 1.11192553 1.12087463 1.1298829
 1.13895154 1.14808179 1.15727492 1.16653225 1.17585512 1.1852449
 1.19470301 1.20423091 1.2138301  1.22350212 1.23324855 1.24307103
 1.25297124 1.26295091 1.27301183 1.28315584 1.29338483 1.30370077
 1.31410568 1.32460164 1.33519082 1.34587544 1.35665781 1.36754031
 1.3785254  1.38961565 1.40081369 1.41212227 1.42354423 1.43508252
 1.44674019 1.45852042 1.47042651 1.48246189 1.49463012 1.50693492
 1.51938015 1.53196983 1.54470817 1.55759952 1.57064848 1.58385979
 1.59723845 1.61078968 1.62451893 1.63843192 1.65253464 1.66683337
 1.68133472 1.69604562 1.71097337 1.72612563 1.74151051 1.75713653
 1.77301269 1.78914853 1.8055541  1.82224007 1.83921775 1.85649916
 1.87409705 1.89202501 1.91029752 1.92893003 1.94793907 1.96734234
 1.9871588  2.00740883 2.02811438 2.04929909 2.07098851 2.09321033
 2.11599455 2.13937385 2.16338382 2.18806339 2.21345526 2.23960635
 2.26656843 2.29439882 2.32316119 2.35292654 2.38377443 2.41579434
 2.44908749 2.48376892 2.51997021 2.55784281 2.59756226 2.63933366
 2.68339873 2.73004513 2.77961902 2.83254215 2.88933578 2.95065495
 3.01733886 3.09048765 3.17158411 3.26269616 3.36683458 3.48863623
 3.63580986 3.82267511 4.08101014 4.51054421]
2024-01-23 11:37:11,066[INFO] integrate: 1.887345465988587e-05, 1.1959242903595808e-12
2024-01-23 11:37:11,066[INFO] renormalization constant: 0.9999879848577731
2024-01-23 11:37:11,333[INFO]                                                                                                                                                                                      ┌[('v_0',), ('v_1',)]
2024-01-23 11:37:11,333[INFO]                                                                                                                                                            ┌[(('MCTDH virtual', 6),)]┤
2024-01-23 11:37:11,333[INFO]                                                                                                                                                            │                         └[('v_2',), ('v_3',)]
2024-01-23 11:37:11,333[INFO]                                                                                                                                  ┌[(('MCTDH virtual', 5),)]┤
2024-01-23 11:37:11,333[INFO]                                                                                                                                  │                         │                         ┌[('v_4',), ('v_5',)]
2024-01-23 11:37:11,333[INFO]                                                                                                                                  │                         └[(('MCTDH virtual', 7),)]┤
2024-01-23 11:37:11,333[INFO]                                                                                                                                  │                                                   └[('v_6',), ('v_7',)]
2024-01-23 11:37:11,333[INFO]                                                                                                        ┌[(('MCTDH virtual', 4),)]┤
2024-01-23 11:37:11,333[INFO]                                                                                                        │                         │                                                   ┌[('v_8',), ('v_9',)]
2024-01-23 11:37:11,333[INFO]                                                                                                        │                         │                         ┌[(('MCTDH virtual', 9),)]┤
2024-01-23 11:37:11,333[INFO]                                                                                                        │                         │                         │                         └[('v_10',), ('v_11',)]
2024-01-23 11:37:11,334[INFO]                                                                                                        │                         └[(('MCTDH virtual', 8),)]┤
2024-01-23 11:37:11,334[INFO]                                                                                                        │                                                   │                          ┌[('v_12',), ('v_13',)]
2024-01-23 11:37:11,334[INFO]                                                                                                        │                                                   └[(('MCTDH virtual', 10),)]┤
2024-01-23 11:37:11,334[INFO]                                                                                                        │                                                                              └[('v_14',), ('v_15',)]
2024-01-23 11:37:11,334[INFO]                                                                              ┌[(('MCTDH virtual', 3),)]┤
2024-01-23 11:37:11,334[INFO]                                                                              │                         │                                                                                ┌[('v_16',), ('v_17',)]
2024-01-23 11:37:11,334[INFO]                                                                              │                         │                                                     ┌[(('MCTDH virtual', 13),)]┤
2024-01-23 11:37:11,334[INFO]                                                                              │                         │                                                     │                          └[('v_18',), ('v_19',)]
2024-01-23 11:37:11,334[INFO]                                                                              │                         │                          ┌[(('MCTDH virtual', 12),)]┤
2024-01-23 11:37:11,334[INFO]                                                                              │                         │                          │                          │                          ┌[('v_20',), ('v_21',)]
2024-01-23 11:37:11,334[INFO]                                                                              │                         │                          │                          └[(('MCTDH virtual', 14),)]┤
2024-01-23 11:37:11,334[INFO]                                                                              │                         │                          │                                                     └[('v_22',), ('v_23',)]
2024-01-23 11:37:11,334[INFO]                                                                              │                         └[(('MCTDH virtual', 11),)]┤
2024-01-23 11:37:11,334[INFO]                                                                              │                                                    │                                                     ┌[('v_24',), ('v_25',)]
2024-01-23 11:37:11,334[INFO]                                                                              │                                                    │                          ┌[(('MCTDH virtual', 16),)]┤
2024-01-23 11:37:11,334[INFO]                                                                              │                                                    │                          │                          └[('v_26',), ('v_27',)]
2024-01-23 11:37:11,334[INFO]                                                                              │                                                    └[(('MCTDH virtual', 15),)]┤
2024-01-23 11:37:11,334[INFO]                                                                              │                                                                               │                          ┌[('v_28',), ('v_29',)]
2024-01-23 11:37:11,334[INFO]                                                                              │                                                                               └[(('MCTDH virtual', 17),)]┤
2024-01-23 11:37:11,334[INFO]                                                                              │                                                                                                          └[('v_30',), ('v_31',)]
2024-01-23 11:37:11,334[INFO]                                                    ┌[(('MCTDH virtual', 2),)]┤
2024-01-23 11:37:11,335[INFO]                                                    │                         │                                                                                                           ┌[('v_32',), ('v_33',)]
2024-01-23 11:37:11,335[INFO]                                                    │                         │                                                                                ┌[(('MCTDH virtual', 21),)]┤
2024-01-23 11:37:11,335[INFO]                                                    │                         │                                                                                │                          └[('v_34',), ('v_35',)]
2024-01-23 11:37:11,335[INFO]                                                    │                         │                                                     ┌[(('MCTDH virtual', 20),)]┤
2024-01-23 11:37:11,335[INFO]                                                    │                         │                                                     │                          │                          ┌[('v_36',), ('v_37',)]
2024-01-23 11:37:11,335[INFO]                                                    │                         │                                                     │                          └[(('MCTDH virtual', 22),)]┤
2024-01-23 11:37:11,335[INFO]                                                    │                         │                                                     │                                                     └[('v_38',), ('v_39',)]
2024-01-23 11:37:11,335[INFO]                                                    │                         │                          ┌[(('MCTDH virtual', 19),)]┤
2024-01-23 11:37:11,335[INFO]                                                    │                         │                          │                          │                                                     ┌[('v_40',), ('v_41',)]
2024-01-23 11:37:11,335[INFO]                                                    │                         │                          │                          │                          ┌[(('MCTDH virtual', 24),)]┤
2024-01-23 11:37:11,335[INFO]                                                    │                         │                          │                          │                          │                          └[('v_42',), ('v_43',)]
2024-01-23 11:37:11,335[INFO]                                                    │                         │                          │                          └[(('MCTDH virtual', 23),)]┤
2024-01-23 11:37:11,335[INFO]                                                    │                         │                          │                                                     │                          ┌[('v_44',), ('v_45',)]
2024-01-23 11:37:11,335[INFO]                                                    │                         │                          │                                                     └[(('MCTDH virtual', 25),)]┤
2024-01-23 11:37:11,335[INFO]                                                    │                         │                          │                                                                                └[('v_46',), ('v_47',)]
2024-01-23 11:37:11,335[INFO]                                                    │                         └[(('MCTDH virtual', 18),)]┤
2024-01-23 11:37:11,335[INFO]                                                    │                                                    │                                                                                ┌[('v_48',), ('v_49',)]
2024-01-23 11:37:11,335[INFO]                                                    │                                                    │                                                     ┌[(('MCTDH virtual', 28),)]┤
2024-01-23 11:37:11,335[INFO]                                                    │                                                    │                                                     │                          └[('v_50',), ('v_51',)]
2024-01-23 11:37:11,335[INFO]                                                    │                                                    │                          ┌[(('MCTDH virtual', 27),)]┤
2024-01-23 11:37:11,335[INFO]                                                    │                                                    │                          │                          │                          ┌[('v_52',), ('v_53',)]
2024-01-23 11:37:11,335[INFO]                                                    │                                                    │                          │                          └[(('MCTDH virtual', 29),)]┤
2024-01-23 11:37:11,336[INFO]                                                    │                                                    │                          │                                                     └[('v_54',), ('v_55',)]
2024-01-23 11:37:11,336[INFO]                                                    │                                                    └[(('MCTDH virtual', 26),)]┤
2024-01-23 11:37:11,336[INFO]                                                    │                                                                               │                                                     ┌[('v_56',), ('v_57',)]
2024-01-23 11:37:11,336[INFO]                                                    │                                                                               │                          ┌[(('MCTDH virtual', 31),)]┤
2024-01-23 11:37:11,336[INFO]                                                    │                                                                               │                          │                          └[('v_58',), ('v_59',)]
2024-01-23 11:37:11,336[INFO]                                                    │                                                                               └[(('MCTDH virtual', 30),)]┤
2024-01-23 11:37:11,336[INFO]                                                    │                                                                                                          │                          ┌[('v_60',), ('v_61',)]
2024-01-23 11:37:11,336[INFO]                                                    │                                                                                                          └[(('MCTDH virtual', 32),)]┤
2024-01-23 11:37:11,336[INFO]                                                    │                                                                                                                                     └[('v_62',), ('v_63',)]
2024-01-23 11:37:11,336[INFO]                          ┌[(('MCTDH virtual', 1),)]┤
2024-01-23 11:37:11,336[INFO]                          │                         │                                                                                                                                      ┌[('v_64',), ('v_65',)]
2024-01-23 11:37:11,336[INFO]                          │                         │                                                                                                           ┌[(('MCTDH virtual', 37),)]┤
2024-01-23 11:37:11,336[INFO]                          │                         │                                                                                                           │                          └[('v_66',), ('v_67',)]
2024-01-23 11:37:11,336[INFO]                          │                         │                                                                                ┌[(('MCTDH virtual', 36),)]┤
2024-01-23 11:37:11,336[INFO]                          │                         │                                                                                │                          │                          ┌[('v_68',), ('v_69',)]
2024-01-23 11:37:11,336[INFO]                          │                         │                                                                                │                          └[(('MCTDH virtual', 38),)]┤
2024-01-23 11:37:11,336[INFO]                          │                         │                                                                                │                                                     └[('v_70',), ('v_71',)]
2024-01-23 11:37:11,336[INFO]                          │                         │                                                     ┌[(('MCTDH virtual', 35),)]┤
2024-01-23 11:37:11,336[INFO]                          │                         │                                                     │                          │                                                     ┌[('v_72',), ('v_73',)]
2024-01-23 11:37:11,336[INFO]                          │                         │                                                     │                          │                          ┌[(('MCTDH virtual', 40),)]┤
2024-01-23 11:37:11,336[INFO]                          │                         │                                                     │                          │                          │                          └[('v_74',), ('v_75',)]
2024-01-23 11:37:11,337[INFO]                          │                         │                                                     │                          └[(('MCTDH virtual', 39),)]┤
2024-01-23 11:37:11,337[INFO]                          │                         │                                                     │                                                     │                          ┌[('v_76',), ('v_77',)]
2024-01-23 11:37:11,337[INFO]                          │                         │                                                     │                                                     └[(('MCTDH virtual', 41),)]┤
2024-01-23 11:37:11,337[INFO]                          │                         │                                                     │                                                                                └[('v_78',), ('v_79',)]
2024-01-23 11:37:11,337[INFO]                          │                         │                          ┌[(('MCTDH virtual', 34),)]┤
2024-01-23 11:37:11,337[INFO]                          │                         │                          │                          │                                                                                ┌[('v_80',), ('v_81',)]
2024-01-23 11:37:11,337[INFO]                          │                         │                          │                          │                                                     ┌[(('MCTDH virtual', 44),)]┤
2024-01-23 11:37:11,337[INFO]                          │                         │                          │                          │                                                     │                          └[('v_82',), ('v_83',)]
2024-01-23 11:37:11,337[INFO]                          │                         │                          │                          │                          ┌[(('MCTDH virtual', 43),)]┤
2024-01-23 11:37:11,337[INFO]                          │                         │                          │                          │                          │                          │                          ┌[('v_84',), ('v_85',)]
2024-01-23 11:37:11,337[INFO]                          │                         │                          │                          │                          │                          └[(('MCTDH virtual', 45),)]┤
2024-01-23 11:37:11,337[INFO]                          │                         │                          │                          │                          │                                                     └[('v_86',), ('v_87',)]
2024-01-23 11:37:11,337[INFO]                          │                         │                          │                          └[(('MCTDH virtual', 42),)]┤
2024-01-23 11:37:11,337[INFO]                          │                         │                          │                                                     │                                                     ┌[('v_88',), ('v_89',)]
2024-01-23 11:37:11,337[INFO]                          │                         │                          │                                                     │                          ┌[(('MCTDH virtual', 47),)]┤
2024-01-23 11:37:11,337[INFO]                          │                         │                          │                                                     │                          │                          └[('v_90',), ('v_91',)]
2024-01-23 11:37:11,337[INFO]                          │                         │                          │                                                     └[(('MCTDH virtual', 46),)]┤
2024-01-23 11:37:11,337[INFO]                          │                         │                          │                                                                                │                          ┌[('v_92',), ('v_93',)]
2024-01-23 11:37:11,337[INFO]                          │                         │                          │                                                                                └[(('MCTDH virtual', 48),)]┤
2024-01-23 11:37:11,338[INFO]                          │                         │                          │                                                                                                           └[('v_94',), ('v_95',)]
2024-01-23 11:37:11,338[INFO]                          │                         └[(('MCTDH virtual', 33),)]┤
2024-01-23 11:37:11,338[INFO]                          │                                                    │                                                                                                           ┌[('v_96',), ('v_97',)]
2024-01-23 11:37:11,338[INFO]                          │                                                    │                                                                                ┌[(('MCTDH virtual', 52),)]┤
2024-01-23 11:37:11,338[INFO]                          │                                                    │                                                                                │                          └[('v_98',), ('v_99',)]
2024-01-23 11:37:11,338[INFO]                          │                                                    │                                                     ┌[(('MCTDH virtual', 51),)]┤
2024-01-23 11:37:11,338[INFO]                          │                                                    │                                                     │                          │                          ┌[('v_100',), ('v_101',)]
2024-01-23 11:37:11,338[INFO]                          │                                                    │                                                     │                          └[(('MCTDH virtual', 53),)]┤
2024-01-23 11:37:11,338[INFO]                          │                                                    │                                                     │                                                     └[('v_102',), ('v_103',)]
2024-01-23 11:37:11,338[INFO]                          │                                                    │                          ┌[(('MCTDH virtual', 50),)]┤
2024-01-23 11:37:11,338[INFO]                          │                                                    │                          │                          │                                                     ┌[('v_104',), ('v_105',)]
2024-01-23 11:37:11,338[INFO]                          │                                                    │                          │                          │                          ┌[(('MCTDH virtual', 55),)]┤
2024-01-23 11:37:11,338[INFO]                          │                                                    │                          │                          │                          │                          └[('v_106',), ('v_107',)]
2024-01-23 11:37:11,338[INFO]                          │                                                    │                          │                          └[(('MCTDH virtual', 54),)]┤
2024-01-23 11:37:11,338[INFO]                          │                                                    │                          │                                                     │                          ┌[('v_108',), ('v_109',)]
2024-01-23 11:37:11,338[INFO]                          │                                                    │                          │                                                     └[(('MCTDH virtual', 56),)]┤
2024-01-23 11:37:11,338[INFO]                          │                                                    │                          │                                                                                └[('v_110',), ('v_111',)]
2024-01-23 11:37:11,339[INFO]                          │                                                    └[(('MCTDH virtual', 49),)]┤
2024-01-23 11:37:11,339[INFO]                          │                                                                               │                                                                                ┌[('v_112',), ('v_113',)]
2024-01-23 11:37:11,339[INFO]                          │                                                                               │                                                     ┌[(('MCTDH virtual', 59),)]┤
2024-01-23 11:37:11,339[INFO]                          │                                                                               │                                                     │                          └[('v_114',), ('v_115',)]
2024-01-23 11:37:11,339[INFO]                          │                                                                               │                          ┌[(('MCTDH virtual', 58),)]┤
2024-01-23 11:37:11,339[INFO]                          │                                                                               │                          │                          │                          ┌[('v_116',), ('v_117',)]
2024-01-23 11:37:11,339[INFO]                          │                                                                               │                          │                          └[(('MCTDH virtual', 60),)]┤
2024-01-23 11:37:11,339[INFO]                          │                                                                               │                          │                                                     └[('v_118',), ('v_119',)]
2024-01-23 11:37:11,339[INFO]                          │                                                                               └[(('MCTDH virtual', 57),)]┤
2024-01-23 11:37:11,339[INFO]                          │                                                                                                          │                                                     ┌[('v_120',), ('v_121',)]
2024-01-23 11:37:11,339[INFO]                          │                                                                                                          │                          ┌[(('MCTDH virtual', 62),)]┤
2024-01-23 11:37:11,339[INFO]                          │                                                                                                          │                          │                          └[('v_122',), ('v_123',)]
2024-01-23 11:37:11,339[INFO]                          │                                                                                                          └[(('MCTDH virtual', 61),)]┤
2024-01-23 11:37:11,339[INFO]                          │                                                                                                                                     │                          ┌[('v_124',), ('v_125',)]
2024-01-23 11:37:11,339[INFO]                          │                                                                                                                                     └[(('MCTDH virtual', 63),)]┤
2024-01-23 11:37:11,339[INFO]                          │                                                                                                                                                                └[('v_126',), ('v_127',)]
2024-01-23 11:37:11,339[INFO]                          │                                                                                                                                                                 ┌[('v_128',), ('v_129',)]
2024-01-23 11:37:11,339[INFO]                          │                                                                                                                                      ┌[(('MCTDH virtual', 69),)]┤
2024-01-23 11:37:11,339[INFO]                          │                                                                                                                                      │                          └[('v_130',), ('v_131',)]
2024-01-23 11:37:11,339[INFO]                          │                                                                                                           ┌[(('MCTDH virtual', 68),)]┤
2024-01-23 11:37:11,339[INFO]                          │                                                                                                           │                          │                          ┌[('v_132',), ('v_133',)]
2024-01-23 11:37:11,340[INFO]                          │                                                                                                           │                          └[(('MCTDH virtual', 70),)]┤
2024-01-23 11:37:11,340[INFO]                          │                                                                                                           │                                                     └[('v_134',), ('v_135',)]
2024-01-23 11:37:11,340[INFO]                          │                                                                                ┌[(('MCTDH virtual', 67),)]┤
2024-01-23 11:37:11,340[INFO]                          │                                                                                │                          │                                                     ┌[('v_136',), ('v_137',)]
2024-01-23 11:37:11,340[INFO]                          │                                                                                │                          │                          ┌[(('MCTDH virtual', 72),)]┤
2024-01-23 11:37:11,340[INFO]                          │                                                                                │                          │                          │                          └[('v_138',), ('v_139',)]
2024-01-23 11:37:11,340[INFO]                          │                                                                                │                          └[(('MCTDH virtual', 71),)]┤
2024-01-23 11:37:11,340[INFO]                          │                                                                                │                                                     │                          ┌[('v_140',), ('v_141',)]
2024-01-23 11:37:11,340[INFO]                          │                                                                                │                                                     └[(('MCTDH virtual', 73),)]┤
2024-01-23 11:37:11,340[INFO]                          │                                                                                │                                                                                └[('v_142',), ('v_143',)]
2024-01-23 11:37:11,340[INFO]                          │                                                     ┌[(('MCTDH virtual', 66),)]┤
2024-01-23 11:37:11,340[INFO]                          │                                                     │                          │                                                                                ┌[('v_144',), ('v_145',)]
2024-01-23 11:37:11,340[INFO]                          │                                                     │                          │                                                     ┌[(('MCTDH virtual', 76),)]┤
2024-01-23 11:37:11,340[INFO]                          │                                                     │                          │                                                     │                          └[('v_146',), ('v_147',)]
2024-01-23 11:37:11,340[INFO]                          │                                                     │                          │                          ┌[(('MCTDH virtual', 75),)]┤
2024-01-23 11:37:11,340[INFO]                          │                                                     │                          │                          │                          │                          ┌[('v_148',), ('v_149',)]
2024-01-23 11:37:11,340[INFO]                          │                                                     │                          │                          │                          └[(('MCTDH virtual', 77),)]┤
2024-01-23 11:37:11,340[INFO]                          │                                                     │                          │                          │                                                     └[('v_150',), ('v_151',)]
2024-01-23 11:37:11,340[INFO]                          │                                                     │                          └[(('MCTDH virtual', 74),)]┤
2024-01-23 11:37:11,340[INFO]                          │                                                     │                                                     │                                                     ┌[('v_152',), ('v_153',)]
2024-01-23 11:37:11,341[INFO]                          │                                                     │                                                     │                          ┌[(('MCTDH virtual', 79),)]┤
2024-01-23 11:37:11,341[INFO]                          │                                                     │                                                     │                          │                          └[('v_154',), ('v_155',)]
2024-01-23 11:37:11,341[INFO]                          │                                                     │                                                     └[(('MCTDH virtual', 78),)]┤
2024-01-23 11:37:11,341[INFO]                          │                                                     │                                                                                │                          ┌[('v_156',), ('v_157',)]
2024-01-23 11:37:11,341[INFO]                          │                                                     │                                                                                └[(('MCTDH virtual', 80),)]┤
2024-01-23 11:37:11,341[INFO]                          │                                                     │                                                                                                           └[('v_158',), ('v_159',)]
2024-01-23 11:37:11,341[INFO]                          │                          ┌[(('MCTDH virtual', 65),)]┤
2024-01-23 11:37:11,341[INFO]                          │                          │                          │                                                                                                           ┌[('v_160',), ('v_161',)]
2024-01-23 11:37:11,341[INFO]                          │                          │                          │                                                                                ┌[(('MCTDH virtual', 84),)]┤
2024-01-23 11:37:11,341[INFO]                          │                          │                          │                                                                                │                          └[('v_162',), ('v_163',)]
2024-01-23 11:37:11,341[INFO]                          │                          │                          │                                                     ┌[(('MCTDH virtual', 83),)]┤
2024-01-23 11:37:11,341[INFO]                          │                          │                          │                                                     │                          │                          ┌[('v_164',), ('v_165',)]
2024-01-23 11:37:11,341[INFO]                          │                          │                          │                                                     │                          └[(('MCTDH virtual', 85),)]┤
2024-01-23 11:37:11,341[INFO]                          │                          │                          │                                                     │                                                     └[('v_166',), ('v_167',)]
2024-01-23 11:37:11,341[INFO]                          │                          │                          │                          ┌[(('MCTDH virtual', 82),)]┤
2024-01-23 11:37:11,341[INFO]                          │                          │                          │                          │                          │                                                     ┌[('v_168',), ('v_169',)]
2024-01-23 11:37:11,341[INFO]                          │                          │                          │                          │                          │                          ┌[(('MCTDH virtual', 87),)]┤
2024-01-23 11:37:11,341[INFO]                          │                          │                          │                          │                          │                          │                          └[('v_170',), ('v_171',)]
2024-01-23 11:37:11,341[INFO]                          │                          │                          │                          │                          └[(('MCTDH virtual', 86),)]┤
2024-01-23 11:37:11,341[INFO]                          │                          │                          │                          │                                                     │                          ┌[('v_172',), ('v_173',)]
2024-01-23 11:37:11,341[INFO]                          │                          │                          │                          │                                                     └[(('MCTDH virtual', 88),)]┤
2024-01-23 11:37:11,342[INFO]                          │                          │                          │                          │                                                                                └[('v_174',), ('v_175',)]
2024-01-23 11:37:11,342[INFO]                          │                          │                          └[(('MCTDH virtual', 81),)]┤
2024-01-23 11:37:11,342[INFO]                          │                          │                                                     │                                                                                ┌[('v_176',), ('v_177',)]
2024-01-23 11:37:11,342[INFO]                          │                          │                                                     │                                                     ┌[(('MCTDH virtual', 91),)]┤
2024-01-23 11:37:11,342[INFO]                          │                          │                                                     │                                                     │                          └[('v_178',), ('v_179',)]
2024-01-23 11:37:11,342[INFO]                          │                          │                                                     │                          ┌[(('MCTDH virtual', 90),)]┤
2024-01-23 11:37:11,342[INFO]                          │                          │                                                     │                          │                          │                          ┌[('v_180',), ('v_181',)]
2024-01-23 11:37:11,342[INFO]                          │                          │                                                     │                          │                          └[(('MCTDH virtual', 92),)]┤
2024-01-23 11:37:11,342[INFO]                          │                          │                                                     │                          │                                                     └[('v_182',), ('v_183',)]
2024-01-23 11:37:11,342[INFO]                          │                          │                                                     └[(('MCTDH virtual', 89),)]┤
2024-01-23 11:37:11,342[INFO]                          │                          │                                                                                │                                                     ┌[('v_184',), ('v_185',)]
2024-01-23 11:37:11,342[INFO]                          │                          │                                                                                │                          ┌[(('MCTDH virtual', 94),)]┤
2024-01-23 11:37:11,342[INFO]                          │                          │                                                                                │                          │                          └[('v_186',), ('v_187',)]
2024-01-23 11:37:11,342[INFO]                          │                          │                                                                                └[(('MCTDH virtual', 93),)]┤
2024-01-23 11:37:11,342[INFO]                          │                          │                                                                                                           │                          ┌[('v_188',), ('v_189',)]
2024-01-23 11:37:11,342[INFO]                          │                          │                                                                                                           └[(('MCTDH virtual', 95),)]┤
2024-01-23 11:37:11,342[INFO]                          │                          │                                                                                                                                      └[('v_190',), ('v_191',)]
2024-01-23 11:37:11,342[INFO] [(('MCTDH virtual', 0),)]┼[(('MCTDH virtual', 64),)]┤
2024-01-23 11:37:11,342[INFO]                          │                          │                                                                                                                                       ┌[('v_192',), ('v_193',)]
2024-01-23 11:37:11,342[INFO]                          │                          │                                                                                                           ┌[(('MCTDH virtual', 100),)]┤
2024-01-23 11:37:11,343[INFO]                          │                          │                                                                                                           │                           └[('v_194',), ('v_195',)]
2024-01-23 11:37:11,343[INFO]                          │                          │                                                                                ┌[(('MCTDH virtual', 99),)]┤
2024-01-23 11:37:11,343[INFO]                          │                          │                                                                                │                          │                           ┌[('v_196',), ('v_197',)]
2024-01-23 11:37:11,343[INFO]                          │                          │                                                                                │                          └[(('MCTDH virtual', 101),)]┤
2024-01-23 11:37:11,343[INFO]                          │                          │                                                                                │                                                      └[('v_198',), ('v_199',)]
2024-01-23 11:37:11,343[INFO]                          │                          │                                                     ┌[(('MCTDH virtual', 98),)]┤
2024-01-23 11:37:11,343[INFO]                          │                          │                                                     │                          │                                                       ┌[('v_200',), ('v_201',)]
2024-01-23 11:37:11,343[INFO]                          │                          │                                                     │                          │                           ┌[(('MCTDH virtual', 103),)]┤
2024-01-23 11:37:11,343[INFO]                          │                          │                                                     │                          │                           │                           └[('v_202',), ('v_203',)]
2024-01-23 11:37:11,343[INFO]                          │                          │                                                     │                          └[(('MCTDH virtual', 102),)]┤
2024-01-23 11:37:11,343[INFO]                          │                          │                                                     │                                                      │                           ┌[('v_204',), ('v_205',)]
2024-01-23 11:37:11,343[INFO]                          │                          │                                                     │                                                      └[(('MCTDH virtual', 104),)]┤
2024-01-23 11:37:11,343[INFO]                          │                          │                                                     │                                                                                  └[('v_206',), ('v_207',)]
2024-01-23 11:37:11,343[INFO]                          │                          │                          ┌[(('MCTDH virtual', 97),)]┤
2024-01-23 11:37:11,343[INFO]                          │                          │                          │                          │                                                                                   ┌[('v_208',), ('v_209',)]
2024-01-23 11:37:11,343[INFO]                          │                          │                          │                          │                                                       ┌[(('MCTDH virtual', 107),)]┤
2024-01-23 11:37:11,343[INFO]                          │                          │                          │                          │                                                       │                           └[('v_210',), ('v_211',)]
2024-01-23 11:37:11,343[INFO]                          │                          │                          │                          │                           ┌[(('MCTDH virtual', 106),)]┤
2024-01-23 11:37:11,343[INFO]                          │                          │                          │                          │                           │                           │                           ┌[('v_212',), ('v_213',)]
2024-01-23 11:37:11,343[INFO]                          │                          │                          │                          │                           │                           └[(('MCTDH virtual', 108),)]┤
2024-01-23 11:37:11,344[INFO]                          │                          │                          │                          │                           │                                                       └[('v_214',), ('v_215',)]
2024-01-23 11:37:11,344[INFO]                          │                          │                          │                          └[(('MCTDH virtual', 105),)]┤
2024-01-23 11:37:11,344[INFO]                          │                          │                          │                                                      │                                                       ┌[('v_216',), ('v_217',)]
2024-01-23 11:37:11,344[INFO]                          │                          │                          │                                                      │                           ┌[(('MCTDH virtual', 110),)]┤
2024-01-23 11:37:11,344[INFO]                          │                          │                          │                                                      │                           │                           └[('v_218',), ('v_219',)]
2024-01-23 11:37:11,344[INFO]                          │                          │                          │                                                      └[(('MCTDH virtual', 109),)]┤
2024-01-23 11:37:11,344[INFO]                          │                          │                          │                                                                                  │                           ┌[('v_220',), ('v_221',)]
2024-01-23 11:37:11,344[INFO]                          │                          │                          │                                                                                  └[(('MCTDH virtual', 111),)]┤
2024-01-23 11:37:11,344[INFO]                          │                          │                          │                                                                                                              └[('v_222',), ('v_223',)]
2024-01-23 11:37:11,344[INFO]                          │                          └[(('MCTDH virtual', 96),)]┤
2024-01-23 11:37:11,344[INFO]                          │                                                     │                                                                                                               ┌[('v_224',), ('v_225',)]
2024-01-23 11:37:11,344[INFO]                          │                                                     │                                                                                   ┌[(('MCTDH virtual', 115),)]┤
2024-01-23 11:37:11,344[INFO]                          │                                                     │                                                                                   │                           └[('v_226',), ('v_227',)]
2024-01-23 11:37:11,344[INFO]                          │                                                     │                                                       ┌[(('MCTDH virtual', 114),)]┤
2024-01-23 11:37:11,344[INFO]                          │                                                     │                                                       │                           │                           ┌[('v_228',), ('v_229',)]
2024-01-23 11:37:11,344[INFO]                          │                                                     │                                                       │                           └[(('MCTDH virtual', 116),)]┤
2024-01-23 11:37:11,344[INFO]                          │                                                     │                                                       │                                                       └[('v_230',), ('v_231',)]
2024-01-23 11:37:11,344[INFO]                          │                                                     │                           ┌[(('MCTDH virtual', 113),)]┤
2024-01-23 11:37:11,344[INFO]                          │                                                     │                           │                           │                                                       ┌[('v_232',), ('v_233',)]
2024-01-23 11:37:11,344[INFO]                          │                                                     │                           │                           │                           ┌[(('MCTDH virtual', 118),)]┤
2024-01-23 11:37:11,345[INFO]                          │                                                     │                           │                           │                           │                           └[('v_234',), ('v_235',)]
2024-01-23 11:37:11,345[INFO]                          │                                                     │                           │                           └[(('MCTDH virtual', 117),)]┤
2024-01-23 11:37:11,345[INFO]                          │                                                     │                           │                                                       │                           ┌[('v_236',), ('v_237',)]
2024-01-23 11:37:11,345[INFO]                          │                                                     │                           │                                                       └[(('MCTDH virtual', 119),)]┤
2024-01-23 11:37:11,345[INFO]                          │                                                     │                           │                                                                                   └[('v_238',), ('v_239',)]
2024-01-23 11:37:11,345[INFO]                          │                                                     └[(('MCTDH virtual', 112),)]┤
2024-01-23 11:37:11,345[INFO]                          │                                                                                 │                                                                                   ┌[('v_240',), ('v_241',)]
2024-01-23 11:37:11,345[INFO]                          │                                                                                 │                                                       ┌[(('MCTDH virtual', 122),)]┤
2024-01-23 11:37:11,345[INFO]                          │                                                                                 │                                                       │                           └[('v_242',), ('v_243',)]
2024-01-23 11:37:11,345[INFO]                          │                                                                                 │                           ┌[(('MCTDH virtual', 121),)]┤
2024-01-23 11:37:11,345[INFO]                          │                                                                                 │                           │                           │                           ┌[('v_244',), ('v_245',)]
2024-01-23 11:37:11,345[INFO]                          │                                                                                 │                           │                           └[(('MCTDH virtual', 123),)]┤
2024-01-23 11:37:11,345[INFO]                          │                                                                                 │                           │                                                       └[('v_246',), ('v_247',)]
2024-01-23 11:37:11,345[INFO]                          │                                                                                 └[(('MCTDH virtual', 120),)]┤
2024-01-23 11:37:11,345[INFO]                          │                                                                                                             │                                                       ┌[('v_248',), ('v_249',)]
2024-01-23 11:37:11,345[INFO]                          │                                                                                                             │                           ┌[(('MCTDH virtual', 125),)]┤
2024-01-23 11:37:11,345[INFO]                          │                                                                                                             │                           │                           └[('v_250',), ('v_251',)]
2024-01-23 11:37:11,345[INFO]                          │                                                                                                             └[(('MCTDH virtual', 124),)]┤
2024-01-23 11:37:11,345[INFO]                          │                                                                                                                                         │                           ┌[('v_252',), ('v_253',)]
2024-01-23 11:37:11,345[INFO]                          │                                                                                                                                         └[(('MCTDH virtual', 126),)]┤
2024-01-23 11:37:11,345[INFO]                          │                                                                                                                                                                     └[('v_254',), ('v_255',)]
2024-01-23 11:37:11,346[INFO]                          └[('spin',)]
2024-01-23 11:37:11,366[DEBUG] # of operator terms: 770
2024-01-23 11:37:18,006[DEBUG] # of operator terms: 1
2024-01-23 11:37:18,907[DEBUG] # of operator terms: 1
2024-01-23 11:37:19,877[DEBUG] target for expander: 19
2024-01-23 11:37:19,878[DEBUG] average bond dimension of hint mpo: 3
2024-01-23 11:37:19,878[DEBUG] cumulated bond dimension: 1. lastone bond dimension: [1, 1, 1, 1, 1, 1, 1, 1, 1, 1, 1, 1, 1, 1, 1, 1, 1, 1, 1, 1, 1, 1, 1, 1, 1, 1, 1, 1, 1, 1, 1, 1, 1, 1, 1, 1, 1, 1, 1, 1, 1, 1, 1, 1, 1, 1, 1, 1, 1, 1, 1, 1, 1, 1, 1, 1, 1, 1, 1, 1, 1, 1, 1, 1, 1, 1, 1, 1, 1, 1, 1, 1, 1, 1, 1, 1, 1, 1, 1, 1, 1, 1, 1, 1, 1, 1, 1, 1, 1, 1, 1, 1, 1, 1, 1, 1, 1, 1, 1, 1, 1, 1, 1, 1, 1, 1, 1, 1, 1, 1, 1, 1, 1, 1, 1, 1, 1, 1, 1, 1, 1, 1, 1, 1, 1, 1, 1, 1, 1, 1, 1, 1, 1, 1, 1, 1, 1, 1, 1, 1, 1, 1, 1, 1, 1, 1, 1, 1, 1, 1, 1, 1, 1, 1, 1, 1, 1, 1, 1, 1, 1, 1, 1, 1, 1, 1, 1, 1, 1, 1, 1, 1, 1, 1, 1, 1, 1, 1, 1, 1, 1, 1, 1, 1, 1, 1, 1, 1, 1, 1, 1, 1, 1, 1, 1, 1, 1, 1, 1, 1, 1, 1, 1, 1, 1, 1, 1, 1, 1, 1, 1, 1, 1, 1, 1, 1, 1, 1, 1, 1, 1, 1, 1, 1, 1, 1, 1, 1, 1, 1, 1, 1, 1, 1, 1, 1, 1, 1, 1, 1, 1, 1, 1, 1, 1, 1, 1, 1, 1, 1, 1, 1, 1, 1, 1, 1]
2024-01-23 11:37:20,023[DEBUG] # of operator terms: 1
2024-01-23 11:37:21,700[DEBUG] cumulated bond dimension: 4. lastone bond dimension: [1, 3, 3, 3, 3, 3, 3, 3, 3, 3, 3, 3, 3, 3, 3, 3, 3, 3, 3, 3, 3, 3, 3, 3, 3, 3, 3, 3, 3, 3, 3, 3, 3, 3, 3, 3, 3, 3, 3, 3, 3, 3, 3, 3, 3, 3, 3, 3, 3, 3, 3, 3, 3, 3, 3, 3, 3, 3, 3, 3, 3, 3, 3, 3, 3, 3, 3, 3, 3, 3, 3, 3, 3, 3, 3, 3, 3, 3, 3, 3, 3, 3, 3, 3, 3, 3, 3, 3, 3, 3, 3, 3, 3, 3, 3, 3, 3, 3, 3, 3, 3, 3, 3, 3, 3, 3, 3, 3, 3, 3, 3, 3, 3, 3, 3, 3, 3, 3, 3, 3, 3, 3, 3, 3, 3, 3, 3, 3, 3, 3, 3, 3, 3, 3, 3, 3, 3, 3, 3, 3, 3, 3, 3, 3, 3, 3, 3, 3, 3, 3, 3, 3, 3, 3, 3, 3, 3, 3, 3, 3, 3, 3, 3, 3, 3, 3, 3, 3, 3, 3, 3, 3, 3, 3, 3, 3, 3, 3, 3, 3, 3, 3, 3, 3, 3, 3, 3, 3, 3, 3, 3, 3, 3, 3, 3, 3, 3, 3, 3, 3, 3, 3, 3, 3, 3, 3, 3, 3, 3, 3, 3, 3, 3, 3, 3, 3, 3, 3, 3, 3, 3, 3, 3, 3, 3, 3, 3, 3, 3, 3, 3, 3, 3, 3, 3, 3, 3, 3, 3, 3, 3, 3, 3, 3, 3, 3, 3, 3, 3, 3, 3, 3, 3, 3, 3, 3]
2024-01-23 11:37:22,957[DEBUG] cumulated bond dimension: 13. lastone bond dimension: [1, 9, 9, 9, 9, 9, 9, 9, 9, 9, 9, 9, 9, 9, 9, 9, 9, 9, 9, 9, 9, 9, 9, 9, 9, 9, 9, 9, 9, 9, 9, 9, 9, 9, 9, 9, 9, 9, 9, 9, 9, 9, 9, 9, 9, 9, 9, 9, 9, 9, 9, 9, 9, 9, 9, 9, 9, 9, 9, 9, 9, 9, 9, 9, 9, 9, 9, 9, 9, 9, 9, 9, 9, 9, 9, 9, 9, 9, 9, 9, 9, 9, 9, 9, 9, 9, 9, 9, 9, 9, 9, 9, 9, 9, 9, 9, 9, 9, 9, 9, 9, 9, 9, 9, 9, 9, 9, 9, 9, 9, 9, 9, 9, 9, 9, 9, 9, 9, 9, 9, 9, 9, 9, 9, 9, 9, 9, 9, 9, 9, 9, 9, 9, 9, 9, 9, 9, 9, 9, 9, 9, 9, 9, 9, 9, 9, 9, 9, 9, 9, 9, 9, 9, 9, 9, 9, 9, 9, 9, 9, 9, 9, 9, 9, 9, 9, 9, 9, 9, 9, 9, 9, 9, 9, 9, 9, 9, 9, 9, 9, 9, 9, 9, 9, 9, 9, 9, 9, 9, 9, 9, 9, 9, 9, 9, 9, 9, 9, 9, 9, 9, 9, 9, 9, 9, 9, 9, 9, 9, 9, 9, 9, 9, 9, 9, 9, 9, 9, 9, 9, 9, 9, 9, 9, 9, 9, 9, 9, 9, 9, 9, 9, 9, 9, 9, 9, 9, 9, 9, 9, 9, 9, 9, 9, 9, 9, 9, 9, 9, 9, 9, 9, 9, 9, 9, 9]
2024-01-23 11:37:25,954[DEBUG] cumulated bond dimension: 19. lastone bond dimension: [1, 21, 21, 21, 21, 21, 21, 21, 21, 21, 21, 21, 21, 21, 21, 21, 21, 21, 21, 21, 21, 21, 21, 21, 21, 21, 21, 21, 21, 21, 21, 21, 21, 21, 21, 21, 21, 21, 21, 21, 21, 21, 21, 21, 21, 21, 21, 21, 21, 21, 21, 21, 21, 21, 21, 21, 21, 21, 21, 21, 21, 21, 21, 21, 21, 21, 21, 21, 21, 21, 21, 21, 21, 21, 21, 21, 21, 21, 21, 21, 21, 21, 21, 21, 21, 21, 21, 21, 21, 21, 21, 21, 21, 21, 21, 21, 21, 21, 21, 21, 21, 21, 21, 21, 21, 21, 21, 21, 21, 21, 21, 21, 21, 21, 21, 21, 21, 21, 21, 21, 21, 21, 21, 21, 21, 21, 21, 21, 21, 21, 21, 21, 21, 21, 21, 21, 21, 21, 21, 21, 21, 21, 21, 21, 21, 21, 21, 21, 21, 21, 21, 21, 21, 21, 21, 21, 21, 21, 21, 21, 21, 21, 21, 21, 21, 21, 21, 21, 21, 21, 21, 21, 21, 21, 21, 21, 21, 21, 21, 21, 21, 21, 21, 21, 21, 21, 21, 21, 21, 21, 21, 21, 21, 21, 21, 21, 21, 21, 21, 21, 21, 21, 21, 21, 21, 21, 21, 21, 21, 21, 21, 21, 21, 21, 21, 21, 21, 21, 21, 21, 21, 21, 21, 21, 21, 21, 21, 21, 21, 21, 21, 21, 21, 21, 21, 21, 21, 21, 21, 21, 21, 21, 21, 21, 21, 21, 21, 21, 21, 21, 21, 21, 21, 21, 21, 6]
2024-01-23 11:37:29,792[DEBUG] expander bond dimension: [1, 19, 19, 19, 19, 19, 19, 19, 19, 19, 19, 19, 19, 19, 19, 19, 19, 19, 19, 19, 19, 19, 19, 19, 19, 19, 19, 19, 19, 19, 19, 19, 19, 19, 19, 19, 19, 19, 19, 19, 19, 19, 19, 19, 19, 19, 19, 19, 19, 19, 19, 19, 19, 19, 19, 19, 19, 19, 19, 19, 19, 19, 19, 19, 19, 19, 19, 19, 19, 19, 19, 19, 19, 19, 19, 19, 19, 19, 19, 19, 19, 19, 19, 19, 19, 19, 19, 19, 19, 19, 19, 19, 19, 19, 19, 19, 19, 19, 19, 19, 19, 19, 19, 19, 19, 19, 19, 19, 19, 19, 19, 19, 19, 19, 19, 19, 19, 19, 19, 19, 19, 19, 19, 19, 19, 19, 19, 19, 19, 19, 19, 19, 19, 19, 19, 19, 19, 19, 19, 19, 19, 19, 19, 19, 19, 19, 19, 19, 19, 19, 19, 19, 19, 19, 19, 19, 19, 19, 19, 19, 19, 19, 19, 19, 19, 19, 19, 19, 19, 19, 19, 19, 19, 19, 19, 19, 19, 19, 19, 19, 19, 19, 19, 19, 19, 19, 19, 19, 19, 19, 19, 19, 19, 19, 19, 19, 19, 19, 19, 19, 19, 19, 19, 19, 19, 19, 19, 19, 19, 19, 19, 19, 19, 19, 19, 19, 19, 19, 19, 19, 19, 19, 19, 19, 19, 19, 19, 19, 19, 19, 19, 19, 19, 19, 19, 19, 19, 19, 19, 19, 19, 19, 19, 19, 19, 19, 19, 19, 19, 19, 19, 19, 19, 19, 19, 2]
2024-01-23 11:37:31,268[INFO] [1, 20, 20, 20, 20, 20, 20, 20, 20, 20, 20, 20, 20, 20, 20, 20, 20, 20, 20, 20, 20, 20, 20, 20, 20, 20, 20, 20, 20, 20, 20, 20, 20, 20, 20, 20, 20, 20, 20, 20, 20, 20, 20, 20, 20, 20, 20, 20, 20, 20, 20, 20, 20, 20, 20, 20, 20, 20, 20, 20, 20, 20, 20, 20, 20, 20, 20, 20, 20, 20, 20, 20, 20, 20, 20, 20, 20, 20, 20, 20, 20, 20, 20, 20, 20, 20, 20, 20, 20, 20, 20, 20, 20, 20, 20, 20, 20, 20, 20, 20, 20, 20, 20, 20, 20, 20, 20, 20, 20, 20, 20, 20, 20, 20, 20, 20, 20, 20, 20, 20, 20, 20, 20, 20, 20, 20, 20, 20, 20, 20, 20, 20, 20, 20, 20, 20, 20, 20, 20, 20, 20, 20, 20, 20, 20, 20, 20, 20, 20, 20, 20, 20, 20, 20, 20, 20, 20, 20, 20, 20, 20, 20, 20, 20, 20, 20, 20, 20, 20, 20, 20, 20, 20, 20, 20, 20, 20, 20, 20, 20, 20, 20, 20, 20, 20, 20, 20, 20, 20, 20, 20, 20, 20, 20, 20, 20, 20, 20, 20, 20, 20, 20, 20, 20, 20, 20, 20, 20, 20, 20, 20, 20, 20, 20, 20, 20, 20, 20, 20, 20, 20, 20, 20, 20, 20, 20, 20, 20, 20, 20, 20, 20, 20, 20, 20, 20, 20, 20, 20, 20, 20, 20, 20, 20, 20, 20, 20, 20, 20, 20, 20, 20, 20, 20, 20, 2]
2024-01-23 11:37:31,268[INFO] [1, 3, 3, 3, 3, 3, 3, 3, 3, 3, 3, 3, 3, 3, 3, 3, 3, 3, 3, 3, 3, 3, 3, 3, 3, 3, 3, 3, 3, 3, 3, 3, 3, 3, 3, 3, 3, 3, 3, 3, 3, 3, 3, 3, 3, 3, 3, 3, 3, 3, 3, 3, 3, 3, 3, 3, 3, 3, 3, 3, 3, 3, 3, 3, 3, 3, 3, 3, 3, 3, 3, 3, 3, 3, 3, 3, 3, 3, 3, 3, 3, 3, 3, 3, 3, 3, 3, 3, 3, 3, 3, 3, 3, 3, 3, 3, 3, 3, 3, 3, 3, 3, 3, 3, 3, 3, 3, 3, 3, 3, 3, 3, 3, 3, 3, 3, 3, 3, 3, 3, 3, 3, 3, 3, 3, 3, 3, 3, 3, 3, 3, 3, 3, 3, 3, 3, 3, 3, 3, 3, 3, 3, 3, 3, 3, 3, 3, 3, 3, 3, 3, 3, 3, 3, 3, 3, 3, 3, 3, 3, 3, 3, 3, 3, 3, 3, 3, 3, 3, 3, 3, 3, 3, 3, 3, 3, 3, 3, 3, 3, 3, 3, 3, 3, 3, 3, 3, 3, 3, 3, 3, 3, 3, 3, 3, 3, 3, 3, 3, 3, 3, 3, 3, 3, 3, 3, 3, 3, 3, 3, 3, 3, 3, 3, 3, 3, 3, 3, 3, 3, 3, 3, 3, 3, 3, 3, 3, 3, 3, 3, 3, 3, 3, 3, 3, 3, 3, 3, 3, 3, 3, 3, 3, 3, 3, 3, 3, 3, 3, 3, 3, 3, 3, 3, 3, 3]
2024-01-23 11:37:31,268[INFO] 256
2024-01-23 11:38:01,789[DEBUG] TDVP-PS Krylov space: DescribeResult(nobs=1022, minmax=(4, 75), mean=25.041095890410958, variance=141.37343190264716, skewness=0.9486687227486083, kurtosis=1.353536176261997)
2024-01-23 11:38:02,713[INFO] 0.9950372640915796, -0.000705045070148302
2024-01-23 11:38:40,859[DEBUG] TDVP-PS Krylov space: DescribeResult(nobs=1022, minmax=(4, 75), mean=29.140900195694716, variance=126.13487793518117, skewness=1.303280932859358, kurtosis=1.5250567626302267)
2024-01-23 11:38:41,805[INFO] 0.9804948691824108, -0.005504234079180699
2024-01-23 11:39:19,333[DEBUG] TDVP-PS Krylov space: DescribeResult(nobs=1022, minmax=(4, 77), mean=28.874755381604697, variance=128.48968529759588, skewness=1.2960838783510447, kurtosis=1.4430329213087827)
2024-01-23 11:39:20,252[INFO] 0.9570872004035615, -0.014860084296072898
2024-01-23 11:39:48,948[DEBUG] TDVP-PS Krylov space: DescribeResult(nobs=1022, minmax=(4, 77), mean=28.326810176125246, variance=126.7589083263214, skewness=1.271113153748895, kurtosis=1.421656647211675)
2024-01-23 11:39:49,424[INFO] 0.9256019306190627, -0.027702332818923533
2024-01-23 11:40:24,572[DEBUG] TDVP-PS Krylov space: DescribeResult(nobs=1022, minmax=(4, 75), mean=28.090019569471625, variance=127.50804916709953, skewness=1.2269732118418668, kurtosis=1.2585313212013105)
2024-01-23 11:40:25,604[INFO] 0.886836487007923, -0.04313045702285544
2024-01-23 11:40:57,662[DEBUG] TDVP-PS Krylov space: DescribeResult(nobs=1022, minmax=(4, 75), mean=27.978473581213308, variance=128.18954595375777, skewness=1.2169484142876923, kurtosis=1.196949053649921)
2024-01-23 11:40:58,582[INFO] 0.8415874913882522, -0.060496864227655975
2024-01-23 11:41:35,366[DEBUG] TDVP-PS Krylov space: DescribeResult(nobs=1022, minmax=(4, 75), mean=27.88454011741683, variance=127.33043656596982, skewness=1.2219226442210314, kurtosis=1.1838360524407285)
2024-01-23 11:41:36,348[INFO] 0.7906479698010037, -0.0793342863660244
2024-01-23 11:42:03,560[DEBUG] TDVP-PS Krylov space: DescribeResult(nobs=1022, minmax=(4, 75), mean=27.66340508806262, variance=128.10794451546872, skewness=1.182027822735054, kurtosis=1.0482740068597245)
2024-01-23 11:42:04,038[INFO] 0.7348050318634931, -0.0993013197783416
2024-01-23 11:42:30,131[DEBUG] TDVP-PS Krylov space: DescribeResult(nobs=1022, minmax=(4, 75), mean=27.483365949119374, variance=129.86603057897653, skewness=1.150225963330146, kurtosis=0.9244603245384426)
2024-01-23 11:42:30,617[INFO] 0.6748369300048205, -0.12013440821419234
2024-01-23 11:43:00,637[DEBUG] TDVP-PS Krylov space: DescribeResult(nobs=1022, minmax=(4, 75), mean=27.367906066536204, variance=131.27685339763212, skewness=1.1385888799387023, kurtosis=0.8292374491065102)
2024-01-23 11:43:01,558[INFO] 0.6115095299782115, -0.14160028890699847
2024-01-23 11:43:01,558[INFO] [(0.9950372640915796, -0.000705045070148302), (0.9804948691824108, -0.005504234079180699), (0.9570872004035615, -0.014860084296072898), (0.9256019306190627, -0.027702332818923533), (0.886836487007923, -0.04313045702285544), (0.8415874913882522, -0.060496864227655975), (0.7906479698010037, -0.0793342863660244), (0.7348050318634931, -0.0993013197783416), (0.6748369300048205, -0.12013440821419234), (0.6115095299782115, -0.14160028890699847)]
2024-01-23 11:43:01,558[INFO] [30.82403326034546, 38.46003794670105, 37.834524393081665, 28.85369873046875, 35.47115969657898, 32.364832401275635, 37.08961796760559, 27.368687391281128, 26.260536432266235, 30.321167469024658]
2024-01-23 11:43:01,558[INFO] (32.484829568862914, 4.242646792719179)
