2024-01-23 11:25:08,436[INFO] w:[ 1.21249244  2.50326286  3.88312029  5.36527973  6.96613389  8.70636143
 10.61256502 12.71977533 15.07543605 17.7460639  20.8290775  24.47550863
 28.93837966 34.69202111 42.80132327 56.66426688]
2024-01-23 11:25:08,437[INFO] c:[ 0.59264185  1.0207347   1.4187918   1.80812027  2.19926165  2.59962412
  3.01577066  3.45455903  3.92405829  4.43465224  5.00075485  5.64393278
  6.39939173  7.33170935  8.58273958 10.59290296]
2024-01-23 11:25:08,438[INFO] integrate: 0.0006749250730816019, 2.007589761904222e-12
2024-01-23 11:25:08,438[INFO] renormalization constant: 0.9995704216488225
2024-01-23 11:25:08,893[INFO]           ┌[('v_1',)]─[('v_2',)]─[('v_3',)]─[('v_4',)]─[('v_5',)]─[('v_6',)]─[('v_7',)]─[('v_8',)]─[('v_9',)]─[('v_10',)]─[('v_11',)]─[('v_12',)]─[('v_13',)]─[('v_14',)]─[('v_15',)]
2024-01-23 11:25:08,894[INFO] [('v_0',)]┤
2024-01-23 11:25:08,894[INFO]           └[('spin',)]
2024-01-23 11:25:08,896[DEBUG] # of operator terms: 50
2024-01-23 11:25:09,011[DEBUG] # of operator terms: 1
2024-01-23 11:25:09,070[DEBUG] # of operator terms: 1
2024-01-23 11:25:09,136[DEBUG] target for expander: 19
2024-01-23 11:25:09,137[DEBUG] average bond dimension of hint mpo: 3
2024-01-23 11:25:09,137[DEBUG] cumulated bond dimension: 1. lastone bond dimension: [1, 1, 1, 1, 1, 1, 1, 1, 1, 1, 1, 1, 1, 1, 1, 1, 1]
2024-01-23 11:25:09,146[DEBUG] # of operator terms: 1
2024-01-23 11:25:09,257[DEBUG] cumulated bond dimension: 4. lastone bond dimension: [1, 3, 3, 3, 3, 3, 3, 3, 3, 3, 3, 3, 3, 3, 3, 3, 3]
2024-01-23 11:25:09,335[DEBUG] cumulated bond dimension: 11. lastone bond dimension: [1, 9, 9, 9, 9, 9, 9, 9, 9, 9, 9, 9, 9, 9, 9, 9, 9]
2024-01-23 11:25:09,485[DEBUG] cumulated bond dimension: 16. lastone bond dimension: [1, 21, 21, 21, 21, 21, 21, 21, 21, 21, 21, 21, 21, 21, 21, 21, 6]
2024-01-23 11:25:09,656[DEBUG] expander bond dimension: [1, 19, 19, 19, 19, 19, 19, 19, 19, 19, 19, 19, 19, 19, 19, 10, 2]
2024-01-23 11:25:09,730[INFO] [1, 20, 20, 20, 20, 20, 20, 20, 20, 20, 20, 20, 20, 20, 20, 10, 2]
2024-01-23 11:25:09,730[INFO] [1, 3, 3, 3, 3, 3, 3, 3, 3, 3, 3, 3, 3, 3, 3, 3, 3]
2024-01-23 11:25:09,730[INFO] 17
2024-01-23 11:25:11,277[DEBUG] TDVP-PS Krylov space: DescribeResult(nobs=66, minmax=(4, 31), mean=23.87878787878788, variance=45.738927738927735, skewness=-1.7142934480129868, kurtosis=2.247548933117443)
2024-01-23 11:25:11,316[INFO] 0.9950400183273239, -0.0006604664822559618
2024-01-23 11:25:12,715[DEBUG] TDVP-PS Krylov space: DescribeResult(nobs=66, minmax=(4, 29), mean=20.545454545454547, variance=36.34405594405595, skewness=-1.1139812165021883, kurtosis=1.0328590161588682)
2024-01-23 11:25:12,755[INFO] 0.9805039722779327, -0.005542270546425931
2024-01-23 11:25:14,087[DEBUG] TDVP-PS Krylov space: DescribeResult(nobs=66, minmax=(4, 27), mean=19.03030303030303, variance=36.675990675990676, skewness=-0.712246622455048, kurtosis=0.027941778799372763)
2024-01-23 11:25:14,126[INFO] 0.9571012265007353, -0.014772223153176632
2024-01-23 11:25:15,405[DEBUG] TDVP-PS Krylov space: DescribeResult(nobs=66, minmax=(4, 27), mean=18.393939393939394, variance=39.56550116550117, skewness=-0.4062250960385556, kurtosis=-0.47072207633654406)
2024-01-23 11:25:15,445[INFO] 0.9256158403179667, -0.027829028035778212
2024-01-23 11:25:16,768[DEBUG] TDVP-PS Krylov space: DescribeResult(nobs=66, minmax=(4, 27), mean=17.96969696969697, variance=37.9990675990676, skewness=-0.28388664633922633, kurtosis=-0.4233490804629052)
2024-01-23 11:25:16,806[INFO] 0.8868318721233216, -0.04290103833184687
2024-01-23 11:25:18,050[DEBUG] TDVP-PS Krylov space: DescribeResult(nobs=66, minmax=(4, 27), mean=17.757575757575758, variance=38.06340326340326, skewness=-0.21967696485094496, kurtosis=-0.4779184507357739)
2024-01-23 11:25:18,089[INFO] 0.8415462567116329, -0.06102227269480352
2024-01-23 11:25:19,308[DEBUG] TDVP-PS Krylov space: DescribeResult(nobs=66, minmax=(4, 27), mean=17.242424242424242, variance=38.401864801864804, skewness=-0.1415120760151913, kurtosis=-0.6216302625314145)
2024-01-23 11:25:19,346[INFO] 0.7905299952951987, -0.07868965226640613
2024-01-23 11:25:20,563[DEBUG] TDVP-PS Krylov space: DescribeResult(nobs=66, minmax=(4, 27), mean=17.21212121212121, variance=40.07738927738928, skewness=-0.07957732697940127, kurtosis=-0.7323918860336005)
2024-01-23 11:25:20,603[INFO] 0.7345690694364977, -0.10051905088410326
2024-01-23 11:25:21,809[DEBUG] TDVP-PS Krylov space: DescribeResult(nobs=66, minmax=(4, 27), mean=17.09090909090909, variance=39.62237762237763, skewness=-0.029490231407480826, kurtosis=-0.6810148906868769)
2024-01-23 11:25:21,849[INFO] 0.6744406109118095, -0.11949462212038689
2024-01-23 11:25:23,050[DEBUG] TDVP-PS Krylov space: DescribeResult(nobs=66, minmax=(4, 27), mean=17.0, variance=38.95384615384615, skewness=-0.04514500167187859, kurtosis=-0.6800947867298581)
2024-01-23 11:25:23,088[INFO] 0.6108508577807796, -0.14217093584324428
2024-01-23 11:25:23,088[INFO] [(0.9950400183273239, -0.0006604664822559618), (0.9805039722779327, -0.005542270546425931), (0.9571012265007353, -0.014772223153176632), (0.9256158403179667, -0.027829028035778212), (0.8868318721233216, -0.04290103833184687), (0.8415462567116329, -0.06102227269480352), (0.7905299952951987, -0.07868965226640613), (0.7345690694364977, -0.10051905088410326), (0.6744406109118095, -0.11949462212038689), (0.6108508577807796, -0.14217093584324428)]
2024-01-23 11:25:23,088[INFO] [1.560063123703003, 1.412487268447876, 1.344961404800415, 1.2919847965240479, 1.336092233657837, 1.2569196224212646, 1.2319846153259277, 1.2302098274230957, 1.2190430164337158, 1.2132799625396729]
2024-01-23 11:25:23,089[INFO] (1.3097025871276855, 0.10400014923085395)
