2024-01-23 11:26:05,111[INFO] w:[ 0.31008373  0.62505087  0.9450577   1.27026811  1.60085415  1.93699652
  2.27888519  2.62672004  2.98071158  3.34108169  3.70806447  4.08190713
  4.46287103  4.85123274  5.24728529  5.65133944  6.06372518  6.48479336
  6.91491747  7.3544956   7.80395272  8.26374308  8.73435303  9.21630406
  9.71015632 10.21651248 10.7360222  11.26938715 11.81736663 12.38078417
 12.96053491 13.55759417 14.17302734 14.80800131 15.46379776 16.1418288
 16.84365519 17.57100808 18.32581464 19.1102289  19.92666879 20.77786108
 21.66689633 22.59729664 23.57309993 24.59896581 25.68031024 26.82347852
 28.03597095 29.32674138 30.70659881 32.18875825 33.7896124  35.52983994
 37.43604354 39.54325385 41.89891456 44.56954242 47.65255601 51.29898715
 55.76185818 61.51549962 69.62480179 83.4877454 ]
2024-01-23 11:26:05,117[INFO] c:[0.10899587 0.18438999 0.25141696 0.31385017 0.37330572 0.43067281
 0.48651099 0.5412042  0.59503264 0.64821062 0.70090842 0.75326564
 0.8053999  0.85741268 0.90939346 0.96142269 1.01357398 1.06591587
 1.11851309 1.1714277  1.22471995 1.27844905 1.33267385 1.38745344
 1.44284768 1.49891782 1.55572694 1.61334053 1.67182707 1.73125857
 1.79171123 1.85326615 1.91601008 1.98003631 2.04544564 2.11234754
 2.18086146 2.25111836 2.32326253 2.39745375 2.47386985 2.55270982
 2.6341976  2.71858669 2.8061659  2.89726658 2.99227167 3.09162737
 3.19585835 3.30558765 3.42156352 3.54469594 3.67610771 3.81720742
 3.96979681 4.13623421 4.31969317 4.5245923  4.75735402 5.02785117
 5.35246392 5.7615487  6.32228107 7.2446577 ]
2024-01-23 11:26:05,135[INFO] integrate: 0.00010825556342700235, 1.714261656698164e-10
2024-01-23 11:26:05,135[INFO] renormalization constant: 0.999931084742619
2024-01-23 11:26:05,664[INFO]           ┌[('v_1',)]─[('v_2',)]─[('v_3',)]─[('v_4',)]─[('v_5',)]─[('v_6',)]─[('v_7',)]─[('v_8',)]─[('v_9',)]─[('v_10',)]─[('v_11',)]─[('v_12',)]─[('v_13',)]─[('v_14',)]─[('v_15',)]─[('v_16',)]─[('v_17',)]─[('v_18',)]─[('v_19',)]─[('v_20',)]─[('v_21',)]─[('v_22',)]─[('v_23',)]─[('v_24',)]─[('v_25',)]─[('v_26',)]─[('v_27',)]─[('v_28',)]─[('v_29',)]─[('v_30',)]─[('v_31',)]─[('v_32',)]─[('v_33',)]─[('v_34',)]─[('v_35',)]─[('v_36',)]─[('v_37',)]─[('v_38',)]─[('v_39',)]─[('v_40',)]─[('v_41',)]─[('v_42',)]─[('v_43',)]─[('v_44',)]─[('v_45',)]─[('v_46',)]─[('v_47',)]─[('v_48',)]─[('v_49',)]─[('v_50',)]
2024-01-23 11:26:05,664[INFO] [('v_0',)]┤
2024-01-23 11:26:05,665[INFO]           └[('spin',)]
2024-01-23 11:26:05,673[DEBUG] # of operator terms: 194
2024-01-23 11:26:06,402[DEBUG] # of operator terms: 1
2024-01-23 11:26:06,689[DEBUG] # of operator terms: 1
2024-01-23 11:26:06,954[DEBUG] target for expander: 19
2024-01-23 11:26:06,955[DEBUG] average bond dimension of hint mpo: 3
2024-01-23 11:26:06,955[DEBUG] cumulated bond dimension: 1. lastone bond dimension: [1, 1, 1, 1, 1, 1, 1, 1, 1, 1, 1, 1, 1, 1, 1, 1, 1, 1, 1, 1, 1, 1, 1, 1, 1, 1, 1, 1, 1, 1, 1, 1, 1, 1, 1, 1, 1, 1, 1, 1, 1, 1, 1, 1, 1, 1, 1, 1, 1, 1, 1, 1, 1, 1, 1, 1, 1, 1, 1, 1, 1, 1, 1, 1, 1]
2024-01-23 11:26:06,997[DEBUG] # of operator terms: 1
2024-01-23 11:26:07,474[DEBUG] cumulated bond dimension: 4. lastone bond dimension: [1, 3, 3, 3, 3, 3, 3, 3, 3, 3, 3, 3, 3, 3, 3, 3, 3, 3, 3, 3, 3, 3, 3, 3, 3, 3, 3, 3, 3, 3, 3, 3, 3, 3, 3, 3, 3, 3, 3, 3, 3, 3, 3, 3, 3, 3, 3, 3, 3, 3, 3, 3, 3, 3, 3, 3, 3, 3, 3, 3, 3, 3, 3, 3, 3]
2024-01-23 11:26:07,847[DEBUG] cumulated bond dimension: 13. lastone bond dimension: [1, 9, 9, 9, 9, 9, 9, 9, 9, 9, 9, 9, 9, 9, 9, 9, 9, 9, 9, 9, 9, 9, 9, 9, 9, 9, 9, 9, 9, 9, 9, 9, 9, 9, 9, 9, 9, 9, 9, 9, 9, 9, 9, 9, 9, 9, 9, 9, 9, 9, 9, 9, 9, 9, 9, 9, 9, 9, 9, 9, 9, 9, 9, 9, 9]
2024-01-23 11:26:08,554[DEBUG] cumulated bond dimension: 18. lastone bond dimension: [1, 21, 21, 21, 21, 21, 21, 21, 21, 21, 21, 21, 21, 21, 21, 21, 21, 21, 21, 21, 21, 21, 21, 21, 21, 21, 21, 21, 21, 21, 21, 21, 21, 21, 21, 21, 21, 21, 21, 21, 21, 21, 21, 21, 21, 21, 21, 21, 21, 21, 21, 21, 21, 21, 21, 21, 21, 21, 21, 21, 21, 21, 21, 21, 6]
2024-01-23 11:26:09,269[DEBUG] expander bond dimension: [1, 19, 19, 19, 19, 19, 19, 19, 19, 19, 19, 19, 19, 19, 19, 19, 19, 19, 19, 19, 19, 19, 19, 19, 19, 19, 19, 19, 19, 19, 19, 19, 19, 19, 19, 19, 19, 19, 19, 19, 19, 19, 19, 19, 19, 19, 19, 19, 19, 19, 19, 19, 19, 19, 19, 19, 19, 19, 19, 19, 19, 19, 19, 10, 2]
2024-01-23 11:26:09,565[INFO] [1, 20, 20, 20, 20, 20, 20, 20, 20, 20, 20, 20, 20, 20, 20, 20, 20, 20, 20, 20, 20, 20, 20, 20, 20, 20, 20, 20, 20, 20, 20, 20, 20, 20, 20, 20, 20, 20, 20, 20, 20, 20, 20, 20, 20, 20, 20, 20, 20, 20, 20, 20, 20, 20, 20, 20, 20, 20, 20, 20, 20, 20, 20, 10, 2]
2024-01-23 11:26:09,565[INFO] [1, 3, 3, 3, 3, 3, 3, 3, 3, 3, 3, 3, 3, 3, 3, 3, 3, 3, 3, 3, 3, 3, 3, 3, 3, 3, 3, 3, 3, 3, 3, 3, 3, 3, 3, 3, 3, 3, 3, 3, 3, 3, 3, 3, 3, 3, 3, 3, 3, 3, 3, 3, 3, 3, 3, 3, 3, 3, 3, 3, 3, 3, 3, 3, 3]
2024-01-23 11:26:09,566[INFO] 65
2024-01-23 11:26:17,677[DEBUG] TDVP-PS Krylov space: DescribeResult(nobs=258, minmax=(4, 65), mean=39.651162790697676, variance=177.11519319518595, skewness=-0.19349295475419562, kurtosis=-0.6162018919994598)
2024-01-23 11:26:17,762[INFO] 0.9950375975069284, -0.0007016946404355632
2024-01-23 11:26:23,887[DEBUG] TDVP-PS Krylov space: DescribeResult(nobs=258, minmax=(4, 63), mean=33.13178294573643, variance=360.41836334570024, skewness=0.08240657696682573, kurtosis=-1.6831898768962443)
2024-01-23 11:26:24,051[INFO] 0.9804960302470075, -0.005490447096527425
2024-01-23 11:26:32,197[DEBUG] TDVP-PS Krylov space: DescribeResult(nobs=258, minmax=(4, 61), mean=29.875968992248062, variance=353.12852532199196, skewness=0.38024765307043745, kurtosis=-1.5871114795251795)
2024-01-23 11:26:32,360[INFO] 0.9570892079253582, -0.014854616250418557
2024-01-23 11:26:40,193[DEBUG] TDVP-PS Krylov space: DescribeResult(nobs=258, minmax=(4, 61), mean=28.310077519379846, variance=299.22643501342264, skewness=0.5183041749879496, kurtosis=-1.3625220865619447)
2024-01-23 11:26:40,357[INFO] 0.9256039397698324, -0.027730944476099396
2024-01-23 11:26:46,089[DEBUG] TDVP-PS Krylov space: DescribeResult(nobs=258, minmax=(4, 61), mean=27.813953488372093, variance=292.53334539860646, skewness=0.5683797212789728, kurtosis=-1.2876290347094461)
2024-01-23 11:26:46,173[INFO] 0.8868366138655573, -0.04310870449027988
2024-01-23 11:26:50,866[DEBUG] TDVP-PS Krylov space: DescribeResult(nobs=258, minmax=(4, 61), mean=27.48062015503876, variance=290.30507043103194, skewness=0.6024260116303407, kurtosis=-1.2458048776363786)
2024-01-23 11:26:50,952[INFO] 0.8415834525597002, -0.06046918371131374
2024-01-23 11:26:57,249[DEBUG] TDVP-PS Krylov space: DescribeResult(nobs=258, minmax=(4, 59), mean=27.348837209302324, variance=289.71441498506925, skewness=0.6291010151456876, kurtosis=-1.230040987580953)
2024-01-23 11:26:57,410[INFO] 0.7906351104344344, -0.07947898460918322
2024-01-23 11:27:03,626[DEBUG] TDVP-PS Krylov space: DescribeResult(nobs=258, minmax=(4, 59), mean=26.976744186046513, variance=298.6453714595964, skewness=0.6447896572610458, kurtosis=-1.2135702863425655)
2024-01-23 11:27:03,710[INFO] 0.7347777394046099, -0.09925175636795161
2024-01-23 11:27:08,419[DEBUG] TDVP-PS Krylov space: DescribeResult(nobs=258, minmax=(4, 59), mean=26.891472868217054, variance=303.38117214128437, skewness=0.6570715130065724, kurtosis=-1.20386540727221)
2024-01-23 11:27:08,501[INFO] 0.6747912962205914, -0.12014290690854675
2024-01-23 11:27:13,199[DEBUG] TDVP-PS Krylov space: DescribeResult(nobs=258, minmax=(4, 59), mean=26.5968992248062, variance=296.9730642777426, skewness=0.6727854748010019, kurtosis=-1.1674075544715485)
2024-01-23 11:27:13,343[INFO] 0.6114345162954757, -0.1418092001944911
2024-01-23 11:27:13,344[INFO] [(0.9950375975069284, -0.0007016946404355632), (0.9804960302470075, -0.005490447096527425), (0.9570892079253582, -0.014854616250418557), (0.9256039397698324, -0.027730944476099396), (0.8868366138655573, -0.04310870449027988), (0.8415834525597002, -0.06046918371131374), (0.7906351104344344, -0.07947898460918322), (0.7347777394046099, -0.09925175636795161), (0.6747912962205914, -0.12014290690854675), (0.6114345162954757, -0.1418092001944911)]
2024-01-23 11:27:13,344[INFO] [8.141408681869507, 6.179759979248047, 8.199795722961426, 7.888412714004517, 5.75995135307312, 4.723426342010498, 6.352886915206909, 6.2446064949035645, 4.736651659011841, 4.735593795776367]
2024-01-23 11:27:13,344[INFO] (6.296249365806579, 1.3119416517545575)
