2024-01-23 16:17:20,889[INFO] w:[ 0.72735288  1.48215944  2.26657371  3.0830136   3.93420588  4.82324114
  5.75364145  6.72944473  7.75531062  8.83665505  9.97982332 11.19231576
 12.48308618 13.86294361 15.34510305 16.94595721 18.68618475 20.59238834
 22.69959866 25.05525937 27.72588722 30.80890082 34.45533195 38.91820298
 44.67184443 52.78114659 66.6440902 ]
2024-01-23 16:17:20,890[INFO] c:[0.31476567 0.53684595 0.7382541  0.92984394 1.11640377 1.30071669
 1.4846893  1.66979404 1.85728213 2.04830398 2.24398848 2.4455044
 2.65411637 2.87124384 3.09853096 3.33793644 3.59185637 3.86330079
 4.15615865 4.47561438 4.8288373  5.22619532 5.68356475 6.22720363
 6.9056394  7.82595954 9.32179861]
2024-01-23 16:17:20,890[INFO] integrate: 0.0003348091643814093, 5.119565826034887e-09
2024-01-23 16:17:20,890[INFO] renormalization constant: 0.9997868765800083
2024-01-23 16:17:21,304[INFO]                                                    ┌[('v_0',), ('v_1',), ('v_2',)]
2024-01-23 16:17:21,305[INFO]                          ┌[(('MCTDH virtual', 1),)]┼[('v_3',), ('v_4',), ('v_5',)]
2024-01-23 16:17:21,305[INFO]                          │                         └[('v_6',), ('v_7',), ('v_8',)]
2024-01-23 16:17:21,305[INFO]                          │                         ┌[('v_9',), ('v_10',), ('v_11',)]
2024-01-23 16:17:21,305[INFO]                          ├[(('MCTDH virtual', 2),)]┼[('v_12',), ('v_13',), ('v_14',)]
2024-01-23 16:17:21,305[INFO]                          │                         └[('v_15',), ('v_16',), ('v_17',)]
2024-01-23 16:17:21,305[INFO] [(('MCTDH virtual', 0),)]┤
2024-01-23 16:17:21,305[INFO]                          │                         ┌[('v_18',), ('v_19',), ('v_20',)]
2024-01-23 16:17:21,305[INFO]                          ├[(('MCTDH virtual', 3),)]┼[('v_21',), ('v_22',), ('v_23',)]
2024-01-23 16:17:21,305[INFO]                          │                         └[('v_24',), ('v_25',), ('v_26',)]
2024-01-23 16:17:21,305[INFO]                          └[('spin',)]
2024-01-23 16:17:21,310[DEBUG] # of operator terms: 83
2024-01-23 16:17:22,166[DEBUG] # of operator terms: 1
2024-01-23 16:17:22,326[DEBUG] # of operator terms: 1
2024-01-23 16:17:22,488[DEBUG] target for expander: 19
2024-01-23 16:17:22,488[DEBUG] average bond dimension of hint mpo: 3
2024-01-23 16:17:22,488[DEBUG] cumulated bond dimension: 1. lastone bond dimension: [1, 1, 1, 1, 1, 1, 1, 1, 1, 1, 1, 1, 1, 1]
2024-01-23 16:17:22,646[DEBUG] # of operator terms: 1
2024-01-23 16:17:22,909[DEBUG] cumulated bond dimension: 4. lastone bond dimension: [1, 3, 3, 3, 3, 3, 3, 3, 3, 3, 3, 3, 3, 3]
2024-01-23 16:17:23,313[DEBUG] cumulated bond dimension: 11. lastone bond dimension: [1, 9, 9, 9, 9, 9, 9, 9, 9, 9, 9, 9, 9, 9]
2024-01-23 16:17:25,012[DEBUG] cumulated bond dimension: 16. lastone bond dimension: [1, 21, 21, 21, 21, 21, 21, 21, 21, 21, 21, 21, 21, 6]
2024-01-23 16:17:27,751[DEBUG] expander bond dimension: [1, 19, 19, 19, 19, 19, 19, 19, 19, 19, 19, 19, 19, 2]
2024-01-23 16:17:28,228[INFO] [1, 20, 20, 20, 20, 20, 20, 20, 20, 20, 20, 20, 20, 2]
2024-01-23 16:17:28,229[INFO] [1, 3, 3, 3, 3, 3, 3, 3, 3, 3, 3, 3, 3, 3]
2024-01-23 16:17:28,229[INFO] 14
2024-01-23 16:18:07,737[DEBUG] TDVP-PS Krylov space: DescribeResult(nobs=54, minmax=(4, 25), mean=14.962962962962964, variance=31.847658979734454, skewness=0.21612309356710066, kurtosis=-0.3813182768384915)
2024-01-23 16:18:08,422[INFO] 0.9950385203880223, -0.0006852850394210408
2024-01-23 16:18:58,548[DEBUG] TDVP-PS Krylov space: DescribeResult(nobs=54, minmax=(4, 29), mean=17.925925925925927, variance=38.06988120195666, skewness=-0.25390836061675176, kurtosis=-0.06343043025719064)
2024-01-23 16:18:59,250[INFO] 0.9804991860313711, -0.005495598005806862
2024-01-23 16:19:58,018[DEBUG] TDVP-PS Krylov space: DescribeResult(nobs=54, minmax=(4, 33), mean=18.11111111111111, variance=43.496855345911946, skewness=-0.007602772692844813, kurtosis=-0.05295086941003202)
2024-01-23 16:19:58,700[INFO] 0.9570938948654968, -0.014894128240032237
2024-01-23 16:20:44,685[DEBUG] TDVP-PS Krylov space: DescribeResult(nobs=54, minmax=(4, 33), mean=17.925925925925927, variance=45.91893780573025, skewness=0.10189881410208872, kurtosis=-0.15356534771922625)
2024-01-23 16:20:45,111[INFO] 0.9256083086337856, -0.02760458776071382
2024-01-23 16:21:38,652[DEBUG] TDVP-PS Krylov space: DescribeResult(nobs=54, minmax=(4, 33), mean=17.59259259259259, variance=50.73654786862335, skewness=0.3897745036963587, kurtosis=-0.11726213226885562)
2024-01-23 16:21:39,352[INFO] 0.8868355140147761, -0.04330265101212956
2024-01-23 16:22:35,083[DEBUG] TDVP-PS Krylov space: DescribeResult(nobs=54, minmax=(4, 33), mean=17.48148148148148, variance=51.83927323549964, skewness=0.4252225940860573, kurtosis=-0.1899399354143978)
2024-01-23 16:22:35,508[INFO] 0.8415675683703212, -0.06029242978919117
2024-01-23 16:23:32,140[DEBUG] TDVP-PS Krylov space: DescribeResult(nobs=54, minmax=(4, 33), mean=17.48148148148148, variance=52.74493361285813, skewness=0.43234876405908973, kurtosis=-0.24844461431718923)
2024-01-23 16:23:32,839[INFO] 0.7905957561383187, -0.07974084940715506
2024-01-23 16:24:31,174[DEBUG] TDVP-PS Krylov space: DescribeResult(nobs=54, minmax=(4, 35), mean=17.22222222222222, variance=51.194968553459134, skewness=0.5104910333706776, kurtosis=-0.03152147009640904)
2024-01-23 16:24:31,877[INFO] 0.7346958887022311, -0.09896663281397836
2024-01-23 16:25:29,487[DEBUG] TDVP-PS Krylov space: DescribeResult(nobs=54, minmax=(4, 35), mean=17.074074074074073, variance=53.2019566736548, skewness=0.5736976115091984, kurtosis=-0.07614671080576674)
2024-01-23 16:25:29,909[INFO] 0.6746530982148953, -0.12086206134496982
2024-01-23 16:26:21,663[DEBUG] TDVP-PS Krylov space: DescribeResult(nobs=54, minmax=(4, 35), mean=17.037037037037038, variance=54.03633822501746, skewness=0.6024815795197193, kurtosis=-0.049929611647401284)
2024-01-23 16:26:22,364[INFO] 0.6112121399713688, -0.14105517374977417
2024-01-23 16:26:22,364[INFO] [(0.9950385203880223, -0.0006852850394210408), (0.9804991860313711, -0.005495598005806862), (0.9570938948654968, -0.014894128240032237), (0.9256083086337856, -0.02760458776071382), (0.8868355140147761, -0.04330265101212956), (0.8415675683703212, -0.06029242978919117), (0.7905957561383187, -0.07974084940715506), (0.7346958887022311, -0.09896663281397836), (0.6746530982148953, -0.12086206134496982), (0.6112121399713688, -0.14105517374977417)]
2024-01-23 16:26:22,365[INFO] [39.73633360862732, 50.36656212806702, 59.00323486328125, 46.13781189918518, 53.78671145439148, 55.87999224662781, 56.87872123718262, 58.57945489883423, 57.757423400878906, 52.001017332077026]
2024-01-23 16:26:22,365[INFO] (53.01272630691528, 5.871165006843254)
