2024-01-23 11:31:28,917[INFO] w:[7.79728083e-02 1.56250795e-01 2.34836358e-01 3.13731923e-01
 3.92939948e-01 4.72462915e-01 5.52303341e-01 6.32463769e-01
 7.12946775e-01 7.93754965e-01 8.74890979e-01 9.56357487e-01
 1.03815719e+00 1.12029283e+00 1.20276717e+00 1.28558303e+00
 1.36874323e+00 1.45225066e+00 1.53610822e+00 1.62031888e+00
 1.70488560e+00 1.78981142e+00 1.87509939e+00 1.96075263e+00
 2.04677426e+00 2.13316749e+00 2.21993552e+00 2.30708163e+00
 2.39460912e+00 2.48252135e+00 2.57082171e+00 2.65951365e+00
 2.74860066e+00 2.83808627e+00 2.92797406e+00 3.01826767e+00
 3.10897077e+00 3.20008710e+00 3.29162044e+00 3.38357463e+00
 3.47595354e+00 3.56876114e+00 3.66200140e+00 3.75567838e+00
 3.84979620e+00 3.94435903e+00 4.03937108e+00 4.13483666e+00
 4.23076010e+00 4.32714583e+00 4.42399832e+00 4.52132212e+00
 4.61912182e+00 4.71740212e+00 4.81616775e+00 4.91542354e+00
 5.01517437e+00 5.11542520e+00 5.21618108e+00 5.31744712e+00
 5.41922851e+00 5.52153053e+00 5.62435852e+00 5.72771792e+00
 5.83161426e+00 5.93605314e+00 6.04104025e+00 6.14658140e+00
 6.25268244e+00 6.35934936e+00 6.46658822e+00 6.57440520e+00
 6.68280655e+00 6.79179864e+00 6.90138796e+00 7.01158107e+00
 7.12238468e+00 7.23380558e+00 7.34585069e+00 7.45852705e+00
 7.57184180e+00 7.68580222e+00 7.80041571e+00 7.91568981e+00
 8.03163216e+00 8.14825057e+00 8.26555296e+00 8.38354740e+00
 8.50224211e+00 8.62164545e+00 8.74176593e+00 8.86261222e+00
 8.98419314e+00 9.10651768e+00 9.22959499e+00 9.35343440e+00
 9.47804539e+00 9.60343765e+00 9.72962104e+00 9.85660559e+00
 9.98440155e+00 1.01130194e+01 1.02424696e+01 1.03727633e+01
 1.05039113e+01 1.06359250e+01 1.07688158e+01 1.09025956e+01
 1.10372762e+01 1.11728700e+01 1.13093893e+01 1.14468468e+01
 1.15852557e+01 1.17246291e+01 1.18649805e+01 1.20063239e+01
 1.21486732e+01 1.22920430e+01 1.24364480e+01 1.25819032e+01
 1.27284240e+01 1.28760261e+01 1.30247257e+01 1.31745391e+01
 1.33254832e+01 1.34775752e+01 1.36308327e+01 1.37852736e+01
 1.39409164e+01 1.40977800e+01 1.42558836e+01 1.44152470e+01
 1.45758904e+01 1.47378346e+01 1.49011008e+01 1.50657108e+01
 1.52316868e+01 1.53990518e+01 1.55678292e+01 1.57380430e+01
 1.59097179e+01 1.60828791e+01 1.62575527e+01 1.64337653e+01
 1.66115443e+01 1.67909177e+01 1.69719144e+01 1.71545641e+01
 1.73388972e+01 1.75249450e+01 1.77127398e+01 1.79023147e+01
 1.80937037e+01 1.82869419e+01 1.84820654e+01 1.86791114e+01
 1.88781180e+01 1.90791247e+01 1.92821721e+01 1.94873021e+01
 1.96945579e+01 1.99039839e+01 2.01156261e+01 2.03295318e+01
 2.05457502e+01 2.07643316e+01 2.09853283e+01 2.12087943e+01
 2.14347854e+01 2.16633593e+01 2.18945758e+01 2.21284966e+01
 2.23651857e+01 2.26047095e+01 2.28471368e+01 2.30925386e+01
 2.33409890e+01 2.35925646e+01 2.38473452e+01 2.41054133e+01
 2.43668549e+01 2.46317594e+01 2.49002198e+01 2.51723329e+01
 2.54481993e+01 2.57279242e+01 2.60116169e+01 2.62993916e+01
 2.65913676e+01 2.68876693e+01 2.71884269e+01 2.74937763e+01
 2.78038600e+01 2.81188272e+01 2.84388340e+01 2.87640444e+01
 2.90946305e+01 2.94307728e+01 2.97726615e+01 3.01204963e+01
 3.04744879e+01 3.08348580e+01 3.12018408e+01 3.15756834e+01
 3.19566473e+01 3.23450090e+01 3.27410616e+01 3.31451157e+01
 3.35575015e+01 3.39785697e+01 3.44086938e+01 3.48482719e+01
 3.52977290e+01 3.57575194e+01 3.62281293e+01 3.67100804e+01
 3.72039326e+01 3.77102888e+01 3.82297985e+01 3.87631634e+01
 3.93111429e+01 3.98745605e+01 4.04543112e+01 4.10513705e+01
 4.16668036e+01 4.23017776e+01 4.29575741e+01 4.36356051e+01
 4.43374315e+01 4.50647844e+01 4.58195909e+01 4.66040052e+01
 4.74204451e+01 4.82716374e+01 4.91606726e+01 5.00910729e+01
 5.10668762e+01 5.20927421e+01 5.31740865e+01 5.43172548e+01
 5.55297473e+01 5.68205177e+01 5.82003751e+01 5.96825345e+01
 6.12833887e+01 6.30236162e+01 6.49298198e+01 6.70370302e+01
 6.93926909e+01 7.20633187e+01 7.51463323e+01 7.87927634e+01
 8.32556345e+01 8.90092759e+01 9.71185781e+01 1.10981522e+02]
2024-01-23 11:31:28,920[INFO] c:[0.01946473 0.03278367 0.0445005  0.05529807 0.06546898 0.07517384
 0.08451313 0.09355514 0.10234904 0.11093173 0.11933185 0.12757223
 0.13567139 0.1436447  0.15150505 0.15926342 0.16692924 0.17451073
 0.18201505 0.18944856 0.19681689 0.20412509 0.21137769 0.2185788
 0.22573214 0.23284111 0.23990882 0.24693813 0.25393169 0.26089195
 0.26782117 0.27472147 0.28159483 0.28844308 0.29526798 0.30207115
 0.30885413 0.31561838 0.32236527 0.32909612 0.33581215 0.34251457
 0.34920449 0.35588299 0.36255111 0.36920984 0.37586012 0.38250288
 0.38913898 0.39576928 0.40239461 0.40901574 0.41563346 0.4222485
 0.42886158 0.43547341 0.44208468 0.44869604 0.45530816 0.46192165
 0.46853715 0.47515526 0.48177658 0.48840168 0.49503115 0.50166554
 0.50830541 0.51495131 0.52160376 0.52826331 0.53493048 0.54160578
 0.54828972 0.55498282 0.56168557 0.56839848 0.57512203 0.58185673
 0.58860305 0.59536149 0.60213252 0.60891664 0.61571431 0.62252603
 0.62935226 0.63619349 0.64305019 0.64992285 0.65681194 0.66371794
 0.67064133 0.6775826  0.68454223 0.69152071 0.69851851 0.70553614
 0.71257409 0.71963285 0.72671292 0.73381481 0.74093902 0.74808607
 0.75525647 0.76245073 0.7696694  0.776913   0.78418205 0.79147712
 0.79879874 0.80614747 0.81352387 0.82092852 0.82836198 0.83582484
 0.84331769 0.85084114 0.85839578 0.86598225 0.87360117 0.88125317
 0.8889389  0.89665903 0.90441421 0.91220513 0.92003249 0.92789698
 0.93579932 0.94374025 0.95172051 0.95974086 0.96780206 0.97590491
 0.98405021 0.99223878 1.00047145 1.00874909 1.01707256 1.02544276
 1.03386059 1.04232699 1.0508429  1.05940931 1.06802721 1.07669761
 1.08542156 1.09420013 1.10303441 1.11192553 1.12087463 1.1298829
 1.13895154 1.14808179 1.15727492 1.16653225 1.17585512 1.1852449
 1.19470301 1.20423091 1.2138301  1.22350212 1.23324855 1.24307103
 1.25297124 1.26295091 1.27301183 1.28315584 1.29338483 1.30370077
 1.31410568 1.32460164 1.33519082 1.34587544 1.35665781 1.36754031
 1.3785254  1.38961565 1.40081369 1.41212227 1.42354423 1.43508252
 1.44674019 1.45852042 1.47042651 1.48246189 1.49463012 1.50693492
 1.51938015 1.53196983 1.54470817 1.55759952 1.57064848 1.58385979
 1.59723845 1.61078968 1.62451893 1.63843192 1.65253464 1.66683337
 1.68133472 1.69604562 1.71097337 1.72612563 1.74151051 1.75713653
 1.77301269 1.78914853 1.8055541  1.82224007 1.83921775 1.85649916
 1.87409705 1.89202501 1.91029752 1.92893003 1.94793907 1.96734234
 1.9871588  2.00740883 2.02811438 2.04929909 2.07098851 2.09321033
 2.11599455 2.13937385 2.16338382 2.18806339 2.21345526 2.23960635
 2.26656843 2.29439882 2.32316119 2.35292654 2.38377443 2.41579434
 2.44908749 2.48376892 2.51997021 2.55784281 2.59756226 2.63933366
 2.68339873 2.73004513 2.77961902 2.83254215 2.88933578 2.95065495
 3.01733886 3.09048765 3.17158411 3.26269616 3.36683458 3.48863623
 3.63580986 3.82267511 4.08101014 4.51054421]
2024-01-23 11:31:28,921[INFO] integrate: 1.887345465988587e-05, 1.1959242903595808e-12
2024-01-23 11:31:28,921[INFO] renormalization constant: 0.9999879848577731
2024-01-23 11:31:29,386[INFO]           ┌[('v_1',)]─[('v_2',)]─[('v_3',)]─[('v_4',)]─[('v_5',)]─[('v_6',)]─[('v_7',)]─[('v_8',)]─[('v_9',)]─[('v_10',)]─[('v_11',)]─[('v_12',)]─[('v_13',)]─[('v_14',)]─[('v_15',)]─[('v_16',)]─[('v_17',)]─[('v_18',)]─[('v_19',)]─[('v_20',)]─[('v_21',)]─[('v_22',)]─[('v_23',)]─[('v_24',)]─[('v_25',)]─[('v_26',)]─[('v_27',)]─[('v_28',)]─[('v_29',)]─[('v_30',)]─[('v_31',)]─[('v_32',)]─[('v_33',)]─[('v_34',)]─[('v_35',)]─[('v_36',)]─[('v_37',)]─[('v_38',)]─[('v_39',)]─[('v_40',)]─[('v_41',)]─[('v_42',)]─[('v_43',)]─[('v_44',)]─[('v_45',)]─[('v_46',)]─[('v_47',)]─[('v_48',)]─[('v_49',)]─[('v_50',)]
2024-01-23 11:31:29,386[INFO] [('v_0',)]┤
2024-01-23 11:31:29,386[INFO]           └[('spin',)]
2024-01-23 11:31:29,425[DEBUG] # of operator terms: 770
2024-01-23 11:31:34,669[DEBUG] # of operator terms: 1
2024-01-23 11:31:35,589[DEBUG] # of operator terms: 1
2024-01-23 11:31:36,503[DEBUG] target for expander: 19
2024-01-23 11:31:36,504[DEBUG] average bond dimension of hint mpo: 3
2024-01-23 11:31:36,505[DEBUG] cumulated bond dimension: 1. lastone bond dimension: [1, 1, 1, 1, 1, 1, 1, 1, 1, 1, 1, 1, 1, 1, 1, 1, 1, 1, 1, 1, 1, 1, 1, 1, 1, 1, 1, 1, 1, 1, 1, 1, 1, 1, 1, 1, 1, 1, 1, 1, 1, 1, 1, 1, 1, 1, 1, 1, 1, 1, 1, 1, 1, 1, 1, 1, 1, 1, 1, 1, 1, 1, 1, 1, 1, 1, 1, 1, 1, 1, 1, 1, 1, 1, 1, 1, 1, 1, 1, 1, 1, 1, 1, 1, 1, 1, 1, 1, 1, 1, 1, 1, 1, 1, 1, 1, 1, 1, 1, 1, 1, 1, 1, 1, 1, 1, 1, 1, 1, 1, 1, 1, 1, 1, 1, 1, 1, 1, 1, 1, 1, 1, 1, 1, 1, 1, 1, 1, 1, 1, 1, 1, 1, 1, 1, 1, 1, 1, 1, 1, 1, 1, 1, 1, 1, 1, 1, 1, 1, 1, 1, 1, 1, 1, 1, 1, 1, 1, 1, 1, 1, 1, 1, 1, 1, 1, 1, 1, 1, 1, 1, 1, 1, 1, 1, 1, 1, 1, 1, 1, 1, 1, 1, 1, 1, 1, 1, 1, 1, 1, 1, 1, 1, 1, 1, 1, 1, 1, 1, 1, 1, 1, 1, 1, 1, 1, 1, 1, 1, 1, 1, 1, 1, 1, 1, 1, 1, 1, 1, 1, 1, 1, 1, 1, 1, 1, 1, 1, 1, 1, 1, 1, 1, 1, 1, 1, 1, 1, 1, 1, 1, 1, 1, 1, 1, 1, 1, 1, 1, 1, 1, 1, 1, 1, 1, 1, 1]
2024-01-23 11:31:36,623[DEBUG] # of operator terms: 1
2024-01-23 11:31:38,425[DEBUG] cumulated bond dimension: 4. lastone bond dimension: [1, 3, 3, 3, 3, 3, 3, 3, 3, 3, 3, 3, 3, 3, 3, 3, 3, 3, 3, 3, 3, 3, 3, 3, 3, 3, 3, 3, 3, 3, 3, 3, 3, 3, 3, 3, 3, 3, 3, 3, 3, 3, 3, 3, 3, 3, 3, 3, 3, 3, 3, 3, 3, 3, 3, 3, 3, 3, 3, 3, 3, 3, 3, 3, 3, 3, 3, 3, 3, 3, 3, 3, 3, 3, 3, 3, 3, 3, 3, 3, 3, 3, 3, 3, 3, 3, 3, 3, 3, 3, 3, 3, 3, 3, 3, 3, 3, 3, 3, 3, 3, 3, 3, 3, 3, 3, 3, 3, 3, 3, 3, 3, 3, 3, 3, 3, 3, 3, 3, 3, 3, 3, 3, 3, 3, 3, 3, 3, 3, 3, 3, 3, 3, 3, 3, 3, 3, 3, 3, 3, 3, 3, 3, 3, 3, 3, 3, 3, 3, 3, 3, 3, 3, 3, 3, 3, 3, 3, 3, 3, 3, 3, 3, 3, 3, 3, 3, 3, 3, 3, 3, 3, 3, 3, 3, 3, 3, 3, 3, 3, 3, 3, 3, 3, 3, 3, 3, 3, 3, 3, 3, 3, 3, 3, 3, 3, 3, 3, 3, 3, 3, 3, 3, 3, 3, 3, 3, 3, 3, 3, 3, 3, 3, 3, 3, 3, 3, 3, 3, 3, 3, 3, 3, 3, 3, 3, 3, 3, 3, 3, 3, 3, 3, 3, 3, 3, 3, 3, 3, 3, 3, 3, 3, 3, 3, 3, 3, 3, 3, 3, 3, 3, 3, 3, 3, 3, 3]
2024-01-23 11:31:39,713[DEBUG] cumulated bond dimension: 13. lastone bond dimension: [1, 9, 9, 9, 9, 9, 9, 9, 9, 9, 9, 9, 9, 9, 9, 9, 9, 9, 9, 9, 9, 9, 9, 9, 9, 9, 9, 9, 9, 9, 9, 9, 9, 9, 9, 9, 9, 9, 9, 9, 9, 9, 9, 9, 9, 9, 9, 9, 9, 9, 9, 9, 9, 9, 9, 9, 9, 9, 9, 9, 9, 9, 9, 9, 9, 9, 9, 9, 9, 9, 9, 9, 9, 9, 9, 9, 9, 9, 9, 9, 9, 9, 9, 9, 9, 9, 9, 9, 9, 9, 9, 9, 9, 9, 9, 9, 9, 9, 9, 9, 9, 9, 9, 9, 9, 9, 9, 9, 9, 9, 9, 9, 9, 9, 9, 9, 9, 9, 9, 9, 9, 9, 9, 9, 9, 9, 9, 9, 9, 9, 9, 9, 9, 9, 9, 9, 9, 9, 9, 9, 9, 9, 9, 9, 9, 9, 9, 9, 9, 9, 9, 9, 9, 9, 9, 9, 9, 9, 9, 9, 9, 9, 9, 9, 9, 9, 9, 9, 9, 9, 9, 9, 9, 9, 9, 9, 9, 9, 9, 9, 9, 9, 9, 9, 9, 9, 9, 9, 9, 9, 9, 9, 9, 9, 9, 9, 9, 9, 9, 9, 9, 9, 9, 9, 9, 9, 9, 9, 9, 9, 9, 9, 9, 9, 9, 9, 9, 9, 9, 9, 9, 9, 9, 9, 9, 9, 9, 9, 9, 9, 9, 9, 9, 9, 9, 9, 9, 9, 9, 9, 9, 9, 9, 9, 9, 9, 9, 9, 9, 9, 9, 9, 9, 9, 9, 9, 9]
2024-01-23 11:31:42,240[DEBUG] cumulated bond dimension: 19. lastone bond dimension: [1, 21, 21, 21, 21, 21, 21, 21, 21, 21, 21, 21, 21, 21, 21, 21, 21, 21, 21, 21, 21, 21, 21, 21, 21, 21, 21, 21, 21, 21, 21, 21, 21, 21, 21, 21, 21, 21, 21, 21, 21, 21, 21, 21, 21, 21, 21, 21, 21, 21, 21, 21, 21, 21, 21, 21, 21, 21, 21, 21, 21, 21, 21, 21, 21, 21, 21, 21, 21, 21, 21, 21, 21, 21, 21, 21, 21, 21, 21, 21, 21, 21, 21, 21, 21, 21, 21, 21, 21, 21, 21, 21, 21, 21, 21, 21, 21, 21, 21, 21, 21, 21, 21, 21, 21, 21, 21, 21, 21, 21, 21, 21, 21, 21, 21, 21, 21, 21, 21, 21, 21, 21, 21, 21, 21, 21, 21, 21, 21, 21, 21, 21, 21, 21, 21, 21, 21, 21, 21, 21, 21, 21, 21, 21, 21, 21, 21, 21, 21, 21, 21, 21, 21, 21, 21, 21, 21, 21, 21, 21, 21, 21, 21, 21, 21, 21, 21, 21, 21, 21, 21, 21, 21, 21, 21, 21, 21, 21, 21, 21, 21, 21, 21, 21, 21, 21, 21, 21, 21, 21, 21, 21, 21, 21, 21, 21, 21, 21, 21, 21, 21, 21, 21, 21, 21, 21, 21, 21, 21, 21, 21, 21, 21, 21, 21, 21, 21, 21, 21, 21, 21, 21, 21, 21, 21, 21, 21, 21, 21, 21, 21, 21, 21, 21, 21, 21, 21, 21, 21, 21, 21, 21, 21, 21, 21, 21, 21, 21, 21, 21, 21, 21, 21, 21, 21, 21, 6]
2024-01-23 11:31:45,146[DEBUG] expander bond dimension: [1, 19, 19, 19, 19, 19, 19, 19, 19, 19, 19, 19, 19, 19, 19, 19, 19, 19, 19, 19, 19, 19, 19, 19, 19, 19, 19, 19, 19, 19, 19, 19, 19, 19, 19, 19, 19, 19, 19, 19, 19, 19, 19, 19, 19, 19, 19, 19, 19, 19, 19, 19, 19, 19, 19, 19, 19, 19, 19, 19, 19, 19, 19, 19, 19, 19, 19, 19, 19, 19, 19, 19, 19, 19, 19, 19, 19, 19, 19, 19, 19, 19, 19, 19, 19, 19, 19, 19, 19, 19, 19, 19, 19, 19, 19, 19, 19, 19, 19, 19, 19, 19, 19, 19, 19, 19, 19, 19, 19, 19, 19, 19, 19, 19, 19, 19, 19, 19, 19, 19, 19, 19, 19, 19, 19, 19, 19, 19, 19, 19, 19, 19, 19, 19, 19, 19, 19, 19, 19, 19, 19, 19, 19, 19, 19, 19, 19, 19, 19, 19, 19, 19, 19, 19, 19, 19, 19, 19, 19, 19, 19, 19, 19, 19, 19, 19, 19, 19, 19, 19, 19, 19, 19, 19, 19, 19, 19, 19, 19, 19, 19, 19, 19, 19, 19, 19, 19, 19, 19, 19, 19, 19, 19, 19, 19, 19, 19, 19, 19, 19, 19, 19, 19, 19, 19, 19, 19, 19, 19, 19, 19, 19, 19, 19, 19, 19, 19, 19, 19, 19, 19, 19, 19, 19, 19, 19, 19, 19, 19, 19, 19, 19, 19, 19, 19, 19, 19, 19, 19, 19, 19, 19, 19, 19, 19, 19, 19, 19, 19, 19, 19, 19, 19, 19, 19, 10, 2]
2024-01-23 11:31:46,578[INFO] [1, 20, 20, 20, 20, 20, 20, 20, 20, 20, 20, 20, 20, 20, 20, 20, 20, 20, 20, 20, 20, 20, 20, 20, 20, 20, 20, 20, 20, 20, 20, 20, 20, 20, 20, 20, 20, 20, 20, 20, 20, 20, 20, 20, 20, 20, 20, 20, 20, 20, 20, 20, 20, 20, 20, 20, 20, 20, 20, 20, 20, 20, 20, 20, 20, 20, 20, 20, 20, 20, 20, 20, 20, 20, 20, 20, 20, 20, 20, 20, 20, 20, 20, 20, 20, 20, 20, 20, 20, 20, 20, 20, 20, 20, 20, 20, 20, 20, 20, 20, 20, 20, 20, 20, 20, 20, 20, 20, 20, 20, 20, 20, 20, 20, 20, 20, 20, 20, 20, 20, 20, 20, 20, 20, 20, 20, 20, 20, 20, 20, 20, 20, 20, 20, 20, 20, 20, 20, 20, 20, 20, 20, 20, 20, 20, 20, 20, 20, 20, 20, 20, 20, 20, 20, 20, 20, 20, 20, 20, 20, 20, 20, 20, 20, 20, 20, 20, 20, 20, 20, 20, 20, 20, 20, 20, 20, 20, 20, 20, 20, 20, 20, 20, 20, 20, 20, 20, 20, 20, 20, 20, 20, 20, 20, 20, 20, 20, 20, 20, 20, 20, 20, 20, 20, 20, 20, 20, 20, 20, 20, 20, 20, 20, 20, 20, 20, 20, 20, 20, 20, 20, 20, 20, 20, 20, 20, 20, 20, 20, 20, 20, 20, 20, 20, 20, 20, 20, 20, 20, 20, 20, 20, 20, 20, 20, 20, 20, 20, 20, 20, 20, 20, 20, 20, 20, 10, 2]
2024-01-23 11:31:46,578[INFO] [1, 3, 3, 3, 3, 3, 3, 3, 3, 3, 3, 3, 3, 3, 3, 3, 3, 3, 3, 3, 3, 3, 3, 3, 3, 3, 3, 3, 3, 3, 3, 3, 3, 3, 3, 3, 3, 3, 3, 3, 3, 3, 3, 3, 3, 3, 3, 3, 3, 3, 3, 3, 3, 3, 3, 3, 3, 3, 3, 3, 3, 3, 3, 3, 3, 3, 3, 3, 3, 3, 3, 3, 3, 3, 3, 3, 3, 3, 3, 3, 3, 3, 3, 3, 3, 3, 3, 3, 3, 3, 3, 3, 3, 3, 3, 3, 3, 3, 3, 3, 3, 3, 3, 3, 3, 3, 3, 3, 3, 3, 3, 3, 3, 3, 3, 3, 3, 3, 3, 3, 3, 3, 3, 3, 3, 3, 3, 3, 3, 3, 3, 3, 3, 3, 3, 3, 3, 3, 3, 3, 3, 3, 3, 3, 3, 3, 3, 3, 3, 3, 3, 3, 3, 3, 3, 3, 3, 3, 3, 3, 3, 3, 3, 3, 3, 3, 3, 3, 3, 3, 3, 3, 3, 3, 3, 3, 3, 3, 3, 3, 3, 3, 3, 3, 3, 3, 3, 3, 3, 3, 3, 3, 3, 3, 3, 3, 3, 3, 3, 3, 3, 3, 3, 3, 3, 3, 3, 3, 3, 3, 3, 3, 3, 3, 3, 3, 3, 3, 3, 3, 3, 3, 3, 3, 3, 3, 3, 3, 3, 3, 3, 3, 3, 3, 3, 3, 3, 3, 3, 3, 3, 3, 3, 3, 3, 3, 3, 3, 3, 3, 3, 3, 3, 3, 3, 3, 3]
2024-01-23 11:31:46,578[INFO] 257
2024-01-23 11:32:20,629[DEBUG] TDVP-PS Krylov space: DescribeResult(nobs=1026, minmax=(4, 63), mean=32.47953216374269, variance=66.66348309798887, skewness=0.8877746118011424, kurtosis=1.452480081366625)
2024-01-23 11:32:21,479[INFO] 0.9950372633988729, -0.0007050208000269723
2024-01-23 11:32:46,561[DEBUG] TDVP-PS Krylov space: DescribeResult(nobs=1026, minmax=(4, 63), mean=23.4541910331384, variance=184.5661921742024, skewness=1.0219445056223897, kurtosis=-0.007850882742564291)
2024-01-23 11:32:47,505[INFO] 0.9804948572786686, -0.005504308047245526
2024-01-23 11:33:07,319[DEBUG] TDVP-PS Krylov space: DescribeResult(nobs=1026, minmax=(4, 63), mean=21.499025341130604, variance=166.7009746588694, skewness=1.4057672394828973, kurtosis=1.0328539257966023)
2024-01-23 11:33:08,181[INFO] 0.9570871640705567, -0.014860852818483076
2024-01-23 11:33:28,636[DEBUG] TDVP-PS Krylov space: DescribeResult(nobs=1026, minmax=(4, 63), mean=20.898635477582847, variance=156.65312984357917, skewness=1.5484884371692724, kurtosis=1.532930408405563)
2024-01-23 11:33:29,523[INFO] 0.9256019497377985, -0.02770267450380502
2024-01-23 11:33:52,301[DEBUG] TDVP-PS Krylov space: DescribeResult(nobs=1026, minmax=(4, 63), mean=20.337231968810915, variance=146.93591974516238, skewness=1.6929457609204182, kurtosis=2.075442901998519)
2024-01-23 11:33:53,267[INFO] 0.8868365822884386, -0.04312917635635187
2024-01-23 11:34:16,145[DEBUG] TDVP-PS Krylov space: DescribeResult(nobs=1026, minmax=(4, 63), mean=20.031189083820664, variance=150.23317263348073, skewness=1.736787152499242, kurtosis=2.2176505539002838)
2024-01-23 11:34:17,032[INFO] 0.8415876054446845, -0.06049524084237449
2024-01-23 11:34:39,260[DEBUG] TDVP-PS Krylov space: DescribeResult(nobs=1026, minmax=(4, 65), mean=20.037037037037038, variance=154.35374887082205, skewness=1.7276388593954355, kurtosis=2.175439089724123)
2024-01-23 11:34:40,166[INFO] 0.7906480681120361, -0.07933179239411453
2024-01-23 11:34:59,241[DEBUG] TDVP-PS Krylov space: DescribeResult(nobs=1026, minmax=(4, 63), mean=20.04093567251462, variance=155.6178348309799, skewness=1.7144801967206114, kurtosis=2.1429474333328473)
2024-01-23 11:35:00,069[INFO] 0.7348050116573408, -0.09929859113601654
2024-01-23 11:35:21,238[DEBUG] TDVP-PS Krylov space: DescribeResult(nobs=1026, minmax=(4, 63), mean=19.941520467836256, variance=152.20535729567823, skewness=1.6875954378884883, kurtosis=2.0499648282659004)
2024-01-23 11:35:22,124[INFO] 0.6748366652088756, -0.12013205084884752
2024-01-23 11:35:43,481[DEBUG] TDVP-PS Krylov space: DescribeResult(nobs=1026, minmax=(4, 63), mean=19.82261208576998, variance=148.56362478010746, skewness=1.674115519951335, kurtosis=2.0379578757761063)
2024-01-23 11:35:44,424[INFO] 0.6115089059469659, -0.14159942979911416
2024-01-23 11:35:44,424[INFO] [(0.9950372633988729, -0.0007050208000269723), (0.9804948572786686, -0.005504308047245526), (0.9570871640705567, -0.014860852818483076), (0.9256019497377985, -0.02770267450380502), (0.8868365822884386, -0.04312917635635187), (0.8415876054446845, -0.06049524084237449), (0.7906480681120361, -0.07933179239411453), (0.7348050116573408, -0.09929859113601654), (0.6748366652088756, -0.12013205084884752), (0.6115089059469659, -0.14159942979911416)]
2024-01-23 11:35:44,425[INFO] [34.37336349487305, 25.395955562591553, 20.102545261383057, 20.754966259002686, 23.144033908843994, 23.17793369293213, 22.526287317276, 19.322503089904785, 21.464748859405518, 21.658201217651367]
2024-01-23 11:35:44,425[INFO] (23.192053866386413, 4.075767256131715)
