2024-01-23 12:08:11,639[INFO] w:[ 0.61543317  1.25040714  1.9062036   2.58423463  3.28606103  4.01341391
  4.76822047  5.55263473  6.36907462  7.22026691  8.10930216  9.03970247
 10.01550576 11.04137165 12.12271607 13.26588435 14.47837678 15.76914721
 17.14900464 18.63116408 20.23201823 21.97224577 23.87844937 25.98565968
 28.3413204  31.01194825 34.09496184 37.74139298 42.20426401 47.95790546
 56.06720762 69.93015123]
2024-01-23 12:08:11,640[INFO] c:[0.25579156 0.43530045 0.59721058 0.75032512 0.89847759 1.04384495
 1.18786688 1.33160329 1.47590289 1.62149446 1.76904199 1.91918187
 2.07255084 2.2298097  2.39166572 2.55889629 2.73237583 2.91310866
 3.10227089 3.30126602 3.5118013  3.73599568 3.97653784 4.23692561
 4.52184414 4.83779339 5.19419423 5.60549504 6.09561848 6.70881297
 7.54279361 8.90223141]
2024-01-23 12:08:11,641[INFO] integrate: 0.00026735466843086814, 2.5661687696741414e-09
2024-01-23 12:08:11,641[INFO] renormalization constant: 0.9998298112155967
2024-01-23 12:08:12,048[INFO]                                                                              ┌[('v_0',), ('v_1',), ('v_2',)]
2024-01-23 12:08:12,048[INFO]                                                    ┌[(('MCTDH virtual', 2),)]┤
2024-01-23 12:08:12,049[INFO]                                                    │                         └[('v_3',), ('v_4',), ('v_5',)]
2024-01-23 12:08:12,049[INFO]                                                    │                         ┌[('v_6',), ('v_7',), ('v_8',)]
2024-01-23 12:08:12,049[INFO]                          ┌[(('MCTDH virtual', 1),)]┼[(('MCTDH virtual', 3),)]┤
2024-01-23 12:08:12,049[INFO]                          │                         │                         └[('v_9',), ('v_10',), ('v_11',)]
2024-01-23 12:08:12,049[INFO]                          │                         └[(('MCTDH virtual', 4),)]
2024-01-23 12:08:12,049[INFO]                          │                                                   ┌[('v_12',), ('v_13',), ('v_14',)]
2024-01-23 12:08:12,049[INFO]                          │                         ┌[(('MCTDH virtual', 6),)]┤
2024-01-23 12:08:12,049[INFO]                          │                         │                         └[('v_15',), ('v_16',), ('v_17',)]
2024-01-23 12:08:12,049[INFO]                          │                         │                         ┌[('v_18',), ('v_19',), ('v_20',)]
2024-01-23 12:08:12,049[INFO]                          ├[(('MCTDH virtual', 5),)]┼[(('MCTDH virtual', 7),)]┤
2024-01-23 12:08:12,049[INFO]                          │                         │                         └[('v_21',), ('v_22',), ('v_23',)]
2024-01-23 12:08:12,049[INFO]                          │                         └[(('MCTDH virtual', 8),)]
2024-01-23 12:08:12,049[INFO] [(('MCTDH virtual', 0),)]┤
2024-01-23 12:08:12,049[INFO]                          │                         ┌[('v_24',), ('v_25',), ('v_26',)]
2024-01-23 12:08:12,049[INFO]                          ├[(('MCTDH virtual', 9),)]┼[('v_27',), ('v_28',), ('v_29',)]
2024-01-23 12:08:12,049[INFO]                          │                         └[('v_30',), ('v_31',)]
2024-01-23 12:08:12,050[INFO]                          └[('spin',)]
2024-01-23 12:08:12,055[DEBUG] # of operator terms: 98
2024-01-23 12:08:12,908[DEBUG] # of operator terms: 1
2024-01-23 12:08:13,037[DEBUG] # of operator terms: 1
2024-01-23 12:08:13,168[DEBUG] target for expander: 19
2024-01-23 12:08:13,168[DEBUG] average bond dimension of hint mpo: 3
2024-01-23 12:08:13,168[DEBUG] cumulated bond dimension: 1. lastone bond dimension: [1, 1, 1, 1, 1, 1, 1, 1, 1, 1, 1, 1, 1, 1, 1, 1, 1, 1, 1, 1, 1, 1]
2024-01-23 12:08:13,304[DEBUG] # of operator terms: 1
2024-01-23 12:08:13,628[DEBUG] cumulated bond dimension: 4. lastone bond dimension: [1, 3, 3, 3, 3, 3, 3, 3, 1, 3, 3, 3, 3, 3, 3, 3, 1, 3, 3, 3, 3, 3]
2024-01-23 12:08:14,041[DEBUG] cumulated bond dimension: 11. lastone bond dimension: [1, 9, 9, 9, 9, 9, 9, 9, 1, 9, 9, 9, 9, 9, 9, 9, 1, 9, 9, 9, 9, 9]
2024-01-23 12:08:15,146[DEBUG] cumulated bond dimension: 16. lastone bond dimension: [1, 21, 21, 21, 21, 21, 21, 21, 1, 21, 21, 21, 21, 21, 21, 21, 1, 21, 21, 21, 21, 6]
2024-01-23 12:08:16,664[DEBUG] expander bond dimension: [1, 19, 19, 19, 19, 19, 19, 19, 1, 19, 19, 19, 19, 19, 19, 19, 1, 19, 19, 19, 19, 2]
2024-01-23 12:08:17,082[INFO] [1, 20, 20, 20, 20, 20, 20, 20, 1, 20, 20, 20, 20, 20, 20, 20, 1, 20, 20, 20, 20, 2]
2024-01-23 12:08:17,083[INFO] [1, 3, 3, 3, 3, 3, 3, 3, 1, 3, 3, 3, 3, 3, 3, 3, 1, 3, 3, 3, 3, 3]
2024-01-23 12:08:17,083[INFO] 22
2024-01-23 12:08:50,511[DEBUG] TDVP-PS Krylov space: DescribeResult(nobs=86, minmax=(1, 31), mean=16.3953488372093, variance=69.23009575923392, skewness=-0.3286717856066008, kurtosis=-0.9608627540313766)
2024-01-23 12:08:50,871[INFO] 0.9950382372650713, -0.0006903889049858483
2024-01-23 12:09:41,705[DEBUG] TDVP-PS Krylov space: DescribeResult(nobs=86, minmax=(1, 35), mean=21.023255813953487, variance=76.70533515731874, skewness=-1.1051449703743763, kurtosis=0.756899255790342)
2024-01-23 12:09:42,276[INFO] 0.9804982363655146, -0.0054890430391363355
2024-01-23 12:10:39,872[DEBUG] TDVP-PS Krylov space: DescribeResult(nobs=86, minmax=(1, 37), mean=20.13953488372093, variance=80.56853625170997, skewness=-0.6177329887830618, kurtosis=0.33147712481110725)
2024-01-23 12:10:40,460[INFO] 0.9570925274418125, -0.014898856695281912
2024-01-23 12:11:30,029[DEBUG] TDVP-PS Krylov space: DescribeResult(nobs=86, minmax=(1, 37), mean=19.11627906976744, variance=80.73926128590972, skewness=-0.2515582423054086, kurtosis=0.23007120566713013)
2024-01-23 12:11:30,445[INFO] 0.9256068168323017, -0.027625095043613244
2024-01-23 12:12:24,271[DEBUG] TDVP-PS Krylov space: DescribeResult(nobs=86, minmax=(1, 37), mean=18.674418604651162, variance=80.88098495212037, skewness=-0.09029141486126896, kurtosis=0.24549840292586733)
2024-01-23 12:12:24,866[INFO] 0.886836321416121, -0.04322242411819413
2024-01-23 12:13:20,426[DEBUG] TDVP-PS Krylov space: DescribeResult(nobs=86, minmax=(1, 37), mean=18.093023255813954, variance=79.63830369357042, skewness=0.040209206272974016, kurtosis=0.24445124299585386)
2024-01-23 12:13:21,024[INFO] 0.841571829748571, -0.060466564582813284
2024-01-23 12:14:15,228[DEBUG] TDVP-PS Krylov space: DescribeResult(nobs=86, minmax=(1, 37), mean=17.72093023255814, variance=80.13296853625172, skewness=0.15586915551636757, kurtosis=0.21995187110277925)
2024-01-23 12:14:15,814[INFO] 0.790608771900937, -0.07939717637906726
2024-01-23 12:15:08,838[DEBUG] TDVP-PS Krylov space: DescribeResult(nobs=86, minmax=(1, 37), mean=17.441860465116278, variance=80.93187414500683, skewness=0.25767372233602437, kurtosis=0.2416784739952793)
2024-01-23 12:15:09,422[INFO] 0.734720161199838, -0.09948078257803483
2024-01-23 12:16:03,075[DEBUG] TDVP-PS Krylov space: DescribeResult(nobs=86, minmax=(1, 37), mean=17.13953488372093, variance=81.90971272229825, skewness=0.3567007396427388, kurtosis=0.23496481161608385)
2024-01-23 12:16:03,734[INFO] 0.6746968373476435, -0.12006628510740469
2024-01-23 12:16:52,162[DEBUG] TDVP-PS Krylov space: DescribeResult(nobs=86, minmax=(1, 37), mean=16.976744186046513, variance=82.44651162790697, skewness=0.40310519552897606, kurtosis=0.2220081843248214)
2024-01-23 12:16:52,750[INFO] 0.6112781596749316, -0.14199278450935068
2024-01-23 12:16:52,750[INFO] [(0.9950382372650713, -0.0006903889049858483), (0.9804982363655146, -0.0054890430391363355), (0.9570925274418125, -0.014898856695281912), (0.9256068168323017, -0.027625095043613244), (0.886836321416121, -0.04322242411819413), (0.841571829748571, -0.060466564582813284), (0.790608771900937, -0.07939717637906726), (0.734720161199838, -0.09948078257803483), (0.6746968373476435, -0.12006628510740469), (0.6112781596749316, -0.14199278450935068)]
2024-01-23 12:16:52,750[INFO] [33.54863381385803, 51.02333927154541, 57.79585528373718, 49.69830298423767, 54.025458574295044, 55.757367849349976, 54.40091252326965, 53.21873879432678, 53.862974643707275, 48.624024868011475]
2024-01-23 12:16:52,751[INFO] (51.19556086063385, 6.435551165565899)
