2024-01-24 10:20:10,387[INFO] w:[ 1.21249244  2.50326286  3.88312029  5.36527973  6.96613389  8.70636143
 10.61256502 12.71977533 15.07543605 17.7460639  20.8290775  24.47550863
 28.93837966 34.69202111 42.80132327 56.66426688]
2024-01-24 10:20:10,387[INFO] c:[ 0.59264185  1.0207347   1.4187918   1.80812027  2.19926165  2.59962412
  3.01577066  3.45455903  3.92405829  4.43465224  5.00075485  5.64393278
  6.39939173  7.33170935  8.58273958 10.59290296]
2024-01-24 10:20:10,387[INFO] integrate: 0.0006749250730816019, 2.007589761904222e-12
2024-01-24 10:20:10,387[INFO] renormalization constant: 0.9995704216488225
2024-01-24 10:20:11,051[INFO]                                                                                                        ┌[('v_0',)]
2024-01-24 10:20:11,051[INFO]                                                                              ┌[(('MCTDH virtual', 3),)]┤
2024-01-24 10:20:11,051[INFO]                                                                              │                         └[('v_1',)]
2024-01-24 10:20:11,051[INFO]                                                    ┌[(('MCTDH virtual', 2),)]┤
2024-01-24 10:20:11,051[INFO]                                                    │                         │                         ┌[('v_2',)]
2024-01-24 10:20:11,051[INFO]                                                    │                         └[(('MCTDH virtual', 4),)]┤
2024-01-24 10:20:11,051[INFO]                                                    │                                                   └[('v_3',)]
2024-01-24 10:20:11,051[INFO]                          ┌[(('MCTDH virtual', 1),)]┤
2024-01-24 10:20:11,051[INFO]                          │                         │                                                   ┌[('v_4',)]
2024-01-24 10:20:11,051[INFO]                          │                         │                         ┌[(('MCTDH virtual', 6),)]┤
2024-01-24 10:20:11,051[INFO]                          │                         │                         │                         └[('v_5',)]
2024-01-24 10:20:11,051[INFO]                          │                         └[(('MCTDH virtual', 5),)]┤
2024-01-24 10:20:11,051[INFO]                          │                                                   │                         ┌[('v_6',)]
2024-01-24 10:20:11,051[INFO]                          │                                                   └[(('MCTDH virtual', 7),)]┤
2024-01-24 10:20:11,051[INFO]                          │                                                                             └[('v_7',)]
2024-01-24 10:20:11,051[INFO]                          │                                                                              ┌[('v_8',)]
2024-01-24 10:20:11,051[INFO]                          │                                                   ┌[(('MCTDH virtual', 10),)]┤
2024-01-24 10:20:11,051[INFO]                          │                                                   │                          └[('v_9',)]
2024-01-24 10:20:11,051[INFO]                          │                         ┌[(('MCTDH virtual', 9),)]┤
2024-01-24 10:20:11,051[INFO]                          │                         │                         │                          ┌[('v_10',)]
2024-01-24 10:20:11,051[INFO]                          │                         │                         └[(('MCTDH virtual', 11),)]┤
2024-01-24 10:20:11,051[INFO]                          │                         │                                                    └[('v_11',)]
2024-01-24 10:20:11,051[INFO] [(('MCTDH virtual', 0),)]┼[(('MCTDH virtual', 8),)]┤
2024-01-24 10:20:11,051[INFO]                          │                         │                                                     ┌[('v_12',)]
2024-01-24 10:20:11,051[INFO]                          │                         │                          ┌[(('MCTDH virtual', 13),)]┤
2024-01-24 10:20:11,051[INFO]                          │                         │                          │                          └[('v_13',)]
2024-01-24 10:20:11,051[INFO]                          │                         └[(('MCTDH virtual', 12),)]┤
2024-01-24 10:20:11,051[INFO]                          │                                                    │                          ┌[('v_14',)]
2024-01-24 10:20:11,052[INFO]                          │                                                    └[(('MCTDH virtual', 14),)]┤
2024-01-24 10:20:11,052[INFO]                          │                                                                               └[('v_15',)]
2024-01-24 10:20:11,052[INFO]                          └[('spin',)]
2024-01-24 10:20:11,053[DEBUG] # of operator terms: 50
2024-01-24 10:20:11,155[DEBUG] # of operator terms: 1
2024-01-24 10:20:11,208[DEBUG] # of operator terms: 1
2024-01-24 10:20:11,262[INFO] [[1], [1], [1], [1], [70], [70], [1], [70], [70], [1], [1], [70], [70], [1], [70], [70], [1], [1], [1], [70], [70], [1], [70], [70], [1], [1], [70], [70], [1], [70], [70], [2]]
2024-01-24 10:20:11,265[DEBUG] target for expander: 19
2024-01-24 10:20:11,265[DEBUG] average bond dimension of hint mpo: 3
2024-01-24 10:20:11,265[DEBUG] cumulated bond dimension: 1. lastone bond dimension: [1, 1, 1, 1, 1, 1, 1, 1, 1, 1, 1, 1, 1, 1, 1, 1, 1, 1, 1, 1, 1, 1, 1, 1, 1, 1, 1, 1, 1, 1, 1, 1]
2024-01-24 10:20:11,273[DEBUG] # of operator terms: 1
2024-01-24 10:20:11,376[DEBUG] cumulated bond dimension: 4. lastone bond dimension: [1, 3, 3, 3, 3, 3, 3, 3, 3, 3, 3, 3, 3, 3, 3, 3, 3, 3, 3, 3, 3, 3, 3, 3, 3, 3, 3, 3, 3, 3, 3, 3]
2024-01-24 10:20:11,453[DEBUG] cumulated bond dimension: 12. lastone bond dimension: [1, 9, 9, 9, 9, 9, 9, 9, 9, 9, 9, 9, 9, 9, 9, 9, 9, 9, 9, 9, 9, 9, 9, 9, 9, 9, 9, 9, 9, 9, 9, 9]
2024-01-24 10:20:11,642[DEBUG] cumulated bond dimension: 18. lastone bond dimension: [1, 21, 21, 21, 21, 21, 21, 21, 21, 21, 21, 21, 21, 21, 21, 21, 21, 21, 21, 21, 21, 21, 21, 21, 21, 21, 21, 21, 21, 21, 21, 6]
2024-01-24 10:20:11,882[DEBUG] expander bond dimension: [1, 19, 19, 19, 19, 19, 19, 19, 19, 19, 19, 19, 19, 19, 19, 19, 19, 19, 19, 19, 19, 19, 19, 19, 19, 19, 19, 19, 19, 19, 19, 2]
2024-01-24 10:20:11,964[INFO] [1, 20, 20, 20, 20, 20, 20, 20, 20, 20, 20, 20, 20, 20, 20, 20, 20, 20, 20, 20, 20, 20, 20, 20, 20, 20, 20, 20, 20, 20, 20, 2]
2024-01-24 10:20:11,964[INFO] [1, 3, 3, 3, 3, 3, 3, 3, 3, 3, 3, 3, 3, 3, 3, 3, 3, 3, 3, 3, 3, 3, 3, 3, 3, 3, 3, 3, 3, 3, 3, 3]
2024-01-24 10:20:11,964[INFO] 32
2024-01-24 10:20:14,949[DEBUG] TDVP-PS Krylov space: DescribeResult(nobs=126, minmax=(4, 59), mean=32.98412698412698, variance=234.623746031746, skewness=-0.10682798092921528, kurtosis=-1.1795199835516963)
2024-01-24 10:20:14,984[INFO] 0.9950400184131208, -0.0006604676453274691
2024-01-24 10:20:18,474[DEBUG] TDVP-PS Krylov space: DescribeResult(nobs=126, minmax=(4, 71), mean=39.36507936507937, variance=163.89765079365077, skewness=-0.21166975271556976, kurtosis=0.22968766860750955)
2024-01-24 10:20:18,510[INFO] 0.9805039722403103, -0.005542271248939756
2024-01-24 10:20:21,664[DEBUG] TDVP-PS Krylov space: DescribeResult(nobs=126, minmax=(4, 75), mean=36.01587301587302, variance=208.46374603174604, skewness=0.4468027922895176, kurtosis=-0.032125337591224046)
2024-01-24 10:20:21,699[INFO] 0.9571012252698418, -0.014772235332841875
2024-01-24 10:20:24,731[DEBUG] TDVP-PS Krylov space: DescribeResult(nobs=126, minmax=(4, 77), mean=34.36507936507937, variance=232.2016507936508, skewness=0.7481730605152548, kurtosis=0.19545696819011882)
2024-01-24 10:20:24,767[INFO] 0.9256158383616796, -0.027829037432874546
2024-01-24 10:20:27,705[DEBUG] TDVP-PS Krylov space: DescribeResult(nobs=126, minmax=(4, 77), mean=33.23809523809524, variance=233.15885714285713, skewness=0.8885109799888812, kurtosis=0.3698169092015213)
2024-01-24 10:20:27,740[INFO] 0.8868318688824204, -0.04290106203936633
2024-01-24 10:20:30,678[DEBUG] TDVP-PS Krylov space: DescribeResult(nobs=126, minmax=(4, 77), mean=33.07936507936508, variance=247.8656507936508, skewness=0.8655860631418495, kurtosis=0.16636352734337567)
2024-01-24 10:20:30,714[INFO] 0.8415462519961806, -0.061022299118628755
2024-01-24 10:20:33,679[DEBUG] TDVP-PS Krylov space: DescribeResult(nobs=126, minmax=(4, 77), mean=33.04761904761905, variance=244.2857142857143, skewness=0.887962053682258, kurtosis=0.25546814824663855)
2024-01-24 10:20:33,715[INFO] 0.7905299933303009, -0.07868963991370319
2024-01-24 10:20:36,622[DEBUG] TDVP-PS Krylov space: DescribeResult(nobs=126, minmax=(4, 77), mean=32.74603174603175, variance=237.6629841269841, skewness=0.9208434050594372, kurtosis=0.35353640727899105)
2024-01-24 10:20:36,657[INFO] 0.7345690706384301, -0.10051902857564084
2024-01-24 10:20:39,545[DEBUG] TDVP-PS Krylov space: DescribeResult(nobs=126, minmax=(4, 77), mean=32.44444444444444, variance=242.24888888888887, skewness=0.9400262039206714, kurtosis=0.4015350344355606)
2024-01-24 10:20:39,581[INFO] 0.6744406143092528, -0.11949468471120034
2024-01-24 10:20:42,476[DEBUG] TDVP-PS Krylov space: DescribeResult(nobs=126, minmax=(4, 79), mean=32.3968253968254, variance=252.2092698412699, skewness=0.9572465004848245, kurtosis=0.42859747081159005)
2024-01-24 10:20:42,512[INFO] 0.6108508633833764, -0.14217102646541324
2024-01-24 10:20:42,512[INFO] [(0.9950400184131208, -0.0006604676453274691), (0.9805039722403103, -0.005542271248939756), (0.9571012252698418, -0.014772235332841875), (0.9256158383616796, -0.027829037432874546), (0.8868318688824204, -0.04290106203936633), (0.8415462519961806, -0.061022299118628755), (0.7905299933303009, -0.07868963991370319), (0.7345690706384301, -0.10051902857564084), (0.6744406143092528, -0.11949468471120034), (0.6108508633833764, -0.14217102646541324)]
2024-01-24 10:20:42,512[INFO] [2.9967641830444336, 3.5022222995758057, 3.1657135486602783, 3.0439443588256836, 2.949723958969116, 2.949779748916626, 2.97756290435791, 2.918398141860962, 2.900146245956421, 2.907691240310669]
2024-01-24 10:20:42,512[INFO] (3.0311946630477906, 0.1739547197702039)
