2024-01-24 10:18:02,083[INFO] w:[ 1.21249244  2.50326286  3.88312029  5.36527973  6.96613389  8.70636143
 10.61256502 12.71977533 15.07543605 17.7460639  20.8290775  24.47550863
 28.93837966 34.69202111 42.80132327 56.66426688]
2024-01-24 10:18:02,083[INFO] c:[ 0.59264185  1.0207347   1.4187918   1.80812027  2.19926165  2.59962412
  3.01577066  3.45455903  3.92405829  4.43465224  5.00075485  5.64393278
  6.39939173  7.33170935  8.58273958 10.59290296]
2024-01-24 10:18:02,083[INFO] integrate: 0.0006749250730816019, 2.007589761904222e-12
2024-01-24 10:18:02,083[INFO] renormalization constant: 0.9995704216488225
2024-01-24 10:18:02,309[INFO]                                                                              ┌[('v_0',), ('v_1',)]
2024-01-24 10:18:02,309[INFO]                                                    ┌[(('MCTDH virtual', 2),)]┤
2024-01-24 10:18:02,309[INFO]                                                    │                         └[('v_2',), ('v_3',)]
2024-01-24 10:18:02,310[INFO]                          ┌[(('MCTDH virtual', 1),)]┤
2024-01-24 10:18:02,310[INFO]                          │                         │                         ┌[('v_4',), ('v_5',)]
2024-01-24 10:18:02,310[INFO]                          │                         └[(('MCTDH virtual', 3),)]┤
2024-01-24 10:18:02,310[INFO]                          │                                                   └[('v_6',), ('v_7',)]
2024-01-24 10:18:02,310[INFO]                          │                                                   ┌[('v_8',), ('v_9',)]
2024-01-24 10:18:02,310[INFO]                          │                         ┌[(('MCTDH virtual', 5),)]┤
2024-01-24 10:18:02,310[INFO]                          │                         │                         └[('v_10',), ('v_11',)]
2024-01-24 10:18:02,310[INFO] [(('MCTDH virtual', 0),)]┼[(('MCTDH virtual', 4),)]┤
2024-01-24 10:18:02,310[INFO]                          │                         │                         ┌[('v_12',), ('v_13',)]
2024-01-24 10:18:02,310[INFO]                          │                         └[(('MCTDH virtual', 6),)]┤
2024-01-24 10:18:02,310[INFO]                          │                                                   └[('v_14',), ('v_15',)]
2024-01-24 10:18:02,310[INFO]                          └[('spin',)]
2024-01-24 10:18:02,311[DEBUG] # of operator terms: 50
2024-01-24 10:18:02,423[DEBUG] # of operator terms: 1
2024-01-24 10:18:02,461[DEBUG] # of operator terms: 1
2024-01-24 10:18:02,500[INFO] [[1], [1], [1], [20, 20], [20, 20], [1], [20, 20], [20, 20], [1], [1], [20, 20], [20, 20], [1], [20, 20], [20, 20], [2]]
2024-01-24 10:18:02,501[DEBUG] target for expander: 19
2024-01-24 10:18:02,501[DEBUG] average bond dimension of hint mpo: 3
2024-01-24 10:18:02,501[DEBUG] cumulated bond dimension: 1. lastone bond dimension: [1, 1, 1, 1, 1, 1, 1, 1, 1, 1, 1, 1, 1, 1, 1, 1]
2024-01-24 10:18:02,521[DEBUG] # of operator terms: 1
2024-01-24 10:18:02,587[DEBUG] cumulated bond dimension: 4. lastone bond dimension: [1, 3, 3, 3, 3, 3, 3, 3, 3, 3, 3, 3, 3, 3, 3, 3]
2024-01-24 10:18:02,651[DEBUG] cumulated bond dimension: 12. lastone bond dimension: [1, 9, 9, 9, 9, 9, 9, 9, 9, 9, 9, 9, 9, 9, 9, 9]
2024-01-24 10:18:02,773[DEBUG] cumulated bond dimension: 17. lastone bond dimension: [1, 21, 21, 21, 21, 21, 21, 21, 21, 21, 21, 21, 21, 21, 21, 6]
2024-01-24 10:18:02,931[DEBUG] expander bond dimension: [1, 19, 19, 19, 19, 19, 19, 19, 19, 19, 19, 19, 19, 19, 19, 2]
2024-01-24 10:18:02,991[INFO] [1, 20, 20, 20, 20, 20, 20, 20, 20, 20, 20, 20, 20, 20, 20, 2]
2024-01-24 10:18:02,992[INFO] [1, 3, 3, 3, 3, 3, 3, 3, 3, 3, 3, 3, 3, 3, 3, 3]
2024-01-24 10:18:02,992[INFO] 16
2024-01-24 10:18:05,788[DEBUG] TDVP-PS Krylov space: DescribeResult(nobs=62, minmax=(4, 37), mean=22.612903225806452, variance=97.09360126916977, skewness=-0.24451595582567273, kurtosis=-1.1330034908921702)
2024-01-24 10:18:05,841[INFO] 0.9950400183293825, -0.0006604700174612716
2024-01-24 10:18:08,912[DEBUG] TDVP-PS Krylov space: DescribeResult(nobs=62, minmax=(4, 39), mean=25.258064516129032, variance=79.07985193019564, skewness=-0.5406292645603679, kurtosis=-0.0548356435371522)
2024-01-24 10:18:08,965[INFO] 0.9805039722737986, -0.005542270810720274
2024-01-24 10:18:11,976[DEBUG] TDVP-PS Krylov space: DescribeResult(nobs=62, minmax=(4, 41), mean=23.93548387096774, variance=80.02855631940773, skewness=-0.05640014338021927, kurtosis=-0.04808520439498398)
2024-01-24 10:18:12,026[INFO] 0.9571012259882544, -0.014772225611904609
2024-01-24 10:18:14,952[DEBUG] TDVP-PS Krylov space: DescribeResult(nobs=62, minmax=(4, 41), mean=23.0, variance=78.36065573770492, skewness=0.11179232880755226, kurtosis=-0.11078762626704686)
2024-01-24 10:18:15,000[INFO] 0.9256158399358078, -0.027829025281635462
2024-01-24 10:18:17,925[DEBUG] TDVP-PS Krylov space: DescribeResult(nobs=62, minmax=(4, 43), mean=22.580645161290324, variance=79.95240613432047, skewness=0.26133434430706853, kurtosis=-0.017393609699842827)
2024-01-24 10:18:17,973[INFO] 0.8868318711179939, -0.042901044661346734
2024-01-24 10:18:20,922[DEBUG] TDVP-PS Krylov space: DescribeResult(nobs=62, minmax=(4, 43), mean=22.516129032258064, variance=80.94235854045479, skewness=0.2731238082176525, kurtosis=-0.10330481131257585)
2024-01-24 10:18:20,970[INFO] 0.8415462493472272, -0.061022275582058076
2024-01-24 10:18:23,868[DEBUG] TDVP-PS Krylov space: DescribeResult(nobs=62, minmax=(4, 41), mean=22.35483870967742, variance=81.74087784241141, skewness=0.2831982967005237, kurtosis=-0.2030158077052473)
2024-01-24 10:18:23,915[INFO] 0.7905299840492475, -0.07868961881013764
2024-01-24 10:18:26,786[DEBUG] TDVP-PS Krylov space: DescribeResult(nobs=62, minmax=(4, 43), mean=21.870967741935484, variance=81.98307773664729, skewness=0.36941394543400613, kurtosis=-0.1692284912684947)
2024-01-24 10:18:26,833[INFO] 0.7345690516116488, -0.10051900159130342
2024-01-24 10:18:29,642[DEBUG] TDVP-PS Krylov space: DescribeResult(nobs=62, minmax=(4, 43), mean=21.580645161290324, variance=80.5097831835008, skewness=0.36434170084512113, kurtosis=-0.15748287182303589)
2024-01-24 10:18:29,691[INFO] 0.6744405852345832, -0.11949467942972412
2024-01-24 10:18:32,536[DEBUG] TDVP-PS Krylov space: DescribeResult(nobs=62, minmax=(4, 43), mean=21.451612903225808, variance=82.35007932310944, skewness=0.37651149858097366, kurtosis=-0.23905605855440104)
2024-01-24 10:18:32,584[INFO] 0.6108508289880827, -0.14217101360922066
2024-01-24 10:18:32,585[INFO] [(0.9950400183293825, -0.0006604700174612716), (0.9805039722737986, -0.005542270810720274), (0.9571012259882544, -0.014772225611904609), (0.9256158399358078, -0.027829025281635462), (0.8868318711179939, -0.042901044661346734), (0.8415462493472272, -0.061022275582058076), (0.7905299840492475, -0.07868961881013764), (0.7345690516116488, -0.10051900159130342), (0.6744405852345832, -0.11949467942972412), (0.6108508289880827, -0.14217101360922066)]
2024-01-24 10:18:32,585[INFO] [2.8145933151245117, 3.088589668273926, 3.028562068939209, 2.94248366355896, 2.941145181655884, 2.9650509357452393, 2.9141337871551514, 2.886849880218506, 2.825299024581909, 2.8615550994873047]
2024-01-24 10:18:32,585[INFO] (2.92682626247406, 0.0820685289044628)
