2024-01-23 20:29:31,251[INFO] w:[ 0.72735288  1.48215944  2.26657371  3.0830136   3.93420588  4.82324114
  5.75364145  6.72944473  7.75531062  8.83665505  9.97982332 11.19231576
 12.48308618 13.86294361 15.34510305 16.94595721 18.68618475 20.59238834
 22.69959866 25.05525937 27.72588722 30.80890082 34.45533195 38.91820298
 44.67184443 52.78114659 66.6440902 ]
2024-01-23 20:29:31,251[INFO] c:[0.31476567 0.53684595 0.7382541  0.92984394 1.11640377 1.30071669
 1.4846893  1.66979404 1.85728213 2.04830398 2.24398848 2.4455044
 2.65411637 2.87124384 3.09853096 3.33793644 3.59185637 3.86330079
 4.15615865 4.47561438 4.8288373  5.22619532 5.68356475 6.22720363
 6.9056394  7.82595954 9.32179861]
2024-01-23 20:29:31,252[INFO] integrate: 0.0003348091643814093, 5.119565826034887e-09
2024-01-23 20:29:31,252[INFO] renormalization constant: 0.9997868765800083
2024-01-23 20:29:31,661[INFO]                                                    ┌[('v_0',), ('v_1',), ('v_2',)]
2024-01-23 20:29:31,662[INFO]                          ┌[(('MCTDH virtual', 1),)]┼[('v_3',), ('v_4',), ('v_5',)]
2024-01-23 20:29:31,662[INFO]                          │                         └[('v_6',), ('v_7',), ('v_8',)]
2024-01-23 20:29:31,662[INFO]                          │                         ┌[('v_9',), ('v_10',), ('v_11',)]
2024-01-23 20:29:31,662[INFO]                          ├[(('MCTDH virtual', 2),)]┼[('v_12',), ('v_13',), ('v_14',)]
2024-01-23 20:29:31,662[INFO]                          │                         └[('v_15',), ('v_16',), ('v_17',)]
2024-01-23 20:29:31,662[INFO] [(('MCTDH virtual', 0),)]┤
2024-01-23 20:29:31,662[INFO]                          │                         ┌[('v_18',), ('v_19',), ('v_20',)]
2024-01-23 20:29:31,662[INFO]                          ├[(('MCTDH virtual', 3),)]┼[('v_21',), ('v_22',), ('v_23',)]
2024-01-23 20:29:31,662[INFO]                          │                         └[('v_24',), ('v_25',), ('v_26',)]
2024-01-23 20:29:31,662[INFO]                          └[('spin',)]
2024-01-23 20:29:31,667[DEBUG] # of operator terms: 83
2024-01-23 20:29:31,843[DEBUG] # of operator terms: 1
2024-01-23 20:29:31,898[DEBUG] # of operator terms: 1
2024-01-23 20:29:31,957[INFO] [[1], [1], [5, 5, 5], [5, 5, 5], [5, 5, 5], [1], [5, 5, 5], [5, 5, 5], [5, 5, 5], [1], [5, 5, 5], [5, 5, 5], [5, 5, 5], [2]]
2024-01-23 20:29:31,957[DEBUG] target for expander: 19
2024-01-23 20:29:31,958[DEBUG] average bond dimension of hint mpo: 3
2024-01-23 20:29:31,958[DEBUG] cumulated bond dimension: 1. lastone bond dimension: [1, 1, 1, 1, 1, 1, 1, 1, 1, 1, 1, 1, 1, 1]
2024-01-23 20:29:31,969[DEBUG] # of operator terms: 1
2024-01-23 20:29:32,064[DEBUG] cumulated bond dimension: 4. lastone bond dimension: [1, 3, 3, 3, 3, 3, 3, 3, 3, 3, 3, 3, 3, 3]
2024-01-23 20:29:32,223[DEBUG] cumulated bond dimension: 11. lastone bond dimension: [1, 9, 9, 9, 9, 9, 9, 9, 9, 9, 9, 9, 9, 9]
2024-01-23 20:29:33,682[DEBUG] cumulated bond dimension: 16. lastone bond dimension: [1, 21, 21, 21, 21, 21, 21, 21, 21, 21, 21, 21, 21, 6]
2024-01-23 20:29:36,087[DEBUG] expander bond dimension: [1, 19, 19, 19, 19, 19, 19, 19, 19, 19, 19, 19, 19, 2]
2024-01-23 20:29:36,338[INFO] [1, 20, 20, 20, 20, 20, 20, 20, 20, 20, 20, 20, 20, 2]
2024-01-23 20:29:36,339[INFO] [1, 3, 3, 3, 3, 3, 3, 3, 3, 3, 3, 3, 3, 3]
2024-01-23 20:29:36,339[INFO] 14
2024-01-23 20:29:48,114[DEBUG] TDVP-PS Krylov space: DescribeResult(nobs=54, minmax=(4, 19), mean=13.592592592592593, variance=17.227113906359193, skewness=-0.5642546931990344, kurtosis=-0.1338374321126108)
2024-01-23 20:29:48,371[INFO] 0.9950385201653851, -0.0006852826580169859
2024-01-23 20:29:58,635[DEBUG] TDVP-PS Krylov space: DescribeResult(nobs=54, minmax=(4, 21), mean=15.074074074074074, variance=15.466107617051014, skewness=-1.3032634547873512, kurtosis=2.4053712818304014)
2024-01-23 20:29:58,896[INFO] 0.9804991849747352, -0.00549560369319623
2024-01-23 20:30:11,416[DEBUG] TDVP-PS Krylov space: DescribeResult(nobs=54, minmax=(4, 21), mean=14.74074074074074, variance=17.74283717679944, skewness=-0.7236270441515448, kurtosis=1.0483785347166314)
2024-01-23 20:30:11,675[INFO] 0.9570938939010537, -0.01489413631497692
2024-01-23 20:30:23,969[DEBUG] TDVP-PS Krylov space: DescribeResult(nobs=54, minmax=(4, 21), mean=14.444444444444445, variance=18.855345911949684, skewness=-0.44502901646269544, kurtosis=0.543273456487114)
2024-01-23 20:30:24,229[INFO] 0.925608308741307, -0.027604584528297102
2024-01-23 20:30:35,472[DEBUG] TDVP-PS Krylov space: DescribeResult(nobs=54, minmax=(4, 23), mean=14.481481481481481, variance=19.42417889587701, skewness=-0.3851059687732972, kurtosis=0.534657578918055)
2024-01-23 20:30:35,627[INFO] 0.8868355143749839, -0.043302652218543417
2024-01-23 20:30:44,353[DEBUG] TDVP-PS Krylov space: DescribeResult(nobs=54, minmax=(4, 23), mean=14.777777777777779, variance=21.157232704402517, skewness=-0.2880440309602019, kurtosis=0.5275675438757719)
2024-01-23 20:30:44,505[INFO] 0.841567568755611, -0.06029243307303979
2024-01-23 20:30:53,178[DEBUG] TDVP-PS Krylov space: DescribeResult(nobs=54, minmax=(4, 23), mean=14.666666666666666, variance=21.77358490566038, skewness=-0.17695390904849984, kurtosis=0.3597163359154658)
2024-01-23 20:30:53,395[INFO] 0.7905957566936945, -0.07974085773357871
2024-01-23 20:31:06,101[DEBUG] TDVP-PS Krylov space: DescribeResult(nobs=54, minmax=(4, 23), mean=14.518518518518519, variance=22.103424178895878, skewness=-0.0883059488422318, kurtosis=0.2506052424647174)
2024-01-23 20:31:06,364[INFO] 0.7346958911091168, -0.09896664292357446
2024-01-23 20:31:18,372[DEBUG] TDVP-PS Krylov space: DescribeResult(nobs=54, minmax=(4, 23), mean=14.222222222222221, variance=23.232704402515722, skewness=0.062334624519945335, kurtosis=-0.03337506584522654)
2024-01-23 20:31:18,631[INFO] 0.6746531030218659, -0.12086207535490853
2024-01-23 20:31:30,639[DEBUG] TDVP-PS Krylov space: DescribeResult(nobs=54, minmax=(4, 23), mean=14.037037037037036, variance=23.43256464011181, skewness=0.1705883597210754, kurtosis=-0.062407469352159683)
2024-01-23 20:31:30,898[INFO] 0.6112121469547267, -0.14105519866665103
2024-01-23 20:31:30,899[INFO] [(0.9950385201653851, -0.0006852826580169859), (0.9804991849747352, -0.00549560369319623), (0.9570938939010537, -0.01489413631497692), (0.925608308741307, -0.027604584528297102), (0.8868355143749839, -0.043302652218543417), (0.841567568755611, -0.06029243307303979), (0.7905957566936945, -0.07974085773357871), (0.7346958911091168, -0.09896664292357446), (0.6746531030218659, -0.12086207535490853), (0.6112121469547267, -0.14105519866665103)]
2024-01-23 20:31:30,899[INFO] [11.861205339431763, 10.35192322731018, 12.605839967727661, 12.380656719207764, 11.293754816055298, 8.777530431747437, 8.725099325180054, 12.79591703414917, 12.09370732307434, 12.092777252197266]
2024-01-23 20:31:30,899[INFO] (11.297841143608093, 1.4344347816832679)
