2024-01-23 21:37:41,347[INFO] w:[ 0.72735288  1.48215944  2.26657371  3.0830136   3.93420588  4.82324114
  5.75364145  6.72944473  7.75531062  8.83665505  9.97982332 11.19231576
 12.48308618 13.86294361 15.34510305 16.94595721 18.68618475 20.59238834
 22.69959866 25.05525937 27.72588722 30.80890082 34.45533195 38.91820298
 44.67184443 52.78114659 66.6440902 ]
2024-01-23 21:37:41,348[INFO] c:[0.31476567 0.53684595 0.7382541  0.92984394 1.11640377 1.30071669
 1.4846893  1.66979404 1.85728213 2.04830398 2.24398848 2.4455044
 2.65411637 2.87124384 3.09853096 3.33793644 3.59185637 3.86330079
 4.15615865 4.47561438 4.8288373  5.22619532 5.68356475 6.22720363
 6.9056394  7.82595954 9.32179861]
2024-01-23 21:37:41,348[INFO] integrate: 0.0003348091643814093, 5.119565826034887e-09
2024-01-23 21:37:41,348[INFO] renormalization constant: 0.9997868765800083
2024-01-23 21:37:41,785[INFO]                                                                              ┌[('v_0',)]
2024-01-23 21:37:41,785[INFO]                                                    ┌[(('MCTDH virtual', 2),)]┼[('v_1',)]
2024-01-23 21:37:41,785[INFO]                                                    │                         └[('v_2',)]
2024-01-23 21:37:41,785[INFO]                                                    │                         ┌[('v_3',)]
2024-01-23 21:37:41,785[INFO]                          ┌[(('MCTDH virtual', 1),)]┼[(('MCTDH virtual', 3),)]┼[('v_4',)]
2024-01-23 21:37:41,785[INFO]                          │                         │                         └[('v_5',)]
2024-01-23 21:37:41,786[INFO]                          │                         │                         ┌[('v_6',)]
2024-01-23 21:37:41,786[INFO]                          │                         └[(('MCTDH virtual', 4),)]┼[('v_7',)]
2024-01-23 21:37:41,786[INFO]                          │                                                   └[('v_8',)]
2024-01-23 21:37:41,786[INFO]                          │                                                   ┌[('v_9',)]
2024-01-23 21:37:41,786[INFO]                          │                         ┌[(('MCTDH virtual', 6),)]┼[('v_10',)]
2024-01-23 21:37:41,786[INFO]                          │                         │                         └[('v_11',)]
2024-01-23 21:37:41,786[INFO]                          │                         │                         ┌[('v_12',)]
2024-01-23 21:37:41,786[INFO]                          ├[(('MCTDH virtual', 5),)]┼[(('MCTDH virtual', 7),)]┼[('v_13',)]
2024-01-23 21:37:41,786[INFO]                          │                         │                         └[('v_14',)]
2024-01-23 21:37:41,786[INFO]                          │                         │                         ┌[('v_15',)]
2024-01-23 21:37:41,786[INFO]                          │                         └[(('MCTDH virtual', 8),)]┼[('v_16',)]
2024-01-23 21:37:41,786[INFO]                          │                                                   └[('v_17',)]
2024-01-23 21:37:41,786[INFO] [(('MCTDH virtual', 0),)]┤
2024-01-23 21:37:41,786[INFO]                          │                                                    ┌[('v_18',)]
2024-01-23 21:37:41,786[INFO]                          │                         ┌[(('MCTDH virtual', 10),)]┼[('v_19',)]
2024-01-23 21:37:41,786[INFO]                          │                         │                          └[('v_20',)]
2024-01-23 21:37:41,786[INFO]                          │                         │                          ┌[('v_21',)]
2024-01-23 21:37:41,787[INFO]                          ├[(('MCTDH virtual', 9),)]┼[(('MCTDH virtual', 11),)]┼[('v_22',)]
2024-01-23 21:37:41,787[INFO]                          │                         │                          └[('v_23',)]
2024-01-23 21:37:41,787[INFO]                          │                         │                          ┌[('v_24',)]
2024-01-23 21:37:41,787[INFO]                          │                         └[(('MCTDH virtual', 12),)]┼[('v_25',)]
2024-01-23 21:37:41,787[INFO]                          │                                                    └[('v_26',)]
2024-01-23 21:37:41,787[INFO]                          └[('spin',)]
2024-01-23 21:37:41,792[DEBUG] # of operator terms: 83
2024-01-23 21:37:42,055[DEBUG] # of operator terms: 1
2024-01-23 21:37:42,181[DEBUG] # of operator terms: 1
2024-01-23 21:37:42,316[INFO] [[1], [1], [1], [50], [50], [50], [1], [50], [50], [50], [1], [50], [50], [50], [1], [1], [50], [50], [50], [1], [50], [50], [50], [1], [50], [50], [50], [1], [1], [50], [50], [50], [1], [50], [50], [50], [1], [50], [50], [50], [2]]
2024-01-23 21:37:42,317[DEBUG] target for expander: 19
2024-01-23 21:37:42,317[DEBUG] average bond dimension of hint mpo: 3
2024-01-23 21:37:42,317[DEBUG] cumulated bond dimension: 1. lastone bond dimension: [1, 1, 1, 1, 1, 1, 1, 1, 1, 1, 1, 1, 1, 1, 1, 1, 1, 1, 1, 1, 1, 1, 1, 1, 1, 1, 1, 1, 1, 1, 1, 1, 1, 1, 1, 1, 1, 1, 1, 1, 1]
2024-01-23 21:37:42,337[DEBUG] # of operator terms: 1
2024-01-23 21:37:42,578[DEBUG] cumulated bond dimension: 4. lastone bond dimension: [1, 3, 3, 3, 3, 3, 3, 3, 3, 3, 3, 3, 3, 3, 3, 3, 3, 3, 3, 3, 3, 3, 3, 3, 3, 3, 3, 3, 3, 3, 3, 3, 3, 3, 3, 3, 3, 3, 3, 3, 3]
2024-01-23 21:37:43,102[DEBUG] cumulated bond dimension: 12. lastone bond dimension: [1, 9, 9, 9, 9, 9, 9, 9, 9, 9, 9, 9, 9, 9, 9, 9, 9, 9, 9, 9, 9, 9, 9, 9, 9, 9, 9, 9, 9, 9, 9, 9, 9, 9, 9, 9, 9, 9, 9, 9, 9]
2024-01-23 21:37:48,154[DEBUG] cumulated bond dimension: 18. lastone bond dimension: [1, 21, 21, 21, 21, 21, 21, 21, 21, 21, 21, 21, 21, 21, 21, 21, 21, 21, 21, 21, 21, 21, 21, 21, 21, 21, 21, 21, 21, 21, 21, 21, 21, 21, 21, 21, 21, 21, 21, 21, 6]
2024-01-23 21:37:57,461[DEBUG] expander bond dimension: [1, 19, 19, 19, 19, 19, 19, 19, 19, 19, 19, 19, 19, 19, 19, 19, 19, 19, 19, 19, 19, 19, 19, 19, 19, 19, 19, 19, 19, 19, 19, 19, 19, 19, 19, 19, 19, 19, 19, 19, 2]
2024-01-23 21:37:58,466[INFO] [1, 20, 20, 20, 20, 20, 20, 20, 20, 20, 20, 20, 20, 20, 20, 20, 20, 20, 20, 20, 20, 20, 20, 20, 20, 20, 20, 20, 20, 20, 20, 20, 20, 20, 20, 20, 20, 20, 20, 20, 2]
2024-01-23 21:37:58,466[INFO] [1, 3, 3, 3, 3, 3, 3, 3, 3, 3, 3, 3, 3, 3, 3, 3, 3, 3, 3, 3, 3, 3, 3, 3, 3, 3, 3, 3, 3, 3, 3, 3, 3, 3, 3, 3, 3, 3, 3, 3, 3]
2024-01-23 21:37:58,467[INFO] 41
2024-01-23 21:39:52,499[DEBUG] TDVP-PS Krylov space: DescribeResult(nobs=162, minmax=(4, 91), mean=39.06172839506173, variance=404.8160417145924, skewness=0.03903565680700746, kurtosis=-1.057237637947227)
2024-01-23 21:39:53,496[INFO] 0.9950385205688224, -0.0006852769974197096
2024-01-23 21:41:43,157[DEBUG] TDVP-PS Krylov space: DescribeResult(nobs=162, minmax=(4, 93), mean=44.135802469135804, variance=214.22989034583236, skewness=0.6431884085597376, kurtosis=2.4452976479758775)
2024-01-23 21:41:43,734[INFO] 0.9804991850291495, -0.0054956222068829556
2024-01-23 21:44:04,142[DEBUG] TDVP-PS Krylov space: DescribeResult(nobs=162, minmax=(4, 95), mean=44.51851851851852, variance=224.16425120772948, skewness=0.781303811384994, kurtosis=2.282005849893282)
2024-01-23 21:44:04,700[INFO] 0.9570938963743763, -0.014894078400809033
2024-01-23 21:45:44,453[DEBUG] TDVP-PS Krylov space: DescribeResult(nobs=162, minmax=(4, 95), mean=42.34567901234568, variance=281.7058507783145, skewness=0.7102208291231719, kurtosis=1.022090608178682)
2024-01-23 21:45:45,021[INFO] 0.9256083046813542, -0.027604627903391937
2024-01-23 21:47:19,440[DEBUG] TDVP-PS Krylov space: DescribeResult(nobs=162, minmax=(4, 93), mean=41.123456790123456, variance=291.04056437389767, skewness=0.6608904963681435, kurtosis=0.7677240440211923)
2024-01-23 21:47:20,394[INFO] 0.8868355119562548, -0.04330267030270869
2024-01-23 21:49:06,172[DEBUG] TDVP-PS Krylov space: DescribeResult(nobs=162, minmax=(4, 95), mean=40.82716049382716, variance=302.6531707691128, skewness=0.6620687556027991, kurtosis=0.61898124787532)
2024-01-23 21:49:07,278[INFO] 0.8415675657956911, -0.06029242195763772
2024-01-23 21:51:07,193[DEBUG] TDVP-PS Krylov space: DescribeResult(nobs=162, minmax=(4, 95), mean=40.77777777777778, variance=309.7391304347826, skewness=0.6783539555994531, kurtosis=0.6199461243601139)
2024-01-23 21:51:07,746[INFO] 0.790595745210649, -0.07974077971803929
2024-01-23 21:53:18,623[DEBUG] TDVP-PS Krylov space: DescribeResult(nobs=162, minmax=(4, 95), mean=40.32098765432099, variance=307.5112338010889, skewness=0.6575846615422959, kurtosis=0.5522142127686265)
2024-01-23 21:53:19,193[INFO] 0.7346958863091755, -0.09896656468275725
2024-01-23 21:55:21,828[DEBUG] TDVP-PS Krylov space: DescribeResult(nobs=162, minmax=(4, 95), mean=39.77777777777778, variance=307.7142857142857, skewness=0.6866934609473575, kurtosis=0.6460268367804614)
2024-01-23 21:55:22,389[INFO] 0.6746530920278656, -0.120862157526737
2024-01-23 21:57:44,588[DEBUG] TDVP-PS Krylov space: DescribeResult(nobs=162, minmax=(4, 95), mean=39.58024691358025, variance=305.5494210566674, skewness=0.6842912632048042, kurtosis=0.642324163994568)
2024-01-23 21:57:45,575[INFO] 0.611212123457641, -0.14105551056188323
2024-01-23 21:57:45,576[INFO] [(0.9950385205688224, -0.0006852769974197096), (0.9804991850291495, -0.0054956222068829556), (0.9570938963743763, -0.014894078400809033), (0.9256083046813542, -0.027604627903391937), (0.8868355119562548, -0.04330267030270869), (0.8415675657956911, -0.06029242195763772), (0.790595745210649, -0.07974077971803929), (0.7346958863091755, -0.09896656468275725), (0.6746530920278656, -0.120862157526737), (0.611212123457641, -0.14105551056188323)]
2024-01-23 21:57:45,576[INFO] [114.36309051513672, 109.85530424118042, 140.59534192085266, 99.94280433654785, 94.73755288124084, 106.15129685401917, 120.11184072494507, 131.0849039554596, 122.83965682983398, 142.55274438858032]
2024-01-23 21:57:45,576[INFO] (118.22345366477967, 15.489167137575624)
