2024-01-23 20:19:55,181[INFO] w:[ 1.21249244  2.50326286  3.88312029  5.36527973  6.96613389  8.70636143
 10.61256502 12.71977533 15.07543605 17.7460639  20.8290775  24.47550863
 28.93837966 34.69202111 42.80132327 56.66426688]
2024-01-23 20:19:55,182[INFO] c:[ 0.59264185  1.0207347   1.4187918   1.80812027  2.19926165  2.59962412
  3.01577066  3.45455903  3.92405829  4.43465224  5.00075485  5.64393278
  6.39939173  7.33170935  8.58273958 10.59290296]
2024-01-23 20:19:55,182[INFO] integrate: 0.0006749250730816019, 2.007589761904222e-12
2024-01-23 20:19:55,183[INFO] renormalization constant: 0.9995704216488225
2024-01-23 20:19:55,601[INFO]           ┌[('v_1',)]─[('v_2',)]─[('v_3',)]─[('v_4',)]─[('v_5',)]─[('v_6',)]─[('v_7',)]─[('v_8',)]─[('v_9',)]─[('v_10',)]─[('v_11',)]─[('v_12',)]─[('v_13',)]─[('v_14',)]─[('v_15',)]
2024-01-23 20:19:55,601[INFO] [('v_0',)]┤
2024-01-23 20:19:55,601[INFO]           └[('spin',)]
2024-01-23 20:19:55,603[DEBUG] # of operator terms: 50
2024-01-23 20:19:55,714[DEBUG] # of operator terms: 1
2024-01-23 20:19:55,775[DEBUG] # of operator terms: 1
2024-01-23 20:19:55,837[INFO] [[10], [10], [10], [10], [10], [10], [10], [10], [10], [10], [10], [10], [10], [10], [10], [10], [2]]
2024-01-23 20:19:55,838[DEBUG] target for expander: 19
2024-01-23 20:19:55,838[DEBUG] average bond dimension of hint mpo: 3
2024-01-23 20:19:55,838[DEBUG] cumulated bond dimension: 1. lastone bond dimension: [1, 1, 1, 1, 1, 1, 1, 1, 1, 1, 1, 1, 1, 1, 1, 1, 1]
2024-01-23 20:19:55,846[DEBUG] # of operator terms: 1
2024-01-23 20:19:55,954[DEBUG] cumulated bond dimension: 4. lastone bond dimension: [1, 3, 3, 3, 3, 3, 3, 3, 3, 3, 3, 3, 3, 3, 3, 3, 3]
2024-01-23 20:19:56,027[DEBUG] cumulated bond dimension: 11. lastone bond dimension: [1, 9, 9, 9, 9, 9, 9, 9, 9, 9, 9, 9, 9, 9, 9, 9, 9]
2024-01-23 20:19:56,167[DEBUG] cumulated bond dimension: 16. lastone bond dimension: [1, 21, 21, 21, 21, 21, 21, 21, 21, 21, 21, 21, 21, 21, 21, 21, 6]
2024-01-23 20:19:56,327[DEBUG] expander bond dimension: [1, 19, 19, 19, 19, 19, 19, 19, 19, 19, 19, 19, 19, 19, 19, 10, 2]
2024-01-23 20:19:56,397[INFO] [1, 20, 20, 20, 20, 20, 20, 20, 20, 20, 20, 20, 20, 20, 20, 10, 2]
2024-01-23 20:19:56,397[INFO] [1, 3, 3, 3, 3, 3, 3, 3, 3, 3, 3, 3, 3, 3, 3, 3, 3]
2024-01-23 20:19:56,397[INFO] 17
2024-01-23 20:19:57,832[DEBUG] TDVP-PS Krylov space: DescribeResult(nobs=66, minmax=(4, 31), mean=23.424242424242426, variance=44.18648018648019, skewness=-1.6117088936851092, kurtosis=2.1488599825426196)
2024-01-23 20:19:57,871[INFO] 0.9950400182807551, -0.000660463418257203
2024-01-23 20:19:59,114[DEBUG] TDVP-PS Krylov space: DescribeResult(nobs=66, minmax=(4, 29), mean=19.666666666666668, variance=41.579487179487174, skewness=-0.5539735678776004, kurtosis=-0.08491348541118082)
2024-01-23 20:19:59,153[INFO] 0.9805039718839785, -0.0055422680537474235
2024-01-23 20:20:00,343[DEBUG] TDVP-PS Krylov space: DescribeResult(nobs=66, minmax=(4, 29), mean=18.636363636363637, variance=40.54265734265734, skewness=-0.34097908457004356, kurtosis=-0.3484941328576867)
2024-01-23 20:20:00,382[INFO] 0.9571012250932134, -0.014772224235783992
2024-01-23 20:20:01,558[DEBUG] TDVP-PS Krylov space: DescribeResult(nobs=66, minmax=(4, 29), mean=18.09090909090909, variance=40.20699300699301, skewness=-0.23269466805610625, kurtosis=-0.5559841197124609)
2024-01-23 20:20:01,606[INFO] 0.925615838587586, -0.027829029039632764
2024-01-23 20:20:02,583[DEBUG] TDVP-PS Krylov space: DescribeResult(nobs=66, minmax=(4, 27), mean=17.575757575757574, variance=39.04801864801866, skewness=-0.21097120717847406, kurtosis=-0.6675026622178617)
2024-01-23 20:20:02,604[INFO] 0.8868318718988721, -0.04290103374853023
2024-01-23 20:20:03,395[DEBUG] TDVP-PS Krylov space: DescribeResult(nobs=66, minmax=(4, 27), mean=17.454545454545453, variance=38.06713286713287, skewness=-0.15420944497652928, kurtosis=-0.5723796663868717)
2024-01-23 20:20:03,428[INFO] 0.8415462580708263, -0.06102228168055052
2024-01-23 20:20:04,202[DEBUG] TDVP-PS Krylov space: DescribeResult(nobs=66, minmax=(4, 27), mean=17.393939393939394, variance=39.22703962703963, skewness=-0.17701744353090332, kurtosis=-0.7781118268723444)
2024-01-23 20:20:04,222[INFO] 0.7905299991045923, -0.07868963638088845
2024-01-23 20:20:05,022[DEBUG] TDVP-PS Krylov space: DescribeResult(nobs=66, minmax=(4, 27), mean=17.09090909090909, variance=40.11468531468531, skewness=-0.10563004316974398, kurtosis=-0.8623914037848888)
2024-01-23 20:20:05,056[INFO] 0.7345690739999324, -0.1005190161194589
2024-01-23 20:20:05,803[DEBUG] TDVP-PS Krylov space: DescribeResult(nobs=66, minmax=(4, 27), mean=16.96969696969697, variance=38.52214452214452, skewness=-0.08768613191800158, kurtosis=-0.7642524182571191)
2024-01-23 20:20:05,828[INFO] 0.6744406137975265, -0.11949463142077012
2024-01-23 20:20:06,933[DEBUG] TDVP-PS Krylov space: DescribeResult(nobs=66, minmax=(4, 27), mean=17.03030303030303, variance=40.73752913752913, skewness=-0.07039764814504915, kurtosis=-0.8678009194745662)
2024-01-23 20:20:06,970[INFO] 0.610850855570132, -0.1421709896947067
2024-01-23 20:20:06,970[INFO] [(0.9950400182807551, -0.000660463418257203), (0.9805039718839785, -0.0055422680537474235), (0.9571012250932134, -0.014772224235783992), (0.925615838587586, -0.027829029039632764), (0.8868318718988721, -0.04290103374853023), (0.8415462580708263, -0.06102228168055052), (0.7905299991045923, -0.07868963638088845), (0.7345690739999324, -0.1005190161194589), (0.6744406137975265, -0.11949463142077012), (0.610850855570132, -0.1421709896947067)]
2024-01-23 20:20:06,970[INFO] [1.4486455917358398, 1.256378173828125, 1.2035861015319824, 1.193573236465454, 0.984464168548584, 0.7991917133331299, 0.7809915542602539, 0.8122503757476807, 0.7548136711120605, 1.1179206371307373]
2024-01-23 20:20:06,970[INFO] (1.0351815223693848, 0.23051132331187835)
