2024-01-24 10:18:38,686[INFO] w:[ 0.72735288  1.48215944  2.26657371  3.0830136   3.93420588  4.82324114
  5.75364145  6.72944473  7.75531062  8.83665505  9.97982332 11.19231576
 12.48308618 13.86294361 15.34510305 16.94595721 18.68618475 20.59238834
 22.69959866 25.05525937 27.72588722 30.80890082 34.45533195 38.91820298
 44.67184443 52.78114659 66.6440902 ]
2024-01-24 10:18:38,686[INFO] c:[0.31476567 0.53684595 0.7382541  0.92984394 1.11640377 1.30071669
 1.4846893  1.66979404 1.85728213 2.04830398 2.24398848 2.4455044
 2.65411637 2.87124384 3.09853096 3.33793644 3.59185637 3.86330079
 4.15615865 4.47561438 4.8288373  5.22619532 5.68356475 6.22720363
 6.9056394  7.82595954 9.32179861]
2024-01-24 10:18:38,686[INFO] integrate: 0.0003348091643814093, 5.119565826034887e-09
2024-01-24 10:18:38,686[INFO] renormalization constant: 0.9997868765800083
2024-01-24 10:18:38,920[INFO]                                                                              ┌[('v_0',)]
2024-01-24 10:18:38,920[INFO]                                                    ┌[(('MCTDH virtual', 2),)]┼[('v_1',)]
2024-01-24 10:18:38,921[INFO]                                                    │                         └[('v_2',)]
2024-01-24 10:18:38,921[INFO]                                                    │                         ┌[('v_3',)]
2024-01-24 10:18:38,921[INFO]                          ┌[(('MCTDH virtual', 1),)]┼[(('MCTDH virtual', 3),)]┼[('v_4',)]
2024-01-24 10:18:38,921[INFO]                          │                         │                         └[('v_5',)]
2024-01-24 10:18:38,921[INFO]                          │                         │                         ┌[('v_6',)]
2024-01-24 10:18:38,921[INFO]                          │                         └[(('MCTDH virtual', 4),)]┼[('v_7',)]
2024-01-24 10:18:38,921[INFO]                          │                                                   └[('v_8',)]
2024-01-24 10:18:38,921[INFO]                          │                                                   ┌[('v_9',)]
2024-01-24 10:18:38,921[INFO]                          │                         ┌[(('MCTDH virtual', 6),)]┼[('v_10',)]
2024-01-24 10:18:38,921[INFO]                          │                         │                         └[('v_11',)]
2024-01-24 10:18:38,921[INFO]                          │                         │                         ┌[('v_12',)]
2024-01-24 10:18:38,921[INFO]                          ├[(('MCTDH virtual', 5),)]┼[(('MCTDH virtual', 7),)]┼[('v_13',)]
2024-01-24 10:18:38,921[INFO]                          │                         │                         └[('v_14',)]
2024-01-24 10:18:38,921[INFO]                          │                         │                         ┌[('v_15',)]
2024-01-24 10:18:38,921[INFO]                          │                         └[(('MCTDH virtual', 8),)]┼[('v_16',)]
2024-01-24 10:18:38,921[INFO]                          │                                                   └[('v_17',)]
2024-01-24 10:18:38,921[INFO] [(('MCTDH virtual', 0),)]┤
2024-01-24 10:18:38,921[INFO]                          │                                                    ┌[('v_18',)]
2024-01-24 10:18:38,921[INFO]                          │                         ┌[(('MCTDH virtual', 10),)]┼[('v_19',)]
2024-01-24 10:18:38,921[INFO]                          │                         │                          └[('v_20',)]
2024-01-24 10:18:38,921[INFO]                          │                         │                          ┌[('v_21',)]
2024-01-24 10:18:38,921[INFO]                          ├[(('MCTDH virtual', 9),)]┼[(('MCTDH virtual', 11),)]┼[('v_22',)]
2024-01-24 10:18:38,921[INFO]                          │                         │                          └[('v_23',)]
2024-01-24 10:18:38,921[INFO]                          │                         │                          ┌[('v_24',)]
2024-01-24 10:18:38,921[INFO]                          │                         └[(('MCTDH virtual', 12),)]┼[('v_25',)]
2024-01-24 10:18:38,921[INFO]                          │                                                    └[('v_26',)]
2024-01-24 10:18:38,921[INFO]                          └[('spin',)]
2024-01-24 10:18:38,924[DEBUG] # of operator terms: 83
2024-01-24 10:18:39,057[DEBUG] # of operator terms: 1
2024-01-24 10:18:39,124[DEBUG] # of operator terms: 1
2024-01-24 10:18:39,193[INFO] [[1], [1], [1], [30], [30], [30], [1], [30], [30], [30], [1], [30], [30], [30], [1], [1], [30], [30], [30], [1], [30], [30], [30], [1], [30], [30], [30], [1], [1], [30], [30], [30], [1], [30], [30], [30], [1], [30], [30], [30], [2]]
2024-01-24 10:18:39,193[DEBUG] target for expander: 19
2024-01-24 10:18:39,193[DEBUG] average bond dimension of hint mpo: 3
2024-01-24 10:18:39,193[DEBUG] cumulated bond dimension: 1. lastone bond dimension: [1, 1, 1, 1, 1, 1, 1, 1, 1, 1, 1, 1, 1, 1, 1, 1, 1, 1, 1, 1, 1, 1, 1, 1, 1, 1, 1, 1, 1, 1, 1, 1, 1, 1, 1, 1, 1, 1, 1, 1, 1]
2024-01-24 10:18:39,203[DEBUG] # of operator terms: 1
2024-01-24 10:18:39,330[DEBUG] cumulated bond dimension: 4. lastone bond dimension: [1, 3, 3, 3, 3, 3, 3, 3, 3, 3, 3, 3, 3, 3, 3, 3, 3, 3, 3, 3, 3, 3, 3, 3, 3, 3, 3, 3, 3, 3, 3, 3, 3, 3, 3, 3, 3, 3, 3, 3, 3]
2024-01-24 10:18:39,594[DEBUG] cumulated bond dimension: 12. lastone bond dimension: [1, 9, 9, 9, 9, 9, 9, 9, 9, 9, 9, 9, 9, 9, 9, 9, 9, 9, 9, 9, 9, 9, 9, 9, 9, 9, 9, 9, 9, 9, 9, 9, 9, 9, 9, 9, 9, 9, 9, 9, 9]
2024-01-24 10:18:42,212[DEBUG] cumulated bond dimension: 18. lastone bond dimension: [1, 21, 21, 21, 21, 21, 21, 21, 21, 21, 21, 21, 21, 21, 21, 21, 21, 21, 21, 21, 21, 21, 21, 21, 21, 21, 21, 21, 21, 21, 21, 21, 21, 21, 21, 21, 21, 21, 21, 21, 6]
2024-01-24 10:18:45,917[DEBUG] expander bond dimension: [1, 19, 19, 19, 19, 19, 19, 19, 19, 19, 19, 19, 19, 19, 19, 19, 19, 19, 19, 19, 19, 19, 19, 19, 19, 19, 19, 19, 19, 19, 19, 19, 19, 19, 19, 19, 19, 19, 19, 19, 2]
2024-01-24 10:18:46,449[INFO] [1, 20, 20, 20, 20, 20, 20, 20, 20, 20, 20, 20, 20, 20, 20, 20, 20, 20, 20, 20, 20, 20, 20, 20, 20, 20, 20, 20, 20, 20, 20, 20, 20, 20, 20, 20, 20, 20, 20, 20, 2]
2024-01-24 10:18:46,449[INFO] [1, 3, 3, 3, 3, 3, 3, 3, 3, 3, 3, 3, 3, 3, 3, 3, 3, 3, 3, 3, 3, 3, 3, 3, 3, 3, 3, 3, 3, 3, 3, 3, 3, 3, 3, 3, 3, 3, 3, 3, 3]
2024-01-24 10:18:46,450[INFO] 41
2024-01-24 10:20:08,900[DEBUG] TDVP-PS Krylov space: DescribeResult(nobs=162, minmax=(4, 103), mean=42.03703703703704, variance=453.35265700483086, skewness=0.09058026559289456, kurtosis=-0.8118214587900199)
2024-01-24 10:20:09,426[INFO] 0.9950385200284819, -0.0006852847518079672
2024-01-24 10:22:07,053[DEBUG] TDVP-PS Krylov space: DescribeResult(nobs=162, minmax=(4, 105), mean=62.135802469135804, variance=281.21125680545975, skewness=-0.9606096175175306, kurtosis=2.9114320667631093)
2024-01-24 10:22:07,586[INFO] 0.9804991852882229, -0.005495607909150134
2024-01-24 10:24:33,009[DEBUG] TDVP-PS Krylov space: DescribeResult(nobs=162, minmax=(4, 105), mean=50.18518518518518, variance=330.2387853692202, skewness=0.3365342181389947, kurtosis=0.4888968886254563)
2024-01-24 10:24:33,555[INFO] 0.9570938950818468, -0.01489412327925884
2024-01-24 10:26:45,995[DEBUG] TDVP-PS Krylov space: DescribeResult(nobs=162, minmax=(4, 97), mean=45.79012345679013, variance=325.0115788666513, skewness=0.3541780652796183, kurtosis=0.1799224785654685)
2024-01-24 10:26:46,540[INFO] 0.9256083090078157, -0.027604594597827357
2024-01-24 10:28:57,468[DEBUG] TDVP-PS Krylov space: DescribeResult(nobs=162, minmax=(4, 95), mean=44.5679012345679, variance=300.3835595429798, skewness=0.4212811990280747, kurtosis=0.416776095994416)
2024-01-24 10:28:58,020[INFO] 0.8868355155358489, -0.043302665526766065
2024-01-24 10:31:05,609[DEBUG] TDVP-PS Krylov space: DescribeResult(nobs=162, minmax=(4, 93), mean=43.65432098765432, variance=302.57541599570584, skewness=0.437263743808412, kurtosis=0.2182091008221776)
2024-01-24 10:31:06,146[INFO] 0.8415675712738326, -0.06029237775992747
2024-01-24 10:33:10,193[DEBUG] TDVP-PS Krylov space: DescribeResult(nobs=162, minmax=(4, 91), mean=42.97530864197531, variance=305.9124300283721, skewness=0.4314125809848912, kurtosis=0.10719033238235331)
2024-01-24 10:33:10,732[INFO] 0.790595751123171, -0.07974082965331503
2024-01-24 10:35:17,198[DEBUG] TDVP-PS Krylov space: DescribeResult(nobs=162, minmax=(4, 93), mean=42.925925925925924, variance=309.9323671497585, skewness=0.4249836365852314, kurtosis=0.0649940793697894)
2024-01-24 10:35:17,754[INFO] 0.7346958811274427, -0.09896657550803904
2024-01-24 10:37:21,659[DEBUG] TDVP-PS Krylov space: DescribeResult(nobs=162, minmax=(4, 93), mean=43.0, variance=324.19875776397515, skewness=0.41896403221513884, kurtosis=-0.020331710558059157)
2024-01-24 10:37:22,207[INFO] 0.6746530786380928, -0.12086214828765114
2024-01-24 10:39:27,295[DEBUG] TDVP-PS Krylov space: DescribeResult(nobs=162, minmax=(4, 93), mean=43.135802469135804, variance=335.63361705390696, skewness=0.3922006958023105, kurtosis=-0.17172345827578672)
2024-01-24 10:39:27,833[INFO] 0.6112121101411814, -0.1410552400354114
2024-01-24 10:39:27,834[INFO] [(0.9950385200284819, -0.0006852847518079672), (0.9804991852882229, -0.005495607909150134), (0.9570938950818468, -0.01489412327925884), (0.9256083090078157, -0.027604594597827357), (0.8868355155358489, -0.043302665526766065), (0.8415675712738326, -0.06029237775992747), (0.790595751123171, -0.07974082965331503), (0.7346958811274427, -0.09896657550803904), (0.6746530786380928, -0.12086214828765114), (0.6112121101411814, -0.1410552400354114)]
2024-01-24 10:39:27,834[INFO] [82.62522721290588, 117.80972599983215, 145.62178325653076, 132.64042711257935, 131.13085317611694, 127.78600835800171, 124.24465489387512, 126.67223072052002, 124.10586786270142, 125.2842264175415]
2024-01-24 10:39:27,834[INFO] (123.79210050106049, 15.381682710572543)
