2024-01-23 20:20:08,243[INFO] w:[ 1.21249244  2.50326286  3.88312029  5.36527973  6.96613389  8.70636143
 10.61256502 12.71977533 15.07543605 17.7460639  20.8290775  24.47550863
 28.93837966 34.69202111 42.80132327 56.66426688]
2024-01-23 20:20:08,244[INFO] c:[ 0.59264185  1.0207347   1.4187918   1.80812027  2.19926165  2.59962412
  3.01577066  3.45455903  3.92405829  4.43465224  5.00075485  5.64393278
  6.39939173  7.33170935  8.58273958 10.59290296]
2024-01-23 20:20:08,244[INFO] integrate: 0.0006749250730816019, 2.007589761904222e-12
2024-01-23 20:20:08,244[INFO] renormalization constant: 0.9995704216488225
2024-01-23 20:20:08,656[INFO]           ┌[('v_1',)]─[('v_2',)]─[('v_3',)]─[('v_4',)]─[('v_5',)]─[('v_6',)]─[('v_7',)]─[('v_8',)]─[('v_9',)]─[('v_10',)]─[('v_11',)]─[('v_12',)]─[('v_13',)]─[('v_14',)]─[('v_15',)]
2024-01-23 20:20:08,656[INFO] [('v_0',)]┤
2024-01-23 20:20:08,656[INFO]           └[('spin',)]
2024-01-23 20:20:08,658[DEBUG] # of operator terms: 50
2024-01-23 20:20:08,766[DEBUG] # of operator terms: 1
2024-01-23 20:20:08,826[DEBUG] # of operator terms: 1
2024-01-23 20:20:08,886[INFO] [[20], [20], [20], [20], [20], [20], [20], [20], [20], [20], [20], [20], [20], [20], [20], [20], [2]]
2024-01-23 20:20:08,887[DEBUG] target for expander: 19
2024-01-23 20:20:08,887[DEBUG] average bond dimension of hint mpo: 3
2024-01-23 20:20:08,887[DEBUG] cumulated bond dimension: 1. lastone bond dimension: [1, 1, 1, 1, 1, 1, 1, 1, 1, 1, 1, 1, 1, 1, 1, 1, 1]
2024-01-23 20:20:08,895[DEBUG] # of operator terms: 1
2024-01-23 20:20:09,004[DEBUG] cumulated bond dimension: 4. lastone bond dimension: [1, 3, 3, 3, 3, 3, 3, 3, 3, 3, 3, 3, 3, 3, 3, 3, 3]
2024-01-23 20:20:09,094[DEBUG] cumulated bond dimension: 12. lastone bond dimension: [1, 9, 9, 9, 9, 9, 9, 9, 9, 9, 9, 9, 9, 9, 9, 9, 9]
2024-01-23 20:20:09,281[DEBUG] cumulated bond dimension: 17. lastone bond dimension: [1, 21, 21, 21, 21, 21, 21, 21, 21, 21, 21, 21, 21, 21, 21, 21, 6]
2024-01-23 20:20:09,501[DEBUG] expander bond dimension: [1, 19, 19, 19, 19, 19, 19, 19, 19, 19, 19, 19, 19, 19, 19, 19, 2]
2024-01-23 20:20:09,589[INFO] [1, 20, 20, 20, 20, 20, 20, 20, 20, 20, 20, 20, 20, 20, 20, 20, 2]
2024-01-23 20:20:09,589[INFO] [1, 3, 3, 3, 3, 3, 3, 3, 3, 3, 3, 3, 3, 3, 3, 3, 3]
2024-01-23 20:20:09,589[INFO] 17
2024-01-23 20:20:11,519[DEBUG] TDVP-PS Krylov space: DescribeResult(nobs=66, minmax=(4, 25), mean=19.606060606060606, variance=22.334731934731934, skewness=-2.21511867144627, kurtosis=4.80672203686383)
2024-01-23 20:20:11,565[INFO] 0.9950400182531103, -0.0006604689504071204
2024-01-23 20:20:13,505[DEBUG] TDVP-PS Krylov space: DescribeResult(nobs=66, minmax=(4, 35), mean=19.333333333333332, variance=50.71794871794872, skewness=-0.02914742869822485, kurtosis=-0.12112709981689385)
2024-01-23 20:20:13,552[INFO] 0.9805039721541788, -0.005542273722689589
2024-01-23 20:20:15,551[DEBUG] TDVP-PS Krylov space: DescribeResult(nobs=66, minmax=(4, 35), mean=19.484848484848484, variance=60.37668997668998, skewness=0.25590039052157665, kurtosis=-0.23964032509410638)
2024-01-23 20:20:15,599[INFO] 0.9571012266010127, -0.014772223475534783
2024-01-23 20:20:17,536[DEBUG] TDVP-PS Krylov space: DescribeResult(nobs=66, minmax=(4, 37), mean=18.87878787878788, variance=64.66200466200466, skewness=0.4821754963190513, kurtosis=-0.2738300247067085)
2024-01-23 20:20:17,585[INFO] 0.9256158399918746, -0.02782902286067354
2024-01-23 20:20:19,564[DEBUG] TDVP-PS Krylov space: DescribeResult(nobs=66, minmax=(4, 37), mean=18.757575757575758, variance=64.24801864801864, skewness=0.5038705611762496, kurtosis=-0.290569131127945)
2024-01-23 20:20:19,611[INFO] 0.8868318719450351, -0.04290104066360726
2024-01-23 20:20:21,309[DEBUG] TDVP-PS Krylov space: DescribeResult(nobs=66, minmax=(4, 37), mean=18.515151515151516, variance=64.56130536130537, skewness=0.5542795671502619, kurtosis=-0.22375797615338522)
2024-01-23 20:20:21,337[INFO] 0.8415462561450994, -0.06102228269714393
2024-01-23 20:20:22,522[DEBUG] TDVP-PS Krylov space: DescribeResult(nobs=66, minmax=(4, 37), mean=18.303030303030305, variance=67.56829836829836, skewness=0.5971303211364042, kurtosis=-0.26972110187799325)
2024-01-23 20:20:22,548[INFO] 0.7905299906756915, -0.0786896854091748
2024-01-23 20:20:23,801[DEBUG] TDVP-PS Krylov space: DescribeResult(nobs=66, minmax=(4, 37), mean=18.151515151515152, variance=67.63822843822844, skewness=0.6288072314958209, kurtosis=-0.23518317310110692)
2024-01-23 20:20:23,829[INFO] 0.7345690621807227, -0.1005190779953698
2024-01-23 20:20:25,058[DEBUG] TDVP-PS Krylov space: DescribeResult(nobs=66, minmax=(4, 37), mean=17.87878787878788, variance=69.98508158508159, skewness=0.6511150493196028, kurtosis=-0.297295269330061)
2024-01-23 20:20:25,084[INFO] 0.6744406095710681, -0.11949466808763438
2024-01-23 20:20:26,265[DEBUG] TDVP-PS Krylov space: DescribeResult(nobs=66, minmax=(4, 37), mean=17.96969696969697, variance=68.8913752913753, skewness=0.6505986847641175, kurtosis=-0.2567655290506443)
2024-01-23 20:20:26,294[INFO] 0.6108508566025079, -0.14217091082304645
2024-01-23 20:20:26,294[INFO] [(0.9950400182531103, -0.0006604689504071204), (0.9805039721541788, -0.005542273722689589), (0.9571012266010127, -0.014772223475534783), (0.9256158399918746, -0.02782902286067354), (0.8868318719450351, -0.04290104066360726), (0.8415462561450994, -0.06102228269714393), (0.7905299906756915, -0.0786896854091748), (0.7345690621807227, -0.1005190779953698), (0.6744406095710681, -0.11949466808763438), (0.6108508566025079, -0.14217091082304645)]
2024-01-23 20:20:26,294[INFO] [1.9450154304504395, 1.9555449485778809, 2.01615309715271, 1.9531612396240234, 1.9946393966674805, 1.709503412246704, 1.1933655738830566, 1.2620723247528076, 1.237837553024292, 1.1896283626556396]
2024-01-23 20:20:26,294[INFO] (1.6456921339035033, 0.3562752935269942)
