2024-01-23 20:24:11,625[INFO] w:[ 1.21249244  2.50326286  3.88312029  5.36527973  6.96613389  8.70636143
 10.61256502 12.71977533 15.07543605 17.7460639  20.8290775  24.47550863
 28.93837966 34.69202111 42.80132327 56.66426688]
2024-01-23 20:24:11,626[INFO] c:[ 0.59264185  1.0207347   1.4187918   1.80812027  2.19926165  2.59962412
  3.01577066  3.45455903  3.92405829  4.43465224  5.00075485  5.64393278
  6.39939173  7.33170935  8.58273958 10.59290296]
2024-01-23 20:24:11,626[INFO] integrate: 0.0006749250730816019, 2.007589761904222e-12
2024-01-23 20:24:11,627[INFO] renormalization constant: 0.9995704216488225
2024-01-23 20:24:12,058[INFO]           ┌[('v_1',)]─[('v_2',)]─[('v_3',)]─[('v_4',)]─[('v_5',)]─[('v_6',)]─[('v_7',)]─[('v_8',)]─[('v_9',)]─[('v_10',)]─[('v_11',)]─[('v_12',)]─[('v_13',)]─[('v_14',)]─[('v_15',)]
2024-01-23 20:24:12,058[INFO] [('v_0',)]┤
2024-01-23 20:24:12,058[INFO]           └[('spin',)]
2024-01-23 20:24:12,061[DEBUG] # of operator terms: 50
2024-01-23 20:24:12,190[DEBUG] # of operator terms: 1
2024-01-23 20:24:12,252[DEBUG] # of operator terms: 1
2024-01-23 20:24:12,316[INFO] [[100], [100], [100], [100], [100], [100], [100], [100], [100], [100], [100], [100], [100], [100], [100], [100], [2]]
2024-01-23 20:24:12,317[DEBUG] target for expander: 19
2024-01-23 20:24:12,317[DEBUG] average bond dimension of hint mpo: 3
2024-01-23 20:24:12,317[DEBUG] cumulated bond dimension: 1. lastone bond dimension: [1, 1, 1, 1, 1, 1, 1, 1, 1, 1, 1, 1, 1, 1, 1, 1, 1]
2024-01-23 20:24:12,330[DEBUG] # of operator terms: 1
2024-01-23 20:24:12,477[DEBUG] cumulated bond dimension: 4. lastone bond dimension: [1, 3, 3, 3, 3, 3, 3, 3, 3, 3, 3, 3, 3, 3, 3, 3, 3]
2024-01-23 20:24:12,695[DEBUG] cumulated bond dimension: 12. lastone bond dimension: [1, 9, 9, 9, 9, 9, 9, 9, 9, 9, 9, 9, 9, 9, 9, 9, 9]
2024-01-23 20:24:13,266[DEBUG] cumulated bond dimension: 17. lastone bond dimension: [1, 21, 21, 21, 21, 21, 21, 21, 21, 21, 21, 21, 21, 21, 21, 21, 6]
2024-01-23 20:24:13,974[DEBUG] expander bond dimension: [1, 19, 19, 19, 19, 19, 19, 19, 19, 19, 19, 19, 19, 19, 19, 19, 2]
2024-01-23 20:24:14,225[INFO] [1, 20, 20, 20, 20, 20, 20, 20, 20, 20, 20, 20, 20, 20, 20, 20, 2]
2024-01-23 20:24:14,225[INFO] [1, 3, 3, 3, 3, 3, 3, 3, 3, 3, 3, 3, 3, 3, 3, 3, 3]
2024-01-23 20:24:14,225[INFO] 17
2024-01-23 20:24:29,269[DEBUG] TDVP-PS Krylov space: DescribeResult(nobs=66, minmax=(4, 29), mean=22.636363636363637, variance=30.573426573426577, skewness=-2.526695796455996, kurtosis=5.674963658781781)
2024-01-23 20:24:29,440[INFO] 0.9950400182408776, -0.0006604655156216105
2024-01-23 20:24:43,097[DEBUG] TDVP-PS Krylov space: DescribeResult(nobs=66, minmax=(4, 43), mean=19.848484848484848, variance=93.48438228438228, skewness=0.5362182679672213, kurtosis=-0.5839160025138197)
2024-01-23 20:24:43,245[INFO] 0.9805039719119792, -0.0055422723333917595
2024-01-23 20:24:58,539[DEBUG] TDVP-PS Krylov space: DescribeResult(nobs=66, minmax=(4, 57), mean=21.242424242424242, variance=150.27878787878785, skewness=1.023763279996428, kurtosis=0.3095852736116025)
2024-01-23 20:24:58,681[INFO] 0.9571012274872214, -0.014772208336857856
2024-01-23 20:25:16,363[DEBUG] TDVP-PS Krylov space: DescribeResult(nobs=66, minmax=(4, 89), mean=24.21212121212121, variance=316.23123543123546, skewness=1.6473933365452953, kurtosis=2.3898474881659997)
2024-01-23 20:25:16,512[INFO] 0.9256158391988777, -0.027828996204578942
2024-01-23 20:25:35,570[DEBUG] TDVP-PS Krylov space: DescribeResult(nobs=66, minmax=(4, 99), mean=26.060606060606062, variance=449.07319347319344, skewness=1.6703194524764526, kurtosis=2.1211830446510334)
2024-01-23 20:25:35,727[INFO] 0.8868318685673247, -0.04290101324509028
2024-01-23 20:25:51,019[DEBUG] TDVP-PS Krylov space: DescribeResult(nobs=66, minmax=(4, 109), mean=27.151515151515152, variance=528.8382284382283, skewness=1.775037667475139, kurtosis=2.659316202688525)
2024-01-23 20:25:51,171[INFO] 0.8415462470564148, -0.06102224431300335
2024-01-23 20:26:10,040[DEBUG] TDVP-PS Krylov space: DescribeResult(nobs=66, minmax=(4, 113), mean=27.454545454545453, variance=584.897902097902, skewness=1.8010764337156089, kurtosis=2.72272090305714)
2024-01-23 20:26:10,190[INFO] 0.7905299816541046, -0.07868967223628835
2024-01-23 20:26:27,927[DEBUG] TDVP-PS Krylov space: DescribeResult(nobs=66, minmax=(4, 117), mean=27.575757575757574, variance=636.832634032634, skewness=1.9272566571015024, kurtosis=3.3747411556293327)
2024-01-23 20:26:28,016[INFO] 0.7345690540367187, -0.1005190155388077
2024-01-23 20:26:45,084[DEBUG] TDVP-PS Krylov space: DescribeResult(nobs=66, minmax=(4, 117), mean=27.515151515151516, variance=634.1920745920746, skewness=1.9351154955731251, kurtosis=3.4555743883645995)
2024-01-23 20:26:45,233[INFO] 0.674440592591032, -0.11949488318574324
2024-01-23 20:27:04,739[DEBUG] TDVP-PS Krylov space: DescribeResult(nobs=66, minmax=(4, 115), mean=27.727272727272727, variance=635.709090909091, skewness=1.9031618543182183, kurtosis=3.216476565294357)
2024-01-23 20:27:04,883[INFO] 0.6108508576198172, -0.1421709587520788
2024-01-23 20:27:04,884[INFO] [(0.9950400182408776, -0.0006604655156216105), (0.9805039719119792, -0.0055422723333917595), (0.9571012274872214, -0.014772208336857856), (0.9256158391988777, -0.027828996204578942), (0.8868318685673247, -0.04290101324509028), (0.8415462470564148, -0.06102224431300335), (0.7905299816541046, -0.07868967223628835), (0.7345690540367187, -0.1005190155388077), (0.674440592591032, -0.11949488318574324), (0.6108508576198172, -0.1421709587520788)]
2024-01-23 20:27:04,884[INFO] [15.10062313079834, 13.706329822540283, 15.341325044631958, 17.73249912261963, 19.11094331741333, 15.342121362686157, 18.919490575790405, 17.76692795753479, 17.117689847946167, 19.554280757904053]
2024-01-23 20:27:04,884[INFO] (16.96922309398651, 1.890757732773045)
