2024-01-23 20:21:00,894[INFO] w:[ 1.21249244  2.50326286  3.88312029  5.36527973  6.96613389  8.70636143
 10.61256502 12.71977533 15.07543605 17.7460639  20.8290775  24.47550863
 28.93837966 34.69202111 42.80132327 56.66426688]
2024-01-23 20:21:00,895[INFO] c:[ 0.59264185  1.0207347   1.4187918   1.80812027  2.19926165  2.59962412
  3.01577066  3.45455903  3.92405829  4.43465224  5.00075485  5.64393278
  6.39939173  7.33170935  8.58273958 10.59290296]
2024-01-23 20:21:00,895[INFO] integrate: 0.0006749250730816019, 2.007589761904222e-12
2024-01-23 20:21:00,895[INFO] renormalization constant: 0.9995704216488225
2024-01-23 20:21:01,331[INFO]           ┌[('v_1',)]─[('v_2',)]─[('v_3',)]─[('v_4',)]─[('v_5',)]─[('v_6',)]─[('v_7',)]─[('v_8',)]─[('v_9',)]─[('v_10',)]─[('v_11',)]─[('v_12',)]─[('v_13',)]─[('v_14',)]─[('v_15',)]
2024-01-23 20:21:01,331[INFO] [('v_0',)]┤
2024-01-23 20:21:01,331[INFO]           └[('spin',)]
2024-01-23 20:21:01,334[DEBUG] # of operator terms: 50
2024-01-23 20:21:01,448[DEBUG] # of operator terms: 1
2024-01-23 20:21:01,509[DEBUG] # of operator terms: 1
2024-01-23 20:21:01,568[INFO] [[40], [40], [40], [40], [40], [40], [40], [40], [40], [40], [40], [40], [40], [40], [40], [40], [2]]
2024-01-23 20:21:01,568[DEBUG] target for expander: 19
2024-01-23 20:21:01,569[DEBUG] average bond dimension of hint mpo: 3
2024-01-23 20:21:01,569[DEBUG] cumulated bond dimension: 1. lastone bond dimension: [1, 1, 1, 1, 1, 1, 1, 1, 1, 1, 1, 1, 1, 1, 1, 1, 1]
2024-01-23 20:21:01,578[DEBUG] # of operator terms: 1
2024-01-23 20:21:01,698[DEBUG] cumulated bond dimension: 4. lastone bond dimension: [1, 3, 3, 3, 3, 3, 3, 3, 3, 3, 3, 3, 3, 3, 3, 3, 3]
2024-01-23 20:21:01,820[DEBUG] cumulated bond dimension: 12. lastone bond dimension: [1, 9, 9, 9, 9, 9, 9, 9, 9, 9, 9, 9, 9, 9, 9, 9, 9]
2024-01-23 20:21:02,136[DEBUG] cumulated bond dimension: 17. lastone bond dimension: [1, 21, 21, 21, 21, 21, 21, 21, 21, 21, 21, 21, 21, 21, 21, 21, 6]
2024-01-23 20:21:02,489[DEBUG] expander bond dimension: [1, 19, 19, 19, 19, 19, 19, 19, 19, 19, 19, 19, 19, 19, 19, 19, 2]
2024-01-23 20:21:02,616[INFO] [1, 20, 20, 20, 20, 20, 20, 20, 20, 20, 20, 20, 20, 20, 20, 20, 2]
2024-01-23 20:21:02,617[INFO] [1, 3, 3, 3, 3, 3, 3, 3, 3, 3, 3, 3, 3, 3, 3, 3, 3]
2024-01-23 20:21:02,617[INFO] 17
2024-01-23 20:21:06,544[DEBUG] TDVP-PS Krylov space: DescribeResult(nobs=66, minmax=(4, 29), mean=20.939393939393938, variance=26.150116550116557, skewness=-2.3017599818728542, kurtosis=5.035592856488767)
2024-01-23 20:21:06,612[INFO] 0.9950400181942568, -0.0006604652686011309
2024-01-23 20:21:10,305[DEBUG] TDVP-PS Krylov space: DescribeResult(nobs=66, minmax=(4, 43), mean=18.848484848484848, variance=81.45361305361304, skewness=0.7734002679045824, kurtosis=-0.04747685819933256)
2024-01-23 20:21:10,372[INFO] 0.9805039714318485, -0.005542270550966338
2024-01-23 20:21:14,296[DEBUG] TDVP-PS Krylov space: DescribeResult(nobs=66, minmax=(4, 47), mean=19.78787878787879, variance=107.6158508158508, skewness=0.9624619006200453, kurtosis=0.2051424946125313)
2024-01-23 20:21:14,363[INFO] 0.9571012247753624, -0.01477222229916025
2024-01-23 20:21:18,305[DEBUG] TDVP-PS Krylov space: DescribeResult(nobs=66, minmax=(4, 49), mean=20.0, variance=116.8923076923077, skewness=0.9956527071519162, kurtosis=0.21726197879341091)
2024-01-23 20:21:18,373[INFO] 0.9256158363699859, -0.02782902160607488
2024-01-23 20:21:22,484[DEBUG] TDVP-PS Krylov space: DescribeResult(nobs=66, minmax=(4, 49), mean=20.333333333333332, variance=125.02564102564102, skewness=1.0329539882000633, kurtosis=0.25683326816787355)
2024-01-23 20:21:22,552[INFO] 0.8868318649836378, -0.04290104139790739
2024-01-23 20:21:26,529[DEBUG] TDVP-PS Krylov space: DescribeResult(nobs=66, minmax=(4, 51), mean=19.90909090909091, variance=124.63776223776225, skewness=1.0831310791602544, kurtosis=0.43419157806013553)
2024-01-23 20:21:26,597[INFO] 0.8415462454165485, -0.061022285516370366
2024-01-23 20:21:30,540[DEBUG] TDVP-PS Krylov space: DescribeResult(nobs=66, minmax=(4, 51), mean=19.939393939393938, variance=129.68857808857808, skewness=1.0519362677181694, kurtosis=0.33072646318454035)
2024-01-23 20:21:30,607[INFO] 0.790529980853362, -0.07868966722175885
2024-01-23 20:21:34,514[DEBUG] TDVP-PS Krylov space: DescribeResult(nobs=66, minmax=(4, 51), mean=19.575757575757574, variance=132.5864801864802, skewness=1.1271511093910809, kurtosis=0.4087667389115275)
2024-01-23 20:21:34,582[INFO] 0.7345690434943594, -0.10051914381566356
2024-01-23 20:21:37,452[DEBUG] TDVP-PS Krylov space: DescribeResult(nobs=66, minmax=(4, 51), mean=19.545454545454547, variance=134.77482517482517, skewness=1.1289856405850676, kurtosis=0.39298302319835754)
2024-01-23 20:21:37,491[INFO] 0.6744405819846289, -0.11949476908915459
2024-01-23 20:21:41,234[DEBUG] TDVP-PS Krylov space: DescribeResult(nobs=66, minmax=(4, 49), mean=19.454545454545453, variance=129.75944055944055, skewness=1.1390030781141158, kurtosis=0.4502367750544969)
2024-01-23 20:21:41,302[INFO] 0.6108508439356282, -0.14217096142457109
2024-01-23 20:21:41,302[INFO] [(0.9950400181942568, -0.0006604652686011309), (0.9805039714318485, -0.005542270550966338), (0.9571012247753624, -0.01477222229916025), (0.9256158363699859, -0.02782902160607488), (0.8868318649836378, -0.04290104139790739), (0.8415462454165485, -0.061022285516370366), (0.790529980853362, -0.07868966722175885), (0.7345690434943594, -0.10051914381566356), (0.6744405819846289, -0.11949476908915459), (0.6108508439356282, -0.14217096142457109)]
2024-01-23 20:21:41,302[INFO] [3.9497299194335938, 3.7153677940368652, 3.9461934566497803, 3.9643867015838623, 4.132823467254639, 3.99914813041687, 3.966035842895508, 3.9292359352111816, 2.883693218231201, 3.7652623653411865]
2024-01-23 20:21:41,302[INFO] (3.8251876831054688, 0.3327399987286533)
