2024-01-23 21:57:46,927[INFO] w:[ 0.72735288  1.48215944  2.26657371  3.0830136   3.93420588  4.82324114
  5.75364145  6.72944473  7.75531062  8.83665505  9.97982332 11.19231576
 12.48308618 13.86294361 15.34510305 16.94595721 18.68618475 20.59238834
 22.69959866 25.05525937 27.72588722 30.80890082 34.45533195 38.91820298
 44.67184443 52.78114659 66.6440902 ]
2024-01-23 21:57:46,928[INFO] c:[0.31476567 0.53684595 0.7382541  0.92984394 1.11640377 1.30071669
 1.4846893  1.66979404 1.85728213 2.04830398 2.24398848 2.4455044
 2.65411637 2.87124384 3.09853096 3.33793644 3.59185637 3.86330079
 4.15615865 4.47561438 4.8288373  5.22619532 5.68356475 6.22720363
 6.9056394  7.82595954 9.32179861]
2024-01-23 21:57:46,928[INFO] integrate: 0.0003348091643814093, 5.119565826034887e-09
2024-01-23 21:57:46,929[INFO] renormalization constant: 0.9997868765800083
2024-01-23 21:57:47,347[INFO]                                                                              ┌[('v_0',)]
2024-01-23 21:57:47,347[INFO]                                                    ┌[(('MCTDH virtual', 2),)]┼[('v_1',)]
2024-01-23 21:57:47,347[INFO]                                                    │                         └[('v_2',)]
2024-01-23 21:57:47,347[INFO]                                                    │                         ┌[('v_3',)]
2024-01-23 21:57:47,347[INFO]                          ┌[(('MCTDH virtual', 1),)]┼[(('MCTDH virtual', 3),)]┼[('v_4',)]
2024-01-23 21:57:47,347[INFO]                          │                         │                         └[('v_5',)]
2024-01-23 21:57:47,347[INFO]                          │                         │                         ┌[('v_6',)]
2024-01-23 21:57:47,347[INFO]                          │                         └[(('MCTDH virtual', 4),)]┼[('v_7',)]
2024-01-23 21:57:47,347[INFO]                          │                                                   └[('v_8',)]
2024-01-23 21:57:47,347[INFO]                          │                                                   ┌[('v_9',)]
2024-01-23 21:57:47,347[INFO]                          │                         ┌[(('MCTDH virtual', 6),)]┼[('v_10',)]
2024-01-23 21:57:47,348[INFO]                          │                         │                         └[('v_11',)]
2024-01-23 21:57:47,348[INFO]                          │                         │                         ┌[('v_12',)]
2024-01-23 21:57:47,348[INFO]                          ├[(('MCTDH virtual', 5),)]┼[(('MCTDH virtual', 7),)]┼[('v_13',)]
2024-01-23 21:57:47,348[INFO]                          │                         │                         └[('v_14',)]
2024-01-23 21:57:47,348[INFO]                          │                         │                         ┌[('v_15',)]
2024-01-23 21:57:47,348[INFO]                          │                         └[(('MCTDH virtual', 8),)]┼[('v_16',)]
2024-01-23 21:57:47,348[INFO]                          │                                                   └[('v_17',)]
2024-01-23 21:57:47,348[INFO] [(('MCTDH virtual', 0),)]┤
2024-01-23 21:57:47,348[INFO]                          │                                                    ┌[('v_18',)]
2024-01-23 21:57:47,348[INFO]                          │                         ┌[(('MCTDH virtual', 10),)]┼[('v_19',)]
2024-01-23 21:57:47,348[INFO]                          │                         │                          └[('v_20',)]
2024-01-23 21:57:47,348[INFO]                          │                         │                          ┌[('v_21',)]
2024-01-23 21:57:47,348[INFO]                          ├[(('MCTDH virtual', 9),)]┼[(('MCTDH virtual', 11),)]┼[('v_22',)]
2024-01-23 21:57:47,349[INFO]                          │                         │                          └[('v_23',)]
2024-01-23 21:57:47,349[INFO]                          │                         │                          ┌[('v_24',)]
2024-01-23 21:57:47,349[INFO]                          │                         └[(('MCTDH virtual', 12),)]┼[('v_25',)]
2024-01-23 21:57:47,349[INFO]                          │                                                    └[('v_26',)]
2024-01-23 21:57:47,349[INFO]                          └[('spin',)]
2024-01-23 21:57:47,354[DEBUG] # of operator terms: 83
2024-01-23 21:57:47,627[DEBUG] # of operator terms: 1
2024-01-23 21:57:47,761[DEBUG] # of operator terms: 1
2024-01-23 21:57:47,899[INFO] [[1], [1], [1], [70], [70], [70], [1], [70], [70], [70], [1], [70], [70], [70], [1], [1], [70], [70], [70], [1], [70], [70], [70], [1], [70], [70], [70], [1], [1], [70], [70], [70], [1], [70], [70], [70], [1], [70], [70], [70], [2]]
2024-01-23 21:57:47,900[DEBUG] target for expander: 19
2024-01-23 21:57:47,900[DEBUG] average bond dimension of hint mpo: 3
2024-01-23 21:57:47,900[DEBUG] cumulated bond dimension: 1. lastone bond dimension: [1, 1, 1, 1, 1, 1, 1, 1, 1, 1, 1, 1, 1, 1, 1, 1, 1, 1, 1, 1, 1, 1, 1, 1, 1, 1, 1, 1, 1, 1, 1, 1, 1, 1, 1, 1, 1, 1, 1, 1, 1]
2024-01-23 21:57:47,919[DEBUG] # of operator terms: 1
2024-01-23 21:57:48,156[DEBUG] cumulated bond dimension: 4. lastone bond dimension: [1, 3, 3, 3, 3, 3, 3, 3, 3, 3, 3, 3, 3, 3, 3, 3, 3, 3, 3, 3, 3, 3, 3, 3, 3, 3, 3, 3, 3, 3, 3, 3, 3, 3, 3, 3, 3, 3, 3, 3, 3]
2024-01-23 21:57:48,640[DEBUG] cumulated bond dimension: 12. lastone bond dimension: [1, 9, 9, 9, 9, 9, 9, 9, 9, 9, 9, 9, 9, 9, 9, 9, 9, 9, 9, 9, 9, 9, 9, 9, 9, 9, 9, 9, 9, 9, 9, 9, 9, 9, 9, 9, 9, 9, 9, 9, 9]
2024-01-23 21:57:53,276[DEBUG] cumulated bond dimension: 18. lastone bond dimension: [1, 21, 21, 21, 21, 21, 21, 21, 21, 21, 21, 21, 21, 21, 21, 21, 21, 21, 21, 21, 21, 21, 21, 21, 21, 21, 21, 21, 21, 21, 21, 21, 21, 21, 21, 21, 21, 21, 21, 21, 6]
2024-01-23 21:58:01,515[DEBUG] expander bond dimension: [1, 19, 19, 19, 19, 19, 19, 19, 19, 19, 19, 19, 19, 19, 19, 19, 19, 19, 19, 19, 19, 19, 19, 19, 19, 19, 19, 19, 19, 19, 19, 19, 19, 19, 19, 19, 19, 19, 19, 19, 2]
2024-01-23 21:58:02,346[INFO] [1, 20, 20, 20, 20, 20, 20, 20, 20, 20, 20, 20, 20, 20, 20, 20, 20, 20, 20, 20, 20, 20, 20, 20, 20, 20, 20, 20, 20, 20, 20, 20, 20, 20, 20, 20, 20, 20, 20, 20, 2]
2024-01-23 21:58:02,347[INFO] [1, 3, 3, 3, 3, 3, 3, 3, 3, 3, 3, 3, 3, 3, 3, 3, 3, 3, 3, 3, 3, 3, 3, 3, 3, 3, 3, 3, 3, 3, 3, 3, 3, 3, 3, 3, 3, 3, 3, 3, 3]
2024-01-23 21:58:02,347[INFO] 41
2024-01-23 21:59:39,555[DEBUG] TDVP-PS Krylov space: DescribeResult(nobs=162, minmax=(4, 99), mean=40.2962962962963, variance=488.59489302967563, skewness=0.04429640299671861, kurtosis=-1.2146807317834452)
2024-01-23 21:59:40,097[INFO] 0.9950385178646248, -0.0006851253054752213
2024-01-23 22:01:18,111[DEBUG] TDVP-PS Krylov space: DescribeResult(nobs=162, minmax=(4, 101), mean=42.7037037037037, variance=249.5265700483092, skewness=0.8907284197781731, kurtosis=2.085686552113148)
2024-01-23 22:01:19,080[INFO] 0.9804991575946198, -0.005495769159246787
2024-01-23 22:02:48,379[DEBUG] TDVP-PS Krylov space: DescribeResult(nobs=162, minmax=(4, 101), mean=44.04938271604938, variance=263.8360555172149, skewness=0.9929674234170276, kurtosis=2.180976317697927)
2024-01-23 22:02:48,934[INFO] 0.9570938586114974, -0.0148941746032014
2024-01-23 22:05:39,642[DEBUG] TDVP-PS Krylov space: DescribeResult(nobs=162, minmax=(4, 97), mean=42.901234567901234, variance=293.58024691358025, skewness=0.8915005117879886, kurtosis=1.3900933756680827)
2024-01-23 22:05:40,206[INFO] 0.9256082643492369, -0.027604537826797997
2024-01-23 22:07:22,108[DEBUG] TDVP-PS Krylov space: DescribeResult(nobs=162, minmax=(4, 97), mean=42.02469135802469, variance=307.1173989724714, skewness=0.826909758590442, kurtosis=1.0897566549203734)
2024-01-23 22:07:23,070[INFO] 0.8868354475894993, -0.043302912813988
2024-01-23 22:08:49,174[DEBUG] TDVP-PS Krylov space: DescribeResult(nobs=162, minmax=(4, 95), mean=41.851851851851855, variance=310.87232574189096, skewness=0.8366984163396405, kurtosis=1.107322095579974)
2024-01-23 22:08:49,702[INFO] 0.8415675060991039, -0.06029235483886017
2024-01-23 22:10:22,705[DEBUG] TDVP-PS Krylov space: DescribeResult(nobs=162, minmax=(4, 95), mean=41.333333333333336, variance=318.4472049689441, skewness=0.8583631069389723, kurtosis=1.0697877104688942)
2024-01-23 22:10:23,674[INFO] 0.7905956797232936, -0.07974097266165675
2024-01-23 22:12:27,532[DEBUG] TDVP-PS Krylov space: DescribeResult(nobs=162, minmax=(4, 95), mean=40.72839506172839, variance=331.6773253584848, skewness=0.8220580136192517, kurtosis=0.8471908903867877)
2024-01-23 22:12:28,080[INFO] 0.7346958111705169, -0.0989665623819902
2024-01-23 22:14:42,223[DEBUG] TDVP-PS Krylov space: DescribeResult(nobs=162, minmax=(4, 95), mean=40.148148148148145, variance=350.57418909592826, skewness=0.7994471818982802, kurtosis=0.6591591585696732)
2024-01-23 22:14:42,801[INFO] 0.6746530076380021, -0.1208622669528193
2024-01-23 22:16:44,806[DEBUG] TDVP-PS Krylov space: DescribeResult(nobs=162, minmax=(4, 95), mean=39.75308641975309, variance=360.22436929683306, skewness=0.8708942735750688, kurtosis=0.7304010258455125)
2024-01-23 22:16:45,392[INFO] 0.6112120405994256, -0.14105544871387438
2024-01-23 22:16:45,392[INFO] [(0.9950385178646248, -0.0006851253054752213), (0.9804991575946198, -0.005495769159246787), (0.9570938586114974, -0.0148941746032014), (0.9256082643492369, -0.027604537826797997), (0.8868354475894993, -0.043302912813988), (0.8415675060991039, -0.06029235483886017), (0.7905956797232936, -0.07974097266165675), (0.7346958111705169, -0.0989665623819902), (0.6746530076380021, -0.1208622669528193), (0.6112120405994256, -0.14105544871387438)]
2024-01-23 22:16:45,392[INFO] [97.38725519180298, 98.33589363098145, 89.48345255851746, 170.920307636261, 102.22269034385681, 86.28000664710999, 93.32808232307434, 124.05442094802856, 134.3513388633728, 122.20647740364075]
2024-01-23 22:16:45,392[INFO] (111.85699255466461, 24.96688028032862)
