2024-01-23 20:22:39,141[INFO] w:[ 1.21249244  2.50326286  3.88312029  5.36527973  6.96613389  8.70636143
 10.61256502 12.71977533 15.07543605 17.7460639  20.8290775  24.47550863
 28.93837966 34.69202111 42.80132327 56.66426688]
2024-01-23 20:22:39,142[INFO] c:[ 0.59264185  1.0207347   1.4187918   1.80812027  2.19926165  2.59962412
  3.01577066  3.45455903  3.92405829  4.43465224  5.00075485  5.64393278
  6.39939173  7.33170935  8.58273958 10.59290296]
2024-01-23 20:22:39,142[INFO] integrate: 0.0006749250730816019, 2.007589761904222e-12
2024-01-23 20:22:39,143[INFO] renormalization constant: 0.9995704216488225
2024-01-23 20:22:39,570[INFO]           ┌[('v_1',)]─[('v_2',)]─[('v_3',)]─[('v_4',)]─[('v_5',)]─[('v_6',)]─[('v_7',)]─[('v_8',)]─[('v_9',)]─[('v_10',)]─[('v_11',)]─[('v_12',)]─[('v_13',)]─[('v_14',)]─[('v_15',)]
2024-01-23 20:22:39,570[INFO] [('v_0',)]┤
2024-01-23 20:22:39,570[INFO]           └[('spin',)]
2024-01-23 20:22:39,572[DEBUG] # of operator terms: 50
2024-01-23 20:22:39,694[DEBUG] # of operator terms: 1
2024-01-23 20:22:39,755[DEBUG] # of operator terms: 1
2024-01-23 20:22:39,818[INFO] [[70], [70], [70], [70], [70], [70], [70], [70], [70], [70], [70], [70], [70], [70], [70], [70], [2]]
2024-01-23 20:22:39,819[DEBUG] target for expander: 19
2024-01-23 20:22:39,819[DEBUG] average bond dimension of hint mpo: 3
2024-01-23 20:22:39,819[DEBUG] cumulated bond dimension: 1. lastone bond dimension: [1, 1, 1, 1, 1, 1, 1, 1, 1, 1, 1, 1, 1, 1, 1, 1, 1]
2024-01-23 20:22:39,830[DEBUG] # of operator terms: 1
2024-01-23 20:22:39,965[DEBUG] cumulated bond dimension: 4. lastone bond dimension: [1, 3, 3, 3, 3, 3, 3, 3, 3, 3, 3, 3, 3, 3, 3, 3, 3]
2024-01-23 20:22:40,133[DEBUG] cumulated bond dimension: 12. lastone bond dimension: [1, 9, 9, 9, 9, 9, 9, 9, 9, 9, 9, 9, 9, 9, 9, 9, 9]
2024-01-23 20:22:40,555[DEBUG] cumulated bond dimension: 17. lastone bond dimension: [1, 21, 21, 21, 21, 21, 21, 21, 21, 21, 21, 21, 21, 21, 21, 21, 6]
2024-01-23 20:22:41,088[DEBUG] expander bond dimension: [1, 19, 19, 19, 19, 19, 19, 19, 19, 19, 19, 19, 19, 19, 19, 19, 2]
2024-01-23 20:22:41,277[INFO] [1, 20, 20, 20, 20, 20, 20, 20, 20, 20, 20, 20, 20, 20, 20, 20, 2]
2024-01-23 20:22:41,277[INFO] [1, 3, 3, 3, 3, 3, 3, 3, 3, 3, 3, 3, 3, 3, 3, 3, 3]
2024-01-23 20:22:41,278[INFO] 17
2024-01-23 20:22:49,712[DEBUG] TDVP-PS Krylov space: DescribeResult(nobs=66, minmax=(4, 29), mean=22.666666666666668, variance=31.3948717948718, skewness=-2.349923045105496, kurtosis=5.1623475234748195)
2024-01-23 20:22:49,816[INFO] 0.9950400183595289, -0.0006604685626599832
2024-01-23 20:22:57,558[DEBUG] TDVP-PS Krylov space: DescribeResult(nobs=66, minmax=(4, 43), mean=19.848484848484848, variance=92.62284382284382, skewness=0.6480379060583682, kurtosis=-0.39050571093429065)
2024-01-23 20:22:57,662[INFO] 0.9805039718693529, -0.005542273961603717
2024-01-23 20:23:06,819[DEBUG] TDVP-PS Krylov space: DescribeResult(nobs=66, minmax=(4, 55), mean=21.303030303030305, variance=146.67599067599068, skewness=1.0712435860331402, kurtosis=0.3551444031166979)
2024-01-23 20:23:06,924[INFO] 0.957101226156405, -0.01477221085259281
2024-01-23 20:23:16,389[DEBUG] TDVP-PS Krylov space: DescribeResult(nobs=66, minmax=(4, 59), mean=22.393939393939394, variance=207.1962703962704, skewness=1.2467170353257837, kurtosis=0.5849260682569359)
2024-01-23 20:23:16,490[INFO] 0.9256158373584272, -0.027829014680596977
2024-01-23 20:23:24,941[DEBUG] TDVP-PS Krylov space: DescribeResult(nobs=66, minmax=(4, 63), mean=22.727272727272727, variance=227.00139860139865, skewness=1.3060300461903949, kurtosis=0.82031004732952)
2024-01-23 20:23:25,021[INFO] 0.8868318659526236, -0.042901010106748245
2024-01-23 20:23:31,445[DEBUG] TDVP-PS Krylov space: DescribeResult(nobs=66, minmax=(4, 69), mean=23.060606060606062, variance=254.211655011655, skewness=1.3103752468831271, kurtosis=0.8511373567561913)
2024-01-23 20:23:31,507[INFO] 0.8415462466020189, -0.061022209025563656
2024-01-23 20:23:40,195[DEBUG] TDVP-PS Krylov space: DescribeResult(nobs=66, minmax=(4, 71), mean=23.151515151515152, variance=276.77668997668997, skewness=1.402908579035272, kurtosis=1.2148258042218911)
2024-01-23 20:23:40,301[INFO] 0.7905299826079993, -0.07868966079822509
2024-01-23 20:23:50,037[DEBUG] TDVP-PS Krylov space: DescribeResult(nobs=66, minmax=(4, 73), mean=23.424242424242426, variance=295.14032634032634, skewness=1.435920766623553, kurtosis=1.3046805174973457)
2024-01-23 20:23:50,141[INFO] 0.7345690465578368, -0.10051913589852658
2024-01-23 20:23:59,859[DEBUG] TDVP-PS Krylov space: DescribeResult(nobs=66, minmax=(4, 77), mean=23.606060606060606, variance=309.22703962703963, skewness=1.496040652054631, kurtosis=1.5306673927234442)
2024-01-23 20:23:59,959[INFO] 0.674440576297168, -0.11949493965593858
2024-01-23 20:24:10,190[DEBUG] TDVP-PS Krylov space: DescribeResult(nobs=66, minmax=(4, 77), mean=23.606060606060606, variance=318.7039627039627, skewness=1.5189628134495736, kurtosis=1.5964096906655794)
2024-01-23 20:24:10,292[INFO] 0.6108508282596773, -0.14217102992031497
2024-01-23 20:24:10,292[INFO] [(0.9950400183595289, -0.0006604685626599832), (0.9805039718693529, -0.005542273961603717), (0.957101226156405, -0.01477221085259281), (0.9256158373584272, -0.027829014680596977), (0.8868318659526236, -0.042901010106748245), (0.8415462466020189, -0.061022209025563656), (0.7905299826079993, -0.07868966079822509), (0.7345690465578368, -0.10051913589852658), (0.674440576297168, -0.11949493965593858), (0.6108508282596773, -0.14217102992031497)]
2024-01-23 20:24:10,292[INFO] [8.469709873199463, 7.7773261070251465, 9.191341400146484, 9.499128580093384, 8.483582735061646, 6.445326566696167, 8.72370195388794, 9.770461559295654, 9.751574277877808, 10.26490306854248]
2024-01-23 20:24:10,293[INFO] (8.837705612182617, 1.068939834126245)
