2024-01-23 20:19:44,778[INFO] w:[ 1.21249244  2.50326286  3.88312029  5.36527973  6.96613389  8.70636143
 10.61256502 12.71977533 15.07543605 17.7460639  20.8290775  24.47550863
 28.93837966 34.69202111 42.80132327 56.66426688]
2024-01-23 20:19:44,779[INFO] c:[ 0.59264185  1.0207347   1.4187918   1.80812027  2.19926165  2.59962412
  3.01577066  3.45455903  3.92405829  4.43465224  5.00075485  5.64393278
  6.39939173  7.33170935  8.58273958 10.59290296]
2024-01-23 20:19:44,779[INFO] integrate: 0.0006749250730816019, 2.007589761904222e-12
2024-01-23 20:19:44,779[INFO] renormalization constant: 0.9995704216488225
2024-01-23 20:19:45,232[INFO]           ┌[('v_1',)]─[('v_2',)]─[('v_3',)]─[('v_4',)]─[('v_5',)]─[('v_6',)]─[('v_7',)]─[('v_8',)]─[('v_9',)]─[('v_10',)]─[('v_11',)]─[('v_12',)]─[('v_13',)]─[('v_14',)]─[('v_15',)]
2024-01-23 20:19:45,232[INFO] [('v_0',)]┤
2024-01-23 20:19:45,232[INFO]           └[('spin',)]
2024-01-23 20:19:45,236[DEBUG] # of operator terms: 50
2024-01-23 20:19:45,347[DEBUG] # of operator terms: 1
2024-01-23 20:19:45,407[DEBUG] # of operator terms: 1
2024-01-23 20:19:45,469[INFO] [[5], [5], [5], [5], [5], [5], [5], [5], [5], [5], [5], [5], [5], [5], [5], [5], [2]]
2024-01-23 20:19:45,470[DEBUG] target for expander: 19
2024-01-23 20:19:45,470[DEBUG] average bond dimension of hint mpo: 3
2024-01-23 20:19:45,471[DEBUG] cumulated bond dimension: 1. lastone bond dimension: [1, 1, 1, 1, 1, 1, 1, 1, 1, 1, 1, 1, 1, 1, 1, 1, 1]
2024-01-23 20:19:45,479[DEBUG] # of operator terms: 1
2024-01-23 20:19:45,585[DEBUG] cumulated bond dimension: 4. lastone bond dimension: [1, 3, 3, 3, 3, 3, 3, 3, 3, 3, 3, 3, 3, 3, 3, 3, 3]
2024-01-23 20:19:45,651[DEBUG] cumulated bond dimension: 11. lastone bond dimension: [1, 9, 9, 9, 9, 9, 9, 9, 9, 9, 9, 9, 9, 9, 9, 9, 9]
2024-01-23 20:19:45,769[DEBUG] cumulated bond dimension: 16. lastone bond dimension: [1, 21, 21, 21, 21, 21, 21, 21, 21, 21, 21, 21, 21, 21, 21, 15, 6]
2024-01-23 20:19:45,901[DEBUG] expander bond dimension: [1, 10, 19, 19, 19, 19, 19, 19, 19, 19, 19, 19, 19, 19, 19, 5, 2]
2024-01-23 20:19:45,961[INFO] [1, 11, 20, 20, 20, 20, 20, 20, 20, 20, 20, 20, 20, 20, 20, 5, 2]
2024-01-23 20:19:45,961[INFO] [1, 3, 3, 3, 3, 3, 3, 3, 3, 3, 3, 3, 3, 3, 3, 3, 3]
2024-01-23 20:19:45,962[INFO] 17
2024-01-23 20:19:46,830[DEBUG] TDVP-PS Krylov space: DescribeResult(nobs=66, minmax=(4, 21), mean=17.424242424242426, variance=18.46340326340326, skewness=-1.8697202847799645, kurtosis=3.325888109269962)
2024-01-23 20:19:46,864[INFO] 0.9950400182903537, -0.0006604685820061659
2024-01-23 20:19:47,621[DEBUG] TDVP-PS Krylov space: DescribeResult(nobs=66, minmax=(4, 19), mean=14.333333333333334, variance=14.133333333333335, skewness=-1.0676050693493415, kurtosis=1.0696925141293514)
2024-01-23 20:19:47,655[INFO] 0.980503971820852, -0.005542274185018497
2024-01-23 20:19:48,420[DEBUG] TDVP-PS Krylov space: DescribeResult(nobs=66, minmax=(4, 19), mean=14.454545454545455, variance=13.790209790209788, skewness=-1.067556914888952, kurtosis=1.4725586198667777)
2024-01-23 20:19:48,454[INFO] 0.9571012245494765, -0.014772234833845077
2024-01-23 20:19:49,195[DEBUG] TDVP-PS Krylov space: DescribeResult(nobs=66, minmax=(4, 19), mean=14.242424242424242, variance=14.555710955710957, skewness=-0.8846631529045675, kurtosis=0.8553336209973108)
2024-01-23 20:19:49,229[INFO] 0.9256158374092618, -0.0278290348109168
2024-01-23 20:19:50,037[DEBUG] TDVP-PS Krylov space: DescribeResult(nobs=66, minmax=(4, 19), mean=14.090909090909092, variance=14.853146853146853, skewness=-0.7586516837984498, kurtosis=0.6157789907114819)
2024-01-23 20:19:50,071[INFO] 0.8868318681303882, -0.042901052285293235
2024-01-23 20:19:50,796[DEBUG] TDVP-PS Krylov space: DescribeResult(nobs=66, minmax=(4, 19), mean=13.848484848484848, variance=15.207459207459207, skewness=-0.6065838837989838, kurtosis=0.26976318350656214)
2024-01-23 20:19:50,829[INFO] 0.8415462499483753, -0.061022289068263305
2024-01-23 20:19:51,570[DEBUG] TDVP-PS Krylov space: DescribeResult(nobs=66, minmax=(4, 19), mean=13.787878787878787, variance=13.708158508158508, skewness=-0.7618873884478587, kurtosis=0.7489152056561919)
2024-01-23 20:19:51,604[INFO] 0.7905299880336735, -0.07868963721675044
2024-01-23 20:19:52,317[DEBUG] TDVP-PS Krylov space: DescribeResult(nobs=66, minmax=(4, 19), mean=13.606060606060606, variance=14.088578088578089, skewness=-0.5827112053997349, kurtosis=0.4763685761727041)
2024-01-23 20:19:52,351[INFO] 0.7345690585348086, -0.10051901836427701
2024-01-23 20:19:53,083[DEBUG] TDVP-PS Krylov space: DescribeResult(nobs=66, minmax=(4, 19), mean=13.606060606060606, variance=14.827039627039627, skewness=-0.5112881287083556, kurtosis=0.20865420971340276)
2024-01-23 20:19:53,118[INFO] 0.6744405904123745, -0.11949466140895722
2024-01-23 20:19:53,832[DEBUG] TDVP-PS Krylov space: DescribeResult(nobs=66, minmax=(4, 19), mean=13.515151515151516, variance=14.992074592074593, skewness=-0.44199681171544514, kurtosis=0.09935301374644556)
2024-01-23 20:19:53,866[INFO] 0.6108508282978892, -0.14217100154214002
2024-01-23 20:19:53,866[INFO] [(0.9950400182903537, -0.0006604685820061659), (0.980503971820852, -0.005542274185018497), (0.9571012245494765, -0.014772234833845077), (0.9256158374092618, -0.0278290348109168), (0.8868318681303882, -0.042901052285293235), (0.8415462499483753, -0.061022289068263305), (0.7905299880336735, -0.07868963721675044), (0.7345690585348086, -0.10051901836427701), (0.6744405904123745, -0.11949466140895722), (0.6108508282978892, -0.14217100154214002)]
2024-01-23 20:19:53,866[INFO] [0.8799450397491455, 0.7685225009918213, 0.7765355110168457, 0.7519559860229492, 0.81988525390625, 0.7361774444580078, 0.7517993450164795, 0.7244927883148193, 0.7444469928741455, 0.7252078056335449]
2024-01-23 20:19:53,867[INFO] (0.7678968667984009, 0.045943588505891024)
