2024-01-23 20:31:32,244[INFO] w:[ 0.72735288  1.48215944  2.26657371  3.0830136   3.93420588  4.82324114
  5.75364145  6.72944473  7.75531062  8.83665505  9.97982332 11.19231576
 12.48308618 13.86294361 15.34510305 16.94595721 18.68618475 20.59238834
 22.69959866 25.05525937 27.72588722 30.80890082 34.45533195 38.91820298
 44.67184443 52.78114659 66.6440902 ]
2024-01-23 20:31:32,245[INFO] c:[0.31476567 0.53684595 0.7382541  0.92984394 1.11640377 1.30071669
 1.4846893  1.66979404 1.85728213 2.04830398 2.24398848 2.4455044
 2.65411637 2.87124384 3.09853096 3.33793644 3.59185637 3.86330079
 4.15615865 4.47561438 4.8288373  5.22619532 5.68356475 6.22720363
 6.9056394  7.82595954 9.32179861]
2024-01-23 20:31:32,246[INFO] integrate: 0.0003348091643814093, 5.119565826034887e-09
2024-01-23 20:31:32,246[INFO] renormalization constant: 0.9997868765800083
2024-01-23 20:31:32,671[INFO]                                                    ┌[('v_0',), ('v_1',), ('v_2',)]
2024-01-23 20:31:32,672[INFO]                          ┌[(('MCTDH virtual', 1),)]┼[('v_3',), ('v_4',), ('v_5',)]
2024-01-23 20:31:32,672[INFO]                          │                         └[('v_6',), ('v_7',), ('v_8',)]
2024-01-23 20:31:32,672[INFO]                          │                         ┌[('v_9',), ('v_10',), ('v_11',)]
2024-01-23 20:31:32,672[INFO]                          ├[(('MCTDH virtual', 2),)]┼[('v_12',), ('v_13',), ('v_14',)]
2024-01-23 20:31:32,672[INFO]                          │                         └[('v_15',), ('v_16',), ('v_17',)]
2024-01-23 20:31:32,672[INFO] [(('MCTDH virtual', 0),)]┤
2024-01-23 20:31:32,672[INFO]                          │                         ┌[('v_18',), ('v_19',), ('v_20',)]
2024-01-23 20:31:32,672[INFO]                          ├[(('MCTDH virtual', 3),)]┼[('v_21',), ('v_22',), ('v_23',)]
2024-01-23 20:31:32,672[INFO]                          │                         └[('v_24',), ('v_25',), ('v_26',)]
2024-01-23 20:31:32,672[INFO]                          └[('spin',)]
2024-01-23 20:31:32,678[DEBUG] # of operator terms: 83
2024-01-23 20:31:33,447[DEBUG] # of operator terms: 1
2024-01-23 20:31:33,575[DEBUG] # of operator terms: 1
2024-01-23 20:31:33,734[INFO] [[1], [1], [10, 10, 10], [10, 10, 10], [10, 10, 10], [1], [10, 10, 10], [10, 10, 10], [10, 10, 10], [1], [10, 10, 10], [10, 10, 10], [10, 10, 10], [2]]
2024-01-23 20:31:33,735[DEBUG] target for expander: 19
2024-01-23 20:31:33,735[DEBUG] average bond dimension of hint mpo: 3
2024-01-23 20:31:33,735[DEBUG] cumulated bond dimension: 1. lastone bond dimension: [1, 1, 1, 1, 1, 1, 1, 1, 1, 1, 1, 1, 1, 1]
2024-01-23 20:31:33,974[DEBUG] # of operator terms: 1
2024-01-23 20:31:34,241[DEBUG] cumulated bond dimension: 4. lastone bond dimension: [1, 3, 3, 3, 3, 3, 3, 3, 3, 3, 3, 3, 3, 3]
2024-01-23 20:31:34,726[DEBUG] cumulated bond dimension: 11. lastone bond dimension: [1, 9, 9, 9, 9, 9, 9, 9, 9, 9, 9, 9, 9, 9]
2024-01-23 20:31:36,541[DEBUG] cumulated bond dimension: 16. lastone bond dimension: [1, 21, 21, 21, 21, 21, 21, 21, 21, 21, 21, 21, 21, 6]
2024-01-23 20:31:39,407[DEBUG] expander bond dimension: [1, 19, 19, 19, 19, 19, 19, 19, 19, 19, 19, 19, 19, 2]
2024-01-23 20:31:39,883[INFO] [1, 20, 20, 20, 20, 20, 20, 20, 20, 20, 20, 20, 20, 2]
2024-01-23 20:31:39,883[INFO] [1, 3, 3, 3, 3, 3, 3, 3, 3, 3, 3, 3, 3, 3]
2024-01-23 20:31:39,883[INFO] 14
2024-01-23 20:32:26,913[DEBUG] TDVP-PS Krylov space: DescribeResult(nobs=54, minmax=(4, 27), mean=18.185185185185187, variance=56.60656883298392, skewness=-0.3123596686113809, kurtosis=-1.3006872522252035)
2024-01-23 20:32:27,562[INFO] 0.99503852020051, -0.0006852826016745035
2024-01-23 20:33:22,974[DEBUG] TDVP-PS Krylov space: DescribeResult(nobs=54, minmax=(4, 29), mean=19.37037037037037, variance=36.76589797344514, skewness=-0.7903941574291901, kurtosis=0.8739020298961835)
2024-01-23 20:33:23,665[INFO] 0.9804991852966667, -0.005495602964773218
2024-01-23 20:34:21,915[DEBUG] TDVP-PS Krylov space: DescribeResult(nobs=54, minmax=(4, 35), mean=19.48148148148148, variance=52.74493361285814, skewness=0.054095700313081835, kurtosis=0.10488258886839219)
2024-01-23 20:34:22,338[INFO] 0.9570938941981803, -0.014894135931683183
2024-01-23 20:35:20,012[DEBUG] TDVP-PS Krylov space: DescribeResult(nobs=54, minmax=(4, 35), mean=19.85185185185185, variance=62.95877009084557, skewness=0.19989204450734507, kurtosis=-0.32808562620247717)
2024-01-23 20:35:20,439[INFO] 0.9256083082254422, -0.027604588356334427
2024-01-23 20:36:20,117[DEBUG] TDVP-PS Krylov space: DescribeResult(nobs=54, minmax=(4, 35), mean=19.185185185185187, variance=69.24807826694618, skewness=0.4157916903180529, kurtosis=-0.44612339897479103)
2024-01-23 20:36:20,943[INFO] 0.8868355140537955, -0.043302661299586834
2024-01-23 20:37:23,415[DEBUG] TDVP-PS Krylov space: DescribeResult(nobs=54, minmax=(4, 35), mean=18.703703703703702, variance=67.60866526904265, skewness=0.46176591091169333, kurtosis=-0.43212888457823295)
2024-01-23 20:37:23,875[INFO] 0.8415675696301766, -0.06029244496598838
2024-01-23 20:38:21,426[DEBUG] TDVP-PS Krylov space: DescribeResult(nobs=54, minmax=(4, 35), mean=18.14814814814815, variance=69.29839273235498, skewness=0.6040066497957799, kurtosis=-0.4532459217833087)
2024-01-23 20:38:22,110[INFO] 0.7905957583398534, -0.07974087474365239
2024-01-23 20:39:25,033[DEBUG] TDVP-PS Krylov space: DescribeResult(nobs=54, minmax=(4, 37), mean=18.185185185185187, variance=73.05939902166317, skewness=0.6717593331860474, kurtosis=-0.401489120497446)
2024-01-23 20:39:25,725[INFO] 0.7346958947302236, -0.09896665062471201
2024-01-23 20:40:19,248[DEBUG] TDVP-PS Krylov space: DescribeResult(nobs=54, minmax=(4, 35), mean=18.14814814814815, variance=70.80782669461914, skewness=0.6388935333244354, kurtosis=-0.42603099325189087)
2024-01-23 20:40:19,935[INFO] 0.6746531093008021, -0.12086209760350505
2024-01-23 20:41:22,071[DEBUG] TDVP-PS Krylov space: DescribeResult(nobs=54, minmax=(4, 35), mean=17.962962962962962, variance=70.67784765897974, skewness=0.6848346592068496, kurtosis=-0.3868709611359895)
2024-01-23 20:41:22,500[INFO] 0.6112121572928306, -0.14105522423413497
2024-01-23 20:41:22,501[INFO] [(0.99503852020051, -0.0006852826016745035), (0.9804991852966667, -0.005495602964773218), (0.9570938941981803, -0.014894135931683183), (0.9256083082254422, -0.027604588356334427), (0.8868355140537955, -0.043302661299586834), (0.8415675696301766, -0.06029244496598838), (0.7905957583398534, -0.07974087474365239), (0.7346958947302236, -0.09896665062471201), (0.6746531093008021, -0.12086209760350505), (0.6112121572928306, -0.14105522423413497)]
2024-01-23 20:41:22,501[INFO] [47.24691653251648, 55.643614053726196, 58.39828085899353, 57.82791042327881, 59.96920680999756, 62.62797665596008, 57.79058647155762, 63.17096757888794, 53.763758420944214, 62.289000034332275]
2024-01-23 20:41:22,501[INFO] (57.87282178401947, 4.578513136296557)
