2024-01-24 10:17:52,300[INFO] w:[ 1.21249244  2.50326286  3.88312029  5.36527973  6.96613389  8.70636143
 10.61256502 12.71977533 15.07543605 17.7460639  20.8290775  24.47550863
 28.93837966 34.69202111 42.80132327 56.66426688]
2024-01-24 10:17:52,301[INFO] c:[ 0.59264185  1.0207347   1.4187918   1.80812027  2.19926165  2.59962412
  3.01577066  3.45455903  3.92405829  4.43465224  5.00075485  5.64393278
  6.39939173  7.33170935  8.58273958 10.59290296]
2024-01-24 10:17:52,301[INFO] integrate: 0.0006749250730816019, 2.007589761904222e-12
2024-01-24 10:17:52,301[INFO] renormalization constant: 0.9995704216488225
2024-01-24 10:17:52,513[INFO]                                                                              ┌[('v_0',), ('v_1',)]
2024-01-24 10:17:52,513[INFO]                                                    ┌[(('MCTDH virtual', 2),)]┤
2024-01-24 10:17:52,513[INFO]                                                    │                         └[('v_2',), ('v_3',)]
2024-01-24 10:17:52,513[INFO]                          ┌[(('MCTDH virtual', 1),)]┤
2024-01-24 10:17:52,513[INFO]                          │                         │                         ┌[('v_4',), ('v_5',)]
2024-01-24 10:17:52,513[INFO]                          │                         └[(('MCTDH virtual', 3),)]┤
2024-01-24 10:17:52,513[INFO]                          │                                                   └[('v_6',), ('v_7',)]
2024-01-24 10:17:52,513[INFO]                          │                                                   ┌[('v_8',), ('v_9',)]
2024-01-24 10:17:52,513[INFO]                          │                         ┌[(('MCTDH virtual', 5),)]┤
2024-01-24 10:17:52,513[INFO]                          │                         │                         └[('v_10',), ('v_11',)]
2024-01-24 10:17:52,513[INFO] [(('MCTDH virtual', 0),)]┼[(('MCTDH virtual', 4),)]┤
2024-01-24 10:17:52,513[INFO]                          │                         │                         ┌[('v_12',), ('v_13',)]
2024-01-24 10:17:52,513[INFO]                          │                         └[(('MCTDH virtual', 6),)]┤
2024-01-24 10:17:52,513[INFO]                          │                                                   └[('v_14',), ('v_15',)]
2024-01-24 10:17:52,513[INFO]                          └[('spin',)]
2024-01-24 10:17:52,515[DEBUG] # of operator terms: 50
2024-01-24 10:17:52,575[DEBUG] # of operator terms: 1
2024-01-24 10:17:52,602[DEBUG] # of operator terms: 1
2024-01-24 10:17:52,630[INFO] [[1], [1], [1], [10, 10], [10, 10], [1], [10, 10], [10, 10], [1], [1], [10, 10], [10, 10], [1], [10, 10], [10, 10], [2]]
2024-01-24 10:17:52,631[DEBUG] target for expander: 19
2024-01-24 10:17:52,631[DEBUG] average bond dimension of hint mpo: 3
2024-01-24 10:17:52,631[DEBUG] cumulated bond dimension: 1. lastone bond dimension: [1, 1, 1, 1, 1, 1, 1, 1, 1, 1, 1, 1, 1, 1, 1, 1]
2024-01-24 10:17:52,636[DEBUG] # of operator terms: 1
2024-01-24 10:17:52,685[DEBUG] cumulated bond dimension: 4. lastone bond dimension: [1, 3, 3, 3, 3, 3, 3, 3, 3, 3, 3, 3, 3, 3, 3, 3]
2024-01-24 10:17:52,723[DEBUG] cumulated bond dimension: 12. lastone bond dimension: [1, 9, 9, 9, 9, 9, 9, 9, 9, 9, 9, 9, 9, 9, 9, 9]
2024-01-24 10:17:52,816[DEBUG] cumulated bond dimension: 17. lastone bond dimension: [1, 21, 21, 21, 21, 21, 21, 21, 21, 21, 21, 21, 21, 21, 21, 6]
2024-01-24 10:17:52,936[DEBUG] expander bond dimension: [1, 19, 19, 19, 19, 19, 19, 19, 19, 19, 19, 19, 19, 19, 19, 2]
2024-01-24 10:17:52,977[INFO] [1, 20, 20, 20, 20, 20, 20, 20, 20, 20, 20, 20, 20, 20, 20, 2]
2024-01-24 10:17:52,978[INFO] [1, 3, 3, 3, 3, 3, 3, 3, 3, 3, 3, 3, 3, 3, 3, 3]
2024-01-24 10:17:52,978[INFO] 16
2024-01-24 10:17:53,779[DEBUG] TDVP-PS Krylov space: DescribeResult(nobs=62, minmax=(4, 25), mean=16.64516129032258, variance=34.626123744050766, skewness=-0.4581934235927896, kurtosis=-0.8466476976603148)
2024-01-24 10:17:53,800[INFO] 0.9950400183090246, -0.0006604673033953975
2024-01-24 10:17:54,677[DEBUG] TDVP-PS Krylov space: DescribeResult(nobs=62, minmax=(4, 25), mean=18.129032258064516, variance=27.294553146483334, skewness=-0.9805961033298835, kurtosis=1.0598534958603372)
2024-01-24 10:17:54,696[INFO] 0.9805039722852394, -0.005542271355781245
2024-01-24 10:17:55,538[DEBUG] TDVP-PS Krylov space: DescribeResult(nobs=62, minmax=(4, 25), mean=17.419354838709676, variance=26.706504494976205, skewness=-0.7149172147473205, kurtosis=0.7197217987717899)
2024-01-24 10:17:55,557[INFO] 0.9571012261637056, -0.014772230684156704
2024-01-24 10:17:56,422[DEBUG] TDVP-PS Krylov space: DescribeResult(nobs=62, minmax=(4, 25), mean=16.967741935483872, variance=25.441565309360133, skewness=-0.5736105046488601, kurtosis=0.8315509272750661)
2024-01-24 10:17:56,442[INFO] 0.9256158408263925, -0.02782902568134922
2024-01-24 10:17:57,246[DEBUG] TDVP-PS Krylov space: DescribeResult(nobs=62, minmax=(4, 25), mean=16.64516129032258, variance=24.658910629296667, skewness=-0.5517600661680947, kurtosis=0.7370016431065225)
2024-01-24 10:17:57,266[INFO] 0.886831873544122, -0.04290104618217173
2024-01-24 10:17:58,074[DEBUG] TDVP-PS Krylov space: DescribeResult(nobs=62, minmax=(4, 25), mean=16.451612903225808, variance=25.0058170280275, skewness=-0.4700460547083846, kurtosis=0.5358867663108025)
2024-01-24 10:17:58,093[INFO] 0.8415462574280527, -0.06102227120189023
2024-01-24 10:17:58,888[DEBUG] TDVP-PS Krylov space: DescribeResult(nobs=62, minmax=(4, 25), mean=16.35483870967742, variance=24.95399259650978, skewness=-0.4223024426960168, kurtosis=0.5167349948795068)
2024-01-24 10:17:58,907[INFO] 0.7905299973603794, -0.07868960928702395
2024-01-24 10:17:59,702[DEBUG] TDVP-PS Krylov space: DescribeResult(nobs=62, minmax=(4, 25), mean=16.193548387096776, variance=25.043892120571126, skewness=-0.3496536185686425, kurtosis=0.45761718802146545)
2024-01-24 10:17:59,721[INFO] 0.7345690692395975, -0.10051900153607086
2024-01-24 10:18:00,518[DEBUG] TDVP-PS Krylov space: DescribeResult(nobs=62, minmax=(4, 25), mean=15.838709677419354, variance=25.84241142252776, skewness=-0.21323772549087763, kurtosis=0.1544043868413767)
2024-01-24 10:18:00,538[INFO] 0.6744406045146276, -0.11949467555877183
2024-01-24 10:18:01,346[DEBUG] TDVP-PS Krylov space: DescribeResult(nobs=62, minmax=(4, 25), mean=15.483870967741936, variance=26.122686409307246, skewness=-0.1252902752379171, kurtosis=-0.03259663695728232)
2024-01-24 10:18:01,366[INFO] 0.6108508486957377, -0.14217098504836892
2024-01-24 10:18:01,366[INFO] [(0.9950400183090246, -0.0006604673033953975), (0.9805039722852394, -0.005542271355781245), (0.9571012261637056, -0.014772230684156704), (0.9256158408263925, -0.02782902568134922), (0.886831873544122, -0.04290104618217173), (0.8415462574280527, -0.06102227120189023), (0.7905299973603794, -0.07868960928702395), (0.7345690692395975, -0.10051900153607086), (0.6744406045146276, -0.11949467555877183), (0.6108508486957377, -0.14217098504836892)]
2024-01-24 10:18:01,366[INFO] [0.8084659576416016, 0.883777379989624, 0.8481020927429199, 0.8716232776641846, 0.8108863830566406, 0.8148238658905029, 0.8010661602020264, 0.8009719848632812, 0.8034021854400635, 0.8151085376739502]
2024-01-24 10:18:01,366[INFO] (0.8258227825164794, 0.029062089845623147)
