2024-01-23 21:17:38,113[INFO] w:[ 0.72735288  1.48215944  2.26657371  3.0830136   3.93420588  4.82324114
  5.75364145  6.72944473  7.75531062  8.83665505  9.97982332 11.19231576
 12.48308618 13.86294361 15.34510305 16.94595721 18.68618475 20.59238834
 22.69959866 25.05525937 27.72588722 30.80890082 34.45533195 38.91820298
 44.67184443 52.78114659 66.6440902 ]
2024-01-23 21:17:38,114[INFO] c:[0.31476567 0.53684595 0.7382541  0.92984394 1.11640377 1.30071669
 1.4846893  1.66979404 1.85728213 2.04830398 2.24398848 2.4455044
 2.65411637 2.87124384 3.09853096 3.33793644 3.59185637 3.86330079
 4.15615865 4.47561438 4.8288373  5.22619532 5.68356475 6.22720363
 6.9056394  7.82595954 9.32179861]
2024-01-23 21:17:38,115[INFO] integrate: 0.0003348091643814093, 5.119565826034887e-09
2024-01-23 21:17:38,115[INFO] renormalization constant: 0.9997868765800083
2024-01-23 21:17:38,579[INFO]                                                                              ┌[('v_0',)]
2024-01-23 21:17:38,579[INFO]                                                    ┌[(('MCTDH virtual', 2),)]┼[('v_1',)]
2024-01-23 21:17:38,579[INFO]                                                    │                         └[('v_2',)]
2024-01-23 21:17:38,579[INFO]                                                    │                         ┌[('v_3',)]
2024-01-23 21:17:38,579[INFO]                          ┌[(('MCTDH virtual', 1),)]┼[(('MCTDH virtual', 3),)]┼[('v_4',)]
2024-01-23 21:17:38,579[INFO]                          │                         │                         └[('v_5',)]
2024-01-23 21:17:38,579[INFO]                          │                         │                         ┌[('v_6',)]
2024-01-23 21:17:38,579[INFO]                          │                         └[(('MCTDH virtual', 4),)]┼[('v_7',)]
2024-01-23 21:17:38,579[INFO]                          │                                                   └[('v_8',)]
2024-01-23 21:17:38,579[INFO]                          │                                                   ┌[('v_9',)]
2024-01-23 21:17:38,579[INFO]                          │                         ┌[(('MCTDH virtual', 6),)]┼[('v_10',)]
2024-01-23 21:17:38,580[INFO]                          │                         │                         └[('v_11',)]
2024-01-23 21:17:38,580[INFO]                          │                         │                         ┌[('v_12',)]
2024-01-23 21:17:38,580[INFO]                          ├[(('MCTDH virtual', 5),)]┼[(('MCTDH virtual', 7),)]┼[('v_13',)]
2024-01-23 21:17:38,580[INFO]                          │                         │                         └[('v_14',)]
2024-01-23 21:17:38,580[INFO]                          │                         │                         ┌[('v_15',)]
2024-01-23 21:17:38,580[INFO]                          │                         └[(('MCTDH virtual', 8),)]┼[('v_16',)]
2024-01-23 21:17:38,580[INFO]                          │                                                   └[('v_17',)]
2024-01-23 21:17:38,580[INFO] [(('MCTDH virtual', 0),)]┤
2024-01-23 21:17:38,580[INFO]                          │                                                    ┌[('v_18',)]
2024-01-23 21:17:38,580[INFO]                          │                         ┌[(('MCTDH virtual', 10),)]┼[('v_19',)]
2024-01-23 21:17:38,580[INFO]                          │                         │                          └[('v_20',)]
2024-01-23 21:17:38,580[INFO]                          │                         │                          ┌[('v_21',)]
2024-01-23 21:17:38,580[INFO]                          ├[(('MCTDH virtual', 9),)]┼[(('MCTDH virtual', 11),)]┼[('v_22',)]
2024-01-23 21:17:38,580[INFO]                          │                         │                          └[('v_23',)]
2024-01-23 21:17:38,581[INFO]                          │                         │                          ┌[('v_24',)]
2024-01-23 21:17:38,581[INFO]                          │                         └[(('MCTDH virtual', 12),)]┼[('v_25',)]
2024-01-23 21:17:38,581[INFO]                          │                                                    └[('v_26',)]
2024-01-23 21:17:38,581[INFO]                          └[('spin',)]
2024-01-23 21:17:38,587[DEBUG] # of operator terms: 83
2024-01-23 21:17:38,877[DEBUG] # of operator terms: 1
2024-01-23 21:17:39,025[DEBUG] # of operator terms: 1
2024-01-23 21:17:39,176[INFO] [[1], [1], [1], [40], [40], [40], [1], [40], [40], [40], [1], [40], [40], [40], [1], [1], [40], [40], [40], [1], [40], [40], [40], [1], [40], [40], [40], [1], [1], [40], [40], [40], [1], [40], [40], [40], [1], [40], [40], [40], [2]]
2024-01-23 21:17:39,177[DEBUG] target for expander: 19
2024-01-23 21:17:39,178[DEBUG] average bond dimension of hint mpo: 3
2024-01-23 21:17:39,178[DEBUG] cumulated bond dimension: 1. lastone bond dimension: [1, 1, 1, 1, 1, 1, 1, 1, 1, 1, 1, 1, 1, 1, 1, 1, 1, 1, 1, 1, 1, 1, 1, 1, 1, 1, 1, 1, 1, 1, 1, 1, 1, 1, 1, 1, 1, 1, 1, 1, 1]
2024-01-23 21:17:39,197[DEBUG] # of operator terms: 1
2024-01-23 21:17:39,453[DEBUG] cumulated bond dimension: 4. lastone bond dimension: [1, 3, 3, 3, 3, 3, 3, 3, 3, 3, 3, 3, 3, 3, 3, 3, 3, 3, 3, 3, 3, 3, 3, 3, 3, 3, 3, 3, 3, 3, 3, 3, 3, 3, 3, 3, 3, 3, 3, 3, 3]
2024-01-23 21:17:39,967[DEBUG] cumulated bond dimension: 12. lastone bond dimension: [1, 9, 9, 9, 9, 9, 9, 9, 9, 9, 9, 9, 9, 9, 9, 9, 9, 9, 9, 9, 9, 9, 9, 9, 9, 9, 9, 9, 9, 9, 9, 9, 9, 9, 9, 9, 9, 9, 9, 9, 9]
2024-01-23 21:17:45,080[DEBUG] cumulated bond dimension: 18. lastone bond dimension: [1, 21, 21, 21, 21, 21, 21, 21, 21, 21, 21, 21, 21, 21, 21, 21, 21, 21, 21, 21, 21, 21, 21, 21, 21, 21, 21, 21, 21, 21, 21, 21, 21, 21, 21, 21, 21, 21, 21, 21, 6]
2024-01-23 21:17:53,799[DEBUG] expander bond dimension: [1, 19, 19, 19, 19, 19, 19, 19, 19, 19, 19, 19, 19, 19, 19, 19, 19, 19, 19, 19, 19, 19, 19, 19, 19, 19, 19, 19, 19, 19, 19, 19, 19, 19, 19, 19, 19, 19, 19, 19, 2]
2024-01-23 21:17:54,798[INFO] [1, 20, 20, 20, 20, 20, 20, 20, 20, 20, 20, 20, 20, 20, 20, 20, 20, 20, 20, 20, 20, 20, 20, 20, 20, 20, 20, 20, 20, 20, 20, 20, 20, 20, 20, 20, 20, 20, 20, 20, 2]
2024-01-23 21:17:54,798[INFO] [1, 3, 3, 3, 3, 3, 3, 3, 3, 3, 3, 3, 3, 3, 3, 3, 3, 3, 3, 3, 3, 3, 3, 3, 3, 3, 3, 3, 3, 3, 3, 3, 3, 3, 3, 3, 3, 3, 3, 3, 3]
2024-01-23 21:17:54,798[INFO] 41
2024-01-23 21:19:30,927[DEBUG] TDVP-PS Krylov space: DescribeResult(nobs=162, minmax=(4, 87), mean=39.39506172839506, variance=436.0417145924392, skewness=-0.04580303194106915, kurtosis=-1.2583152956171186)
2024-01-23 21:19:31,487[INFO] 0.9950385200475932, -0.0006852828552520915
2024-01-23 21:21:27,635[DEBUG] TDVP-PS Krylov space: DescribeResult(nobs=162, minmax=(4, 89), mean=43.60493827160494, variance=214.33985123840196, skewness=0.6037851824337829, kurtosis=1.6327964039853438)
2024-01-23 21:21:28,202[INFO] 0.9804991856708337, -0.005495602253134634
2024-01-23 21:22:54,658[DEBUG] TDVP-PS Krylov space: DescribeResult(nobs=162, minmax=(4, 89), mean=42.65432098765432, variance=223.15926692738284, skewness=0.6798583523241485, kurtosis=1.329981893559638)
2024-01-23 21:22:55,210[INFO] 0.957093895018263, -0.014894121660651894
2024-01-23 21:25:16,283[DEBUG] TDVP-PS Krylov space: DescribeResult(nobs=162, minmax=(4, 87), mean=39.98765432098765, variance=268.55885284870794, skewness=0.6812042463667097, kurtosis=0.40524605384165824)
2024-01-23 21:25:16,853[INFO] 0.9256083089516484, -0.02760460530203005
2024-01-23 21:27:04,779[DEBUG] TDVP-PS Krylov space: DescribeResult(nobs=162, minmax=(4, 87), mean=38.77777777777778, variance=287.527950310559, skewness=0.6929352167435362, kurtosis=0.22984826765361976)
2024-01-23 21:27:05,345[INFO] 0.8868355192527582, -0.04330261575776101
2024-01-23 21:28:35,709[DEBUG] TDVP-PS Krylov space: DescribeResult(nobs=162, minmax=(4, 87), mean=38.06172839506173, variance=308.4557932673875, skewness=0.6509165649609793, kurtosis=-0.013402878177520172)
2024-01-23 21:28:36,691[INFO] 0.8415675742349009, -0.060292448188470085
2024-01-23 21:29:54,386[DEBUG] TDVP-PS Krylov space: DescribeResult(nobs=162, minmax=(4, 87), mean=37.77777777777778, variance=321.6273291925466, skewness=0.6421861581471023, kurtosis=-0.08544928300762633)
2024-01-23 21:29:54,954[INFO] 0.7905957640609752, -0.07974081224945315
2024-01-23 21:32:25,739[DEBUG] TDVP-PS Krylov space: DescribeResult(nobs=162, minmax=(4, 87), mean=37.65432098765432, variance=340.4884594739667, skewness=0.6297150287990133, kurtosis=-0.24118162645692065)
2024-01-23 21:32:26,323[INFO] 0.7346958959140881, -0.09896659040521347
2024-01-23 21:35:12,088[DEBUG] TDVP-PS Krylov space: DescribeResult(nobs=162, minmax=(4, 87), mean=37.50617283950617, variance=344.7359865041024, skewness=0.6509334620347372, kurtosis=-0.25946133133671223)
2024-01-23 21:35:12,673[INFO] 0.6746531009061896, -0.12086210741729086
2024-01-23 21:37:38,961[DEBUG] TDVP-PS Krylov space: DescribeResult(nobs=162, minmax=(4, 87), mean=37.407407407407405, variance=349.1497584541063, skewness=0.6533618297192025, kurtosis=-0.3128348430654886)
2024-01-23 21:37:39,981[INFO] 0.611212133523139, -0.14105516318703804
2024-01-23 21:37:39,981[INFO] [(0.9950385200475932, -0.0006852828552520915), (0.9804991856708337, -0.005495602253134634), (0.957093895018263, -0.014894121660651894), (0.9256083089516484, -0.02760460530203005), (0.8868355192527582, -0.04330261575776101), (0.8415675742349009, -0.060292448188470085), (0.7905957640609752, -0.07974081224945315), (0.7346958959140881, -0.09896659040521347), (0.6746531009061896, -0.12086210741729086), (0.611212133523139, -0.14105516318703804)]
2024-01-23 21:37:39,981[INFO] [96.3077552318573, 116.33447098731995, 86.64004397392273, 141.26290321350098, 108.1149218082428, 90.69122409820557, 77.88699579238892, 150.99392104148865, 165.97666239738464, 146.65240240097046]
2024-01-23 21:37:39,982[INFO] (118.0861300945282, 29.430798555973002)
