2024-01-24 10:20:43,244[INFO] w:[ 1.21249244  2.50326286  3.88312029  5.36527973  6.96613389  8.70636143
 10.61256502 12.71977533 15.07543605 17.7460639  20.8290775  24.47550863
 28.93837966 34.69202111 42.80132327 56.66426688]
2024-01-24 10:20:43,244[INFO] c:[ 0.59264185  1.0207347   1.4187918   1.80812027  2.19926165  2.59962412
  3.01577066  3.45455903  3.92405829  4.43465224  5.00075485  5.64393278
  6.39939173  7.33170935  8.58273958 10.59290296]
2024-01-24 10:20:43,244[INFO] integrate: 0.0006749250730816019, 2.007589761904222e-12
2024-01-24 10:20:43,244[INFO] renormalization constant: 0.9995704216488225
2024-01-24 10:20:43,475[INFO]                                                                                                        ┌[('v_0',)]
2024-01-24 10:20:43,475[INFO]                                                                              ┌[(('MCTDH virtual', 3),)]┤
2024-01-24 10:20:43,475[INFO]                                                                              │                         └[('v_1',)]
2024-01-24 10:20:43,475[INFO]                                                    ┌[(('MCTDH virtual', 2),)]┤
2024-01-24 10:20:43,475[INFO]                                                    │                         │                         ┌[('v_2',)]
2024-01-24 10:20:43,475[INFO]                                                    │                         └[(('MCTDH virtual', 4),)]┤
2024-01-24 10:20:43,475[INFO]                                                    │                                                   └[('v_3',)]
2024-01-24 10:20:43,475[INFO]                          ┌[(('MCTDH virtual', 1),)]┤
2024-01-24 10:20:43,475[INFO]                          │                         │                                                   ┌[('v_4',)]
2024-01-24 10:20:43,475[INFO]                          │                         │                         ┌[(('MCTDH virtual', 6),)]┤
2024-01-24 10:20:43,475[INFO]                          │                         │                         │                         └[('v_5',)]
2024-01-24 10:20:43,475[INFO]                          │                         └[(('MCTDH virtual', 5),)]┤
2024-01-24 10:20:43,475[INFO]                          │                                                   │                         ┌[('v_6',)]
2024-01-24 10:20:43,475[INFO]                          │                                                   └[(('MCTDH virtual', 7),)]┤
2024-01-24 10:20:43,475[INFO]                          │                                                                             └[('v_7',)]
2024-01-24 10:20:43,475[INFO]                          │                                                                              ┌[('v_8',)]
2024-01-24 10:20:43,475[INFO]                          │                                                   ┌[(('MCTDH virtual', 10),)]┤
2024-01-24 10:20:43,475[INFO]                          │                                                   │                          └[('v_9',)]
2024-01-24 10:20:43,475[INFO]                          │                         ┌[(('MCTDH virtual', 9),)]┤
2024-01-24 10:20:43,475[INFO]                          │                         │                         │                          ┌[('v_10',)]
2024-01-24 10:20:43,475[INFO]                          │                         │                         └[(('MCTDH virtual', 11),)]┤
2024-01-24 10:20:43,475[INFO]                          │                         │                                                    └[('v_11',)]
2024-01-24 10:20:43,475[INFO] [(('MCTDH virtual', 0),)]┼[(('MCTDH virtual', 8),)]┤
2024-01-24 10:20:43,475[INFO]                          │                         │                                                     ┌[('v_12',)]
2024-01-24 10:20:43,476[INFO]                          │                         │                          ┌[(('MCTDH virtual', 13),)]┤
2024-01-24 10:20:43,476[INFO]                          │                         │                          │                          └[('v_13',)]
2024-01-24 10:20:43,476[INFO]                          │                         └[(('MCTDH virtual', 12),)]┤
2024-01-24 10:20:43,476[INFO]                          │                                                    │                          ┌[('v_14',)]
2024-01-24 10:20:43,476[INFO]                          │                                                    └[(('MCTDH virtual', 14),)]┤
2024-01-24 10:20:43,476[INFO]                          │                                                                               └[('v_15',)]
2024-01-24 10:20:43,476[INFO]                          └[('spin',)]
2024-01-24 10:20:43,477[DEBUG] # of operator terms: 50
2024-01-24 10:20:43,575[DEBUG] # of operator terms: 1
2024-01-24 10:20:43,629[DEBUG] # of operator terms: 1
2024-01-24 10:20:43,684[INFO] [[1], [1], [1], [1], [100], [100], [1], [100], [100], [1], [1], [100], [100], [1], [100], [100], [1], [1], [1], [100], [100], [1], [100], [100], [1], [1], [100], [100], [1], [100], [100], [2]]
2024-01-24 10:20:43,684[DEBUG] target for expander: 19
2024-01-24 10:20:43,684[DEBUG] average bond dimension of hint mpo: 3
2024-01-24 10:20:43,685[DEBUG] cumulated bond dimension: 1. lastone bond dimension: [1, 1, 1, 1, 1, 1, 1, 1, 1, 1, 1, 1, 1, 1, 1, 1, 1, 1, 1, 1, 1, 1, 1, 1, 1, 1, 1, 1, 1, 1, 1, 1]
2024-01-24 10:20:43,693[DEBUG] # of operator terms: 1
2024-01-24 10:20:43,788[DEBUG] cumulated bond dimension: 4. lastone bond dimension: [1, 3, 3, 3, 3, 3, 3, 3, 3, 3, 3, 3, 3, 3, 3, 3, 3, 3, 3, 3, 3, 3, 3, 3, 3, 3, 3, 3, 3, 3, 3, 3]
2024-01-24 10:20:43,866[DEBUG] cumulated bond dimension: 12. lastone bond dimension: [1, 9, 9, 9, 9, 9, 9, 9, 9, 9, 9, 9, 9, 9, 9, 9, 9, 9, 9, 9, 9, 9, 9, 9, 9, 9, 9, 9, 9, 9, 9, 9]
2024-01-24 10:20:44,058[DEBUG] cumulated bond dimension: 18. lastone bond dimension: [1, 21, 21, 21, 21, 21, 21, 21, 21, 21, 21, 21, 21, 21, 21, 21, 21, 21, 21, 21, 21, 21, 21, 21, 21, 21, 21, 21, 21, 21, 21, 6]
2024-01-24 10:20:44,299[DEBUG] expander bond dimension: [1, 19, 19, 19, 19, 19, 19, 19, 19, 19, 19, 19, 19, 19, 19, 19, 19, 19, 19, 19, 19, 19, 19, 19, 19, 19, 19, 19, 19, 19, 19, 2]
2024-01-24 10:20:44,383[INFO] [1, 20, 20, 20, 20, 20, 20, 20, 20, 20, 20, 20, 20, 20, 20, 20, 20, 20, 20, 20, 20, 20, 20, 20, 20, 20, 20, 20, 20, 20, 20, 2]
2024-01-24 10:20:44,383[INFO] [1, 3, 3, 3, 3, 3, 3, 3, 3, 3, 3, 3, 3, 3, 3, 3, 3, 3, 3, 3, 3, 3, 3, 3, 3, 3, 3, 3, 3, 3, 3, 3]
2024-01-24 10:20:44,383[INFO] 32
2024-01-24 10:20:47,422[DEBUG] TDVP-PS Krylov space: DescribeResult(nobs=126, minmax=(4, 61), mean=31.317460317460316, variance=213.37041269841268, skewness=0.07184423583745546, kurtosis=-1.0589334518660731)
2024-01-24 10:20:47,460[INFO] 0.9950400185884631, -0.0006604654418693034
2024-01-24 10:20:51,053[DEBUG] TDVP-PS Krylov space: DescribeResult(nobs=126, minmax=(4, 73), mean=37.22222222222222, variance=206.38222222222225, skewness=0.10769997122650625, kurtosis=-0.5513156727924464)
2024-01-24 10:20:51,096[INFO] 0.9805039723766356, -0.005542269976699651
2024-01-24 10:20:54,565[DEBUG] TDVP-PS Krylov space: DescribeResult(nobs=126, minmax=(4, 93), mean=36.22222222222222, variance=272.03022222222216, skewness=0.7519817959306088, kurtosis=0.578081202551108)
2024-01-24 10:20:54,603[INFO] 0.9571012253309314, -0.01477223331947134
2024-01-24 10:20:57,992[DEBUG] TDVP-PS Krylov space: DescribeResult(nobs=126, minmax=(4, 95), mean=35.44444444444444, variance=322.8408888888889, skewness=1.1202446536974893, kurtosis=1.3726022647075755)
2024-01-24 10:20:58,031[INFO] 0.9256158379915167, -0.027829040919054207
2024-01-24 10:21:01,429[DEBUG] TDVP-PS Krylov space: DescribeResult(nobs=126, minmax=(4, 95), mean=35.20634920634921, variance=357.6530793650794, skewness=1.1591533727280376, kurtosis=1.2131322368888862)
2024-01-24 10:21:01,468[INFO] 0.8868318706827486, -0.04290106530566415
2024-01-24 10:21:04,817[DEBUG] TDVP-PS Krylov space: DescribeResult(nobs=126, minmax=(4, 95), mean=34.57142857142857, variance=364.1028571428572, skewness=1.1826069261843355, kurtosis=1.128598591110931)
2024-01-24 10:21:04,855[INFO] 0.8415462517409918, -0.06102230806759658
2024-01-24 10:21:08,159[DEBUG] TDVP-PS Krylov space: DescribeResult(nobs=126, minmax=(4, 95), mean=34.19047619047619, variance=369.9634285714286, skewness=1.2142079705640474, kurtosis=1.1905178065382342)
2024-01-24 10:21:08,196[INFO] 0.790529988235572, -0.07868964143131656
2024-01-24 10:21:11,486[DEBUG] TDVP-PS Krylov space: DescribeResult(nobs=126, minmax=(4, 95), mean=33.904761904761905, variance=372.9348571428571, skewness=1.244172340908014, kurtosis=1.2732321529602704)
2024-01-24 10:21:11,524[INFO] 0.7345690602277558, -0.10051901974371183
2024-01-24 10:21:14,812[DEBUG] TDVP-PS Krylov space: DescribeResult(nobs=126, minmax=(4, 95), mean=33.714285714285715, variance=376.0617142857144, skewness=1.2396039759870228, kurtosis=1.2728626811979202)
2024-01-24 10:21:14,850[INFO] 0.6744405898987317, -0.11949470604093584
2024-01-24 10:21:18,144[DEBUG] TDVP-PS Krylov space: DescribeResult(nobs=126, minmax=(4, 95), mean=33.666666666666664, variance=385.568, skewness=1.2342250433691038, kurtosis=1.243024769917394)
2024-01-24 10:21:18,183[INFO] 0.6108508272704798, -0.14217104659212235
2024-01-24 10:21:18,183[INFO] [(0.9950400185884631, -0.0006604654418693034), (0.9805039723766356, -0.005542269976699651), (0.9571012253309314, -0.01477223331947134), (0.9256158379915167, -0.027829040919054207), (0.8868318706827486, -0.04290106530566415), (0.8415462517409918, -0.06102230806759658), (0.790529988235572, -0.07868964143131656), (0.7345690602277558, -0.10051901974371183), (0.6744405898987317, -0.11949470604093584), (0.6108508272704798, -0.14217104659212235)]
2024-01-24 10:21:18,184[INFO] [3.0521373748779297, 3.609645128250122, 3.4813380241394043, 3.4020252227783203, 3.411477565765381, 3.3617992401123047, 3.316288709640503, 3.303370475769043, 3.300311326980591, 3.3081741333007812]
2024-01-24 10:21:18,184[INFO] (3.354656720161438, 0.13686673451607345)
