2024-01-23 20:21:42,632[INFO] w:[ 1.21249244  2.50326286  3.88312029  5.36527973  6.96613389  8.70636143
 10.61256502 12.71977533 15.07543605 17.7460639  20.8290775  24.47550863
 28.93837966 34.69202111 42.80132327 56.66426688]
2024-01-23 20:21:42,633[INFO] c:[ 0.59264185  1.0207347   1.4187918   1.80812027  2.19926165  2.59962412
  3.01577066  3.45455903  3.92405829  4.43465224  5.00075485  5.64393278
  6.39939173  7.33170935  8.58273958 10.59290296]
2024-01-23 20:21:42,633[INFO] integrate: 0.0006749250730816019, 2.007589761904222e-12
2024-01-23 20:21:42,634[INFO] renormalization constant: 0.9995704216488225
2024-01-23 20:21:43,057[INFO]           ┌[('v_1',)]─[('v_2',)]─[('v_3',)]─[('v_4',)]─[('v_5',)]─[('v_6',)]─[('v_7',)]─[('v_8',)]─[('v_9',)]─[('v_10',)]─[('v_11',)]─[('v_12',)]─[('v_13',)]─[('v_14',)]─[('v_15',)]
2024-01-23 20:21:43,057[INFO] [('v_0',)]┤
2024-01-23 20:21:43,058[INFO]           └[('spin',)]
2024-01-23 20:21:43,060[DEBUG] # of operator terms: 50
2024-01-23 20:21:43,174[DEBUG] # of operator terms: 1
2024-01-23 20:21:43,234[DEBUG] # of operator terms: 1
2024-01-23 20:21:43,297[INFO] [[50], [50], [50], [50], [50], [50], [50], [50], [50], [50], [50], [50], [50], [50], [50], [50], [2]]
2024-01-23 20:21:43,297[DEBUG] target for expander: 19
2024-01-23 20:21:43,298[DEBUG] average bond dimension of hint mpo: 3
2024-01-23 20:21:43,298[DEBUG] cumulated bond dimension: 1. lastone bond dimension: [1, 1, 1, 1, 1, 1, 1, 1, 1, 1, 1, 1, 1, 1, 1, 1, 1]
2024-01-23 20:21:43,307[DEBUG] # of operator terms: 1
2024-01-23 20:21:43,434[DEBUG] cumulated bond dimension: 4. lastone bond dimension: [1, 3, 3, 3, 3, 3, 3, 3, 3, 3, 3, 3, 3, 3, 3, 3, 3]
2024-01-23 20:21:43,571[DEBUG] cumulated bond dimension: 12. lastone bond dimension: [1, 9, 9, 9, 9, 9, 9, 9, 9, 9, 9, 9, 9, 9, 9, 9, 9]
2024-01-23 20:21:43,901[DEBUG] cumulated bond dimension: 17. lastone bond dimension: [1, 21, 21, 21, 21, 21, 21, 21, 21, 21, 21, 21, 21, 21, 21, 21, 6]
2024-01-23 20:21:44,300[DEBUG] expander bond dimension: [1, 19, 19, 19, 19, 19, 19, 19, 19, 19, 19, 19, 19, 19, 19, 19, 2]
2024-01-23 20:21:44,446[INFO] [1, 20, 20, 20, 20, 20, 20, 20, 20, 20, 20, 20, 20, 20, 20, 20, 2]
2024-01-23 20:21:44,446[INFO] [1, 3, 3, 3, 3, 3, 3, 3, 3, 3, 3, 3, 3, 3, 3, 3, 3]
2024-01-23 20:21:44,447[INFO] 17
2024-01-23 20:21:49,688[DEBUG] TDVP-PS Krylov space: DescribeResult(nobs=66, minmax=(4, 29), mean=21.636363636363637, variance=27.650349650349646, skewness=-2.4263311347999044, kurtosis=5.461215756618412)
2024-01-23 20:21:49,768[INFO] 0.9950400182817482, -0.0006604716541414482
2024-01-23 20:21:54,694[DEBUG] TDVP-PS Krylov space: DescribeResult(nobs=66, minmax=(4, 43), mean=19.606060606060606, variance=86.21165501165501, skewness=0.6270251635214076, kurtosis=-0.3301708531577483)
2024-01-23 20:21:54,772[INFO] 0.9805039718550859, -0.005542271926832733
2024-01-23 20:21:59,978[DEBUG] TDVP-PS Krylov space: DescribeResult(nobs=66, minmax=(4, 49), mean=20.484848484848484, variance=122.43822843822845, skewness=0.9089177945250948, kurtosis=-0.005820984590325207)
2024-01-23 20:22:00,057[INFO] 0.9571012248274783, -0.014772218151490863
2024-01-23 20:22:05,357[DEBUG] TDVP-PS Krylov space: DescribeResult(nobs=66, minmax=(4, 49), mean=20.666666666666668, variance=131.33333333333331, skewness=1.0136809134972098, kurtosis=0.18696433039307525)
2024-01-23 20:22:05,435[INFO] 0.9256158344965637, -0.027829019639548317
2024-01-23 20:22:10,772[DEBUG] TDVP-PS Krylov space: DescribeResult(nobs=66, minmax=(4, 49), mean=20.90909090909091, variance=134.76083916083917, skewness=1.002465536594198, kurtosis=0.15738996822465756)
2024-01-23 20:22:10,848[INFO] 0.8868318625924855, -0.04290102436882361
2024-01-23 20:22:16,222[DEBUG] TDVP-PS Krylov space: DescribeResult(nobs=66, minmax=(4, 49), mean=20.515151515151516, variance=139.26899766899766, skewness=1.0436222037238068, kurtosis=0.17976269752777485)
2024-01-23 20:22:16,301[INFO] 0.8415462418064261, -0.06102229473900059
2024-01-23 20:22:21,523[DEBUG] TDVP-PS Krylov space: DescribeResult(nobs=66, minmax=(4, 51), mean=20.484848484848484, variance=147.91515151515154, skewness=1.0622985252586141, kurtosis=0.178316858045116)
2024-01-23 20:22:21,602[INFO] 0.7905299768889562, -0.07868964838598982
2024-01-23 20:22:26,967[DEBUG] TDVP-PS Krylov space: DescribeResult(nobs=66, minmax=(4, 51), mean=20.393939393939394, variance=150.58088578088578, skewness=1.0876980361627837, kurtosis=0.2616327132699907)
2024-01-23 20:22:27,047[INFO] 0.7345690448584853, -0.10051908789562006
2024-01-23 20:22:32,417[DEBUG] TDVP-PS Krylov space: DescribeResult(nobs=66, minmax=(4, 51), mean=20.393939393939394, variance=155.13473193473192, skewness=1.1291996181245105, kurtosis=0.35571656310845556)
2024-01-23 20:22:32,496[INFO] 0.6744405721978963, -0.1194948499868268
2024-01-23 20:22:37,708[DEBUG] TDVP-PS Krylov space: DescribeResult(nobs=66, minmax=(4, 51), mean=20.363636363636363, variance=154.9118881118881, skewness=1.1233021786998552, kurtosis=0.3097821284995135)
2024-01-23 20:22:37,786[INFO] 0.6108508240154062, -0.1421709393059332
2024-01-23 20:22:37,786[INFO] [(0.9950400182817482, -0.0006604716541414482), (0.9805039718550859, -0.005542271926832733), (0.9571012248274783, -0.014772218151490863), (0.9256158344965637, -0.027829019639548317), (0.8868318625924855, -0.04290102436882361), (0.8415462418064261, -0.06102229473900059), (0.7905299768889562, -0.07868964838598982), (0.7345690448584853, -0.10051908789562006), (0.6744405721978963, -0.1194948499868268), (0.6108508240154062, -0.1421709393059332)]
2024-01-23 20:22:37,787[INFO] [5.268648624420166, 4.952697277069092, 5.231855154037476, 5.325892686843872, 5.362782955169678, 5.400125980377197, 5.248714923858643, 5.3928914070129395, 5.3959033489227295, 5.2376158237457275]
2024-01-23 20:22:37,787[INFO] (5.281712818145752, 0.12723488235819555)
