2024-01-24 11:10:07,413[INFO] w:[ 0.72735288  1.48215944  2.26657371  3.0830136   3.93420588  4.82324114
  5.75364145  6.72944473  7.75531062  8.83665505  9.97982332 11.19231576
 12.48308618 13.86294361 15.34510305 16.94595721 18.68618475 20.59238834
 22.69959866 25.05525937 27.72588722 30.80890082 34.45533195 38.91820298
 44.67184443 52.78114659 66.6440902 ]
2024-01-24 11:10:07,414[INFO] c:[0.31476567 0.53684595 0.7382541  0.92984394 1.11640377 1.30071669
 1.4846893  1.66979404 1.85728213 2.04830398 2.24398848 2.4455044
 2.65411637 2.87124384 3.09853096 3.33793644 3.59185637 3.86330079
 4.15615865 4.47561438 4.8288373  5.22619532 5.68356475 6.22720363
 6.9056394  7.82595954 9.32179861]
2024-01-24 11:10:07,414[INFO] integrate: 0.0003348091643814093, 5.119565826034887e-09
2024-01-24 11:10:07,414[INFO] renormalization constant: 0.9997868765800083
2024-01-24 11:10:07,988[INFO]                                                                              ┌[('v_0',)]
2024-01-24 11:10:07,988[INFO]                                                    ┌[(('MCTDH virtual', 2),)]┼[('v_1',)]
2024-01-24 11:10:07,988[INFO]                                                    │                         └[('v_2',)]
2024-01-24 11:10:07,989[INFO]                                                    │                         ┌[('v_3',)]
2024-01-24 11:10:07,989[INFO]                          ┌[(('MCTDH virtual', 1),)]┼[(('MCTDH virtual', 3),)]┼[('v_4',)]
2024-01-24 11:10:07,989[INFO]                          │                         │                         └[('v_5',)]
2024-01-24 11:10:07,989[INFO]                          │                         │                         ┌[('v_6',)]
2024-01-24 11:10:07,989[INFO]                          │                         └[(('MCTDH virtual', 4),)]┼[('v_7',)]
2024-01-24 11:10:07,989[INFO]                          │                                                   └[('v_8',)]
2024-01-24 11:10:07,989[INFO]                          │                                                   ┌[('v_9',)]
2024-01-24 11:10:07,989[INFO]                          │                         ┌[(('MCTDH virtual', 6),)]┼[('v_10',)]
2024-01-24 11:10:07,989[INFO]                          │                         │                         └[('v_11',)]
2024-01-24 11:10:07,989[INFO]                          │                         │                         ┌[('v_12',)]
2024-01-24 11:10:07,989[INFO]                          ├[(('MCTDH virtual', 5),)]┼[(('MCTDH virtual', 7),)]┼[('v_13',)]
2024-01-24 11:10:07,989[INFO]                          │                         │                         └[('v_14',)]
2024-01-24 11:10:07,989[INFO]                          │                         │                         ┌[('v_15',)]
2024-01-24 11:10:07,989[INFO]                          │                         └[(('MCTDH virtual', 8),)]┼[('v_16',)]
2024-01-24 11:10:07,989[INFO]                          │                                                   └[('v_17',)]
2024-01-24 11:10:07,989[INFO] [(('MCTDH virtual', 0),)]┤
2024-01-24 11:10:07,989[INFO]                          │                                                    ┌[('v_18',)]
2024-01-24 11:10:07,989[INFO]                          │                         ┌[(('MCTDH virtual', 10),)]┼[('v_19',)]
2024-01-24 11:10:07,989[INFO]                          │                         │                          └[('v_20',)]
2024-01-24 11:10:07,989[INFO]                          │                         │                          ┌[('v_21',)]
2024-01-24 11:10:07,989[INFO]                          ├[(('MCTDH virtual', 9),)]┼[(('MCTDH virtual', 11),)]┼[('v_22',)]
2024-01-24 11:10:07,989[INFO]                          │                         │                          └[('v_23',)]
2024-01-24 11:10:07,989[INFO]                          │                         │                          ┌[('v_24',)]
2024-01-24 11:10:07,989[INFO]                          │                         └[(('MCTDH virtual', 12),)]┼[('v_25',)]
2024-01-24 11:10:07,989[INFO]                          │                                                    └[('v_26',)]
2024-01-24 11:10:07,989[INFO]                          └[('spin',)]
2024-01-24 11:10:07,992[DEBUG] # of operator terms: 83
2024-01-24 11:10:08,123[DEBUG] # of operator terms: 1
2024-01-24 11:10:08,189[DEBUG] # of operator terms: 1
2024-01-24 11:10:08,257[INFO] [[1], [1], [1], [21], [21], [21], [1], [21], [21], [21], [1], [21], [21], [21], [1], [1], [21], [21], [21], [1], [21], [21], [21], [1], [21], [21], [21], [1], [1], [21], [21], [21], [1], [21], [21], [21], [1], [21], [21], [21], [2]]
2024-01-24 11:10:08,259[DEBUG] target for expander: 19
2024-01-24 11:10:08,259[DEBUG] average bond dimension of hint mpo: 3
2024-01-24 11:10:08,259[DEBUG] cumulated bond dimension: 1. lastone bond dimension: [1, 1, 1, 1, 1, 1, 1, 1, 1, 1, 1, 1, 1, 1, 1, 1, 1, 1, 1, 1, 1, 1, 1, 1, 1, 1, 1, 1, 1, 1, 1, 1, 1, 1, 1, 1, 1, 1, 1, 1, 1]
2024-01-24 11:10:08,268[DEBUG] # of operator terms: 1
2024-01-24 11:10:08,405[DEBUG] cumulated bond dimension: 4. lastone bond dimension: [1, 3, 3, 3, 3, 3, 3, 3, 3, 3, 3, 3, 3, 3, 3, 3, 3, 3, 3, 3, 3, 3, 3, 3, 3, 3, 3, 3, 3, 3, 3, 3, 3, 3, 3, 3, 3, 3, 3, 3, 3]
2024-01-24 11:10:08,662[DEBUG] cumulated bond dimension: 12. lastone bond dimension: [1, 9, 9, 9, 9, 9, 9, 9, 9, 9, 9, 9, 9, 9, 9, 9, 9, 9, 9, 9, 9, 9, 9, 9, 9, 9, 9, 9, 9, 9, 9, 9, 9, 9, 9, 9, 9, 9, 9, 9, 9]
2024-01-24 11:10:10,445[DEBUG] cumulated bond dimension: 18. lastone bond dimension: [1, 21, 21, 21, 21, 21, 21, 21, 21, 21, 21, 21, 21, 21, 21, 21, 21, 21, 21, 21, 21, 21, 21, 21, 21, 21, 21, 21, 21, 21, 21, 21, 21, 21, 21, 21, 21, 21, 21, 21, 6]
2024-01-24 11:10:13,135[DEBUG] expander bond dimension: [1, 19, 19, 19, 19, 19, 19, 19, 19, 19, 19, 19, 19, 19, 19, 19, 19, 19, 19, 19, 19, 19, 19, 19, 19, 19, 19, 19, 19, 19, 19, 19, 19, 19, 19, 19, 19, 19, 19, 19, 2]
2024-01-24 11:10:13,635[INFO] [1, 20, 20, 20, 20, 20, 20, 20, 20, 20, 20, 20, 20, 20, 20, 20, 20, 20, 20, 20, 20, 20, 20, 20, 20, 20, 20, 20, 20, 20, 20, 20, 20, 20, 20, 20, 20, 20, 20, 20, 2]
2024-01-24 11:10:13,636[INFO] [1, 3, 3, 3, 3, 3, 3, 3, 3, 3, 3, 3, 3, 3, 3, 3, 3, 3, 3, 3, 3, 3, 3, 3, 3, 3, 3, 3, 3, 3, 3, 3, 3, 3, 3, 3, 3, 3, 3, 3, 3]
2024-01-24 11:10:13,636[INFO] 41
2024-01-24 11:11:36,241[DEBUG] TDVP-PS Krylov space: DescribeResult(nobs=162, minmax=(4, 69), mean=28.876543209876544, variance=284.8790736906679, skewness=0.4298736411481252, kurtosis=-0.9701241686113091)
2024-01-24 11:11:36,778[INFO] 0.9950385201167928, -0.0006852824637865104
2024-01-24 11:13:41,819[DEBUG] TDVP-PS Krylov space: DescribeResult(nobs=162, minmax=(4, 73), mean=44.876543209876544, variance=174.7175830074381, skewness=-0.6229206424046231, kurtosis=0.6678675114596304)
2024-01-24 11:13:42,362[INFO] 0.9804991854048725, -0.0054956039183229905
2024-01-24 11:15:31,031[DEBUG] TDVP-PS Krylov space: DescribeResult(nobs=162, minmax=(4, 67), mean=39.75308641975309, variance=165.2926922781995, skewness=0.044033456548621036, kurtosis=-0.011292131486504431)
2024-01-24 11:15:31,577[INFO] 0.9570938956992425, -0.014894139983797136
2024-01-24 11:17:07,283[DEBUG] TDVP-PS Krylov space: DescribeResult(nobs=162, minmax=(4, 67), mean=35.02469135802469, variance=204.4465915190553, skewness=0.49129036013740157, kurtosis=-0.6486475547671993)
2024-01-24 11:17:07,815[INFO] 0.9256083106610171, -0.027604585877286543
2024-01-24 11:18:39,555[DEBUG] TDVP-PS Krylov space: DescribeResult(nobs=162, minmax=(4, 67), mean=33.77777777777778, variance=201.37888198757764, skewness=0.5757937376424779, kurtosis=-0.5731987753369081)
2024-01-24 11:18:40,094[INFO] 0.8868355157988002, -0.04330264427217919
2024-01-24 11:20:08,953[DEBUG] TDVP-PS Krylov space: DescribeResult(nobs=162, minmax=(4, 67), mean=32.41975308641975, variance=213.52457633617058, skewness=0.6170564389216604, kurtosis=-0.6435848733537242)
2024-01-24 11:20:09,489[INFO] 0.8415675691939282, -0.06029242609124457
2024-01-24 11:21:37,266[DEBUG] TDVP-PS Krylov space: DescribeResult(nobs=162, minmax=(4, 67), mean=31.864197530864196, variance=222.5777164327889, skewness=0.6466123965844445, kurtosis=-0.6535774156228249)
2024-01-24 11:21:37,792[INFO] 0.7905957549682116, -0.07974082067164001
2024-01-24 11:23:04,783[DEBUG] TDVP-PS Krylov space: DescribeResult(nobs=162, minmax=(4, 67), mean=31.40740740740741, variance=228.9510006901311, skewness=0.6344533438829257, kurtosis=-0.7182854083770551)
2024-01-24 11:23:05,317[INFO] 0.7346958887060843, -0.09896659487992077
2024-01-24 11:24:32,292[DEBUG] TDVP-PS Krylov space: DescribeResult(nobs=162, minmax=(4, 67), mean=31.333333333333332, variance=230.69565217391303, skewness=0.6442462309336378, kurtosis=-0.71571166560105)
2024-01-24 11:24:32,823[INFO] 0.6746530916997511, -0.12086210332919564
2024-01-24 11:25:59,838[DEBUG] TDVP-PS Krylov space: DescribeResult(nobs=162, minmax=(4, 67), mean=31.123456790123456, variance=227.09025381489147, skewness=0.6559762103356253, kurtosis=-0.6891967392680316)
2024-01-24 11:26:00,367[INFO] 0.6112121262764735, -0.14105523669780448
2024-01-24 11:26:00,368[INFO] [(0.9950385201167928, -0.0006852824637865104), (0.9804991854048725, -0.0054956039183229905), (0.9570938956992425, -0.014894139983797136), (0.9256083106610171, -0.027604585877286543), (0.8868355157988002, -0.04330264427217919), (0.8415675691939282, -0.06029242609124457), (0.7905957549682116, -0.07974082067164001), (0.7346958887060843, -0.09896659487992077), (0.6746530916997511, -0.12086210332919564), (0.6112121262764735, -0.14105523669780448)]
2024-01-24 11:26:00,368[INFO] [82.8015444278717, 125.2405698299408, 108.86686897277832, 95.89862775802612, 91.93586158752441, 89.0542778968811, 87.96857905387878, 87.184898853302, 87.16612696647644, 87.20906281471252]
2024-01-24 11:26:00,368[INFO] (94.33264181613922, 12.366340648745737)
