2024-01-24 10:17:43,501[INFO] w:[ 1.21249244  2.50326286  3.88312029  5.36527973  6.96613389  8.70636143
 10.61256502 12.71977533 15.07543605 17.7460639  20.8290775  24.47550863
 28.93837966 34.69202111 42.80132327 56.66426688]
2024-01-24 10:17:43,501[INFO] c:[ 0.59264185  1.0207347   1.4187918   1.80812027  2.19926165  2.59962412
  3.01577066  3.45455903  3.92405829  4.43465224  5.00075485  5.64393278
  6.39939173  7.33170935  8.58273958 10.59290296]
2024-01-24 10:17:43,502[INFO] integrate: 0.0006749250730816019, 2.007589761904222e-12
2024-01-24 10:17:43,502[INFO] renormalization constant: 0.9995704216488225
2024-01-24 10:17:43,718[INFO]                                                                              ┌[('v_0',), ('v_1',)]
2024-01-24 10:17:43,718[INFO]                                                    ┌[(('MCTDH virtual', 2),)]┤
2024-01-24 10:17:43,718[INFO]                                                    │                         └[('v_2',), ('v_3',)]
2024-01-24 10:17:43,718[INFO]                          ┌[(('MCTDH virtual', 1),)]┤
2024-01-24 10:17:43,718[INFO]                          │                         │                         ┌[('v_4',), ('v_5',)]
2024-01-24 10:17:43,718[INFO]                          │                         └[(('MCTDH virtual', 3),)]┤
2024-01-24 10:17:43,718[INFO]                          │                                                   └[('v_6',), ('v_7',)]
2024-01-24 10:17:43,718[INFO]                          │                                                   ┌[('v_8',), ('v_9',)]
2024-01-24 10:17:43,718[INFO]                          │                         ┌[(('MCTDH virtual', 5),)]┤
2024-01-24 10:17:43,718[INFO]                          │                         │                         └[('v_10',), ('v_11',)]
2024-01-24 10:17:43,718[INFO] [(('MCTDH virtual', 0),)]┼[(('MCTDH virtual', 4),)]┤
2024-01-24 10:17:43,718[INFO]                          │                         │                         ┌[('v_12',), ('v_13',)]
2024-01-24 10:17:43,718[INFO]                          │                         └[(('MCTDH virtual', 6),)]┤
2024-01-24 10:17:43,718[INFO]                          │                                                   └[('v_14',), ('v_15',)]
2024-01-24 10:17:43,718[INFO]                          └[('spin',)]
2024-01-24 10:17:43,720[DEBUG] # of operator terms: 50
2024-01-24 10:17:43,779[DEBUG] # of operator terms: 1
2024-01-24 10:17:43,807[DEBUG] # of operator terms: 1
2024-01-24 10:17:43,835[INFO] [[1], [1], [1], [5, 5], [5, 5], [1], [5, 5], [5, 5], [1], [1], [5, 5], [5, 5], [1], [5, 5], [5, 5], [2]]
2024-01-24 10:17:43,835[DEBUG] target for expander: 19
2024-01-24 10:17:43,835[DEBUG] average bond dimension of hint mpo: 3
2024-01-24 10:17:43,835[DEBUG] cumulated bond dimension: 1. lastone bond dimension: [1, 1, 1, 1, 1, 1, 1, 1, 1, 1, 1, 1, 1, 1, 1, 1]
2024-01-24 10:17:43,840[DEBUG] # of operator terms: 1
2024-01-24 10:17:43,887[DEBUG] cumulated bond dimension: 4. lastone bond dimension: [1, 3, 3, 3, 3, 3, 3, 3, 3, 3, 3, 3, 3, 3, 3, 3]
2024-01-24 10:17:43,924[DEBUG] cumulated bond dimension: 12. lastone bond dimension: [1, 9, 9, 9, 9, 9, 9, 9, 9, 9, 9, 9, 9, 9, 9, 9]
2024-01-24 10:17:44,006[DEBUG] cumulated bond dimension: 17. lastone bond dimension: [1, 21, 21, 21, 21, 21, 21, 21, 21, 21, 21, 21, 21, 21, 21, 6]
2024-01-24 10:17:45,110[DEBUG] expander bond dimension: [1, 19, 19, 19, 19, 19, 19, 19, 19, 19, 19, 19, 19, 19, 19, 2]
2024-01-24 10:17:45,148[INFO] [1, 20, 20, 20, 20, 20, 20, 20, 20, 20, 20, 20, 20, 20, 20, 2]
2024-01-24 10:17:45,148[INFO] [1, 3, 3, 3, 3, 3, 3, 3, 3, 3, 3, 3, 3, 3, 3, 3]
2024-01-24 10:17:45,148[INFO] 16
2024-01-24 10:17:45,727[DEBUG] TDVP-PS Krylov space: DescribeResult(nobs=62, minmax=(4, 19), mean=13.161290322580646, variance=12.301427815970383, skewness=-0.7811954762089036, kurtosis=0.8443890009858896)
2024-01-24 10:17:45,745[INFO] 0.9950400183300229, -0.0006604660143637977
2024-01-24 10:17:46,354[DEBUG] TDVP-PS Krylov space: DescribeResult(nobs=62, minmax=(4, 19), mean=14.32258064516129, variance=12.386039132734005, skewness=-1.3350580409350743, kurtosis=2.414952582336502)
2024-01-24 10:17:46,371[INFO] 0.9805039720184495, -0.00554227037816324
2024-01-24 10:17:46,986[DEBUG] TDVP-PS Krylov space: DescribeResult(nobs=62, minmax=(4, 19), mean=14.0, variance=12.885245901639344, skewness=-1.114850465971746, kurtosis=1.5034088922556954)
2024-01-24 10:17:47,004[INFO] 0.9571012248190705, -0.014772232479814707
2024-01-24 10:17:47,657[DEBUG] TDVP-PS Krylov space: DescribeResult(nobs=62, minmax=(4, 19), mean=13.935483870967742, variance=13.143310417768372, skewness=-1.0463850893379967, kurtosis=1.2667077073960034)
2024-01-24 10:17:47,674[INFO] 0.9256158380694356, -0.027829033143750632
2024-01-24 10:17:48,284[DEBUG] TDVP-PS Krylov space: DescribeResult(nobs=62, minmax=(4, 19), mean=13.806451612903226, variance=14.027498677948177, skewness=-0.8514746944755418, kurtosis=0.6995960465943254)
2024-01-24 10:17:48,302[INFO] 0.886831869010208, -0.04290105960827841
2024-01-24 10:17:48,906[DEBUG] TDVP-PS Krylov space: DescribeResult(nobs=62, minmax=(4, 19), mean=13.548387096774194, variance=13.989423585404547, skewness=-0.733479700788259, kurtosis=0.4423986669054285)
2024-01-24 10:17:48,923[INFO] 0.8415462505794109, -0.061022290173440095
2024-01-24 10:17:49,514[DEBUG] TDVP-PS Krylov space: DescribeResult(nobs=62, minmax=(4, 19), mean=13.225806451612904, variance=13.587519830777365, skewness=-0.5907296559251669, kurtosis=0.3507650915633773)
2024-01-24 10:17:49,532[INFO] 0.7905299884880704, -0.07868963071967001
2024-01-24 10:17:50,122[DEBUG] TDVP-PS Krylov space: DescribeResult(nobs=62, minmax=(4, 19), mean=13.064516129032258, variance=13.176097303014279, skewness=-0.5416896111848372, kurtosis=0.40332037720911584)
2024-01-24 10:17:50,139[INFO] 0.7345690591817119, -0.1005190224503999
2024-01-24 10:17:50,722[DEBUG] TDVP-PS Krylov space: DescribeResult(nobs=62, minmax=(4, 19), mean=12.870967741935484, variance=11.983077736647276, skewness=-0.621908971011827, kurtosis=0.6673773632086903)
2024-01-24 10:17:50,740[INFO] 0.674440593671652, -0.11949469742411933
2024-01-24 10:17:51,298[DEBUG] TDVP-PS Krylov space: DescribeResult(nobs=62, minmax=(4, 19), mean=12.741935483870968, variance=11.670015864621895, skewness=-0.5886046713112216, kurtosis=0.7053243309547041)
2024-01-24 10:17:51,315[INFO] 0.6108508382585444, -0.1421710062006543
2024-01-24 10:17:51,316[INFO] [(0.9950400183300229, -0.0006604660143637977), (0.9805039720184495, -0.00554227037816324), (0.9571012248190705, -0.014772232479814707), (0.9256158380694356, -0.027829033143750632), (0.886831869010208, -0.04290105960827841), (0.8415462505794109, -0.061022290173440095), (0.7905299884880704, -0.07868963071967001), (0.7345690591817119, -0.1005190224503999), (0.674440593671652, -0.11949469742411933), (0.6108508382585444, -0.1421710062006543)]
2024-01-24 10:17:51,316[INFO] [0.5849242210388184, 0.6149888038635254, 0.6212329864501953, 0.6593608856201172, 0.6157305240631104, 0.6100723743438721, 0.5974397659301758, 0.5958695411682129, 0.5895540714263916, 0.5645551681518555]
2024-01-24 10:17:51,316[INFO] (0.6053728342056275, 0.024240040146661437)
