2024-01-23 22:16:46,624[INFO] w:[ 0.72735288  1.48215944  2.26657371  3.0830136   3.93420588  4.82324114
  5.75364145  6.72944473  7.75531062  8.83665505  9.97982332 11.19231576
 12.48308618 13.86294361 15.34510305 16.94595721 18.68618475 20.59238834
 22.69959866 25.05525937 27.72588722 30.80890082 34.45533195 38.91820298
 44.67184443 52.78114659 66.6440902 ]
2024-01-23 22:16:46,625[INFO] c:[0.31476567 0.53684595 0.7382541  0.92984394 1.11640377 1.30071669
 1.4846893  1.66979404 1.85728213 2.04830398 2.24398848 2.4455044
 2.65411637 2.87124384 3.09853096 3.33793644 3.59185637 3.86330079
 4.15615865 4.47561438 4.8288373  5.22619532 5.68356475 6.22720363
 6.9056394  7.82595954 9.32179861]
2024-01-23 22:16:46,625[INFO] integrate: 0.0003348091643814093, 5.119565826034887e-09
2024-01-23 22:16:46,626[INFO] renormalization constant: 0.9997868765800083
2024-01-23 22:16:47,041[INFO]                                                                              ┌[('v_0',)]
2024-01-23 22:16:47,041[INFO]                                                    ┌[(('MCTDH virtual', 2),)]┼[('v_1',)]
2024-01-23 22:16:47,041[INFO]                                                    │                         └[('v_2',)]
2024-01-23 22:16:47,041[INFO]                                                    │                         ┌[('v_3',)]
2024-01-23 22:16:47,041[INFO]                          ┌[(('MCTDH virtual', 1),)]┼[(('MCTDH virtual', 3),)]┼[('v_4',)]
2024-01-23 22:16:47,041[INFO]                          │                         │                         └[('v_5',)]
2024-01-23 22:16:47,042[INFO]                          │                         │                         ┌[('v_6',)]
2024-01-23 22:16:47,042[INFO]                          │                         └[(('MCTDH virtual', 4),)]┼[('v_7',)]
2024-01-23 22:16:47,042[INFO]                          │                                                   └[('v_8',)]
2024-01-23 22:16:47,042[INFO]                          │                                                   ┌[('v_9',)]
2024-01-23 22:16:47,042[INFO]                          │                         ┌[(('MCTDH virtual', 6),)]┼[('v_10',)]
2024-01-23 22:16:47,042[INFO]                          │                         │                         └[('v_11',)]
2024-01-23 22:16:47,042[INFO]                          │                         │                         ┌[('v_12',)]
2024-01-23 22:16:47,042[INFO]                          ├[(('MCTDH virtual', 5),)]┼[(('MCTDH virtual', 7),)]┼[('v_13',)]
2024-01-23 22:16:47,042[INFO]                          │                         │                         └[('v_14',)]
2024-01-23 22:16:47,042[INFO]                          │                         │                         ┌[('v_15',)]
2024-01-23 22:16:47,042[INFO]                          │                         └[(('MCTDH virtual', 8),)]┼[('v_16',)]
2024-01-23 22:16:47,042[INFO]                          │                                                   └[('v_17',)]
2024-01-23 22:16:47,042[INFO] [(('MCTDH virtual', 0),)]┤
2024-01-23 22:16:47,042[INFO]                          │                                                    ┌[('v_18',)]
2024-01-23 22:16:47,042[INFO]                          │                         ┌[(('MCTDH virtual', 10),)]┼[('v_19',)]
2024-01-23 22:16:47,042[INFO]                          │                         │                          └[('v_20',)]
2024-01-23 22:16:47,042[INFO]                          │                         │                          ┌[('v_21',)]
2024-01-23 22:16:47,043[INFO]                          ├[(('MCTDH virtual', 9),)]┼[(('MCTDH virtual', 11),)]┼[('v_22',)]
2024-01-23 22:16:47,043[INFO]                          │                         │                          └[('v_23',)]
2024-01-23 22:16:47,043[INFO]                          │                         │                          ┌[('v_24',)]
2024-01-23 22:16:47,043[INFO]                          │                         └[(('MCTDH virtual', 12),)]┼[('v_25',)]
2024-01-23 22:16:47,043[INFO]                          │                                                    └[('v_26',)]
2024-01-23 22:16:47,043[INFO]                          └[('spin',)]
2024-01-23 22:16:47,048[DEBUG] # of operator terms: 83
2024-01-23 22:16:47,342[DEBUG] # of operator terms: 1
2024-01-23 22:16:47,486[DEBUG] # of operator terms: 1
2024-01-23 22:16:47,627[INFO] [[1], [1], [1], [100], [100], [100], [1], [100], [100], [100], [1], [100], [100], [100], [1], [1], [100], [100], [100], [1], [100], [100], [100], [1], [100], [100], [100], [1], [1], [100], [100], [100], [1], [100], [100], [100], [1], [100], [100], [100], [2]]
2024-01-23 22:16:47,628[DEBUG] target for expander: 19
2024-01-23 22:16:47,628[DEBUG] average bond dimension of hint mpo: 3
2024-01-23 22:16:47,629[DEBUG] cumulated bond dimension: 1. lastone bond dimension: [1, 1, 1, 1, 1, 1, 1, 1, 1, 1, 1, 1, 1, 1, 1, 1, 1, 1, 1, 1, 1, 1, 1, 1, 1, 1, 1, 1, 1, 1, 1, 1, 1, 1, 1, 1, 1, 1, 1, 1, 1]
2024-01-23 22:16:47,650[DEBUG] # of operator terms: 1
2024-01-23 22:16:47,901[DEBUG] cumulated bond dimension: 4. lastone bond dimension: [1, 3, 3, 3, 3, 3, 3, 3, 3, 3, 3, 3, 3, 3, 3, 3, 3, 3, 3, 3, 3, 3, 3, 3, 3, 3, 3, 3, 3, 3, 3, 3, 3, 3, 3, 3, 3, 3, 3, 3, 3]
2024-01-23 22:16:48,400[DEBUG] cumulated bond dimension: 12. lastone bond dimension: [1, 9, 9, 9, 9, 9, 9, 9, 9, 9, 9, 9, 9, 9, 9, 9, 9, 9, 9, 9, 9, 9, 9, 9, 9, 9, 9, 9, 9, 9, 9, 9, 9, 9, 9, 9, 9, 9, 9, 9, 9]
2024-01-23 22:16:53,112[DEBUG] cumulated bond dimension: 18. lastone bond dimension: [1, 21, 21, 21, 21, 21, 21, 21, 21, 21, 21, 21, 21, 21, 21, 21, 21, 21, 21, 21, 21, 21, 21, 21, 21, 21, 21, 21, 21, 21, 21, 21, 21, 21, 21, 21, 21, 21, 21, 21, 6]
2024-01-23 22:17:01,451[DEBUG] expander bond dimension: [1, 19, 19, 19, 19, 19, 19, 19, 19, 19, 19, 19, 19, 19, 19, 19, 19, 19, 19, 19, 19, 19, 19, 19, 19, 19, 19, 19, 19, 19, 19, 19, 19, 19, 19, 19, 19, 19, 19, 19, 2]
2024-01-23 22:17:02,423[INFO] [1, 20, 20, 20, 20, 20, 20, 20, 20, 20, 20, 20, 20, 20, 20, 20, 20, 20, 20, 20, 20, 20, 20, 20, 20, 20, 20, 20, 20, 20, 20, 20, 20, 20, 20, 20, 20, 20, 20, 20, 2]
2024-01-23 22:17:02,423[INFO] [1, 3, 3, 3, 3, 3, 3, 3, 3, 3, 3, 3, 3, 3, 3, 3, 3, 3, 3, 3, 3, 3, 3, 3, 3, 3, 3, 3, 3, 3, 3, 3, 3, 3, 3, 3, 3, 3, 3, 3, 3]
2024-01-23 22:17:02,424[INFO] 41
2024-01-23 22:18:42,170[DEBUG] TDVP-PS Krylov space: DescribeResult(nobs=162, minmax=(4, 93), mean=39.48148148148148, variance=461.97791580400275, skewness=0.11190794636372046, kurtosis=-1.1286368569591243)
2024-01-23 22:18:42,701[INFO] 0.9950385198031394, -0.0006852789529657732
2024-01-23 22:20:25,467[DEBUG] TDVP-PS Krylov space: DescribeResult(nobs=162, minmax=(4, 101), mean=53.25925925925926, variance=274.3671497584541, skewness=0.08758197872825936, kurtosis=1.3099693400418913)
2024-01-23 22:20:26,003[INFO] 0.9804991837412111, -0.00549561403140767
2024-01-23 22:22:00,890[DEBUG] TDVP-PS Krylov space: DescribeResult(nobs=162, minmax=(4, 117), mean=44.41975308641975, variance=564.6301663982823, skewness=0.8848716319142821, kurtosis=0.15252052158966967)
2024-01-23 22:22:01,422[INFO] 0.9570938941058464, -0.014894110660158406
2024-01-23 22:23:50,202[DEBUG] TDVP-PS Krylov space: DescribeResult(nobs=162, minmax=(4, 119), mean=43.876543209876544, variance=656.9163407714132, skewness=0.9765466241656676, kurtosis=0.30141858284708745)
2024-01-23 22:23:50,750[INFO] 0.9256083082484642, -0.027604606018063336
2024-01-23 22:25:10,014[DEBUG] TDVP-PS Krylov space: DescribeResult(nobs=162, minmax=(4, 119), mean=43.53086419753087, variance=657.4555632236792, skewness=0.9994232053917999, kurtosis=0.3664634746293385)
2024-01-23 22:25:10,553[INFO] 0.886835517006932, -0.04330265351633878
2024-01-23 22:26:27,591[DEBUG] TDVP-PS Krylov space: DescribeResult(nobs=162, minmax=(4, 121), mean=42.876543209876544, variance=658.5933594049537, skewness=1.0362192622153639, kurtosis=0.5107102398379175)
2024-01-23 22:26:28,120[INFO] 0.8415675710215288, -0.060292423769320945
2024-01-23 22:27:43,555[DEBUG] TDVP-PS Krylov space: DescribeResult(nobs=162, minmax=(4, 123), mean=43.111111111111114, variance=682.3726708074535, skewness=1.0213865047666442, kurtosis=0.42013507336984857)
2024-01-23 22:27:44,081[INFO] 0.790595753075241, -0.07974087747444956
2024-01-23 22:29:36,532[DEBUG] TDVP-PS Krylov space: DescribeResult(nobs=162, minmax=(4, 123), mean=43.20987654320987, variance=689.9432558852849, skewness=1.013337285424045, kurtosis=0.37608876955220216)
2024-01-23 22:29:37,079[INFO] 0.7346958955745377, -0.09896661846787774
2024-01-23 22:31:32,685[DEBUG] TDVP-PS Krylov space: DescribeResult(nobs=162, minmax=(4, 121), mean=43.074074074074076, variance=684.2429261559697, skewness=1.0234243722409369, kurtosis=0.40020532731692793)
2024-01-23 22:31:33,240[INFO] 0.6746531061884722, -0.12086217391187669
2024-01-23 22:33:25,617[DEBUG] TDVP-PS Krylov space: DescribeResult(nobs=162, minmax=(4, 121), mean=42.75308641975309, variance=676.0877233341001, skewness=1.0357458619197093, kurtosis=0.4399840861346642)
2024-01-23 22:33:26,174[INFO] 0.611212154744064, -0.141055245039772
2024-01-23 22:33:26,174[INFO] [(0.9950385198031394, -0.0006852789529657732), (0.9804991837412111, -0.00549561403140767), (0.9570938941058464, -0.014894110660158406), (0.9256083082484642, -0.027604606018063336), (0.886835517006932, -0.04330265351633878), (0.8415675710215288, -0.060292423769320945), (0.790595753075241, -0.07974087747444956), (0.7346958955745377, -0.09896661846787774), (0.6746531061884722, -0.12086217391187669), (0.611212154744064, -0.141055245039772)]
2024-01-23 22:33:26,174[INFO] [99.92509984970093, 102.9447112083435, 95.06304693222046, 108.96258759498596, 79.4409453868866, 77.2130057811737, 75.61001420021057, 112.64937949180603, 115.80857992172241, 112.57904410362244]
2024-01-23 22:33:26,175[INFO] (98.01964144706726, 14.761787855135953)
