2024-01-24 10:18:33,391[INFO] w:[ 1.21249244  2.50326286  3.88312029  5.36527973  6.96613389  8.70636143
 10.61256502 12.71977533 15.07543605 17.7460639  20.8290775  24.47550863
 28.93837966 34.69202111 42.80132327 56.66426688]
2024-01-24 10:18:33,391[INFO] c:[ 0.59264185  1.0207347   1.4187918   1.80812027  2.19926165  2.59962412
  3.01577066  3.45455903  3.92405829  4.43465224  5.00075485  5.64393278
  6.39939173  7.33170935  8.58273958 10.59290296]
2024-01-24 10:18:33,391[INFO] integrate: 0.0006749250730816019, 2.007589761904222e-12
2024-01-24 10:18:33,392[INFO] renormalization constant: 0.9995704216488225
2024-01-24 10:18:33,609[INFO]                                                                                                        ┌[('v_0',)]
2024-01-24 10:18:33,609[INFO]                                                                              ┌[(('MCTDH virtual', 3),)]┤
2024-01-24 10:18:33,609[INFO]                                                                              │                         └[('v_1',)]
2024-01-24 10:18:33,609[INFO]                                                    ┌[(('MCTDH virtual', 2),)]┤
2024-01-24 10:18:33,609[INFO]                                                    │                         │                         ┌[('v_2',)]
2024-01-24 10:18:33,609[INFO]                                                    │                         └[(('MCTDH virtual', 4),)]┤
2024-01-24 10:18:33,609[INFO]                                                    │                                                   └[('v_3',)]
2024-01-24 10:18:33,609[INFO]                          ┌[(('MCTDH virtual', 1),)]┤
2024-01-24 10:18:33,609[INFO]                          │                         │                                                   ┌[('v_4',)]
2024-01-24 10:18:33,609[INFO]                          │                         │                         ┌[(('MCTDH virtual', 6),)]┤
2024-01-24 10:18:33,609[INFO]                          │                         │                         │                         └[('v_5',)]
2024-01-24 10:18:33,609[INFO]                          │                         └[(('MCTDH virtual', 5),)]┤
2024-01-24 10:18:33,609[INFO]                          │                                                   │                         ┌[('v_6',)]
2024-01-24 10:18:33,609[INFO]                          │                                                   └[(('MCTDH virtual', 7),)]┤
2024-01-24 10:18:33,609[INFO]                          │                                                                             └[('v_7',)]
2024-01-24 10:18:33,609[INFO]                          │                                                                              ┌[('v_8',)]
2024-01-24 10:18:33,609[INFO]                          │                                                   ┌[(('MCTDH virtual', 10),)]┤
2024-01-24 10:18:33,609[INFO]                          │                                                   │                          └[('v_9',)]
2024-01-24 10:18:33,609[INFO]                          │                         ┌[(('MCTDH virtual', 9),)]┤
2024-01-24 10:18:33,609[INFO]                          │                         │                         │                          ┌[('v_10',)]
2024-01-24 10:18:33,609[INFO]                          │                         │                         └[(('MCTDH virtual', 11),)]┤
2024-01-24 10:18:33,609[INFO]                          │                         │                                                    └[('v_11',)]
2024-01-24 10:18:33,609[INFO] [(('MCTDH virtual', 0),)]┼[(('MCTDH virtual', 8),)]┤
2024-01-24 10:18:33,609[INFO]                          │                         │                                                     ┌[('v_12',)]
2024-01-24 10:18:33,609[INFO]                          │                         │                          ┌[(('MCTDH virtual', 13),)]┤
2024-01-24 10:18:33,610[INFO]                          │                         │                          │                          └[('v_13',)]
2024-01-24 10:18:33,610[INFO]                          │                         └[(('MCTDH virtual', 12),)]┤
2024-01-24 10:18:33,610[INFO]                          │                                                    │                          ┌[('v_14',)]
2024-01-24 10:18:33,610[INFO]                          │                                                    └[(('MCTDH virtual', 14),)]┤
2024-01-24 10:18:33,610[INFO]                          │                                                                               └[('v_15',)]
2024-01-24 10:18:33,610[INFO]                          └[('spin',)]
2024-01-24 10:18:33,611[DEBUG] # of operator terms: 50
2024-01-24 10:18:33,702[DEBUG] # of operator terms: 1
2024-01-24 10:18:33,754[DEBUG] # of operator terms: 1
2024-01-24 10:18:33,807[INFO] [[1], [1], [1], [1], [30], [30], [1], [30], [30], [1], [1], [30], [30], [1], [30], [30], [1], [1], [1], [30], [30], [1], [30], [30], [1], [1], [30], [30], [1], [30], [30], [2]]
2024-01-24 10:18:33,807[DEBUG] target for expander: 19
2024-01-24 10:18:33,807[DEBUG] average bond dimension of hint mpo: 3
2024-01-24 10:18:33,807[DEBUG] cumulated bond dimension: 1. lastone bond dimension: [1, 1, 1, 1, 1, 1, 1, 1, 1, 1, 1, 1, 1, 1, 1, 1, 1, 1, 1, 1, 1, 1, 1, 1, 1, 1, 1, 1, 1, 1, 1, 1]
2024-01-24 10:18:33,815[DEBUG] # of operator terms: 1
2024-01-24 10:18:33,906[DEBUG] cumulated bond dimension: 4. lastone bond dimension: [1, 3, 3, 3, 3, 3, 3, 3, 3, 3, 3, 3, 3, 3, 3, 3, 3, 3, 3, 3, 3, 3, 3, 3, 3, 3, 3, 3, 3, 3, 3, 3]
2024-01-24 10:18:33,979[DEBUG] cumulated bond dimension: 12. lastone bond dimension: [1, 9, 9, 9, 9, 9, 9, 9, 9, 9, 9, 9, 9, 9, 9, 9, 9, 9, 9, 9, 9, 9, 9, 9, 9, 9, 9, 9, 9, 9, 9, 9]
2024-01-24 10:18:34,158[DEBUG] cumulated bond dimension: 18. lastone bond dimension: [1, 21, 21, 21, 21, 21, 21, 21, 21, 21, 21, 21, 21, 21, 21, 21, 21, 21, 21, 21, 21, 21, 21, 21, 21, 21, 21, 21, 21, 21, 21, 6]
2024-01-24 10:18:34,368[DEBUG] expander bond dimension: [1, 19, 19, 19, 19, 19, 19, 19, 19, 19, 19, 19, 19, 19, 19, 19, 19, 19, 19, 19, 19, 19, 19, 19, 19, 19, 19, 19, 19, 19, 19, 2]
2024-01-24 10:18:34,446[INFO] [1, 20, 20, 20, 20, 20, 20, 20, 20, 20, 20, 20, 20, 20, 20, 20, 20, 20, 20, 20, 20, 20, 20, 20, 20, 20, 20, 20, 20, 20, 20, 2]
2024-01-24 10:18:34,446[INFO] [1, 3, 3, 3, 3, 3, 3, 3, 3, 3, 3, 3, 3, 3, 3, 3, 3, 3, 3, 3, 3, 3, 3, 3, 3, 3, 3, 3, 3, 3, 3, 3]
2024-01-24 10:18:34,446[INFO] 32
2024-01-24 10:18:37,496[DEBUG] TDVP-PS Krylov space: DescribeResult(nobs=126, minmax=(4, 67), mean=35.58730158730159, variance=215.7803174603175, skewness=-0.33201312774915537, kurtosis=-0.6349915837244948)
2024-01-24 10:18:37,529[INFO] 0.9950400182029961, -0.0006604646430736531
2024-01-24 10:18:40,939[DEBUG] TDVP-PS Krylov space: DescribeResult(nobs=126, minmax=(4, 65), mean=40.01587301587302, variance=121.99974603174601, skewness=-0.6018435862700651, kurtosis=1.9527761367333003)
2024-01-24 10:18:40,974[INFO] 0.9805039719152435, -0.005542268984624431
2024-01-24 10:18:44,073[DEBUG] TDVP-PS Krylov space: DescribeResult(nobs=126, minmax=(4, 65), mean=36.333333333333336, variance=142.048, skewness=-0.006180176358407954, kurtosis=0.36129821376308824)
2024-01-24 10:18:44,108[INFO] 0.9571012256880862, -0.014772228471582723
2024-01-24 10:18:47,065[DEBUG] TDVP-PS Krylov space: DescribeResult(nobs=126, minmax=(4, 63), mean=34.6031746031746, variance=143.07326984126982, skewness=0.13343433244802463, kurtosis=0.0930236230576198)
2024-01-24 10:18:47,100[INFO] 0.9256158401512045, -0.027829016378422056
2024-01-24 10:18:50,023[DEBUG] TDVP-PS Krylov space: DescribeResult(nobs=126, minmax=(4, 63), mean=33.57142857142857, variance=154.45485714285718, skewness=0.25190464653465483, kurtosis=-0.17946995848280256)
2024-01-24 10:18:50,056[INFO] 0.8868318729942248, -0.04290102018327043
2024-01-24 10:18:52,906[DEBUG] TDVP-PS Krylov space: DescribeResult(nobs=126, minmax=(4, 61), mean=32.857142857142854, variance=153.57942857142862, skewness=0.26559426469562364, kurtosis=-0.30156455588773623)
2024-01-24 10:18:52,944[INFO] 0.8415462507325496, -0.06102227487471222
2024-01-24 10:18:55,780[DEBUG] TDVP-PS Krylov space: DescribeResult(nobs=126, minmax=(4, 61), mean=32.34920634920635, variance=154.77307936507935, skewness=0.27652215139914327, kurtosis=-0.3490560894103014)
2024-01-24 10:18:55,815[INFO] 0.7905299834149001, -0.07868958973348548
2024-01-24 10:18:58,607[DEBUG] TDVP-PS Krylov space: DescribeResult(nobs=126, minmax=(4, 59), mean=32.03174603174603, variance=156.43098412698413, skewness=0.2638082956531174, kurtosis=-0.44829698649847183)
2024-01-24 10:18:58,642[INFO] 0.7345690504004735, -0.10051896575700789
2024-01-24 10:19:01,400[DEBUG] TDVP-PS Krylov space: DescribeResult(nobs=126, minmax=(4, 59), mean=31.73015873015873, variance=156.23060317460317, skewness=0.27742780337303563, kurtosis=-0.4561450921688981)
2024-01-24 10:19:01,451[INFO] 0.6744405740896439, -0.11949470219948664
2024-01-24 10:19:04,141[DEBUG] TDVP-PS Krylov space: DescribeResult(nobs=126, minmax=(4, 61), mean=31.476190476190474, variance=159.41942857142857, skewness=0.2797164254884687, kurtosis=-0.5178207231003431)
2024-01-24 10:19:04,174[INFO] 0.6108508125926588, -0.14217101147717362
2024-01-24 10:19:04,175[INFO] [(0.9950400182029961, -0.0006604646430736531), (0.9805039719152435, -0.005542268984624431), (0.9571012256880862, -0.014772228471582723), (0.9256158401512045, -0.027829016378422056), (0.8868318729942248, -0.04290102018327043), (0.8415462507325496, -0.06102227487471222), (0.7905299834149001, -0.07868958973348548), (0.7345690504004735, -0.10051896575700789), (0.6744405740896439, -0.11949470219948664), (0.6108508125926588, -0.14217101147717362)]
2024-01-24 10:19:04,175[INFO] [3.0615663528442383, 3.4209182262420654, 3.1113288402557373, 2.9696550369262695, 2.934451103210449, 2.8613598346710205, 2.84773588180542, 2.803779125213623, 2.7763006687164307, 2.7013745307922363]
2024-01-24 10:19:04,175[INFO] (2.948846960067749, 0.19812482678336601)
