2024-01-24 10:19:05,440[INFO] w:[ 1.21249244  2.50326286  3.88312029  5.36527973  6.96613389  8.70636143
 10.61256502 12.71977533 15.07543605 17.7460639  20.8290775  24.47550863
 28.93837966 34.69202111 42.80132327 56.66426688]
2024-01-24 10:19:05,441[INFO] c:[ 0.59264185  1.0207347   1.4187918   1.80812027  2.19926165  2.59962412
  3.01577066  3.45455903  3.92405829  4.43465224  5.00075485  5.64393278
  6.39939173  7.33170935  8.58273958 10.59290296]
2024-01-24 10:19:05,441[INFO] integrate: 0.0006749250730816019, 2.007589761904222e-12
2024-01-24 10:19:05,441[INFO] renormalization constant: 0.9995704216488225
2024-01-24 10:19:05,712[INFO]                                                                                                        ┌[('v_0',)]
2024-01-24 10:19:05,712[INFO]                                                                              ┌[(('MCTDH virtual', 3),)]┤
2024-01-24 10:19:05,712[INFO]                                                                              │                         └[('v_1',)]
2024-01-24 10:19:05,713[INFO]                                                    ┌[(('MCTDH virtual', 2),)]┤
2024-01-24 10:19:05,713[INFO]                                                    │                         │                         ┌[('v_2',)]
2024-01-24 10:19:05,713[INFO]                                                    │                         └[(('MCTDH virtual', 4),)]┤
2024-01-24 10:19:05,713[INFO]                                                    │                                                   └[('v_3',)]
2024-01-24 10:19:05,713[INFO]                          ┌[(('MCTDH virtual', 1),)]┤
2024-01-24 10:19:05,713[INFO]                          │                         │                                                   ┌[('v_4',)]
2024-01-24 10:19:05,713[INFO]                          │                         │                         ┌[(('MCTDH virtual', 6),)]┤
2024-01-24 10:19:05,713[INFO]                          │                         │                         │                         └[('v_5',)]
2024-01-24 10:19:05,713[INFO]                          │                         └[(('MCTDH virtual', 5),)]┤
2024-01-24 10:19:05,713[INFO]                          │                                                   │                         ┌[('v_6',)]
2024-01-24 10:19:05,713[INFO]                          │                                                   └[(('MCTDH virtual', 7),)]┤
2024-01-24 10:19:05,713[INFO]                          │                                                                             └[('v_7',)]
2024-01-24 10:19:05,713[INFO]                          │                                                                              ┌[('v_8',)]
2024-01-24 10:19:05,713[INFO]                          │                                                   ┌[(('MCTDH virtual', 10),)]┤
2024-01-24 10:19:05,713[INFO]                          │                                                   │                          └[('v_9',)]
2024-01-24 10:19:05,713[INFO]                          │                         ┌[(('MCTDH virtual', 9),)]┤
2024-01-24 10:19:05,713[INFO]                          │                         │                         │                          ┌[('v_10',)]
2024-01-24 10:19:05,713[INFO]                          │                         │                         └[(('MCTDH virtual', 11),)]┤
2024-01-24 10:19:05,713[INFO]                          │                         │                                                    └[('v_11',)]
2024-01-24 10:19:05,713[INFO] [(('MCTDH virtual', 0),)]┼[(('MCTDH virtual', 8),)]┤
2024-01-24 10:19:05,713[INFO]                          │                         │                                                     ┌[('v_12',)]
2024-01-24 10:19:05,713[INFO]                          │                         │                          ┌[(('MCTDH virtual', 13),)]┤
2024-01-24 10:19:05,713[INFO]                          │                         │                          │                          └[('v_13',)]
2024-01-24 10:19:05,713[INFO]                          │                         └[(('MCTDH virtual', 12),)]┤
2024-01-24 10:19:05,713[INFO]                          │                                                    │                          ┌[('v_14',)]
2024-01-24 10:19:05,713[INFO]                          │                                                    └[(('MCTDH virtual', 14),)]┤
2024-01-24 10:19:05,713[INFO]                          │                                                                               └[('v_15',)]
2024-01-24 10:19:05,713[INFO]                          └[('spin',)]
2024-01-24 10:19:05,715[DEBUG] # of operator terms: 50
2024-01-24 10:19:05,806[DEBUG] # of operator terms: 1
2024-01-24 10:19:05,858[DEBUG] # of operator terms: 1
2024-01-24 10:19:05,910[INFO] [[1], [1], [1], [1], [40], [40], [1], [40], [40], [1], [1], [40], [40], [1], [40], [40], [1], [1], [1], [40], [40], [1], [40], [40], [1], [1], [40], [40], [1], [40], [40], [2]]
2024-01-24 10:19:05,911[DEBUG] target for expander: 19
2024-01-24 10:19:05,911[DEBUG] average bond dimension of hint mpo: 3
2024-01-24 10:19:05,911[DEBUG] cumulated bond dimension: 1. lastone bond dimension: [1, 1, 1, 1, 1, 1, 1, 1, 1, 1, 1, 1, 1, 1, 1, 1, 1, 1, 1, 1, 1, 1, 1, 1, 1, 1, 1, 1, 1, 1, 1, 1]
2024-01-24 10:19:05,919[DEBUG] # of operator terms: 1
2024-01-24 10:19:06,010[DEBUG] cumulated bond dimension: 4. lastone bond dimension: [1, 3, 3, 3, 3, 3, 3, 3, 3, 3, 3, 3, 3, 3, 3, 3, 3, 3, 3, 3, 3, 3, 3, 3, 3, 3, 3, 3, 3, 3, 3, 3]
2024-01-24 10:19:06,084[DEBUG] cumulated bond dimension: 12. lastone bond dimension: [1, 9, 9, 9, 9, 9, 9, 9, 9, 9, 9, 9, 9, 9, 9, 9, 9, 9, 9, 9, 9, 9, 9, 9, 9, 9, 9, 9, 9, 9, 9, 9]
2024-01-24 10:19:06,269[DEBUG] cumulated bond dimension: 18. lastone bond dimension: [1, 21, 21, 21, 21, 21, 21, 21, 21, 21, 21, 21, 21, 21, 21, 21, 21, 21, 21, 21, 21, 21, 21, 21, 21, 21, 21, 21, 21, 21, 21, 6]
2024-01-24 10:19:06,500[DEBUG] expander bond dimension: [1, 19, 19, 19, 19, 19, 19, 19, 19, 19, 19, 19, 19, 19, 19, 19, 19, 19, 19, 19, 19, 19, 19, 19, 19, 19, 19, 19, 19, 19, 19, 2]
2024-01-24 10:19:06,579[INFO] [1, 20, 20, 20, 20, 20, 20, 20, 20, 20, 20, 20, 20, 20, 20, 20, 20, 20, 20, 20, 20, 20, 20, 20, 20, 20, 20, 20, 20, 20, 20, 2]
2024-01-24 10:19:06,579[INFO] [1, 3, 3, 3, 3, 3, 3, 3, 3, 3, 3, 3, 3, 3, 3, 3, 3, 3, 3, 3, 3, 3, 3, 3, 3, 3, 3, 3, 3, 3, 3, 3]
2024-01-24 10:19:06,579[INFO] 32
2024-01-24 10:19:09,389[DEBUG] TDVP-PS Krylov space: DescribeResult(nobs=126, minmax=(4, 61), mean=31.158730158730158, variance=195.97460317460315, skewness=0.06877172001888367, kurtosis=-0.8413495231129913)
2024-01-24 10:19:09,424[INFO] 0.9950400182563152, -0.0006604624339580651
2024-01-24 10:19:12,712[DEBUG] TDVP-PS Krylov space: DescribeResult(nobs=126, minmax=(4, 61), mean=37.58730158730159, variance=130.46831746031745, skewness=-0.40195997940044575, kurtosis=0.7154816621206472)
2024-01-24 10:19:12,748[INFO] 0.9805039717774183, -0.005542268373151329
2024-01-24 10:19:15,853[DEBUG] TDVP-PS Krylov space: DescribeResult(nobs=126, minmax=(4, 61), mean=35.301587301587304, variance=134.82031746031745, skewness=-0.01793219465154717, kurtosis=0.3209664213664558)
2024-01-24 10:19:15,889[INFO] 0.9571012250627238, -0.014772227662030464
2024-01-24 10:19:18,824[DEBUG] TDVP-PS Krylov space: DescribeResult(nobs=126, minmax=(4, 61), mean=33.82539682539682, variance=137.13726984126984, skewness=0.23265215207974077, kurtosis=0.19951900959225144)
2024-01-24 10:19:18,860[INFO] 0.9256158402774103, -0.027829017691103707
2024-01-24 10:19:21,717[DEBUG] TDVP-PS Krylov space: DescribeResult(nobs=126, minmax=(4, 61), mean=32.714285714285715, variance=142.0297142857143, skewness=0.4130212073232183, kurtosis=0.14270008132881085)
2024-01-24 10:19:21,752[INFO] 0.8868318710827986, -0.04290103151422767
2024-01-24 10:19:24,588[DEBUG] TDVP-PS Krylov space: DescribeResult(nobs=126, minmax=(4, 61), mean=31.952380952380953, variance=148.68571428571428, skewness=0.5182591715320106, kurtosis=0.04280044972205532)
2024-01-24 10:19:24,624[INFO] 0.8415462506093472, -0.06102227783022799
2024-01-24 10:19:27,366[DEBUG] TDVP-PS Krylov space: DescribeResult(nobs=126, minmax=(4, 61), mean=31.238095238095237, variance=148.48685714285713, skewness=0.57913622611266, kurtosis=0.022845866352939392)
2024-01-24 10:19:27,402[INFO] 0.7905299856356502, -0.07868962802922266
2024-01-24 10:19:30,076[DEBUG] TDVP-PS Krylov space: DescribeResult(nobs=126, minmax=(4, 61), mean=30.80952380952381, variance=150.39542857142857, skewness=0.6203126461897569, kurtosis=0.026622330006829564)
2024-01-24 10:19:30,111[INFO] 0.7345690557539659, -0.10051900456729158
2024-01-24 10:19:32,797[DEBUG] TDVP-PS Krylov space: DescribeResult(nobs=126, minmax=(4, 61), mean=30.428571428571427, variance=151.06285714285718, skewness=0.6031362078274888, kurtosis=-0.08055796072248445)
2024-01-24 10:19:32,839[INFO] 0.6744405926941951, -0.11949468195879441
2024-01-24 10:19:35,505[DEBUG] TDVP-PS Krylov space: DescribeResult(nobs=126, minmax=(4, 63), mean=29.984126984126984, variance=160.71974603174607, skewness=0.6494625583878046, kurtosis=-0.1219163792394311)
2024-01-24 10:19:35,541[INFO] 0.6108508442791074, -0.14217100027894486
2024-01-24 10:19:35,541[INFO] [(0.9950400182563152, -0.0006604624339580651), (0.9805039717774183, -0.005542268373151329), (0.9571012250627238, -0.014772227662030464), (0.9256158402774103, -0.027829017691103707), (0.8868318710827986, -0.04290103151422767), (0.8415462506093472, -0.06102227783022799), (0.7905299856356502, -0.07868962802922266), (0.7345690557539659, -0.10051900456729158), (0.6744405926941951, -0.11949468195879441), (0.6108508442791074, -0.14217100027894486)]
2024-01-24 10:19:35,541[INFO] [2.8217904567718506, 3.300309896469116, 3.1176376342773438, 2.947587490081787, 2.868669033050537, 2.8474950790405273, 2.7546801567077637, 2.685384750366211, 2.697871685028076, 2.6779019832611084]
2024-01-24 10:19:35,541[INFO] (2.8719328165054323, 0.19215023555373453)
