2024-01-23 20:20:27,056[INFO] w:[ 1.21249244  2.50326286  3.88312029  5.36527973  6.96613389  8.70636143
 10.61256502 12.71977533 15.07543605 17.7460639  20.8290775  24.47550863
 28.93837966 34.69202111 42.80132327 56.66426688]
2024-01-23 20:20:27,057[INFO] c:[ 0.59264185  1.0207347   1.4187918   1.80812027  2.19926165  2.59962412
  3.01577066  3.45455903  3.92405829  4.43465224  5.00075485  5.64393278
  6.39939173  7.33170935  8.58273958 10.59290296]
2024-01-23 20:20:27,057[INFO] integrate: 0.0006749250730816019, 2.007589761904222e-12
2024-01-23 20:20:27,057[INFO] renormalization constant: 0.9995704216488225
2024-01-23 20:20:27,308[INFO]           ┌[('v_1',)]─[('v_2',)]─[('v_3',)]─[('v_4',)]─[('v_5',)]─[('v_6',)]─[('v_7',)]─[('v_8',)]─[('v_9',)]─[('v_10',)]─[('v_11',)]─[('v_12',)]─[('v_13',)]─[('v_14',)]─[('v_15',)]
2024-01-23 20:20:27,308[INFO] [('v_0',)]┤
2024-01-23 20:20:27,308[INFO]           └[('spin',)]
2024-01-23 20:20:27,309[DEBUG] # of operator terms: 50
2024-01-23 20:20:27,368[DEBUG] # of operator terms: 1
2024-01-23 20:20:27,397[DEBUG] # of operator terms: 1
2024-01-23 20:20:27,427[INFO] [[30], [30], [30], [30], [30], [30], [30], [30], [30], [30], [30], [30], [30], [30], [30], [30], [2]]
2024-01-23 20:20:27,428[DEBUG] target for expander: 19
2024-01-23 20:20:27,428[DEBUG] average bond dimension of hint mpo: 3
2024-01-23 20:20:27,428[DEBUG] cumulated bond dimension: 1. lastone bond dimension: [1, 1, 1, 1, 1, 1, 1, 1, 1, 1, 1, 1, 1, 1, 1, 1, 1]
2024-01-23 20:20:27,432[DEBUG] # of operator terms: 1
2024-01-23 20:20:27,516[DEBUG] cumulated bond dimension: 4. lastone bond dimension: [1, 3, 3, 3, 3, 3, 3, 3, 3, 3, 3, 3, 3, 3, 3, 3, 3]
2024-01-23 20:20:27,581[DEBUG] cumulated bond dimension: 12. lastone bond dimension: [1, 9, 9, 9, 9, 9, 9, 9, 9, 9, 9, 9, 9, 9, 9, 9, 9]
2024-01-23 20:20:27,730[DEBUG] cumulated bond dimension: 17. lastone bond dimension: [1, 21, 21, 21, 21, 21, 21, 21, 21, 21, 21, 21, 21, 21, 21, 21, 6]
2024-01-23 20:20:27,907[DEBUG] expander bond dimension: [1, 19, 19, 19, 19, 19, 19, 19, 19, 19, 19, 19, 19, 19, 19, 19, 2]
2024-01-23 20:20:27,971[INFO] [1, 20, 20, 20, 20, 20, 20, 20, 20, 20, 20, 20, 20, 20, 20, 20, 2]
2024-01-23 20:20:27,971[INFO] [1, 3, 3, 3, 3, 3, 3, 3, 3, 3, 3, 3, 3, 3, 3, 3, 3]
2024-01-23 20:20:27,971[INFO] 17
2024-01-23 20:20:30,385[DEBUG] TDVP-PS Krylov space: DescribeResult(nobs=66, minmax=(4, 39), mean=27.333333333333332, variance=56.37948717948718, skewness=-1.9420078339033773, kurtosis=3.699360581982152)
2024-01-23 20:20:30,447[INFO] 0.995040018375282, -0.0006604782025283447
2024-01-23 20:20:33,940[DEBUG] TDVP-PS Krylov space: DescribeResult(nobs=66, minmax=(4, 45), mean=24.636363636363637, variance=135.80419580419579, skewness=-0.03811550544965865, kurtosis=-1.2771219826036408)
2024-01-23 20:20:34,000[INFO] 0.9805039729040727, -0.00554227171924019
2024-01-23 20:20:37,360[DEBUG] TDVP-PS Krylov space: DescribeResult(nobs=66, minmax=(4, 45), mean=23.545454545454547, variance=138.95944055944057, skewness=0.25693579384328236, kurtosis=-1.1107778167245528)
2024-01-23 20:20:37,416[INFO] 0.9571012323072547, -0.01477223898590271
2024-01-23 20:20:40,542[DEBUG] TDVP-PS Krylov space: DescribeResult(nobs=66, minmax=(4, 45), mean=22.515151515151516, variance=133.73053613053614, skewness=0.4208534953936966, kurtosis=-0.9332253174349501)
2024-01-23 20:20:40,600[INFO] 0.9256158515436662, -0.02782884998837342
2024-01-23 20:20:43,849[DEBUG] TDVP-PS Krylov space: DescribeResult(nobs=66, minmax=(4, 45), mean=22.363636363636363, variance=132.0195804195804, skewness=0.51405258023347, kurtosis=-0.8132418211202612)
2024-01-23 20:20:43,906[INFO] 0.8868318645188654, -0.042901058742825474
2024-01-23 20:20:47,049[DEBUG] TDVP-PS Krylov space: DescribeResult(nobs=66, minmax=(4, 45), mean=22.03030303030303, variance=130.183682983683, skewness=0.5523227551377027, kurtosis=-0.8027699854219641)
2024-01-23 20:20:47,106[INFO] 0.8415462273880809, -0.0610221296842215
2024-01-23 20:20:50,209[DEBUG] TDVP-PS Krylov space: DescribeResult(nobs=66, minmax=(4, 45), mean=21.727272727272727, variance=128.8783216783217, skewness=0.6026584737981433, kurtosis=-0.7119556584160298)
2024-01-23 20:20:50,266[INFO] 0.7905299344420603, -0.07868973966105952
2024-01-23 20:20:53,326[DEBUG] TDVP-PS Krylov space: DescribeResult(nobs=66, minmax=(4, 45), mean=21.21212121212121, variance=129.8004662004662, skewness=0.6695139899607244, kurtosis=-0.6019672233543671)
2024-01-23 20:20:53,387[INFO] 0.7345689902047847, -0.10051891469608638
2024-01-23 20:20:56,408[DEBUG] TDVP-PS Krylov space: DescribeResult(nobs=66, minmax=(4, 45), mean=20.848484848484848, variance=128.71515151515152, skewness=0.7065865547132811, kurtosis=-0.5346184688222135)
2024-01-23 20:20:56,466[INFO] 0.6744405037321656, -0.11949499891145644
2024-01-23 20:20:59,499[DEBUG] TDVP-PS Krylov space: DescribeResult(nobs=66, minmax=(4, 45), mean=20.848484848484848, variance=127.6074592074592, skewness=0.6865468423125471, kurtosis=-0.5774706947693984)
2024-01-23 20:20:59,557[INFO] 0.610850750148668, -0.14217089833574778
2024-01-23 20:20:59,557[INFO] [(0.995040018375282, -0.0006604782025283447), (0.9805039729040727, -0.00554227171924019), (0.9571012323072547, -0.01477223898590271), (0.9256158515436662, -0.02782884998837342), (0.8868318645188654, -0.042901058742825474), (0.8415462273880809, -0.0610221296842215), (0.7905299344420603, -0.07868973966105952), (0.7345689902047847, -0.10051891469608638), (0.6744405037321656, -0.11949499891145644), (0.610850750148668, -0.14217089833574778)]
2024-01-23 20:20:59,557[INFO] [2.4392175674438477, 3.512500047683716, 3.37860107421875, 3.144880771636963, 3.2679731845855713, 3.162010908126831, 3.122568368911743, 3.078829526901245, 3.0396275520324707, 3.0528063774108887]
2024-01-23 20:20:59,557[INFO] (3.1199015378952026, 0.2685799279146326)
