2024-01-24 10:48:36,203[INFO] w:[ 0.72735288  1.48215944  2.26657371  3.0830136   3.93420588  4.82324114
  5.75364145  6.72944473  7.75531062  8.83665505  9.97982332 11.19231576
 12.48308618 13.86294361 15.34510305 16.94595721 18.68618475 20.59238834
 22.69959866 25.05525937 27.72588722 30.80890082 34.45533195 38.91820298
 44.67184443 52.78114659 66.6440902 ]
2024-01-24 10:48:36,204[INFO] c:[0.31476567 0.53684595 0.7382541  0.92984394 1.11640377 1.30071669
 1.4846893  1.66979404 1.85728213 2.04830398 2.24398848 2.4455044
 2.65411637 2.87124384 3.09853096 3.33793644 3.59185637 3.86330079
 4.15615865 4.47561438 4.8288373  5.22619532 5.68356475 6.22720363
 6.9056394  7.82595954 9.32179861]
2024-01-24 10:48:36,206[INFO] integrate: 0.0003348091643814093, 5.119565826034887e-09
2024-01-24 10:48:36,206[INFO] renormalization constant: 0.9997868765800083
2024-01-24 10:48:36,269[INFO]                                                    ┌[('v_0',), ('v_1',), ('v_2',)]
2024-01-24 10:48:36,270[INFO]                          ┌[(('MCTDH virtual', 1),)]┼[('v_3',), ('v_4',), ('v_5',)]
2024-01-24 10:48:36,270[INFO]                          │                         └[('v_6',), ('v_7',), ('v_8',)]
2024-01-24 10:48:36,270[INFO]                          │                         ┌[('v_9',), ('v_10',), ('v_11',)]
2024-01-24 10:48:36,270[INFO]                          ├[(('MCTDH virtual', 2),)]┼[('v_12',), ('v_13',), ('v_14',)]
2024-01-24 10:48:36,271[INFO]                          │                         └[('v_15',), ('v_16',), ('v_17',)]
2024-01-24 10:48:36,271[INFO] [(('MCTDH virtual', 0),)]┤
2024-01-24 10:48:36,271[INFO]                          │                         ┌[('v_18',), ('v_19',), ('v_20',)]
2024-01-24 10:48:36,271[INFO]                          ├[(('MCTDH virtual', 3),)]┼[('v_21',), ('v_22',), ('v_23',)]
2024-01-24 10:48:36,271[INFO]                          │                         └[('v_24',), ('v_25',), ('v_26',)]
2024-01-24 10:48:36,272[INFO]                          └[('spin',)]
2024-01-24 11:03:06,463[DEBUG] # of operator terms: 83
