2024-01-24 10:19:36,388[INFO] w:[ 1.21249244  2.50326286  3.88312029  5.36527973  6.96613389  8.70636143
 10.61256502 12.71977533 15.07543605 17.7460639  20.8290775  24.47550863
 28.93837966 34.69202111 42.80132327 56.66426688]
2024-01-24 10:19:36,388[INFO] c:[ 0.59264185  1.0207347   1.4187918   1.80812027  2.19926165  2.59962412
  3.01577066  3.45455903  3.92405829  4.43465224  5.00075485  5.64393278
  6.39939173  7.33170935  8.58273958 10.59290296]
2024-01-24 10:19:36,389[INFO] integrate: 0.0006749250730816019, 2.007589761904222e-12
2024-01-24 10:19:36,389[INFO] renormalization constant: 0.9995704216488225
2024-01-24 10:19:36,624[INFO]                                                                                                        ┌[('v_0',)]
2024-01-24 10:19:36,624[INFO]                                                                              ┌[(('MCTDH virtual', 3),)]┤
2024-01-24 10:19:36,624[INFO]                                                                              │                         └[('v_1',)]
2024-01-24 10:19:36,624[INFO]                                                    ┌[(('MCTDH virtual', 2),)]┤
2024-01-24 10:19:36,624[INFO]                                                    │                         │                         ┌[('v_2',)]
2024-01-24 10:19:36,624[INFO]                                                    │                         └[(('MCTDH virtual', 4),)]┤
2024-01-24 10:19:36,624[INFO]                                                    │                                                   └[('v_3',)]
2024-01-24 10:19:36,624[INFO]                          ┌[(('MCTDH virtual', 1),)]┤
2024-01-24 10:19:36,625[INFO]                          │                         │                                                   ┌[('v_4',)]
2024-01-24 10:19:36,625[INFO]                          │                         │                         ┌[(('MCTDH virtual', 6),)]┤
2024-01-24 10:19:36,625[INFO]                          │                         │                         │                         └[('v_5',)]
2024-01-24 10:19:36,625[INFO]                          │                         └[(('MCTDH virtual', 5),)]┤
2024-01-24 10:19:36,625[INFO]                          │                                                   │                         ┌[('v_6',)]
2024-01-24 10:19:36,625[INFO]                          │                                                   └[(('MCTDH virtual', 7),)]┤
2024-01-24 10:19:36,625[INFO]                          │                                                                             └[('v_7',)]
2024-01-24 10:19:36,625[INFO]                          │                                                                              ┌[('v_8',)]
2024-01-24 10:19:36,625[INFO]                          │                                                   ┌[(('MCTDH virtual', 10),)]┤
2024-01-24 10:19:36,625[INFO]                          │                                                   │                          └[('v_9',)]
2024-01-24 10:19:36,625[INFO]                          │                         ┌[(('MCTDH virtual', 9),)]┤
2024-01-24 10:19:36,625[INFO]                          │                         │                         │                          ┌[('v_10',)]
2024-01-24 10:19:36,625[INFO]                          │                         │                         └[(('MCTDH virtual', 11),)]┤
2024-01-24 10:19:36,625[INFO]                          │                         │                                                    └[('v_11',)]
2024-01-24 10:19:36,625[INFO] [(('MCTDH virtual', 0),)]┼[(('MCTDH virtual', 8),)]┤
2024-01-24 10:19:36,625[INFO]                          │                         │                                                     ┌[('v_12',)]
2024-01-24 10:19:36,625[INFO]                          │                         │                          ┌[(('MCTDH virtual', 13),)]┤
2024-01-24 10:19:36,625[INFO]                          │                         │                          │                          └[('v_13',)]
2024-01-24 10:19:36,625[INFO]                          │                         └[(('MCTDH virtual', 12),)]┤
2024-01-24 10:19:36,625[INFO]                          │                                                    │                          ┌[('v_14',)]
2024-01-24 10:19:36,625[INFO]                          │                                                    └[(('MCTDH virtual', 14),)]┤
2024-01-24 10:19:36,625[INFO]                          │                                                                               └[('v_15',)]
2024-01-24 10:19:36,625[INFO]                          └[('spin',)]
2024-01-24 10:19:36,626[DEBUG] # of operator terms: 50
2024-01-24 10:19:36,721[DEBUG] # of operator terms: 1
2024-01-24 10:19:36,773[DEBUG] # of operator terms: 1
2024-01-24 10:19:36,827[INFO] [[1], [1], [1], [1], [50], [50], [1], [50], [50], [1], [1], [50], [50], [1], [50], [50], [1], [1], [1], [50], [50], [1], [50], [50], [1], [1], [50], [50], [1], [50], [50], [2]]
2024-01-24 10:19:36,827[DEBUG] target for expander: 19
2024-01-24 10:19:36,827[DEBUG] average bond dimension of hint mpo: 3
2024-01-24 10:19:36,828[DEBUG] cumulated bond dimension: 1. lastone bond dimension: [1, 1, 1, 1, 1, 1, 1, 1, 1, 1, 1, 1, 1, 1, 1, 1, 1, 1, 1, 1, 1, 1, 1, 1, 1, 1, 1, 1, 1, 1, 1, 1]
2024-01-24 10:19:36,835[DEBUG] # of operator terms: 1
2024-01-24 10:19:36,927[DEBUG] cumulated bond dimension: 4. lastone bond dimension: [1, 3, 3, 3, 3, 3, 3, 3, 3, 3, 3, 3, 3, 3, 3, 3, 3, 3, 3, 3, 3, 3, 3, 3, 3, 3, 3, 3, 3, 3, 3, 3]
2024-01-24 10:19:37,002[DEBUG] cumulated bond dimension: 12. lastone bond dimension: [1, 9, 9, 9, 9, 9, 9, 9, 9, 9, 9, 9, 9, 9, 9, 9, 9, 9, 9, 9, 9, 9, 9, 9, 9, 9, 9, 9, 9, 9, 9, 9]
2024-01-24 10:19:37,187[DEBUG] cumulated bond dimension: 18. lastone bond dimension: [1, 21, 21, 21, 21, 21, 21, 21, 21, 21, 21, 21, 21, 21, 21, 21, 21, 21, 21, 21, 21, 21, 21, 21, 21, 21, 21, 21, 21, 21, 21, 6]
2024-01-24 10:19:37,432[DEBUG] expander bond dimension: [1, 19, 19, 19, 19, 19, 19, 19, 19, 19, 19, 19, 19, 19, 19, 19, 19, 19, 19, 19, 19, 19, 19, 19, 19, 19, 19, 19, 19, 19, 19, 2]
2024-01-24 10:19:37,514[INFO] [1, 20, 20, 20, 20, 20, 20, 20, 20, 20, 20, 20, 20, 20, 20, 20, 20, 20, 20, 20, 20, 20, 20, 20, 20, 20, 20, 20, 20, 20, 20, 2]
2024-01-24 10:19:37,514[INFO] [1, 3, 3, 3, 3, 3, 3, 3, 3, 3, 3, 3, 3, 3, 3, 3, 3, 3, 3, 3, 3, 3, 3, 3, 3, 3, 3, 3, 3, 3, 3, 3]
2024-01-24 10:19:37,514[INFO] 32
2024-01-24 10:19:40,332[DEBUG] TDVP-PS Krylov space: DescribeResult(nobs=126, minmax=(4, 59), mean=30.714285714285715, variance=194.7017142857143, skewness=0.00814740067900566, kurtosis=-1.0530589498363203)
2024-01-24 10:19:40,369[INFO] 0.9950400184599705, -0.000660466109016768
2024-01-24 10:19:43,725[DEBUG] TDVP-PS Krylov space: DescribeResult(nobs=126, minmax=(4, 63), mean=35.79365079365079, variance=178.9810793650794, skewness=-0.013521980629841073, kurtosis=-0.6862020150349455)
2024-01-24 10:19:43,761[INFO] 0.9805039721701052, -0.005542273831568663
2024-01-24 10:19:46,759[DEBUG] TDVP-PS Krylov space: DescribeResult(nobs=126, minmax=(4, 65), mean=34.111111111111114, variance=198.97955555555552, skewness=0.30425298018209446, kurtosis=-0.7089189455038687)
2024-01-24 10:19:46,796[INFO] 0.9571012257756799, -0.014772236752855258
2024-01-24 10:19:49,741[DEBUG] TDVP-PS Krylov space: DescribeResult(nobs=126, minmax=(4, 65), mean=33.142857142857146, variance=190.57142857142853, skewness=0.4277760755533172, kurtosis=-0.5721872561290562)
2024-01-24 10:19:49,786[INFO] 0.9256158396447404, -0.027829039135359515
2024-01-24 10:19:53,017[DEBUG] TDVP-PS Krylov space: DescribeResult(nobs=126, minmax=(4, 65), mean=32.41269841269841, variance=188.58031746031745, skewness=0.49721865553767103, kurtosis=-0.5008299699936156)
2024-01-24 10:19:53,057[INFO] 0.8868318723864027, -0.0429010563631255
2024-01-24 10:19:55,961[DEBUG] TDVP-PS Krylov space: DescribeResult(nobs=126, minmax=(4, 65), mean=31.793650793650794, variance=186.46907936507935, skewness=0.566509642676572, kurtosis=-0.4388269448151765)
2024-01-24 10:19:55,997[INFO] 0.841546257400515, -0.061022288555800164
2024-01-24 10:19:58,789[DEBUG] TDVP-PS Krylov space: DescribeResult(nobs=126, minmax=(4, 65), mean=31.238095238095237, variance=185.47885714285712, skewness=0.5752667396082263, kurtosis=-0.4631185391829584)
2024-01-24 10:19:58,826[INFO] 0.7905299959409744, -0.07868963507660388
2024-01-24 10:20:01,655[DEBUG] TDVP-PS Krylov space: DescribeResult(nobs=126, minmax=(4, 65), mean=31.095238095238095, variance=184.40685714285712, skewness=0.5920430024255751, kurtosis=-0.42175414664665967)
2024-01-24 10:20:01,709[INFO] 0.7345690683816929, -0.10051901355785617
2024-01-24 10:20:04,517[DEBUG] TDVP-PS Krylov space: DescribeResult(nobs=126, minmax=(4, 65), mean=30.92063492063492, variance=192.5056507936508, skewness=0.6391918874996424, kurtosis=-0.377826320005616)
2024-01-24 10:20:04,555[INFO] 0.6744406023075766, -0.11949471793876035
2024-01-24 10:20:07,310[DEBUG] TDVP-PS Krylov space: DescribeResult(nobs=126, minmax=(4, 65), mean=30.746031746031747, variance=194.39898412698415, skewness=0.6463137577990546, kurtosis=-0.37873780228709775)
2024-01-24 10:20:07,346[INFO] 0.610850856030671, -0.14217104431778074
2024-01-24 10:20:07,346[INFO] [(0.9950400184599705, -0.000660466109016768), (0.9805039721701052, -0.005542273831568663), (0.9571012257756799, -0.014772236752855258), (0.9256158396447404, -0.027829039135359515), (0.8868318723864027, -0.0429010563631255), (0.841546257400515, -0.061022288555800164), (0.7905299959409744, -0.07868963507660388), (0.7345690683816929, -0.10051901355785617), (0.6744406023075766, -0.11949471793876035), (0.610850856030671, -0.14217104431778074)]
2024-01-24 10:20:07,346[INFO] [2.830049514770508, 3.3681092262268066, 3.010507345199585, 2.9577040672302246, 3.2454540729522705, 2.916384696960449, 2.8040030002593994, 2.844073534011841, 2.821397542953491, 2.7676327228546143]
2024-01-24 10:20:07,346[INFO] (2.9565315723419188, 0.1905918085200744)
