2024-01-23 15:13:35,138[INFO] w:[ 1.21249244  2.50326286  3.88312029  5.36527973  6.96613389  8.70636143
 10.61256502 12.71977533 15.07543605 17.7460639  20.8290775  24.47550863
 28.93837966 34.69202111 42.80132327 56.66426688]
2024-01-23 15:13:35,139[INFO] c:[ 0.59264185  1.0207347   1.4187918   1.80812027  2.19926165  2.59962412
  3.01577066  3.45455903  3.92405829  4.43465224  5.00075485  5.64393278
  6.39939173  7.33170935  8.58273958 10.59290296]
2024-01-23 15:13:35,140[INFO] integrate: 0.0006749250730816019, 2.007589761904222e-12
2024-01-23 15:13:35,140[INFO] renormalization constant: 0.9995704216488225
2024-01-23 15:13:35,532[INFO]                                                    ┌[('v_0',), ('v_1',), ('v_2',)]
2024-01-23 15:13:35,532[INFO]                          ┌[(('MCTDH virtual', 1),)]┤
2024-01-23 15:13:35,533[INFO]                          │                         └[('v_3',), ('v_4',), ('v_5',)]
2024-01-23 15:13:35,533[INFO]                          │                         ┌[('v_6',), ('v_7',), ('v_8',)]
2024-01-23 15:13:35,533[INFO]                          ├[(('MCTDH virtual', 2),)]┤
2024-01-23 15:13:35,533[INFO]                          │                         └[('v_9',), ('v_10',), ('v_11',)]
2024-01-23 15:13:35,533[INFO] [(('MCTDH virtual', 0),)]┤
2024-01-23 15:13:35,533[INFO]                          │                         ┌[('v_12',), ('v_13',), ('v_14',)]
2024-01-23 15:13:35,533[INFO]                          ├[(('MCTDH virtual', 3),)]┤
2024-01-23 15:13:35,533[INFO]                          │                         └[('v_15',)]
2024-01-23 15:13:35,533[INFO]                          └[('spin',)]
2024-01-23 15:13:35,535[DEBUG] # of operator terms: 50
2024-01-23 15:13:36,019[DEBUG] # of operator terms: 1
2024-01-23 15:13:36,116[DEBUG] # of operator terms: 1
2024-01-23 15:13:36,216[DEBUG] target for expander: 19
2024-01-23 15:13:36,216[DEBUG] average bond dimension of hint mpo: 3
2024-01-23 15:13:36,217[DEBUG] cumulated bond dimension: 1. lastone bond dimension: [1, 1, 1, 1, 1, 1, 1, 1, 1, 1, 1]
2024-01-23 15:13:36,341[DEBUG] # of operator terms: 1
2024-01-23 15:13:36,516[DEBUG] cumulated bond dimension: 4. lastone bond dimension: [1, 3, 3, 3, 3, 3, 3, 3, 3, 3, 3]
2024-01-23 15:13:36,748[DEBUG] cumulated bond dimension: 11. lastone bond dimension: [1, 9, 9, 9, 9, 9, 9, 9, 9, 9, 9]
2024-01-23 15:13:37,089[DEBUG] cumulated bond dimension: 15. lastone bond dimension: [1, 21, 21, 21, 21, 21, 21, 21, 21, 21, 6]
2024-01-23 15:13:37,490[DEBUG] expander bond dimension: [1, 19, 19, 19, 19, 19, 19, 19, 19, 10, 2]
2024-01-23 15:13:37,675[INFO] [1, 20, 20, 20, 20, 20, 20, 20, 20, 10, 2]
2024-01-23 15:13:37,676[INFO] [1, 3, 3, 3, 3, 3, 3, 3, 3, 3, 3]
2024-01-23 15:13:37,676[INFO] 11
2024-01-23 15:13:59,077[DEBUG] TDVP-PS Krylov space: DescribeResult(nobs=42, minmax=(4, 23), mean=15.666666666666666, variance=29.10569105691057, skewness=-0.7840270226971798, kurtosis=-0.3394407165818798)
2024-01-23 15:13:59,343[INFO] 0.9950400183888463, -0.0006604679980565729
2024-01-23 15:14:23,697[DEBUG] TDVP-PS Krylov space: DescribeResult(nobs=42, minmax=(4, 25), mean=18.285714285714285, variance=27.379790940766558, skewness=-1.7808275580064654, kurtosis=2.8041500958635757)
2024-01-23 15:14:23,957[INFO] 0.9805039721038952, -0.005542272661828471
2024-01-23 15:14:48,943[DEBUG] TDVP-PS Krylov space: DescribeResult(nobs=42, minmax=(4, 27), mean=17.476190476190474, variance=28.548199767711967, skewness=-1.1575703090819733, kurtosis=1.715766441721323)
2024-01-23 15:14:49,108[INFO] 0.9571012255045229, -0.014772233786808382
2024-01-23 15:15:08,959[DEBUG] TDVP-PS Krylov space: DescribeResult(nobs=42, minmax=(4, 27), mean=16.761904761904763, variance=27.649245063879214, skewness=-0.861487884846384, kurtosis=1.3952113364428778)
2024-01-23 15:15:09,223[INFO] 0.9256158390718365, -0.027829031338060983
2024-01-23 15:15:33,821[DEBUG] TDVP-PS Krylov space: DescribeResult(nobs=42, minmax=(4, 27), mean=16.761904761904763, variance=27.844367015098726, skewness=-0.8434236375426579, kurtosis=1.3549817869834513)
2024-01-23 15:15:34,075[INFO] 0.8868318704873426, -0.042901054163767785
2024-01-23 15:15:58,491[DEBUG] TDVP-PS Krylov space: DescribeResult(nobs=42, minmax=(4, 27), mean=16.523809523809526, variance=26.206736353077815, skewness=-0.8685950466552816, kurtosis=1.6314101265769496)
2024-01-23 15:15:58,755[INFO] 0.8415462518841054, -0.06102228222849751
2024-01-23 15:16:22,520[DEBUG] TDVP-PS Krylov space: DescribeResult(nobs=42, minmax=(4, 27), mean=16.333333333333332, variance=26.569105691056915, skewness=-0.7218948225732338, kurtosis=1.439064164353268)
2024-01-23 15:16:22,686[INFO] 0.7905299901108117, -0.07868962368368795
2024-01-23 15:16:46,357[DEBUG] TDVP-PS Krylov space: DescribeResult(nobs=42, minmax=(4, 27), mean=16.095238095238095, variance=26.478513356562146, skewness=-0.6772866642096439, kurtosis=1.241413996596708)
2024-01-23 15:16:46,627[INFO] 0.7345690579640785, -0.10051901099561897
2024-01-23 15:17:10,612[DEBUG] TDVP-PS Krylov space: DescribeResult(nobs=42, minmax=(4, 27), mean=15.857142857142858, variance=26.0766550522648, skewness=-0.5701790596941548, kurtosis=1.2477256308201872)
2024-01-23 15:17:10,869[INFO] 0.6744405913396587, -0.11949468571779279
2024-01-23 15:17:32,268[DEBUG] TDVP-PS Krylov space: DescribeResult(nobs=42, minmax=(4, 27), mean=15.523809523809524, variance=25.865272938443663, skewness=-0.45273115278009646, kurtosis=1.1193620684544872)
2024-01-23 15:17:32,554[INFO] 0.6108508338874884, -0.14217098885549267
2024-01-23 15:17:32,554[INFO] [(0.9950400183888463, -0.0006604679980565729), (0.9805039721038952, -0.005542272661828471), (0.9571012255045229, -0.014772233786808382), (0.9256158390718365, -0.027829031338060983), (0.8868318704873426, -0.042901054163767785), (0.8415462518841054, -0.06102228222849751), (0.7905299901108117, -0.07868962368368795), (0.7345690579640785, -0.10051901099561897), (0.6744405913396587, -0.11949468571779279), (0.6108508338874884, -0.14217098885549267)]
2024-01-23 15:17:32,555[INFO] [21.48961901664734, 24.440796613693237, 25.042634963989258, 19.93925380706787, 24.683104276657104, 24.50381827354431, 23.820180892944336, 23.760953664779663, 24.070085525512695, 21.493990182876587]
2024-01-23 15:17:32,555[INFO] (23.32444372177124, 1.6310805727743527)
