2024-01-23 15:32:16,729[INFO] w:[ 1.21249244  2.50326286  3.88312029  5.36527973  6.96613389  8.70636143
 10.61256502 12.71977533 15.07543605 17.7460639  20.8290775  24.47550863
 28.93837966 34.69202111 42.80132327 56.66426688]
2024-01-23 15:32:16,730[INFO] c:[ 0.59264185  1.0207347   1.4187918   1.80812027  2.19926165  2.59962412
  3.01577066  3.45455903  3.92405829  4.43465224  5.00075485  5.64393278
  6.39939173  7.33170935  8.58273958 10.59290296]
2024-01-23 15:32:16,731[INFO] integrate: 0.0006749250730816019, 2.007589761904222e-12
2024-01-23 15:32:16,731[INFO] renormalization constant: 0.9995704216488225
2024-01-23 15:32:17,194[INFO]                                                    ┌[('v_0',), ('v_1',), ('v_2',)]
2024-01-23 15:32:17,194[INFO]                          ┌[(('MCTDH virtual', 1),)]┤
2024-01-23 15:32:17,194[INFO]                          │                         └[('v_3',), ('v_4',), ('v_5',)]
2024-01-23 15:32:17,195[INFO]                          │                         ┌[('v_6',), ('v_7',), ('v_8',)]
2024-01-23 15:32:17,195[INFO]                          ├[(('MCTDH virtual', 2),)]┤
2024-01-23 15:32:17,195[INFO]                          │                         └[('v_9',), ('v_10',), ('v_11',)]
2024-01-23 15:32:17,195[INFO] [(('MCTDH virtual', 0),)]┤
2024-01-23 15:32:17,195[INFO]                          │                         ┌[('v_12',), ('v_13',), ('v_14',)]
2024-01-23 15:32:17,195[INFO]                          ├[(('MCTDH virtual', 3),)]┤
2024-01-23 15:32:17,196[INFO]                          │                         └[('v_15',)]
2024-01-23 15:32:17,196[INFO]                          └[('spin',)]
2024-01-23 15:32:17,199[DEBUG] # of operator terms: 50
2024-01-23 15:32:17,727[DEBUG] # of operator terms: 1
2024-01-23 15:32:17,836[DEBUG] # of operator terms: 1
2024-01-23 15:32:17,945[DEBUG] target for expander: 69
2024-01-23 15:32:17,945[DEBUG] average bond dimension of hint mpo: 3
2024-01-23 15:32:17,945[DEBUG] cumulated bond dimension: 1. lastone bond dimension: [1, 1, 1, 1, 1, 1, 1, 1, 1, 1, 1]
2024-01-23 15:32:18,094[DEBUG] # of operator terms: 1
2024-01-23 15:32:18,267[DEBUG] cumulated bond dimension: 4. lastone bond dimension: [1, 3, 3, 3, 3, 3, 3, 3, 3, 3, 3]
2024-01-23 15:32:18,513[DEBUG] cumulated bond dimension: 11. lastone bond dimension: [1, 9, 9, 9, 9, 9, 9, 9, 9, 9, 9]
2024-01-23 15:32:19,257[DEBUG] cumulated bond dimension: 30. lastone bond dimension: [1, 27, 27, 27, 27, 27, 27, 27, 27, 27, 27]
2024-01-23 15:32:47,356[DEBUG] cumulated bond dimension: 51. lastone bond dimension: [1, 81, 81, 81, 81, 81, 81, 81, 81, 81, 81]
2024-01-23 15:33:00,836[DEBUG] expander bond dimension: [1, 69, 69, 69, 69, 69, 69, 69, 69, 10, 2]
2024-01-23 15:33:01,603[INFO] [1, 70, 70, 70, 70, 70, 70, 70, 70, 10, 2]
2024-01-23 15:33:01,603[INFO] [1, 3, 3, 3, 3, 3, 3, 3, 3, 3, 3]
2024-01-23 15:33:01,603[INFO] 11
2024-01-23 15:34:38,653[DEBUG] TDVP-PS Krylov space: DescribeResult(nobs=42, minmax=(4, 35), mean=22.523809523809526, variance=92.74332171893148, skewness=-0.42938424000815084, kurtosis=-0.8866379471360291)
2024-01-23 15:34:39,615[INFO] 0.9950400180352001, -0.0006604711904447366
2024-01-23 15:36:34,264[DEBUG] TDVP-PS Krylov space: DescribeResult(nobs=42, minmax=(4, 35), mean=28.38095238095238, variance=72.77816492450638, skewness=-2.1895277154680355, kurtosis=3.7541651984435305)
2024-01-23 15:36:35,187[INFO] 0.9805039714224537, -0.005542277027043875
2024-01-23 15:38:29,759[DEBUG] TDVP-PS Krylov space: DescribeResult(nobs=42, minmax=(4, 37), mean=28.571428571428573, variance=75.12891986062719, skewness=-2.1247155326061242, kurtosis=3.553718236212778)
2024-01-23 15:38:30,740[INFO] 0.9571012245353986, -0.014772235972126535
2024-01-23 15:40:29,643[DEBUG] TDVP-PS Krylov space: DescribeResult(nobs=42, minmax=(4, 37), mean=28.61904761904762, variance=75.85133565621369, skewness=-2.1003820063341814, kurtosis=3.485759152304266)
2024-01-23 15:40:30,574[INFO] 0.9256158375197211, -0.027829032855099006
2024-01-23 15:42:23,001[DEBUG] TDVP-PS Krylov space: DescribeResult(nobs=42, minmax=(4, 35), mean=28.571428571428573, variance=74.73867595818815, skewness=-2.1494998539071224, kurtosis=3.6119113110665566)
2024-01-23 15:42:23,931[INFO] 0.8868318670785417, -0.04290105672460625
2024-01-23 15:44:12,575[DEBUG] TDVP-PS Krylov space: DescribeResult(nobs=42, minmax=(4, 35), mean=28.333333333333332, variance=72.42276422764228, skewness=-2.2072822432041126, kurtosis=3.7529732158033555)
2024-01-23 15:44:13,250[INFO] 0.841546246906527, -0.06102228016387782
2024-01-23 15:46:03,374[DEBUG] TDVP-PS Krylov space: DescribeResult(nobs=42, minmax=(4, 35), mean=27.857142857142858, variance=70.75958188153311, skewness=-2.1563965832436245, kurtosis=3.540748870777847)
2024-01-23 15:46:04,314[INFO] 0.7905299855969559, -0.07868961918380736
2024-01-23 15:48:00,328[DEBUG] TDVP-PS Krylov space: DescribeResult(nobs=42, minmax=(4, 33), mean=27.238095238095237, variance=67.84436701509874, skewness=-2.1221500231635266, kurtosis=3.406777137565774)
2024-01-23 15:48:01,260[INFO] 0.7345690542900242, -0.10051899994149414
2024-01-23 15:49:38,589[DEBUG] TDVP-PS Krylov space: DescribeResult(nobs=42, minmax=(4, 33), mean=26.80952380952381, variance=66.01161440185831, skewness=-2.0827098589927893, kurtosis=3.2901564224149977)
2024-01-23 15:49:39,250[INFO] 0.6744405859885089, -0.11949466609313741
2024-01-23 15:51:30,967[DEBUG] TDVP-PS Krylov space: DescribeResult(nobs=42, minmax=(4, 33), mean=26.571428571428573, variance=66.34843205574914, skewness=-1.9816378257424427, kurtosis=2.9922424783623303)
2024-01-23 15:51:31,982[INFO] 0.6108508276119254, -0.14217096464227416
2024-01-23 15:51:31,982[INFO] [(0.9950400180352001, -0.0006604711904447366), (0.9805039714224537, -0.005542277027043875), (0.9571012245353986, -0.014772235972126535), (0.9256158375197211, -0.027829032855099006), (0.8868318670785417, -0.04290105672460625), (0.841546246906527, -0.06102228016387782), (0.7905299855969559, -0.07868961918380736), (0.7345690542900242, -0.10051899994149414), (0.6744405859885089, -0.11949466609313741), (0.6108508276119254, -0.14217096464227416)]
2024-01-23 15:51:31,982[INFO] [97.3685212135315, 114.95793676376343, 114.89288806915283, 119.21503162384033, 112.74106574058533, 108.87108397483826, 110.44445633888245, 116.3254325389862, 97.52260088920593, 112.05451655387878]
2024-01-23 15:51:31,983[INFO] (110.43935337066651, 7.070822433053164)
