2024-01-23 15:17:33,918[INFO] w:[ 1.21249244  2.50326286  3.88312029  5.36527973  6.96613389  8.70636143
 10.61256502 12.71977533 15.07543605 17.7460639  20.8290775  24.47550863
 28.93837966 34.69202111 42.80132327 56.66426688]
2024-01-23 15:17:33,919[INFO] c:[ 0.59264185  1.0207347   1.4187918   1.80812027  2.19926165  2.59962412
  3.01577066  3.45455903  3.92405829  4.43465224  5.00075485  5.64393278
  6.39939173  7.33170935  8.58273958 10.59290296]
2024-01-23 15:17:33,919[INFO] integrate: 0.0006749250730816019, 2.007589761904222e-12
2024-01-23 15:17:33,920[INFO] renormalization constant: 0.9995704216488225
2024-01-23 15:17:34,342[INFO]                                                    ┌[('v_0',), ('v_1',), ('v_2',)]
2024-01-23 15:17:34,342[INFO]                          ┌[(('MCTDH virtual', 1),)]┤
2024-01-23 15:17:34,342[INFO]                          │                         └[('v_3',), ('v_4',), ('v_5',)]
2024-01-23 15:17:34,342[INFO]                          │                         ┌[('v_6',), ('v_7',), ('v_8',)]
2024-01-23 15:17:34,342[INFO]                          ├[(('MCTDH virtual', 2),)]┤
2024-01-23 15:17:34,342[INFO]                          │                         └[('v_9',), ('v_10',), ('v_11',)]
2024-01-23 15:17:34,343[INFO] [(('MCTDH virtual', 0),)]┤
2024-01-23 15:17:34,343[INFO]                          │                         ┌[('v_12',), ('v_13',), ('v_14',)]
2024-01-23 15:17:34,343[INFO]                          ├[(('MCTDH virtual', 3),)]┤
2024-01-23 15:17:34,343[INFO]                          │                         └[('v_15',)]
2024-01-23 15:17:34,343[INFO]                          └[('spin',)]
2024-01-23 15:17:34,345[DEBUG] # of operator terms: 50
2024-01-23 15:17:34,844[DEBUG] # of operator terms: 1
2024-01-23 15:17:34,943[DEBUG] # of operator terms: 1
2024-01-23 15:17:35,046[DEBUG] target for expander: 29
2024-01-23 15:17:35,046[DEBUG] average bond dimension of hint mpo: 3
2024-01-23 15:17:35,047[DEBUG] cumulated bond dimension: 1. lastone bond dimension: [1, 1, 1, 1, 1, 1, 1, 1, 1, 1, 1]
2024-01-23 15:17:35,186[DEBUG] # of operator terms: 1
2024-01-23 15:17:35,352[DEBUG] cumulated bond dimension: 4. lastone bond dimension: [1, 3, 3, 3, 3, 3, 3, 3, 3, 3, 3]
2024-01-23 15:17:35,601[DEBUG] cumulated bond dimension: 11. lastone bond dimension: [1, 9, 9, 9, 9, 9, 9, 9, 9, 9, 9]
2024-01-23 15:17:36,161[DEBUG] cumulated bond dimension: 22. lastone bond dimension: [1, 27, 27, 27, 27, 27, 27, 27, 27, 27, 27]
2024-01-23 15:17:37,021[DEBUG] expander bond dimension: [1, 29, 29, 29, 29, 29, 29, 29, 29, 10, 2]
2024-01-23 15:17:37,226[INFO] [1, 30, 30, 30, 30, 30, 30, 30, 30, 10, 2]
2024-01-23 15:17:37,226[INFO] [1, 3, 3, 3, 3, 3, 3, 3, 3, 3, 3]
2024-01-23 15:17:37,226[INFO] 11
2024-01-23 15:18:00,157[DEBUG] TDVP-PS Krylov space: DescribeResult(nobs=42, minmax=(4, 25), mean=18.238095238095237, variance=40.86875725900117, skewness=-0.9240077080750465, kurtosis=-0.10878485745622601)
2024-01-23 15:18:00,353[INFO] 0.9950400183207941, -0.0006604688549007173
2024-01-23 15:18:27,377[DEBUG] TDVP-PS Krylov space: DescribeResult(nobs=42, minmax=(4, 27), mean=21.857142857142858, variance=36.61324041811846, skewness=-2.458813936752803, kurtosis=4.627010957192659)
2024-01-23 15:18:27,580[INFO] 0.9805039725482968, -0.005542269765787128
2024-01-23 15:18:50,851[DEBUG] TDVP-PS Krylov space: DescribeResult(nobs=42, minmax=(4, 29), mean=21.571428571428573, variance=38.397212543554005, skewness=-2.087359889290469, kurtosis=3.6228032845741645)
2024-01-23 15:18:51,179[INFO] 0.9571012263539934, -0.014772227562440997
2024-01-23 15:19:23,936[DEBUG] TDVP-PS Krylov space: DescribeResult(nobs=42, minmax=(4, 29), mean=20.571428571428573, variance=36.494773519163765, skewness=-1.7795325895018856, kurtosis=2.960191341342644)
2024-01-23 15:19:24,322[INFO] 0.9256158405878842, -0.027829024221493914
2024-01-23 15:19:56,434[DEBUG] TDVP-PS Krylov space: DescribeResult(nobs=42, minmax=(4, 29), mean=19.761904761904763, variance=35.99070847851336, skewness=-1.428154063599245, kurtosis=2.2389267420297783)
2024-01-23 15:19:56,827[INFO] 0.8868318711650669, -0.04290104527848697
2024-01-23 15:20:20,358[DEBUG] TDVP-PS Krylov space: DescribeResult(nobs=42, minmax=(4, 29), mean=19.333333333333332, variance=36.17886178861789, skewness=-1.2089182910720673, kurtosis=1.8077014518368895)
2024-01-23 15:20:20,564[INFO] 0.8415462524126499, -0.061022273169565454
2024-01-23 15:20:45,660[DEBUG] TDVP-PS Krylov space: DescribeResult(nobs=42, minmax=(4, 29), mean=19.047619047619047, variance=36.48548199767712, skewness=-1.0566983504640222, kurtosis=1.5130565622453114)
2024-01-23 15:20:46,031[INFO] 0.7905299892713479, -0.07868961467254854
2024-01-23 15:21:06,481[DEBUG] TDVP-PS Krylov space: DescribeResult(nobs=42, minmax=(4, 29), mean=18.523809523809526, variance=35.767711962833914, skewness=-0.9094227866340829, kurtosis=1.2450928771329917)
2024-01-23 15:21:06,843[INFO] 0.7345690589659085, -0.10051900510125532
2024-01-23 15:21:33,801[DEBUG] TDVP-PS Krylov space: DescribeResult(nobs=42, minmax=(4, 29), mean=18.333333333333332, variance=34.959349593495936, skewness=-0.8977222197850275, kurtosis=1.2463658193618157)
2024-01-23 15:21:34,154[INFO] 0.6744405927394148, -0.11949468438753043
2024-01-23 15:22:01,351[DEBUG] TDVP-PS Krylov space: DescribeResult(nobs=42, minmax=(4, 29), mean=18.095238095238095, variance=35.063879210220676, skewness=-0.7902609486323859, kurtosis=1.0789028347681198)
2024-01-23 15:22:01,705[INFO] 0.6108508363526298, -0.14217099102456282
2024-01-23 15:22:01,705[INFO] [(0.9950400183207941, -0.0006604688549007173), (0.9805039725482968, -0.005542269765787128), (0.9571012263539934, -0.014772227562440997), (0.9256158405878842, -0.027829024221493914), (0.8868318711650669, -0.04290104527848697), (0.8415462524126499, -0.061022273169565454), (0.7905299892713479, -0.07868961467254854), (0.7345690589659085, -0.10051900510125532), (0.6744405927394148, -0.11949468438753043), (0.6108508363526298, -0.14217099102456282)]
2024-01-23 15:22:01,705[INFO] [22.99660873413086, 27.092653512954712, 23.381121397018433, 32.90168499946594, 32.258485317230225, 23.609812259674072, 25.239943981170654, 20.588682413101196, 27.096661806106567, 27.333812475204468]
2024-01-23 15:22:01,706[INFO] (26.249946689605714, 3.7656964854040527)
