2024-01-23 15:11:15,785[INFO] w:[ 1.21249244  2.50326286  3.88312029  5.36527973  6.96613389  8.70636143
 10.61256502 12.71977533 15.07543605 17.7460639  20.8290775  24.47550863
 28.93837966 34.69202111 42.80132327 56.66426688]
2024-01-23 15:11:15,786[INFO] c:[ 0.59264185  1.0207347   1.4187918   1.80812027  2.19926165  2.59962412
  3.01577066  3.45455903  3.92405829  4.43465224  5.00075485  5.64393278
  6.39939173  7.33170935  8.58273958 10.59290296]
2024-01-23 15:11:15,786[INFO] integrate: 0.0006749250730816019, 2.007589761904222e-12
2024-01-23 15:11:15,786[INFO] renormalization constant: 0.9995704216488225
2024-01-23 15:11:16,029[INFO]                                                    ┌[('v_0',), ('v_1',), ('v_2',)]
2024-01-23 15:11:16,030[INFO]                          ┌[(('MCTDH virtual', 1),)]┤
2024-01-23 15:11:16,030[INFO]                          │                         └[('v_3',), ('v_4',), ('v_5',)]
2024-01-23 15:11:16,030[INFO]                          │                         ┌[('v_6',), ('v_7',), ('v_8',)]
2024-01-23 15:11:16,030[INFO]                          ├[(('MCTDH virtual', 2),)]┤
2024-01-23 15:11:16,030[INFO]                          │                         └[('v_9',), ('v_10',), ('v_11',)]
2024-01-23 15:11:16,030[INFO] [(('MCTDH virtual', 0),)]┤
2024-01-23 15:11:16,030[INFO]                          │                         ┌[('v_12',), ('v_13',), ('v_14',)]
2024-01-23 15:11:16,030[INFO]                          ├[(('MCTDH virtual', 3),)]┤
2024-01-23 15:11:16,030[INFO]                          │                         └[('v_15',)]
2024-01-23 15:11:16,030[INFO]                          └[('spin',)]
2024-01-23 15:11:16,031[DEBUG] # of operator terms: 50
2024-01-23 15:11:16,367[DEBUG] # of operator terms: 1
2024-01-23 15:11:16,433[DEBUG] # of operator terms: 1
2024-01-23 15:11:16,500[DEBUG] target for expander: 9
2024-01-23 15:11:16,500[DEBUG] average bond dimension of hint mpo: 3
2024-01-23 15:11:16,500[DEBUG] cumulated bond dimension: 1. lastone bond dimension: [1, 1, 1, 1, 1, 1, 1, 1, 1, 1, 1]
2024-01-23 15:11:16,590[DEBUG] # of operator terms: 1
2024-01-23 15:11:16,708[DEBUG] cumulated bond dimension: 4. lastone bond dimension: [1, 3, 3, 3, 3, 3, 3, 3, 3, 3, 3]
2024-01-23 15:11:16,856[DEBUG] cumulated bond dimension: 8. lastone bond dimension: [1, 9, 9, 9, 9, 9, 9, 9, 9, 9, 9]
2024-01-23 15:11:17,014[DEBUG] expander bond dimension: [1, 9, 9, 9, 9, 9, 9, 9, 9, 9, 2]
2024-01-23 15:11:17,104[INFO] [1, 10, 10, 10, 10, 10, 10, 10, 10, 10, 2]
2024-01-23 15:11:17,104[INFO] [1, 3, 3, 3, 3, 3, 3, 3, 3, 3, 3]
2024-01-23 15:11:17,104[INFO] 11
2024-01-23 15:11:25,992[DEBUG] TDVP-PS Krylov space: DescribeResult(nobs=42, minmax=(4, 19), mean=12.142857142857142, variance=14.564459930313587, skewness=-0.43082142311623733, kurtosis=0.07269751150385773)
2024-01-23 15:11:26,159[INFO] 0.9950400183602197, -0.0006604693046714401
2024-01-23 15:11:36,476[DEBUG] TDVP-PS Krylov space: DescribeResult(nobs=42, minmax=(4, 21), mean=13.476190476190476, variance=14.109175377468057, skewness=-1.0820130035760722, kurtosis=1.822524014814979)
2024-01-23 15:11:36,620[INFO] 0.9805039726952781, -0.005542261511115747
2024-01-23 15:11:48,539[DEBUG] TDVP-PS Krylov space: DescribeResult(nobs=42, minmax=(4, 23), mean=13.571428571428571, variance=15.177700348432055, skewness=-0.804329902599351, kurtosis=1.950986195539163)
2024-01-23 15:11:48,755[INFO] 0.9571012257954026, -0.01477223692283202
2024-01-23 15:12:05,314[DEBUG] TDVP-PS Krylov space: DescribeResult(nobs=42, minmax=(4, 25), mean=13.714285714285714, variance=18.013937282229964, skewness=-0.1633621249016508, kurtosis=2.3140418049377285)
2024-01-23 15:12:05,529[INFO] 0.9256158411567106, -0.027829017802344036
2024-01-23 15:12:20,763[DEBUG] TDVP-PS Krylov space: DescribeResult(nobs=42, minmax=(4, 25), mean=13.619047619047619, variance=18.924506387921024, skewness=-0.02606635023354339, kurtosis=1.9056097431736783)
2024-01-23 15:12:20,982[INFO] 0.8868318726721729, -0.0429010504170771
2024-01-23 15:12:33,017[DEBUG] TDVP-PS Krylov space: DescribeResult(nobs=42, minmax=(4, 25), mean=13.571428571428571, variance=19.080139372822302, skewness=0.002103583278603078, kurtosis=1.8284893880515067)
2024-01-23 15:12:33,196[INFO] 0.8415462554211516, -0.06102227933566122
2024-01-23 15:12:48,999[DEBUG] TDVP-PS Krylov space: DescribeResult(nobs=42, minmax=(4, 25), mean=13.238095238095237, variance=18.868757259001164, skewness=0.008086247443999649, kurtosis=1.2793362982225336)
2024-01-23 15:12:49,217[INFO] 0.7905299957191471, -0.07868959337661019
2024-01-23 15:13:04,919[DEBUG] TDVP-PS Krylov space: DescribeResult(nobs=42, minmax=(4, 25), mean=13.047619047619047, variance=20.485481997677116, skewness=0.30565035130330137, kurtosis=1.2779881123646293)
2024-01-23 15:13:05,128[INFO] 0.7345690672583741, -0.1005189863404137
2024-01-23 15:13:20,695[DEBUG] TDVP-PS Krylov space: DescribeResult(nobs=42, minmax=(4, 25), mean=12.714285714285714, variance=19.331010452961674, skewness=0.29867444632067786, kurtosis=1.0902013183495525)
2024-01-23 15:13:20,919[INFO] 0.6744406006486201, -0.11949468345318592
2024-01-23 15:13:33,668[DEBUG] TDVP-PS Krylov space: DescribeResult(nobs=42, minmax=(4, 23), mean=12.238095238095237, variance=18.624854819976772, skewness=0.2702636960257358, kurtosis=0.5734104687501276)
2024-01-23 15:13:33,849[INFO] 0.6108508427596887, -0.14217099420215787
2024-01-23 15:13:33,849[INFO] [(0.9950400183602197, -0.0006604693046714401), (0.9805039726952781, -0.005542261511115747), (0.9571012257954026, -0.01477223692283202), (0.9256158411567106, -0.027829017802344036), (0.8868318726721729, -0.0429010504170771), (0.8415462554211516, -0.06102227933566122), (0.7905299957191471, -0.07868959337661019), (0.7345690672583741, -0.1005189863404137), (0.6744406006486201, -0.11949468345318592), (0.6108508427596887, -0.14217099420215787)]
2024-01-23 15:13:33,849[INFO] [8.95092225074768, 10.366245746612549, 11.991021394729614, 16.630523443222046, 15.30617094039917, 12.095555305480957, 15.877058267593384, 15.769413471221924, 15.639896154403687, 12.812806844711304]
2024-01-23 15:13:33,849[INFO] (13.543961381912231, 2.523076363870241)
