2024-01-23 15:11:01,832[INFO] w:[ 1.21249244  2.50326286  3.88312029  5.36527973  6.96613389  8.70636143
 10.61256502 12.71977533 15.07543605 17.7460639  20.8290775  24.47550863
 28.93837966 34.69202111 42.80132327 56.66426688]
2024-01-23 15:11:01,833[INFO] c:[ 0.59264185  1.0207347   1.4187918   1.80812027  2.19926165  2.59962412
  3.01577066  3.45455903  3.92405829  4.43465224  5.00075485  5.64393278
  6.39939173  7.33170935  8.58273958 10.59290296]
2024-01-23 15:11:01,833[INFO] integrate: 0.0006749250730816019, 2.007589761904222e-12
2024-01-23 15:11:01,834[INFO] renormalization constant: 0.9995704216488225
2024-01-23 15:11:02,309[INFO]                                                                              ┌[('v_0',)]
2024-01-23 15:11:02,309[INFO]                                                    ┌[(('MCTDH virtual', 2),)]┤
2024-01-23 15:11:02,309[INFO]                                                    │                         └[('v_1',)]
2024-01-23 15:11:02,309[INFO]                                                    │                         ┌[('v_2',)]
2024-01-23 15:11:02,309[INFO]                          ┌[(('MCTDH virtual', 1),)]┼[(('MCTDH virtual', 3),)]┤
2024-01-23 15:11:02,309[INFO]                          │                         │                         └[('v_3',)]
2024-01-23 15:11:02,309[INFO]                          │                         │                         ┌[('v_4',)]
2024-01-23 15:11:02,310[INFO]                          │                         └[(('MCTDH virtual', 4),)]┤
2024-01-23 15:11:02,310[INFO]                          │                                                   └[('v_5',)]
2024-01-23 15:11:02,310[INFO]                          │                                                   ┌[('v_6',)]
2024-01-23 15:11:02,310[INFO]                          │                         ┌[(('MCTDH virtual', 6),)]┤
2024-01-23 15:11:02,310[INFO]                          │                         │                         └[('v_7',)]
2024-01-23 15:11:02,310[INFO]                          │                         │                         ┌[('v_8',)]
2024-01-23 15:11:02,310[INFO]                          ├[(('MCTDH virtual', 5),)]┼[(('MCTDH virtual', 7),)]┤
2024-01-23 15:11:02,310[INFO]                          │                         │                         └[('v_9',)]
2024-01-23 15:11:02,310[INFO]                          │                         │                         ┌[('v_10',)]
2024-01-23 15:11:02,310[INFO]                          │                         └[(('MCTDH virtual', 8),)]┤
2024-01-23 15:11:02,310[INFO]                          │                                                   └[('v_11',)]
2024-01-23 15:11:02,310[INFO] [(('MCTDH virtual', 0),)]┤
2024-01-23 15:11:02,310[INFO]                          │                                                    ┌[('v_12',)]
2024-01-23 15:11:02,310[INFO]                          │                         ┌[(('MCTDH virtual', 10),)]┤
2024-01-23 15:11:02,311[INFO]                          │                         │                          └[('v_13',)]
2024-01-23 15:11:02,311[INFO]                          │                         │                          ┌[('v_14',)]
2024-01-23 15:11:02,311[INFO]                          ├[(('MCTDH virtual', 9),)]┼[(('MCTDH virtual', 11),)]┤
2024-01-23 15:11:02,311[INFO]                          │                         │                          └[('v_15',)]
2024-01-23 15:11:02,311[INFO]                          │                         └[(('MCTDH virtual', 12),)]
2024-01-23 15:11:02,311[INFO]                          └[('spin',)]
2024-01-23 15:11:02,313[DEBUG] # of operator terms: 50
2024-01-23 15:11:02,485[DEBUG] # of operator terms: 1
2024-01-23 15:11:02,582[DEBUG] # of operator terms: 1
2024-01-23 15:11:02,685[DEBUG] target for expander: 4
2024-01-23 15:11:02,686[DEBUG] average bond dimension of hint mpo: 3
2024-01-23 15:11:02,686[DEBUG] cumulated bond dimension: 1. lastone bond dimension: [1, 1, 1, 1, 1, 1, 1, 1, 1, 1, 1, 1, 1, 1, 1, 1, 1, 1, 1, 1, 1, 1, 1, 1, 1, 1, 1, 1, 1, 1]
2024-01-23 15:11:02,699[DEBUG] # of operator terms: 1
2024-01-23 15:11:02,865[DEBUG] cumulated bond dimension: 4. lastone bond dimension: [1, 3, 3, 3, 3, 3, 3, 3, 3, 3, 3, 3, 3, 3, 3, 3, 3, 3, 3, 3, 3, 3, 3, 3, 3, 3, 3, 3, 1, 3]
2024-01-23 15:11:03,009[DEBUG] expander bond dimension: [1, 4, 4, 4, 4, 4, 4, 4, 4, 4, 4, 4, 4, 4, 4, 4, 4, 4, 4, 4, 4, 4, 4, 4, 4, 4, 4, 4, 1, 2]
2024-01-23 15:11:03,095[INFO] [1, 5, 5, 5, 5, 5, 5, 5, 5, 5, 5, 5, 5, 5, 5, 5, 5, 5, 5, 5, 5, 5, 5, 5, 5, 5, 5, 5, 1, 2]
2024-01-23 15:11:03,095[INFO] [1, 3, 3, 3, 3, 3, 3, 3, 3, 3, 3, 3, 3, 3, 3, 3, 3, 3, 3, 3, 3, 3, 3, 3, 3, 3, 3, 3, 1, 3]
2024-01-23 15:11:03,095[INFO] 30
2024-01-23 15:11:04,289[DEBUG] TDVP-PS Krylov space: DescribeResult(nobs=118, minmax=(1, 17), mean=10.59322033898305, variance=9.713457916847746, skewness=-0.6286385969126932, kurtosis=2.1280083376628696)
2024-01-23 15:11:04,334[INFO] 0.9950399604042973, -0.0006596846546680655
2024-01-23 15:11:05,684[DEBUG] TDVP-PS Krylov space: DescribeResult(nobs=118, minmax=(1, 17), mean=11.474576271186441, variance=11.08909169926119, skewness=-0.8739409106350707, kurtosis=2.2158638060332896)
2024-01-23 15:11:05,729[INFO] 0.980503676427923, -0.00554287172292685
2024-01-23 15:11:06,993[DEBUG] TDVP-PS Krylov space: DescribeResult(nobs=118, minmax=(1, 17), mean=11.05084745762712, variance=11.484571925249886, skewness=-0.5718605691927059, kurtosis=1.4241955276583864)
2024-01-23 15:11:07,038[INFO] 0.9571007874947453, -0.014769509373448318
2024-01-23 15:11:08,286[DEBUG] TDVP-PS Krylov space: DescribeResult(nobs=118, minmax=(1, 17), mean=10.88135593220339, variance=11.541358829494419, skewness=-0.46654728228670767, kurtosis=1.2150976802153153)
2024-01-23 15:11:08,330[INFO] 0.9256149299814371, -0.02782897676499613
2024-01-23 15:11:09,562[DEBUG] TDVP-PS Krylov space: DescribeResult(nobs=118, minmax=(1, 17), mean=10.745762711864407, variance=11.695494712443868, skewness=-0.32928286568774423, kurtosis=1.0982937643683188)
2024-01-23 15:11:09,610[INFO] 0.8868304438404632, -0.042901922776625565
2024-01-23 15:11:10,861[DEBUG] TDVP-PS Krylov space: DescribeResult(nobs=118, minmax=(1, 17), mean=10.59322033898305, variance=11.969868173258, skewness=-0.1838457557385644, kurtosis=0.8898628087371514)
2024-01-23 15:11:10,907[INFO] 0.8415442597555156, -0.061027029606909144
2024-01-23 15:11:12,154[DEBUG] TDVP-PS Krylov space: DescribeResult(nobs=118, minmax=(1, 17), mean=10.372881355932204, variance=12.321309575546861, skewness=-0.012452978538942928, kurtosis=0.6663323601257973)
2024-01-23 15:11:12,199[INFO] 0.7905279649753439, -0.07868810953868002
2024-01-23 15:11:13,375[DEBUG] TDVP-PS Krylov space: DescribeResult(nobs=118, minmax=(1, 17), mean=10.305084745762711, variance=12.299290163696948, skewness=0.05006373207781539, kurtosis=0.6748936235418439)
2024-01-23 15:11:13,399[INFO] 0.7345667321253948, -0.10051980921686894
2024-01-23 15:11:14,179[DEBUG] TDVP-PS Krylov space: DescribeResult(nobs=118, minmax=(1, 17), mean=10.305084745762711, variance=11.957409821816608, skewness=0.02495088119023443, kurtosis=0.828635463951783)
2024-01-23 15:11:14,203[INFO] 0.674437851448957, -0.11949769934112933
2024-01-23 15:11:14,953[DEBUG] TDVP-PS Krylov space: DescribeResult(nobs=118, minmax=(1, 17), mean=10.220338983050848, variance=12.13906996957844, skewness=0.0823793838299498, kurtosis=0.733460424031096)
2024-01-23 15:11:14,979[INFO] 0.6108479349769255, -0.14217261056252492
2024-01-23 15:11:14,979[INFO] [(0.9950399604042973, -0.0006596846546680655), (0.980503676427923, -0.00554287172292685), (0.9571007874947453, -0.014769509373448318), (0.9256149299814371, -0.02782897676499613), (0.8868304438404632, -0.042901922776625565), (0.8415442597555156, -0.061027029606909144), (0.7905279649753439, -0.07868810953868002), (0.7345667321253948, -0.10051980921686894), (0.674437851448957, -0.11949769934112933), (0.6108479349769255, -0.14217261056252492)]
2024-01-23 15:11:14,979[INFO] [1.209850788116455, 1.3644394874572754, 1.2800037860870361, 1.2632040977478027, 1.2499628067016602, 1.2678658962249756, 1.2620980739593506, 1.1843605041503906, 0.7879524230957031, 0.7592217922210693]
2024-01-23 15:11:14,979[INFO] (1.162895965576172, 0.19975913339474136)
