2024-01-23 15:22:03,073[INFO] w:[ 1.21249244  2.50326286  3.88312029  5.36527973  6.96613389  8.70636143
 10.61256502 12.71977533 15.07543605 17.7460639  20.8290775  24.47550863
 28.93837966 34.69202111 42.80132327 56.66426688]
2024-01-23 15:22:03,073[INFO] c:[ 0.59264185  1.0207347   1.4187918   1.80812027  2.19926165  2.59962412
  3.01577066  3.45455903  3.92405829  4.43465224  5.00075485  5.64393278
  6.39939173  7.33170935  8.58273958 10.59290296]
2024-01-23 15:22:03,074[INFO] integrate: 0.0006749250730816019, 2.007589761904222e-12
2024-01-23 15:22:03,074[INFO] renormalization constant: 0.9995704216488225
2024-01-23 15:22:03,483[INFO]                                                    ┌[('v_0',), ('v_1',), ('v_2',)]
2024-01-23 15:22:03,483[INFO]                          ┌[(('MCTDH virtual', 1),)]┤
2024-01-23 15:22:03,483[INFO]                          │                         └[('v_3',), ('v_4',), ('v_5',)]
2024-01-23 15:22:03,483[INFO]                          │                         ┌[('v_6',), ('v_7',), ('v_8',)]
2024-01-23 15:22:03,483[INFO]                          ├[(('MCTDH virtual', 2),)]┤
2024-01-23 15:22:03,483[INFO]                          │                         └[('v_9',), ('v_10',), ('v_11',)]
2024-01-23 15:22:03,483[INFO] [(('MCTDH virtual', 0),)]┤
2024-01-23 15:22:03,483[INFO]                          │                         ┌[('v_12',), ('v_13',), ('v_14',)]
2024-01-23 15:22:03,483[INFO]                          ├[(('MCTDH virtual', 3),)]┤
2024-01-23 15:22:03,484[INFO]                          │                         └[('v_15',)]
2024-01-23 15:22:03,484[INFO]                          └[('spin',)]
2024-01-23 15:22:03,486[DEBUG] # of operator terms: 50
2024-01-23 15:22:03,923[DEBUG] # of operator terms: 1
2024-01-23 15:22:04,017[DEBUG] # of operator terms: 1
2024-01-23 15:22:04,115[DEBUG] target for expander: 49
2024-01-23 15:22:04,116[DEBUG] average bond dimension of hint mpo: 3
2024-01-23 15:22:04,116[DEBUG] cumulated bond dimension: 1. lastone bond dimension: [1, 1, 1, 1, 1, 1, 1, 1, 1, 1, 1]
2024-01-23 15:22:04,238[DEBUG] # of operator terms: 1
2024-01-23 15:22:04,392[DEBUG] cumulated bond dimension: 4. lastone bond dimension: [1, 3, 3, 3, 3, 3, 3, 3, 3, 3, 3]
2024-01-23 15:22:04,607[DEBUG] cumulated bond dimension: 11. lastone bond dimension: [1, 9, 9, 9, 9, 9, 9, 9, 9, 9, 9]
2024-01-23 15:22:05,291[DEBUG] cumulated bond dimension: 30. lastone bond dimension: [1, 27, 27, 27, 27, 27, 27, 27, 27, 27, 27]
2024-01-23 15:22:07,668[DEBUG] cumulated bond dimension: 37. lastone bond dimension: [1, 51, 51, 51, 51, 51, 51, 51, 51, 30, 6]
2024-01-23 15:22:10,966[DEBUG] expander bond dimension: [1, 49, 49, 49, 49, 49, 49, 49, 49, 10, 2]
2024-01-23 15:22:11,300[INFO] [1, 50, 50, 50, 50, 50, 50, 50, 50, 10, 2]
2024-01-23 15:22:11,300[INFO] [1, 3, 3, 3, 3, 3, 3, 3, 3, 3, 3]
2024-01-23 15:22:11,300[INFO] 11
2024-01-23 15:22:58,642[DEBUG] TDVP-PS Krylov space: DescribeResult(nobs=42, minmax=(4, 29), mean=19.952380952380953, variance=57.11962833914053, skewness=-0.6918882994908667, kurtosis=-0.46806583975572646)
2024-01-23 15:22:59,182[INFO] 0.9950400182885317, -0.000660464194521387
2024-01-23 15:23:52,533[DEBUG] TDVP-PS Krylov space: DescribeResult(nobs=42, minmax=(4, 29), mean=24.761904761904763, variance=50.67363530778164, skewness=-2.360680423847373, kurtosis=4.28493239227688)
2024-01-23 15:23:53,078[INFO] 0.980503971657964, -0.005542265658455099
2024-01-23 15:24:56,786[DEBUG] TDVP-PS Krylov space: DescribeResult(nobs=42, minmax=(4, 33), mean=25.523809523809526, variance=57.08478513356561, skewness=-2.161222374935231, kurtosis=3.6729784650347934)
2024-01-23 15:24:57,330[INFO] 0.9571012228519449, -0.01477222838553649
2024-01-23 15:26:00,905[DEBUG] TDVP-PS Krylov space: DescribeResult(nobs=42, minmax=(4, 31), mean=25.952380952380953, variance=59.85133565621371, skewness=-2.1502145342797503, kurtosis=3.5530131376803658)
2024-01-23 15:26:01,238[INFO] 0.9256158355194648, -0.027829027326796242
2024-01-23 15:27:07,325[DEBUG] TDVP-PS Krylov space: DescribeResult(nobs=42, minmax=(4, 31), mean=25.285714285714285, variance=55.42857142857142, skewness=-2.194739594194457, kurtosis=3.7561062544127104)
2024-01-23 15:27:07,863[INFO] 0.8868318646708501, -0.04290104931420412
2024-01-23 15:28:10,368[DEBUG] TDVP-PS Krylov space: DescribeResult(nobs=42, minmax=(4, 31), mean=24.666666666666668, variance=54.13008130081301, skewness=-2.0578669717098, kurtosis=3.3245784855247242)
2024-01-23 15:28:10,926[INFO] 0.8415462452795441, -0.06102227648110479
2024-01-23 15:29:12,331[DEBUG] TDVP-PS Krylov space: DescribeResult(nobs=42, minmax=(4, 31), mean=24.238095238095237, variance=52.38095238095238, skewness=-2.002750383888442, kurtosis=3.239892378110235)
2024-01-23 15:29:12,903[INFO] 0.7905299838577535, -0.07868961800430622
2024-01-23 15:30:12,656[DEBUG] TDVP-PS Krylov space: DescribeResult(nobs=42, minmax=(4, 31), mean=23.761904761904763, variance=50.03948896631824, skewness=-1.9806045062433344, kurtosis=3.2392653557672215)
2024-01-23 15:30:13,188[INFO] 0.7345690502737823, -0.10051900652225262
2024-01-23 15:31:11,268[DEBUG] TDVP-PS Krylov space: DescribeResult(nobs=42, minmax=(4, 31), mean=23.333333333333332, variance=48.08130081300812, skewness=-1.951841724024161, kurtosis=3.2216864678244113)
2024-01-23 15:31:11,803[INFO] 0.674440577116095, -0.11949468469255285
2024-01-23 15:32:14,645[DEBUG] TDVP-PS Krylov space: DescribeResult(nobs=42, minmax=(4, 31), mean=23.095238095238095, variance=46.72241579558653, skewness=-1.9601944071495483, kurtosis=3.273091884758415)
2024-01-23 15:32:15,224[INFO] 0.6108508144033192, -0.1421709926190324
2024-01-23 15:32:15,224[INFO] [(0.9950400182885317, -0.000660464194521387), (0.980503971657964, -0.005542265658455099), (0.9571012228519449, -0.01477222838553649), (0.9256158355194648, -0.027829027326796242), (0.8868318646708501, -0.04290104931420412), (0.8415462452795441, -0.06102227648110479), (0.7905299838577535, -0.07868961800430622), (0.7345690502737823, -0.10051900652225262), (0.674440577116095, -0.11949468469255285), (0.6108508144033192, -0.1421709926190324)]
2024-01-23 15:32:15,224[INFO] [47.52626609802246, 53.53211998939514, 63.89026999473572, 63.683940172195435, 66.2688672542572, 62.68847155570984, 61.59556770324707, 59.92871928215027, 58.2599573135376, 63.03440761566162]
2024-01-23 15:32:15,225[INFO] (60.04085869789124, 5.36124334556534)
