2024-01-24 19:21:19,922[INFO] 9.480491341407422
2024-01-24 19:21:19,923[INFO] 10.0
2024-01-24 19:21:22,958[INFO] 500
2024-01-24 19:21:23,033[INFO] w:[5.9400000e-04 1.1880000e-03 1.7820000e-03 2.3760000e-03 2.9700000e-03
 3.5670000e-03 4.1610000e-03 4.7580000e-03 5.3520000e-03 5.9490000e-03
 6.5430000e-03 7.1400000e-03 7.7370000e-03 8.3340000e-03 8.9310000e-03
 9.5280000e-03 1.0125000e-02 1.0725000e-02 1.1325000e-02 1.1922000e-02
 1.2522000e-02 1.3125000e-02 1.3725000e-02 1.4328000e-02 1.4928000e-02
 1.5531000e-02 1.6137000e-02 1.6740000e-02 1.7346000e-02 1.7952000e-02
 1.8558000e-02 1.9167000e-02 1.9776000e-02 2.0385000e-02 2.0994000e-02
 2.1606000e-02 2.2218000e-02 2.2830000e-02 2.3445000e-02 2.4060000e-02
 2.4678000e-02 2.5293000e-02 2.5914000e-02 2.6532000e-02 2.7153000e-02
 2.7777000e-02 2.8398000e-02 2.9025000e-02 2.9649000e-02 3.0279000e-02
 3.0906000e-02 3.1536000e-02 3.2169000e-02 3.2802000e-02 3.3435000e-02
 3.4071000e-02 3.4710000e-02 3.5349000e-02 3.5991000e-02 3.6633000e-02
 3.7275000e-02 3.7923000e-02 3.8571000e-02 3.9219000e-02 3.9870000e-02
 4.0524000e-02 4.1178000e-02 4.1835000e-02 4.2495000e-02 4.3155000e-02
 4.3818000e-02 4.4481000e-02 4.5150000e-02 4.5819000e-02 4.6488000e-02
 4.7163000e-02 4.7838000e-02 4.8516000e-02 4.9197000e-02 4.9878000e-02
 5.0562000e-02 5.1249000e-02 5.1939000e-02 5.2632000e-02 5.3328000e-02
 5.4024000e-02 5.4723000e-02 5.5425000e-02 5.6130000e-02 5.6838000e-02
 5.7549000e-02 5.8263000e-02 5.8977000e-02 5.9697000e-02 6.0420000e-02
 6.1143000e-02 6.1872000e-02 6.2601000e-02 6.3336000e-02 6.4071000e-02
 6.4812000e-02 6.5556000e-02 6.6303000e-02 6.7053000e-02 6.7806000e-02
 6.8562000e-02 6.9321000e-02 7.0086000e-02 7.0851000e-02 7.1622000e-02
 7.2396000e-02 7.3173000e-02 7.3956000e-02 7.4739000e-02 7.5528000e-02
 7.6320000e-02 7.7118000e-02 7.7919000e-02 7.8723000e-02 7.9530000e-02
 8.0343000e-02 8.1162000e-02 8.1981000e-02 8.2806000e-02 8.3637000e-02
 8.4471000e-02 8.5308000e-02 8.6151000e-02 8.7000000e-02 8.7852000e-02
 8.8707000e-02 8.9571000e-02 9.0435000e-02 9.1308000e-02 9.2181000e-02
 9.3063000e-02 9.3948000e-02 9.4839000e-02 9.5736000e-02 9.6636000e-02
 9.7545000e-02 9.8457000e-02 9.9372000e-02 1.0029600e-01 1.0122300e-01
 1.0215900e-01 1.0309800e-01 1.0404300e-01 1.0499400e-01 1.0595100e-01
 1.0691400e-01 1.0788300e-01 1.0885800e-01 1.0983900e-01 1.1082600e-01
 1.1182200e-01 1.1282100e-01 1.1382900e-01 1.1484000e-01 1.1586000e-01
 1.1688900e-01 1.1792100e-01 1.1896200e-01 1.2000900e-01 1.2106500e-01
 1.2212700e-01 1.2319500e-01 1.2427200e-01 1.2535500e-01 1.2644700e-01
 1.2754800e-01 1.2865500e-01 1.2976800e-01 1.3089000e-01 1.3202100e-01
 1.3316100e-01 1.3430700e-01 1.3546200e-01 1.3662600e-01 1.3779900e-01
 1.3898100e-01 1.4016900e-01 1.4136900e-01 1.4257500e-01 1.4379300e-01
 1.4501700e-01 1.4625300e-01 1.4749800e-01 1.4875200e-01 1.5001800e-01
 1.5129000e-01 1.5257400e-01 1.5386700e-01 1.5517200e-01 1.5648600e-01
 1.5781200e-01 1.5914700e-01 1.6049400e-01 1.6185000e-01 1.6321800e-01
 1.6459800e-01 1.6598700e-01 1.6739100e-01 1.6880400e-01 1.7022900e-01
 1.7166600e-01 1.7311500e-01 1.7457600e-01 1.7605200e-01 1.7753700e-01
 1.7903700e-01 1.8054900e-01 1.8207300e-01 1.8361200e-01 1.8516600e-01
 1.8672900e-01 1.8831000e-01 1.8990300e-01 1.9151100e-01 1.9313100e-01
 1.9476900e-01 1.9641900e-01 1.9808400e-01 1.9976700e-01 2.0146200e-01
 2.0317500e-01 2.0490300e-01 2.0664600e-01 2.0840700e-01 2.1018300e-01
 2.1197700e-01 2.1378600e-01 2.1561300e-01 2.1745800e-01 2.1932100e-01
 2.2120200e-01 2.2310100e-01 2.2501800e-01 2.2695300e-01 2.2890600e-01
 2.3088000e-01 2.3287200e-01 2.3488500e-01 2.3691900e-01 2.3897100e-01
 2.4104700e-01 2.4314100e-01 2.4525600e-01 2.4739500e-01 2.4955500e-01
 2.5173600e-01 2.5394100e-01 2.5616700e-01 2.5841700e-01 2.6069100e-01
 2.6298900e-01 2.6531100e-01 2.6765700e-01 2.7002700e-01 2.7242400e-01
 2.7484800e-01 2.7729600e-01 2.7977100e-01 2.8227600e-01 2.8480500e-01
 2.8736100e-01 2.8994700e-01 2.9256300e-01 2.9520600e-01 2.9787900e-01
 3.0058200e-01 3.0331800e-01 3.0608100e-01 3.0888000e-01 3.1170600e-01
 3.1456800e-01 3.1746300e-01 3.2039100e-01 3.2335200e-01 3.2634900e-01
 3.2938200e-01 3.3244800e-01 3.3555300e-01 3.3869400e-01 3.4187400e-01
 3.4509000e-01 3.4834800e-01 3.5164500e-01 3.5498100e-01 3.5835600e-01
 3.6177600e-01 3.6523800e-01 3.6874200e-01 3.7229100e-01 3.7588500e-01
 3.7952100e-01 3.8320500e-01 3.8693700e-01 3.9071700e-01 3.9454500e-01
 3.9842400e-01 4.0235100e-01 4.0632900e-01 4.1036100e-01 4.1444700e-01
 4.1858700e-01 4.2278100e-01 4.2702900e-01 4.3133700e-01 4.3570200e-01
 4.4012700e-01 4.4461500e-01 4.4916000e-01 4.5377100e-01 4.5844500e-01
 4.6318200e-01 4.6798800e-01 4.7286000e-01 4.7780100e-01 4.8281400e-01
 4.8789900e-01 4.9305600e-01 4.9828500e-01 5.0359200e-01 5.0897700e-01
 5.1444000e-01 5.1998400e-01 5.2561200e-01 5.3132100e-01 5.3711700e-01
 5.4300000e-01 5.4897000e-01 5.5503300e-01 5.6118900e-01 5.6744100e-01
 5.7378600e-01 5.8023300e-01 5.8677900e-01 5.9343000e-01 6.0018300e-01
 6.0704700e-01 6.1401600e-01 6.2110200e-01 6.2829900e-01 6.3561600e-01
 6.4305000e-01 6.5060700e-01 6.5829000e-01 6.6610200e-01 6.7404300e-01
 6.8211600e-01 6.9032700e-01 6.9867900e-01 7.0717200e-01 7.1581500e-01
 7.2460500e-01 7.3354800e-01 7.4265000e-01 7.5191100e-01 7.6133700e-01
 7.7093100e-01 7.8069600e-01 7.9064100e-01 8.0076300e-01 8.1107400e-01
 8.2157400e-01 8.3226900e-01 8.4316200e-01 8.5426200e-01 8.6557200e-01
 8.7709500e-01 8.8884000e-01 9.0081000e-01 9.1301400e-01 9.2545500e-01
 9.3814200e-01 9.5108100e-01 9.6427800e-01 9.7773600e-01 9.9147000e-01
 1.0054830e+00 1.0197810e+00 1.0343760e+00 1.0492740e+00 1.0644810e+00
 1.0800120e+00 1.0958700e+00 1.1120700e+00 1.1286150e+00 1.1455230e+00
 1.1627970e+00 1.1804520e+00 1.1985000e+00 1.2169500e+00 1.2358170e+00
 1.2551100e+00 1.2748470e+00 1.2950370e+00 1.3156950e+00 1.3368360e+00
 1.3584780e+00 1.3806330e+00 1.4033190e+00 1.4265540e+00 1.4503530e+00
 1.4747400e+00 1.4997300e+00 1.5253410e+00 1.5516000e+00 1.5785250e+00
 1.6061400e+00 1.6344690e+00 1.6635360e+00 1.6933650e+00 1.7239890e+00
 1.7554320e+00 1.7877240e+00 1.8208950e+00 1.8549780e+00 1.8900090e+00
 1.9260210e+00 1.9630530e+00 2.0011410e+00 2.0403270e+00 2.0806560e+00
 2.1221700e+00 2.1649170e+00 2.2089450e+00 2.2543080e+00 2.3010570e+00
 2.3492550e+00 2.3989560e+00 2.4502290e+00 2.5031370e+00 2.5577520e+00
 2.6141490e+00 2.6724030e+00 2.7326010e+00 2.7948270e+00 2.8591740e+00
 2.9257410e+00 2.9946300e+00 3.0659520e+00 3.1398210e+00 3.2163600e+00
 3.2957010e+00 3.3779820e+00 3.4633470e+00 3.5519550e+00 3.6439740e+00
 3.7395780e+00 3.8389590e+00 3.9423150e+00 4.0498620e+00 4.1618310e+00
 4.2784680e+00 4.4000370e+00 4.5268170e+00 4.6591110e+00 4.7972460e+00
 4.9415670e+00 5.0924550e+00 5.2503090e+00 5.4155670e+00 5.5886970e+00
 5.7702120e+00 5.9606580e+00 6.1606320e+00 6.3707820e+00 6.5918100e+00
 6.8244780e+00 7.0696170e+00 7.3281390e+00 7.6010340e+00 7.8893880e+00
 8.1943890e+00 8.5173450e+00 8.8596960e+00 9.2230230e+00 9.6090780e+00
 1.0019796e+01 1.0457322e+01 1.0924044e+01 1.1422617e+01 1.1956005e+01
 1.2527532e+01 1.3140918e+01 1.3800354e+01 1.4510565e+01 1.5276909e+01
 1.6105452e+01 1.7003118e+01 1.7977812e+01 1.9038609e+01 2.0195958e+01
 2.1461937e+01 2.2850583e+01 2.4378267e+01 2.6064198e+01 2.7931005e+01]
2024-01-24 19:21:23,083[INFO] c:[5.77787321e-05 1.15557464e-04 1.73336196e-04 2.31114928e-04
 2.88893660e-04 3.46964204e-04 4.04742936e-04 4.62813480e-04
 5.20592212e-04 5.78662756e-04 6.36441488e-04 6.94512032e-04
 7.52582576e-04 8.10653120e-04 8.68723663e-04 9.26794207e-04
 9.84864751e-04 1.04322711e-03 1.10158946e-03 1.15966001e-03
 1.21802236e-03 1.27667653e-03 1.33503888e-03 1.39369305e-03
 1.45205541e-03 1.51070958e-03 1.56965555e-03 1.62830972e-03
 1.68725570e-03 1.74620168e-03 1.80514766e-03 1.86438545e-03
 1.92362324e-03 1.98286103e-03 2.04209882e-03 2.10162843e-03
 2.16115803e-03 2.22068763e-03 2.28050905e-03 2.34033046e-03
 2.40044369e-03 2.46026510e-03 2.52067014e-03 2.58078337e-03
 2.64118840e-03 2.70188525e-03 2.76229029e-03 2.82327895e-03
 2.88397580e-03 2.94525628e-03 3.00624494e-03 3.06752541e-03
 3.12909770e-03 3.19066998e-03 3.25224227e-03 3.31410636e-03
 3.37626227e-03 3.43841818e-03 3.50086590e-03 3.56331362e-03
 3.62576134e-03 3.68879269e-03 3.75182403e-03 3.81485538e-03
 3.87817853e-03 3.94179350e-03 4.00540847e-03 4.06931525e-03
 4.13351384e-03 4.19771243e-03 4.26220283e-03 4.32669323e-03
 4.39176726e-03 4.45684129e-03 4.52191531e-03 4.58757296e-03
 4.65323061e-03 4.71918008e-03 4.78542135e-03 4.85166262e-03
 4.91819571e-03 4.98502061e-03 5.05213731e-03 5.11954584e-03
 5.18724617e-03 5.25494650e-03 5.32293864e-03 5.39122260e-03
 5.45979837e-03 5.52866595e-03 5.59782534e-03 5.66727654e-03
 5.73672775e-03 5.80676257e-03 5.87708921e-03 5.94741585e-03
 6.01832611e-03 6.08923637e-03 6.16073026e-03 6.23222415e-03
 6.30430165e-03 6.37667098e-03 6.44933211e-03 6.52228505e-03
 6.59552981e-03 6.66906638e-03 6.74289476e-03 6.81730676e-03
 6.89171876e-03 6.96671439e-03 7.04200183e-03 7.11758108e-03
 7.19374395e-03 7.26990683e-03 7.34665333e-03 7.42369164e-03
 7.50131357e-03 7.57922731e-03 7.65743287e-03 7.73593024e-03
 7.81501123e-03 7.89467585e-03 7.97434046e-03 8.05458870e-03
 8.13542056e-03 8.21654424e-03 8.29795972e-03 8.37995883e-03
 8.46254157e-03 8.54541611e-03 8.62858247e-03 8.71262426e-03
 8.79666605e-03 8.88158328e-03 8.96650051e-03 9.05229317e-03
 9.13837764e-03 9.22504574e-03 9.31229746e-03 9.39984100e-03
 9.48825997e-03 9.57697075e-03 9.66597334e-03 9.75585137e-03
 9.84602121e-03 9.93706648e-03 1.00284036e-02 1.01203243e-02
 1.02128286e-02 1.03059166e-02 1.03995881e-02 1.04938434e-02
 1.05886822e-02 1.06841046e-02 1.07801107e-02 1.08769922e-02
 1.09741655e-02 1.10722143e-02 1.11705549e-02 1.12697709e-02
 1.13698623e-02 1.14702456e-02 1.15715042e-02 1.16733466e-02
 1.17760643e-02 1.18793657e-02 1.19832507e-02 1.20880111e-02
 1.21933551e-02 1.22995746e-02 1.24066696e-02 1.25143481e-02
 1.26226103e-02 1.27317479e-02 1.28417609e-02 1.29526494e-02
 1.30641215e-02 1.31764690e-02 1.32896920e-02 1.34037904e-02
 1.35187642e-02 1.36343217e-02 1.37510464e-02 1.38683548e-02
 1.39868303e-02 1.41058895e-02 1.42261160e-02 1.43472179e-02
 1.44691952e-02 1.45923398e-02 1.47160680e-02 1.48409634e-02
 1.49667343e-02 1.50936724e-02 1.52214860e-02 1.53504668e-02
 1.54803230e-02 1.56113465e-02 1.57432454e-02 1.58763116e-02
 1.60105450e-02 1.61456539e-02 1.62822218e-02 1.64196651e-02
 1.65582757e-02 1.66980536e-02 1.68389987e-02 1.69811110e-02
 1.71246824e-02 1.72691292e-02 1.74150351e-02 1.75621082e-02
 1.77103486e-02 1.78600481e-02 1.80112066e-02 1.81632405e-02
 1.83170253e-02 1.84719774e-02 1.86283885e-02 1.87859668e-02
 1.89452961e-02 1.91057925e-02 1.92677481e-02 1.94314545e-02
 1.95963281e-02 1.97629527e-02 1.99310363e-02 2.01005789e-02
 2.02718724e-02 2.04446250e-02 2.06191284e-02 2.07950909e-02
 2.09728043e-02 2.11522685e-02 2.13334837e-02 2.15164496e-02
 2.17011665e-02 2.18876342e-02 2.20758528e-02 2.22658223e-02
 2.24578344e-02 2.26515975e-02 2.28474032e-02 2.30452516e-02
 2.32448508e-02 2.34467846e-02 2.36504692e-02 2.38561965e-02
 2.40642583e-02 2.42743628e-02 2.44865099e-02 2.47009916e-02
 2.49175159e-02 2.51363748e-02 2.53575681e-02 2.55810959e-02
 2.58069582e-02 2.60351550e-02 2.62656863e-02 2.64988439e-02
 2.67346279e-02 2.69727463e-02 2.72134910e-02 2.74571538e-02
 2.77031512e-02 2.79517748e-02 2.82033165e-02 2.84577764e-02
 2.87148626e-02 2.89748669e-02 2.92377893e-02 2.95039216e-02
 2.97726803e-02 3.00449407e-02 3.03198274e-02 3.05982158e-02
 3.08798142e-02 3.11646225e-02 3.14526407e-02 3.17441607e-02
 3.20391824e-02 3.23374140e-02 3.26394392e-02 3.29449661e-02
 3.32542866e-02 3.35671088e-02 3.38840164e-02 3.42047176e-02
 3.45292123e-02 3.48575005e-02 3.51901659e-02 3.55269167e-02
 3.58677529e-02 3.62129662e-02 3.65625567e-02 3.69162326e-02
 3.72745775e-02 3.76375913e-02 3.80052742e-02 3.83776260e-02
 3.87549386e-02 3.91369202e-02 3.95238627e-02 3.99160577e-02
 4.03135053e-02 4.07162056e-02 4.11241585e-02 4.15373639e-02
 4.19564056e-02 4.23809918e-02 4.28114142e-02 4.32479646e-02
 4.36900594e-02 4.41385741e-02 4.45932169e-02 4.50539877e-02
 4.55214701e-02 4.59953725e-02 4.64759865e-02 4.69636039e-02
 4.74582249e-02 4.79598494e-02 4.84684773e-02 4.89846923e-02
 4.95084945e-02 5.00398837e-02 5.05791519e-02 5.11265908e-02
 5.16819086e-02 5.22456889e-02 5.28179318e-02 5.33986373e-02
 5.39883889e-02 5.45871866e-02 5.51953224e-02 5.58125043e-02
 5.64396078e-02 5.70763411e-02 5.77232878e-02 5.83801561e-02
 5.90478215e-02 5.97257002e-02 6.04149597e-02 6.11150161e-02
 6.18267451e-02 6.25498546e-02 6.32849285e-02 6.40322585e-02
 6.47921363e-02 6.55645621e-02 6.63498276e-02 6.71485164e-02
 6.79609204e-02 6.87870396e-02 6.96277493e-02 7.04827578e-02
 7.13526487e-02 7.22380057e-02 7.31388286e-02 7.40557012e-02
 7.49889153e-02 7.59387626e-02 7.69061187e-02 7.78906916e-02
 7.88936487e-02 7.99149899e-02 8.09552989e-02 8.20148675e-02
 8.30945711e-02 8.41947015e-02 8.53155505e-02 8.64579936e-02
 8.76223226e-02 8.88094129e-02 9.00195564e-02 9.12536284e-02
 9.25122126e-02 9.37958926e-02 9.51049602e-02 9.64408745e-02
 9.78039274e-02 9.91947023e-02 1.00614367e-01 1.02063504e-01
 1.03542698e-01 1.05053407e-01 1.06595924e-01 1.08171708e-01
 1.09781050e-01 1.11425701e-01 1.13105953e-01 1.14823266e-01
 1.16578805e-01 1.18373448e-01 1.20208652e-01 1.22085294e-01
 1.24005123e-01 1.25969017e-01 1.27978432e-01 1.30034830e-01
 1.32139960e-01 1.34294990e-01 1.36501671e-01 1.38761753e-01
 1.41076696e-01 1.43448834e-01 1.45879626e-01 1.48370823e-01
 1.50925052e-01 1.53544062e-01 1.56230190e-01 1.58985768e-01
 1.61813133e-01 1.64714617e-01 1.67693432e-01 1.70751911e-01
 1.73892973e-01 1.77119536e-01 1.80434810e-01 1.83842296e-01
 1.87345204e-01 1.90947329e-01 1.94652171e-01 1.98463817e-01
 2.02386642e-01 2.06424734e-01 2.10582760e-01 2.14865389e-01
 2.19277875e-01 2.23825178e-01 2.28513426e-01 2.33347872e-01
 2.38335227e-01 2.43481620e-01 2.48794053e-01 2.54279823e-01
 2.59946224e-01 2.65801719e-01 2.71854479e-01 2.78113550e-01
 2.84588561e-01 2.91289435e-01 2.98226968e-01 3.05412250e-01
 3.12857244e-01 3.20574790e-01 3.28578311e-01 3.36881815e-01
 3.45500768e-01 3.54451511e-01 3.63750969e-01 3.73417817e-01
 3.83471317e-01 3.93932477e-01 4.04823768e-01 4.16169118e-01
 4.27994207e-01 4.40326173e-01 4.53194488e-01 4.66630962e-01
 4.80669151e-01 4.95346116e-01 5.10700668e-01 5.26775412e-01
 5.43615870e-01 5.61271941e-01 5.79796737e-01 5.99248326e-01
 6.19689741e-01 6.41189266e-01 6.63821020e-01 6.87665836e-01
 7.12812424e-01 7.39357082e-01 7.67405447e-01 7.97073075e-01
 8.28487196e-01 8.61787881e-01 8.97128914e-01 9.34680712e-01
 9.74631496e-01 1.01718991e+00 1.06258823e+00 1.11108473e+00
 1.16296769e+00 1.21856046e+00 1.27822488e+00 1.34236861e+00
 1.41145126e+00 1.48599399e+00 1.56658686e+00 1.65390337e+00
 1.74871243e+00 1.85189678e+00 1.96447280e+00 2.08761533e+00
 2.22268975e+00 2.37128848e+00 2.53527999e+00 2.71686541e+00]
2024-01-24 19:21:23,103[INFO] integrate: 0.005043738314009081, 2.1914382599063658e-09
2024-01-24 19:21:23,103[INFO] renormalization constant: 0.9967942060287242
